[ 2017-03-03T14:05:36+08:00 ] ::1 /oa/index.php/News/list/index.html
INFO: [ app_init ] --START--
INFO: Run Behavior\BuildLiteBehavior [ RunTime:0.000024s ]
INFO: [ app_init ] --END-- [ RunTime:0.000996s ]
INFO: [ app_begin ] --START--
INFO: Run Behavior\ReadHtmlCacheBehavior [ RunTime:0.001332s ]
INFO: [ app_begin ] --END-- [ RunTime:0.001431s ]
SQL: SHOW COLUMNS FROM `oa_news` [ RunTime:0.0086s ]
SQL: SELECT COUNT(*) AS tp_count FROM `oa_news` LIMIT 1   [ RunTime:0.0011s ]
SQL: SELECT * FROM `oa_news` ORDER BY time DESC LIMIT 0,15   [ RunTime:0.0020s ]
INFO: [ view_parse ] --START--
INFO: [ template_filter ] --START--
INFO: Run Behavior\ContentReplaceBehavior [ RunTime:0.000286s ]
INFO: [ template_filter ] --END-- [ RunTime:0.000421s ]
NOTIC: [2048] Declaration of Ucenter\Model\UserModel::add() should be compatible with Think\Model::add($data = '', $options = Array, $replace = false) G:\www\oa\Application\Ucenter\Model\UserModel.class.php 第 245 行.
SQL: SHOW COLUMNS FROM `oa_user` [ RunTime:0.0083s ]
SQL: SHOW COLUMNS FROM `oa_user` [ RunTime:0.0079s ]
SQL: SELECT `name` FROM `oa_user` WHERE `id` = 1 LIMIT 1   [ RunTime:0.0007s ]
INFO: Run Behavior\ParseTemplateBehavior [ RunTime:0.067504s ]
INFO: [ view_parse ] --END-- [ RunTime:0.067653s ]
INFO: [ view_filter ] --START--
INFO: Run Behavior\WriteHtmlCacheBehavior [ RunTime:0.001312s ]
INFO: [ view_filter ] --END-- [ RunTime:0.001430s ]
INFO: [ app_end ] --START--
INFO: Run Behavior\ShowPageTraceBehavior [ RunTime:0.002073s ]
INFO: [ app_end ] --END-- [ RunTime:0.002212s ]

[ 2017-03-03T14:05:40+08:00 ] ::1 /oa/index.php/News/List/edit/id/54.html
INFO: [ app_init ] --START--
INFO: Run Behavior\BuildLiteBehavior [ RunTime:0.000012s ]
INFO: [ app_init ] --END-- [ RunTime:0.000482s ]
INFO: [ app_begin ] --START--
INFO: Run Behavior\ReadHtmlCacheBehavior [ RunTime:0.000649s ]
INFO: [ app_begin ] --END-- [ RunTime:0.000693s ]
NOTIC: [2048] Declaration of News\Model\NewsModel::add() should be compatible with Think\Model::add($data = '', $options = Array, $replace = false) G:\www\oa\Application\News\Model\NewsModel.class.php 第 4 行.
SQL: SHOW COLUMNS FROM `oa_news` [ RunTime:0.0028s ]
SQL: SHOW COLUMNS FROM `oa_news` [ RunTime:0.0047s ]
SQL: SELECT * FROM `oa_news` WHERE `id` = 54 LIMIT 1   [ RunTime:0.0007s ]
INFO: [ view_parse ] --START--
INFO: [ template_filter ] --START--
INFO: Run Behavior\ContentReplaceBehavior [ RunTime:0.000253s ]
INFO: [ template_filter ] --END-- [ RunTime:0.000384s ]
NOTIC: [2048] Declaration of Ucenter\Model\UserModel::add() should be compatible with Think\Model::add($data = '', $options = Array, $replace = false) G:\www\oa\Application\Ucenter\Model\UserModel.class.php 第 245 行.
SQL: SHOW COLUMNS FROM `oa_user` [ RunTime:0.0094s ]
SQL: SHOW COLUMNS FROM `oa_user` [ RunTime:0.0089s ]
SQL: SELECT `name` FROM `oa_user` WHERE `id` = 1 LIMIT 1   [ RunTime:0.0011s ]
INFO: Run Behavior\ParseTemplateBehavior [ RunTime:0.058668s ]
INFO: [ view_parse ] --END-- [ RunTime:0.058811s ]
INFO: [ view_filter ] --START--
INFO: Run Behavior\WriteHtmlCacheBehavior [ RunTime:0.001159s ]
INFO: [ view_filter ] --END-- [ RunTime:0.001278s ]
INFO: [ app_end ] --START--
INFO: Run Behavior\ShowPageTraceBehavior [ RunTime:0.002468s ]
INFO: [ app_end ] --END-- [ RunTime:0.002619s ]

[ 2017-03-03T14:05:48+08:00 ] ::1 /oa/index.php/News/List/edit.html
INFO: [ app_init ] --START--
INFO: Run Behavior\BuildLiteBehavior [ RunTime:0.000073s ]
INFO: [ app_init ] --END-- [ RunTime:0.001040s ]
INFO: [ app_begin ] --START--
INFO: Run Behavior\ReadHtmlCacheBehavior [ RunTime:0.000836s ]
INFO: [ app_begin ] --END-- [ RunTime:0.000894s ]
NOTIC: [2048] Declaration of News\Model\NewsModel::add() should be compatible with Think\Model::add($data = '', $options = Array, $replace = false) G:\www\oa\Application\News\Model\NewsModel.class.php 第 4 行.
SQL: SHOW COLUMNS FROM `oa_news` [ RunTime:0.0051s ]
SQL: SHOW COLUMNS FROM `oa_news` [ RunTime:0.0050s ]
SQL: UPDATE `oa_news` SET `title`='asdasd',`from`='',`time`='2017-02-21 19:08:44',`author`='sadsa',`info`='asdasds',`contain`='&lt;p&gt;asdsadsadsad&lt;/p&gt;' WHERE `id` = 54 [ RunTime:0.0028s ]
INFO: [ app_end ] --START--
INFO: Run Behavior\ShowPageTraceBehavior [ RunTime:0.001933s ]
INFO: [ app_end ] --END-- [ RunTime:0.002016s ]

[ 2017-03-03T14:05:51+08:00 ] ::1 /oa/index.php/News/List/index.html
INFO: [ app_init ] --START--
INFO: Run Behavior\BuildLiteBehavior [ RunTime:0.000033s ]
INFO: [ app_init ] --END-- [ RunTime:0.000790s ]
INFO: [ app_begin ] --START--
INFO: Run Behavior\ReadHtmlCacheBehavior [ RunTime:0.000664s ]
INFO: [ app_begin ] --END-- [ RunTime:0.000707s ]
SQL: SHOW COLUMNS FROM `oa_news` [ RunTime:0.0028s ]
SQL: SELECT COUNT(*) AS tp_count FROM `oa_news` LIMIT 1   [ RunTime:0.0002s ]
SQL: SELECT * FROM `oa_news` ORDER BY time DESC LIMIT 0,15   [ RunTime:0.0006s ]
INFO: [ view_parse ] --START--
INFO: [ template_filter ] --START--
INFO: Run Behavior\ContentReplaceBehavior [ RunTime:0.000128s ]
INFO: [ template_filter ] --END-- [ RunTime:0.000200s ]
NOTIC: [2048] Declaration of Ucenter\Model\UserModel::add() should be compatible with Think\Model::add($data = '', $options = Array, $replace = false) G:\www\oa\Application\Ucenter\Model\UserModel.class.php 第 245 行.
SQL: SHOW COLUMNS FROM `oa_user` [ RunTime:0.0027s ]
SQL: SHOW COLUMNS FROM `oa_user` [ RunTime:0.0025s ]
SQL: SELECT `name` FROM `oa_user` WHERE `id` = 1 LIMIT 1   [ RunTime:0.0002s ]
INFO: Run Behavior\ParseTemplateBehavior [ RunTime:0.016723s ]
INFO: [ view_parse ] --END-- [ RunTime:0.016762s ]
INFO: [ view_filter ] --START--
INFO: Run Behavior\WriteHtmlCacheBehavior [ RunTime:0.000408s ]
INFO: [ view_filter ] --END-- [ RunTime:0.000445s ]
INFO: [ app_end ] --START--
INFO: Run Behavior\ShowPageTraceBehavior [ RunTime:0.000647s ]
INFO: [ app_end ] --END-- [ RunTime:0.000695s ]

[ 2017-03-03T14:06:04+08:00 ] ::1 /oa/index.php/News/List/edit/id/54.html
INFO: [ app_init ] --START--
INFO: Run Behavior\BuildLiteBehavior [ RunTime:0.000011s ]
INFO: [ app_init ] --END-- [ RunTime:0.000480s ]
INFO: [ app_begin ] --START--
INFO: Run Behavior\ReadHtmlCacheBehavior [ RunTime:0.000619s ]
INFO: [ app_begin ] --END-- [ RunTime:0.000662s ]
NOTIC: [2048] Declaration of News\Model\NewsModel::add() should be compatible with Think\Model::add($data = '', $options = Array, $replace = false) G:\www\oa\Application\News\Model\NewsModel.class.php 第 4 行.
SQL: SHOW COLUMNS FROM `oa_news` [ RunTime:0.0031s ]
SQL: SHOW COLUMNS FROM `oa_news` [ RunTime:0.0031s ]
SQL: SELECT * FROM `oa_news` WHERE `id` = 54 LIMIT 1   [ RunTime:0.0005s ]
INFO: [ view_parse ] --START--
INFO: [ template_filter ] --START--
INFO: Run Behavior\ContentReplaceBehavior [ RunTime:0.000087s ]
INFO: [ template_filter ] --END-- [ RunTime:0.000127s ]
NOTIC: [2048] Declaration of Ucenter\Model\UserModel::add() should be compatible with Think\Model::add($data = '', $options = Array, $replace = false) G:\www\oa\Application\Ucenter\Model\UserModel.class.php 第 245 行.
SQL: SHOW COLUMNS FROM `oa_user` [ RunTime:0.0040s ]
SQL: SHOW COLUMNS FROM `oa_user` [ RunTime:0.0028s ]
SQL: SELECT `name` FROM `oa_user` WHERE `id` = 1 LIMIT 1   [ RunTime:0.0002s ]
INFO: Run Behavior\ParseTemplateBehavior [ RunTime:0.017483s ]
INFO: [ view_parse ] --END-- [ RunTime:0.017525s ]
INFO: [ view_filter ] --START--
INFO: Run Behavior\WriteHtmlCacheBehavior [ RunTime:0.000435s ]
INFO: [ view_filter ] --END-- [ RunTime:0.000475s ]
INFO: [ app_end ] --START--
INFO: Run Behavior\ShowPageTraceBehavior [ RunTime:0.001379s ]
INFO: [ app_end ] --END-- [ RunTime:0.001448s ]

[ 2017-03-03T14:06:17+08:00 ] ::1 /oa/index.php/News/List/edit.html
INFO: [ app_init ] --START--
INFO: Run Behavior\BuildLiteBehavior [ RunTime:0.000012s ]
INFO: [ app_init ] --END-- [ RunTime:0.000340s ]
INFO: [ app_begin ] --START--
INFO: Run Behavior\ReadHtmlCacheBehavior [ RunTime:0.000478s ]
INFO: [ app_begin ] --END-- [ RunTime:0.000530s ]
NOTIC: [2048] Declaration of News\Model\NewsModel::add() should be compatible with Think\Model::add($data = '', $options = Array, $replace = false) G:\www\oa\Application\News\Model\NewsModel.class.php 第 4 行.
SQL: SHOW COLUMNS FROM `oa_news` [ RunTime:0.0049s ]
SQL: SHOW COLUMNS FROM `oa_news` [ RunTime:0.0029s ]
SQL: UPDATE `oa_news` SET `title`='asdasd',`from`='',`time`='2017-02-21 19:08:44',`author`='sadsa',`info`='asdasds',`contain`='&lt;p&gt;asdsads&lt;/p&gt;' WHERE `id` = 54 [ RunTime:0.0005s ]
INFO: [ app_end ] --START--
INFO: Run Behavior\ShowPageTraceBehavior [ RunTime:0.000681s ]
INFO: [ app_end ] --END-- [ RunTime:0.000721s ]

[ 2017-03-03T14:06:19+08:00 ] ::1 /oa/index.php/News/List/index.html
INFO: [ app_init ] --START--
INFO: Run Behavior\BuildLiteBehavior [ RunTime:0.000061s ]
INFO: [ app_init ] --END-- [ RunTime:0.001556s ]
INFO: [ app_begin ] --START--
INFO: Run Behavior\ReadHtmlCacheBehavior [ RunTime:0.001328s ]
INFO: [ app_begin ] --END-- [ RunTime:0.001532s ]
SQL: SHOW COLUMNS FROM `oa_news` [ RunTime:0.0055s ]
SQL: SELECT COUNT(*) AS tp_count FROM `oa_news` LIMIT 1   [ RunTime:0.0002s ]
SQL: SELECT * FROM `oa_news` ORDER BY time DESC LIMIT 0,15   [ RunTime:0.0007s ]
INFO: [ view_parse ] --START--
INFO: [ template_filter ] --START--
INFO: Run Behavior\ContentReplaceBehavior [ RunTime:0.000073s ]
INFO: [ template_filter ] --END-- [ RunTime:0.000117s ]
NOTIC: [2048] Declaration of Ucenter\Model\UserModel::add() should be compatible with Think\Model::add($data = '', $options = Array, $replace = false) G:\www\oa\Application\Ucenter\Model\UserModel.class.php 第 245 行.
SQL: SHOW COLUMNS FROM `oa_user` [ RunTime:0.0036s ]
SQL: SHOW COLUMNS FROM `oa_user` [ RunTime:0.0027s ]
SQL: SELECT `name` FROM `oa_user` WHERE `id` = 1 LIMIT 1   [ RunTime:0.0002s ]
INFO: Run Behavior\ParseTemplateBehavior [ RunTime:0.018079s ]
INFO: [ view_parse ] --END-- [ RunTime:0.018120s ]
INFO: [ view_filter ] --START--
INFO: Run Behavior\WriteHtmlCacheBehavior [ RunTime:0.000358s ]
INFO: [ view_filter ] --END-- [ RunTime:0.000395s ]
INFO: [ app_end ] --START--
INFO: Run Behavior\ShowPageTraceBehavior [ RunTime:0.000714s ]
INFO: [ app_end ] --END-- [ RunTime:0.000763s ]

[ 2017-03-03T14:06:23+08:00 ] ::1 /oa/index.php/News/List/edit/id/54.html
INFO: [ app_init ] --START--
INFO: Run Behavior\BuildLiteBehavior [ RunTime:0.000011s ]
INFO: [ app_init ] --END-- [ RunTime:0.000477s ]
INFO: [ app_begin ] --START--
INFO: Run Behavior\ReadHtmlCacheBehavior [ RunTime:0.000640s ]
INFO: [ app_begin ] --END-- [ RunTime:0.000684s ]
NOTIC: [2048] Declaration of News\Model\NewsModel::add() should be compatible with Think\Model::add($data = '', $options = Array, $replace = false) G:\www\oa\Application\News\Model\NewsModel.class.php 第 4 行.
SQL: SHOW COLUMNS FROM `oa_news` [ RunTime:0.0031s ]
SQL: SHOW COLUMNS FROM `oa_news` [ RunTime:0.0029s ]
SQL: SELECT * FROM `oa_news` WHERE `id` = 54 LIMIT 1   [ RunTime:0.0003s ]
INFO: [ view_parse ] --START--
INFO: [ template_filter ] --START--
INFO: Run Behavior\ContentReplaceBehavior [ RunTime:0.000082s ]
INFO: [ template_filter ] --END-- [ RunTime:0.000119s ]
NOTIC: [2048] Declaration of Ucenter\Model\UserModel::add() should be compatible with Think\Model::add($data = '', $options = Array, $replace = false) G:\www\oa\Application\Ucenter\Model\UserModel.class.php 第 245 行.
SQL: SHOW COLUMNS FROM `oa_user` [ RunTime:0.0032s ]
SQL: SHOW COLUMNS FROM `oa_user` [ RunTime:0.0026s ]
SQL: SELECT `name` FROM `oa_user` WHERE `id` = 1 LIMIT 1   [ RunTime:0.0002s ]
INFO: Run Behavior\ParseTemplateBehavior [ RunTime:0.015905s ]
INFO: [ view_parse ] --END-- [ RunTime:0.015945s ]
INFO: [ view_filter ] --START--
INFO: Run Behavior\WriteHtmlCacheBehavior [ RunTime:0.000428s ]
INFO: [ view_filter ] --END-- [ RunTime:0.000472s ]
INFO: [ app_end ] --START--
INFO: Run Behavior\ShowPageTraceBehavior [ RunTime:0.000727s ]
INFO: [ app_end ] --END-- [ RunTime:0.000790s ]

[ 2017-03-03T14:06:27+08:00 ] ::1 /oa/index.php/News/List/edit.html
INFO: [ app_init ] --START--
INFO: Run Behavior\BuildLiteBehavior [ RunTime:0.000013s ]
INFO: [ app_init ] --END-- [ RunTime:0.000355s ]
INFO: [ app_begin ] --START--
INFO: Run Behavior\ReadHtmlCacheBehavior [ RunTime:0.000484s ]
INFO: [ app_begin ] --END-- [ RunTime:0.000524s ]
NOTIC: [2048] Declaration of News\Model\NewsModel::add() should be compatible with Think\Model::add($data = '', $options = Array, $replace = false) G:\www\oa\Application\News\Model\NewsModel.class.php 第 4 行.
SQL: SHOW COLUMNS FROM `oa_news` [ RunTime:0.0042s ]
SQL: SHOW COLUMNS FROM `oa_news` [ RunTime:0.0054s ]
SQL: UPDATE `oa_news` SET `title`='asdasd',`from`='',`time`='2017-02-21 19:08:44',`author`='sadsa',`info`='asdasds',`contain`='&lt;p&gt;asdsads&lt;/p&gt;' WHERE `id` = 54 [ RunTime:0.0008s ]

[ 2017-03-03T19:39:37+08:00 ] ::1 /oa/index.php/News/list/index.html
INFO: [ app_init ] --START--
INFO: Run Behavior\BuildLiteBehavior [ RunTime:0.000013s ]
INFO: [ app_init ] --END-- [ RunTime:0.000481s ]
INFO: [ app_begin ] --START--
INFO: Run Behavior\ReadHtmlCacheBehavior [ RunTime:0.000530s ]
INFO: [ app_begin ] --END-- [ RunTime:0.000577s ]
SQL: SHOW COLUMNS FROM `oa_news` [ RunTime:0.0052s ]
SQL: SELECT COUNT(*) AS tp_count FROM `oa_news` LIMIT 1   [ RunTime:0.0002s ]
SQL: SELECT * FROM `oa_news` ORDER BY time DESC LIMIT 0,15   [ RunTime:0.0013s ]
INFO: [ view_parse ] --START--
INFO: [ template_filter ] --START--
INFO: Run Behavior\ContentReplaceBehavior [ RunTime:0.000079s ]
INFO: [ template_filter ] --END-- [ RunTime:0.000130s ]
NOTIC: [2048] Declaration of Ucenter\Model\UserModel::add() should be compatible with Think\Model::add($data = '', $options = Array, $replace = false) G:\www\oa\Application\Ucenter\Model\UserModel.class.php 第 245 行.
SQL: SHOW COLUMNS FROM `oa_user` [ RunTime:0.0037s ]
SQL: SHOW COLUMNS FROM `oa_user` [ RunTime:0.0040s ]
SQL: SELECT `name` FROM `oa_user` WHERE `id` = 1 LIMIT 1   [ RunTime:0.0003s ]
INFO: Run Behavior\ParseTemplateBehavior [ RunTime:0.038003s ]
INFO: [ view_parse ] --END-- [ RunTime:0.038048s ]
INFO: [ view_filter ] --START--
INFO: Run Behavior\WriteHtmlCacheBehavior [ RunTime:0.000404s ]
INFO: [ view_filter ] --END-- [ RunTime:0.000445s ]
INFO: [ app_end ] --START--
INFO: Run Behavior\ShowPageTraceBehavior [ RunTime:0.000770s ]
INFO: [ app_end ] --END-- [ RunTime:0.000826s ]

[ 2017-03-03T19:39:39+08:00 ] ::1 /oa/index.php/News/List/edit/id/54.html
INFO: [ app_init ] --START--
INFO: Run Behavior\BuildLiteBehavior [ RunTime:0.000013s ]
INFO: [ app_init ] --END-- [ RunTime:0.000413s ]
INFO: [ app_begin ] --START--
INFO: Run Behavior\ReadHtmlCacheBehavior [ RunTime:0.000471s ]
INFO: [ app_begin ] --END-- [ RunTime:0.000515s ]
NOTIC: [2048] Declaration of News\Model\NewsModel::add() should be compatible with Think\Model::add($data = '', $options = Array, $replace = false) G:\www\oa\Application\News\Model\NewsModel.class.php 第 4 行.
SQL: SHOW COLUMNS FROM `oa_news` [ RunTime:0.0035s ]
SQL: SHOW COLUMNS FROM `oa_news` [ RunTime:0.0032s ]
SQL: SELECT * FROM `oa_news` WHERE `id` = 54 LIMIT 1   [ RunTime:0.0003s ]
INFO: [ view_parse ] --START--
INFO: [ template_filter ] --START--
INFO: Run Behavior\ContentReplaceBehavior [ RunTime:0.000070s ]
INFO: [ template_filter ] --END-- [ RunTime:0.000111s ]
NOTIC: [2048] Declaration of Ucenter\Model\UserModel::add() should be compatible with Think\Model::add($data = '', $options = Array, $replace = false) G:\www\oa\Application\Ucenter\Model\UserModel.class.php 第 245 行.
SQL: SHOW COLUMNS FROM `oa_user` [ RunTime:0.0030s ]
SQL: SHOW COLUMNS FROM `oa_user` [ RunTime:0.0025s ]
SQL: SELECT `name` FROM `oa_user` WHERE `id` = 1 LIMIT 1   [ RunTime:0.0002s ]
INFO: Run Behavior\ParseTemplateBehavior [ RunTime:0.016638s ]
INFO: [ view_parse ] --END-- [ RunTime:0.016682s ]
INFO: [ view_filter ] --START--
INFO: Run Behavior\WriteHtmlCacheBehavior [ RunTime:0.000787s ]
INFO: [ view_filter ] --END-- [ RunTime:0.000854s ]
INFO: [ app_end ] --START--
INFO: Run Behavior\ShowPageTraceBehavior [ RunTime:0.001421s ]
INFO: [ app_end ] --END-- [ RunTime:0.001566s ]

[ 2017-03-03T19:39:45+08:00 ] ::1 /oa/index.php/News/List/edit.html
INFO: [ app_init ] --START--
INFO: Run Behavior\BuildLiteBehavior [ RunTime:0.000027s ]
INFO: [ app_init ] --END-- [ RunTime:0.000651s ]
INFO: [ app_begin ] --START--
INFO: Run Behavior\ReadHtmlCacheBehavior [ RunTime:0.000566s ]
INFO: [ app_begin ] --END-- [ RunTime:0.000683s ]
NOTIC: [2048] Declaration of News\Model\NewsModel::add() should be compatible with Think\Model::add($data = '', $options = Array, $replace = false) G:\www\oa\Application\News\Model\NewsModel.class.php 第 4 行.
SQL: SHOW COLUMNS FROM `oa_news` [ RunTime:0.0079s ]
SQL: SHOW COLUMNS FROM `oa_news` [ RunTime:0.0037s ]
SQL: UPDATE `oa_news` SET `title`='asdasd',`from`='',`time`='2017-02-21 19:08:44',`author`='sadsa',`info`='asdasds',`contain`='&lt;p&gt;asdsads&lt;/p&gt;' WHERE `id` = 54 [ RunTime:0.0033s ]

[ 2017-03-03T19:40:08+08:00 ] ::1 /oa/index.php/News/List/edit/id/54.html
INFO: [ app_init ] --START--
INFO: Run Behavior\BuildLiteBehavior [ RunTime:0.000041s ]
INFO: [ app_init ] --END-- [ RunTime:0.001094s ]
INFO: [ app_begin ] --START--
INFO: Run Behavior\ReadHtmlCacheBehavior [ RunTime:0.000580s ]
INFO: [ app_begin ] --END-- [ RunTime:0.000641s ]
NOTIC: [2048] Declaration of News\Model\NewsModel::add() should be compatible with Think\Model::add($data = '', $options = Array, $replace = false) G:\www\oa\Application\News\Model\NewsModel.class.php 第 4 行.
SQL: SHOW COLUMNS FROM `oa_news` [ RunTime:0.0049s ]
SQL: SHOW COLUMNS FROM `oa_news` [ RunTime:0.0024s ]
SQL: SELECT * FROM `oa_news` WHERE `id` = 54 LIMIT 1   [ RunTime:0.0002s ]
INFO: [ view_parse ] --START--
INFO: [ template_filter ] --START--
INFO: Run Behavior\ContentReplaceBehavior [ RunTime:0.000075s ]
INFO: [ template_filter ] --END-- [ RunTime:0.000132s ]
NOTIC: [2048] Declaration of Ucenter\Model\UserModel::add() should be compatible with Think\Model::add($data = '', $options = Array, $replace = false) G:\www\oa\Application\Ucenter\Model\UserModel.class.php 第 245 行.
SQL: SHOW COLUMNS FROM `oa_user` [ RunTime:0.0045s ]
SQL: SHOW COLUMNS FROM `oa_user` [ RunTime:0.0096s ]
SQL: SELECT `name` FROM `oa_user` WHERE `id` = 1 LIMIT 1   [ RunTime:0.0002s ]
INFO: Run Behavior\ParseTemplateBehavior [ RunTime:0.028197s ]
INFO: [ view_parse ] --END-- [ RunTime:0.028235s ]
INFO: [ view_filter ] --START--
INFO: Run Behavior\WriteHtmlCacheBehavior [ RunTime:0.000530s ]
INFO: [ view_filter ] --END-- [ RunTime:0.000576s ]
INFO: [ app_end ] --START--
INFO: Run Behavior\ShowPageTraceBehavior [ RunTime:0.001594s ]
INFO: [ app_end ] --END-- [ RunTime:0.001711s ]

[ 2017-03-03T19:40:10+08:00 ] ::1 /oa/index.php/News/List/edit.html
INFO: [ app_init ] --START--
INFO: Run Behavior\BuildLiteBehavior [ RunTime:0.000060s ]
INFO: [ app_init ] --END-- [ RunTime:0.000602s ]
INFO: [ app_begin ] --START--
INFO: Run Behavior\ReadHtmlCacheBehavior [ RunTime:0.001460s ]
INFO: [ app_begin ] --END-- [ RunTime:0.001635s ]
NOTIC: [2048] Declaration of News\Model\NewsModel::add() should be compatible with Think\Model::add($data = '', $options = Array, $replace = false) G:\www\oa\Application\News\Model\NewsModel.class.php 第 4 行.
SQL: SHOW COLUMNS FROM `oa_news` [ RunTime:0.0090s ]
SQL: SHOW COLUMNS FROM `oa_news` [ RunTime:0.0046s ]
SQL: UPDATE `oa_news` SET `title`='asdasd',`from`='',`time`='2017-02-21 19:08:44',`author`='sadsa',`info`='asdasds',`contain`='&lt;p&gt;asdsads&lt;/p&gt;' WHERE `id` = 54 [ RunTime:0.0004s ]

[ 2017-03-03T19:40:34+08:00 ] ::1 /oa/index.php/News/List/edit.html
INFO: [ app_init ] --START--
INFO: Run Behavior\BuildLiteBehavior [ RunTime:0.000011s ]
INFO: [ app_init ] --END-- [ RunTime:0.000425s ]
INFO: [ app_begin ] --START--
INFO: Run Behavior\ReadHtmlCacheBehavior [ RunTime:0.000643s ]
INFO: [ app_begin ] --END-- [ RunTime:0.000712s ]
NOTIC: [2048] Declaration of News\Model\NewsModel::add() should be compatible with Think\Model::add($data = '', $options = Array, $replace = false) G:\www\oa\Application\News\Model\NewsModel.class.php 第 4 行.
SQL: SHOW COLUMNS FROM `oa_news` [ RunTime:0.0057s ]
SQL: SHOW COLUMNS FROM `oa_news` [ RunTime:0.0054s ]
SQL: UPDATE `oa_news` SET `title`='asdasd',`from`='',`time`='2017-02-21 19:08:44',`author`='sadsa',`info`='asdasds',`contain`='&lt;p&gt;asdsads&lt;/p&gt;' WHERE `id` = 54 [ RunTime:0.0006s ]

[ 2017-03-03T19:41:09+08:00 ] ::1 /oa/index.php/News/List/edit/id/54.html
INFO: [ app_init ] --START--
INFO: Run Behavior\BuildLiteBehavior [ RunTime:0.000015s ]
INFO: [ app_init ] --END-- [ RunTime:0.000504s ]
INFO: [ app_begin ] --START--
INFO: Run Behavior\ReadHtmlCacheBehavior [ RunTime:0.001554s ]
INFO: [ app_begin ] --END-- [ RunTime:0.001666s ]
NOTIC: [2048] Declaration of News\Model\NewsModel::add() should be compatible with Think\Model::add($data = '', $options = Array, $replace = false) G:\www\oa\Application\News\Model\NewsModel.class.php 第 4 行.
SQL: SHOW COLUMNS FROM `oa_news` [ RunTime:0.0079s ]
SQL: SHOW COLUMNS FROM `oa_news` [ RunTime:0.0043s ]
SQL: SELECT * FROM `oa_news` WHERE `id` = 54 LIMIT 1   [ RunTime:0.0004s ]
INFO: [ view_parse ] --START--
INFO: [ template_filter ] --START--
INFO: Run Behavior\ContentReplaceBehavior [ RunTime:0.000096s ]
INFO: [ template_filter ] --END-- [ RunTime:0.000216s ]
NOTIC: [2048] Declaration of Ucenter\Model\UserModel::add() should be compatible with Think\Model::add($data = '', $options = Array, $replace = false) G:\www\oa\Application\Ucenter\Model\UserModel.class.php 第 245 行.
SQL: SHOW COLUMNS FROM `oa_user` [ RunTime:0.0031s ]
SQL: SHOW COLUMNS FROM `oa_user` [ RunTime:0.0071s ]
SQL: SELECT `name` FROM `oa_user` WHERE `id` = 1 LIMIT 1   [ RunTime:0.0007s ]
INFO: Run Behavior\ParseTemplateBehavior [ RunTime:0.027706s ]
INFO: [ view_parse ] --END-- [ RunTime:0.027804s ]
INFO: [ view_filter ] --START--
INFO: Run Behavior\WriteHtmlCacheBehavior [ RunTime:0.001331s ]
INFO: [ view_filter ] --END-- [ RunTime:0.001403s ]
INFO: [ app_end ] --START--
INFO: Run Behavior\ShowPageTraceBehavior [ RunTime:0.001144s ]
INFO: [ app_end ] --END-- [ RunTime:0.001214s ]

[ 2017-03-03T19:41:44+08:00 ] ::1 /oa/index.php/News/List/edit/id/54.html
INFO: [ app_init ] --START--
INFO: Run Behavior\BuildLiteBehavior [ RunTime:0.000019s ]
INFO: [ app_init ] --END-- [ RunTime:0.000461s ]
INFO: [ app_begin ] --START--
INFO: Run Behavior\ReadHtmlCacheBehavior [ RunTime:0.000661s ]
INFO: [ app_begin ] --END-- [ RunTime:0.000703s ]
NOTIC: [2048] Declaration of News\Model\NewsModel::add() should be compatible with Think\Model::add($data = '', $options = Array, $replace = false) G:\www\oa\Application\News\Model\NewsModel.class.php 第 4 行.
SQL: SHOW COLUMNS FROM `oa_news` [ RunTime:0.0029s ]
SQL: SHOW COLUMNS FROM `oa_news` [ RunTime:0.0025s ]
SQL: SELECT * FROM `oa_news` WHERE `id` = 54 LIMIT 1   [ RunTime:0.0002s ]
INFO: [ view_parse ] --START--
INFO: [ template_filter ] --START--
INFO: Run Behavior\ContentReplaceBehavior [ RunTime:0.000166s ]
INFO: [ template_filter ] --END-- [ RunTime:0.000309s ]
NOTIC: [2048] Declaration of Ucenter\Model\UserModel::add() should be compatible with Think\Model::add($data = '', $options = Array, $replace = false) G:\www\oa\Application\Ucenter\Model\UserModel.class.php 第 245 行.
SQL: SHOW COLUMNS FROM `oa_user` [ RunTime:0.0029s ]
SQL: SHOW COLUMNS FROM `oa_user` [ RunTime:0.0048s ]
SQL: SELECT `name` FROM `oa_user` WHERE `id` = 1 LIMIT 1   [ RunTime:0.0007s ]
INFO: Run Behavior\ParseTemplateBehavior [ RunTime:0.023257s ]
INFO: [ view_parse ] --END-- [ RunTime:0.023294s ]
INFO: [ view_filter ] --START--
INFO: Run Behavior\WriteHtmlCacheBehavior [ RunTime:0.000810s ]
INFO: [ view_filter ] --END-- [ RunTime:0.000844s ]
INFO: [ app_end ] --START--
INFO: Run Behavior\ShowPageTraceBehavior [ RunTime:0.000914s ]
INFO: [ app_end ] --END-- [ RunTime:0.000977s ]

[ 2017-03-03T19:41:46+08:00 ] ::1 /oa/index.php/News/List/edit.html
INFO: [ app_init ] --START--
INFO: Run Behavior\BuildLiteBehavior [ RunTime:0.000048s ]
INFO: [ app_init ] --END-- [ RunTime:0.000675s ]
INFO: [ app_begin ] --START--
INFO: Run Behavior\ReadHtmlCacheBehavior [ RunTime:0.001751s ]
INFO: [ app_begin ] --END-- [ RunTime:0.001984s ]
NOTIC: [2048] Declaration of News\Model\NewsModel::add() should be compatible with Think\Model::add($data = '', $options = Array, $replace = false) G:\www\oa\Application\News\Model\NewsModel.class.php 第 4 行.
SQL: SHOW COLUMNS FROM `oa_news` [ RunTime:0.0055s ]
SQL: SHOW COLUMNS FROM `oa_news` [ RunTime:0.0037s ]
SQL: UPDATE `oa_news` SET `title`='asdasd',`from`='',`time`='2017-02-21 19:08:44',`author`='sadsa',`info`='asdasds',`contain`='&lt;p&gt;asdsads&lt;/p&gt;' WHERE `id` = 54 [ RunTime:0.0002s ]

[ 2017-03-03T19:42:46+08:00 ] ::1 /oa/index.php/News/List/edit/id/54.html
INFO: [ app_init ] --START--
INFO: Run Behavior\BuildLiteBehavior [ RunTime:0.000038s ]
INFO: [ app_init ] --END-- [ RunTime:0.001045s ]
INFO: [ app_begin ] --START--
INFO: Run Behavior\ReadHtmlCacheBehavior [ RunTime:0.000809s ]
INFO: [ app_begin ] --END-- [ RunTime:0.000876s ]
NOTIC: [2048] Declaration of News\Model\NewsModel::add() should be compatible with Think\Model::add($data = '', $options = Array, $replace = false) G:\www\oa\Application\News\Model\NewsModel.class.php 第 4 行.
SQL: SHOW COLUMNS FROM `oa_news` [ RunTime:0.0071s ]
SQL: SHOW COLUMNS FROM `oa_news` [ RunTime:0.0060s ]
SQL: SELECT * FROM `oa_news` WHERE `id` = 54 LIMIT 1   [ RunTime:0.0007s ]
INFO: [ view_parse ] --START--
INFO: [ template_filter ] --START--
INFO: Run Behavior\ContentReplaceBehavior [ RunTime:0.000098s ]
INFO: [ template_filter ] --END-- [ RunTime:0.000141s ]
NOTIC: [2048] Declaration of Ucenter\Model\UserModel::add() should be compatible with Think\Model::add($data = '', $options = Array, $replace = false) G:\www\oa\Application\Ucenter\Model\UserModel.class.php 第 245 行.
SQL: SHOW COLUMNS FROM `oa_user` [ RunTime:0.0046s ]
SQL: SHOW COLUMNS FROM `oa_user` [ RunTime:0.0055s ]
SQL: SELECT `name` FROM `oa_user` WHERE `id` = 1 LIMIT 1   [ RunTime:0.0003s ]
INFO: Run Behavior\ParseTemplateBehavior [ RunTime:0.315838s ]
INFO: [ view_parse ] --END-- [ RunTime:0.315935s ]
INFO: [ view_filter ] --START--
INFO: Run Behavior\WriteHtmlCacheBehavior [ RunTime:0.000630s ]
INFO: [ view_filter ] --END-- [ RunTime:0.000677s ]
INFO: [ app_end ] --START--
INFO: Run Behavior\ShowPageTraceBehavior [ RunTime:0.000623s ]
INFO: [ app_end ] --END-- [ RunTime:0.000670s ]

[ 2017-03-03T19:42:47+08:00 ] ::1 /oa/index.php/News/List/edit.html
INFO: [ app_init ] --START--
INFO: Run Behavior\BuildLiteBehavior [ RunTime:0.000026s ]
INFO: [ app_init ] --END-- [ RunTime:0.000475s ]
INFO: [ app_begin ] --START--
INFO: Run Behavior\ReadHtmlCacheBehavior [ RunTime:0.001763s ]
INFO: [ app_begin ] --END-- [ RunTime:0.002213s ]
NOTIC: [2048] Declaration of News\Model\NewsModel::add() should be compatible with Think\Model::add($data = '', $options = Array, $replace = false) G:\www\oa\Application\News\Model\NewsModel.class.php 第 4 行.
SQL: SHOW COLUMNS FROM `oa_news` [ RunTime:0.0052s ]
SQL: SHOW COLUMNS FROM `oa_news` [ RunTime:0.0029s ]
SQL: UPDATE `oa_news` SET `title`='asdasd',`from`='',`time`='2017-02-21 19:08:44',`author`='sadsa',`info`='asdasds',`contain`='&lt;p&gt;asdsads&lt;/p&gt;' WHERE `id` = 54 [ RunTime:0.0006s ]

[ 2017-03-03T19:42:57+08:00 ] ::1 /oa/index.php/News/List/edit.html
INFO: [ app_init ] --START--
INFO: Run Behavior\BuildLiteBehavior [ RunTime:0.000011s ]
INFO: [ app_init ] --END-- [ RunTime:0.000391s ]
INFO: [ app_begin ] --START--
INFO: Run Behavior\ReadHtmlCacheBehavior [ RunTime:0.000376s ]
INFO: [ app_begin ] --END-- [ RunTime:0.000417s ]
NOTIC: [2048] Declaration of News\Model\NewsModel::add() should be compatible with Think\Model::add($data = '', $options = Array, $replace = false) G:\www\oa\Application\News\Model\NewsModel.class.php 第 4 行.
SQL: SHOW COLUMNS FROM `oa_news` [ RunTime:0.0041s ]
SQL: SHOW COLUMNS FROM `oa_news` [ RunTime:0.0027s ]
SQL: UPDATE `oa_news` SET `title`='asdasd',`from`='',`time`='2017-02-21 19:08:44',`author`='sadsa',`info`='asdasds',`contain`='&lt;p&gt;asdsads&lt;/p&gt;' WHERE `id` = 54 [ RunTime:0.0002s ]

[ 2017-03-03T19:51:00+08:00 ] ::1 /oa/index.php/News/list/index.html
INFO: [ app_init ] --START--
INFO: Run Behavior\BuildLiteBehavior [ RunTime:0.000028s ]
INFO: [ app_init ] --END-- [ RunTime:0.000741s ]
INFO: [ app_begin ] --START--
INFO: Run Behavior\ReadHtmlCacheBehavior [ RunTime:0.000829s ]
INFO: [ app_begin ] --END-- [ RunTime:0.000885s ]
SQL: SHOW COLUMNS FROM `oa_news` [ RunTime:0.0031s ]
SQL: SELECT COUNT(*) AS tp_count FROM `oa_news` LIMIT 1   [ RunTime:0.0001s ]
SQL: SELECT * FROM `oa_news` ORDER BY time DESC LIMIT 0,15   [ RunTime:0.0006s ]
INFO: [ view_parse ] --START--
INFO: [ template_filter ] --START--
INFO: Run Behavior\ContentReplaceBehavior [ RunTime:0.000105s ]
INFO: [ template_filter ] --END-- [ RunTime:0.000177s ]
NOTIC: [2048] Declaration of Ucenter\Model\UserModel::add() should be compatible with Think\Model::add($data = '', $options = Array, $replace = false) G:\www\oa\Application\Ucenter\Model\UserModel.class.php 第 253 行.
SQL: SHOW COLUMNS FROM `oa_user` [ RunTime:0.0029s ]
SQL: SHOW COLUMNS FROM `oa_user` [ RunTime:0.0024s ]
SQL: SELECT `name` FROM `oa_user` WHERE `id` = 1 LIMIT 1   [ RunTime:0.0002s ]
INFO: Run Behavior\ParseTemplateBehavior [ RunTime:0.016503s ]
INFO: [ view_parse ] --END-- [ RunTime:0.016538s ]
INFO: [ view_filter ] --START--
INFO: Run Behavior\WriteHtmlCacheBehavior [ RunTime:0.000447s ]
INFO: [ view_filter ] --END-- [ RunTime:0.000474s ]
INFO: [ app_end ] --START--
INFO: Run Behavior\ShowPageTraceBehavior [ RunTime:0.000556s ]
INFO: [ app_end ] --END-- [ RunTime:0.000591s ]

[ 2017-03-03T19:51:29+08:00 ] ::1 /oa/index.php/News/List/edit/id/54.html
INFO: [ app_init ] --START--
INFO: Run Behavior\BuildLiteBehavior [ RunTime:0.000014s ]
INFO: [ app_init ] --END-- [ RunTime:0.000707s ]
INFO: [ app_begin ] --START--
INFO: Run Behavior\ReadHtmlCacheBehavior [ RunTime:0.000733s ]
INFO: [ app_begin ] --END-- [ RunTime:0.000791s ]
NOTIC: [2048] Declaration of News\Model\NewsModel::add() should be compatible with Think\Model::add($data = '', $options = Array, $replace = false) G:\www\oa\Application\News\Model\NewsModel.class.php 第 4 行.
SQL: SHOW COLUMNS FROM `oa_news` [ RunTime:0.0033s ]
SQL: SHOW COLUMNS FROM `oa_news` [ RunTime:0.0030s ]
SQL: SELECT * FROM `oa_news` WHERE `id` = 54 LIMIT 1   [ RunTime:0.0003s ]
INFO: [ view_parse ] --START--
INFO: [ template_filter ] --START--
INFO: Run Behavior\ContentReplaceBehavior [ RunTime:0.000089s ]
INFO: [ template_filter ] --END-- [ RunTime:0.000139s ]
NOTIC: [2048] Declaration of Ucenter\Model\UserModel::add() should be compatible with Think\Model::add($data = '', $options = Array, $replace = false) G:\www\oa\Application\Ucenter\Model\UserModel.class.php 第 253 行.
SQL: SHOW COLUMNS FROM `oa_user` [ RunTime:0.0033s ]
SQL: SHOW COLUMNS FROM `oa_user` [ RunTime:0.0033s ]
SQL: SELECT `name` FROM `oa_user` WHERE `id` = 1 LIMIT 1   [ RunTime:0.0003s ]
INFO: Run Behavior\ParseTemplateBehavior [ RunTime:0.020323s ]
INFO: [ view_parse ] --END-- [ RunTime:0.020364s ]
INFO: [ view_filter ] --START--
INFO: Run Behavior\WriteHtmlCacheBehavior [ RunTime:0.000606s ]
INFO: [ view_filter ] --END-- [ RunTime:0.000646s ]
INFO: [ app_end ] --START--
INFO: Run Behavior\ShowPageTraceBehavior [ RunTime:0.000995s ]
INFO: [ app_end ] --END-- [ RunTime:0.001073s ]

[ 2017-03-03T19:51:31+08:00 ] ::1 /oa/index.php/News/List/edit.html
INFO: [ app_init ] --START--
INFO: Run Behavior\BuildLiteBehavior [ RunTime:0.000099s ]
INFO: [ app_init ] --END-- [ RunTime:0.001213s ]
INFO: [ app_begin ] --START--
INFO: Run Behavior\ReadHtmlCacheBehavior [ RunTime:0.000700s ]
INFO: [ app_begin ] --END-- [ RunTime:0.000765s ]
NOTIC: [2048] Declaration of News\Model\NewsModel::add() should be compatible with Think\Model::add($data = '', $options = Array, $replace = false) G:\www\oa\Application\News\Model\NewsModel.class.php 第 4 行.
SQL: SHOW COLUMNS FROM `oa_news` [ RunTime:0.0069s ]
SQL: SHOW COLUMNS FROM `oa_news` [ RunTime:0.0046s ]
SQL: UPDATE `oa_news` SET `title`='asdasd',`from`='',`time`='2017-02-21 19:08:44',`author`='sadsa',`info`='asdasds',`contain`='&lt;p&gt;asdsads&lt;/p&gt;' WHERE `id` = 54 [ RunTime:0.0003s ]

[ 2017-03-03T19:53:17+08:00 ] ::1 /oa/index.php/News/List/edit/id/54.html
INFO: [ app_init ] --START--
INFO: Run Behavior\BuildLiteBehavior [ RunTime:0.000069s ]
INFO: [ app_init ] --END-- [ RunTime:0.002646s ]
INFO: [ app_begin ] --START--
INFO: Run Behavior\ReadHtmlCacheBehavior [ RunTime:0.004178s ]
INFO: [ app_begin ] --END-- [ RunTime:0.004303s ]
NOTIC: [2048] Declaration of News\Model\NewsModel::add() should be compatible with Think\Model::add($data = '', $options = Array, $replace = false) G:\www\oa\Application\News\Model\NewsModel.class.php 第 4 行.
SQL: SHOW COLUMNS FROM `oa_news` [ RunTime:0.0124s ]
SQL: SHOW COLUMNS FROM `oa_news` [ RunTime:0.0060s ]
SQL: SELECT * FROM `oa_news` WHERE `id` = 54 LIMIT 1   [ RunTime:0.0003s ]
INFO: [ view_parse ] --START--
INFO: [ template_filter ] --START--
INFO: Run Behavior\ContentReplaceBehavior [ RunTime:0.000286s ]
INFO: [ template_filter ] --END-- [ RunTime:0.000439s ]
NOTIC: [2048] Declaration of Ucenter\Model\UserModel::add() should be compatible with Think\Model::add($data = '', $options = Array, $replace = false) G:\www\oa\Application\Ucenter\Model\UserModel.class.php 第 253 行.
SQL: SHOW COLUMNS FROM `oa_user` [ RunTime:0.0048s ]
SQL: SHOW COLUMNS FROM `oa_user` [ RunTime:0.0089s ]
SQL: SELECT `name` FROM `oa_user` WHERE `id` = 1 LIMIT 1   [ RunTime:0.0011s ]
INFO: Run Behavior\ParseTemplateBehavior [ RunTime:0.033251s ]
INFO: [ view_parse ] --END-- [ RunTime:0.033337s ]
INFO: [ view_filter ] --START--
INFO: Run Behavior\WriteHtmlCacheBehavior [ RunTime:0.001199s ]
INFO: [ view_filter ] --END-- [ RunTime:0.001312s ]
INFO: [ app_end ] --START--
INFO: Run Behavior\ShowPageTraceBehavior [ RunTime:0.002268s ]
INFO: [ app_end ] --END-- [ RunTime:0.002392s ]

[ 2017-03-03T19:53:34+08:00 ] ::1 /oa/index.php/News/List/edit/id/54.html
INFO: [ app_init ] --START--
INFO: Run Behavior\BuildLiteBehavior [ RunTime:0.000011s ]
INFO: [ app_init ] --END-- [ RunTime:0.000372s ]
INFO: [ app_begin ] --START--
INFO: Run Behavior\ReadHtmlCacheBehavior [ RunTime:0.000498s ]
INFO: [ app_begin ] --END-- [ RunTime:0.000534s ]
NOTIC: [2048] Declaration of News\Model\NewsModel::add() should be compatible with Think\Model::add($data = '', $options = Array, $replace = false) G:\www\oa\Application\News\Model\NewsModel.class.php 第 4 行.
SQL: SHOW COLUMNS FROM `oa_news` [ RunTime:0.0030s ]
SQL: SHOW COLUMNS FROM `oa_news` [ RunTime:0.0057s ]
SQL: SELECT * FROM `oa_news` WHERE `id` = 54 LIMIT 1   [ RunTime:0.0012s ]
INFO: [ view_parse ] --START--
INFO: [ template_filter ] --START--
INFO: Run Behavior\ContentReplaceBehavior [ RunTime:0.000068s ]
INFO: [ template_filter ] --END-- [ RunTime:0.000108s ]
NOTIC: [2048] Declaration of Ucenter\Model\UserModel::add() should be compatible with Think\Model::add($data = '', $options = Array, $replace = false) G:\www\oa\Application\Ucenter\Model\UserModel.class.php 第 253 行.
SQL: SHOW COLUMNS FROM `oa_user` [ RunTime:0.0038s ]
SQL: SHOW COLUMNS FROM `oa_user` [ RunTime:0.0026s ]
SQL: SELECT `name` FROM `oa_user` WHERE `id` = 1 LIMIT 1   [ RunTime:0.0002s ]
INFO: Run Behavior\ParseTemplateBehavior [ RunTime:0.024860s ]
INFO: [ view_parse ] --END-- [ RunTime:0.024977s ]
INFO: [ view_filter ] --START--
INFO: Run Behavior\WriteHtmlCacheBehavior [ RunTime:0.001530s ]
INFO: [ view_filter ] --END-- [ RunTime:0.001603s ]
INFO: [ app_end ] --START--
INFO: Run Behavior\ShowPageTraceBehavior [ RunTime:0.004317s ]
INFO: [ app_end ] --END-- [ RunTime:0.004584s ]

[ 2017-03-03T19:54:07+08:00 ] ::1 /oa/index.php/News/List/edit/id/54.html
INFO: [ app_init ] --START--
INFO: Run Behavior\BuildLiteBehavior [ RunTime:0.000009s ]
INFO: [ app_init ] --END-- [ RunTime:0.000367s ]
INFO: [ app_begin ] --START--
INFO: Run Behavior\ReadHtmlCacheBehavior [ RunTime:0.002775s ]
INFO: [ app_begin ] --END-- [ RunTime:0.003193s ]
NOTIC: [2048] Declaration of News\Model\NewsModel::add() should be compatible with Think\Model::add($data = '', $options = Array, $replace = false) G:\www\oa\Application\News\Model\NewsModel.class.php 第 4 行.
SQL: SHOW COLUMNS FROM `oa_news` [ RunTime:0.0047s ]
SQL: SHOW COLUMNS FROM `oa_news` [ RunTime:0.0109s ]
SQL: SELECT * FROM `oa_news` WHERE `id` = 54 LIMIT 1   [ RunTime:0.0005s ]
INFO: [ view_parse ] --START--
INFO: [ template_filter ] --START--
INFO: Run Behavior\ContentReplaceBehavior [ RunTime:0.000569s ]
INFO: [ template_filter ] --END-- [ RunTime:0.001089s ]
NOTIC: [2048] Declaration of Ucenter\Model\UserModel::add() should be compatible with Think\Model::add($data = '', $options = Array, $replace = false) G:\www\oa\Application\Ucenter\Model\UserModel.class.php 第 253 行.
SQL: SHOW COLUMNS FROM `oa_user` [ RunTime:0.0048s ]
SQL: SHOW COLUMNS FROM `oa_user` [ RunTime:0.0119s ]
SQL: SELECT `name` FROM `oa_user` WHERE `id` = 1 LIMIT 1   [ RunTime:0.0003s ]
INFO: Run Behavior\ParseTemplateBehavior [ RunTime:0.034433s ]
INFO: [ view_parse ] --END-- [ RunTime:0.034471s ]
INFO: [ view_filter ] --START--
INFO: Run Behavior\WriteHtmlCacheBehavior [ RunTime:0.000478s ]
INFO: [ view_filter ] --END-- [ RunTime:0.000511s ]
INFO: [ app_end ] --START--
INFO: Run Behavior\ShowPageTraceBehavior [ RunTime:0.000505s ]
INFO: [ app_end ] --END-- [ RunTime:0.000544s ]

[ 2017-03-03T19:54:10+08:00 ] ::1 /oa/index.php/News/List/edit.html
INFO: [ app_init ] --START--
INFO: Run Behavior\BuildLiteBehavior [ RunTime:0.000013s ]
INFO: [ app_init ] --END-- [ RunTime:0.000343s ]
INFO: [ app_begin ] --START--
INFO: Run Behavior\ReadHtmlCacheBehavior [ RunTime:0.000491s ]
INFO: [ app_begin ] --END-- [ RunTime:0.000544s ]
NOTIC: [2048] Declaration of News\Model\NewsModel::add() should be compatible with Think\Model::add($data = '', $options = Array, $replace = false) G:\www\oa\Application\News\Model\NewsModel.class.php 第 4 行.
SQL: SHOW COLUMNS FROM `oa_news` [ RunTime:0.0039s ]
SQL: SHOW COLUMNS FROM `oa_news` [ RunTime:0.0095s ]
SQL: UPDATE `oa_news` SET `title`='asdasd',`from`='',`time`='2017-02-21 19:08:44',`author`='sadsa',`info`='asdasds',`contain`='&lt;p&gt;asdsads&lt;/p&gt;' WHERE `id` = 54 [ RunTime:0.0006s ]

[ 2017-03-03T19:57:28+08:00 ] ::1 /oa/index.php/News/list/index.html
INFO: [ app_init ] --START--
INFO: Run Behavior\BuildLiteBehavior [ RunTime:0.000012s ]
INFO: [ app_init ] --END-- [ RunTime:0.000482s ]
INFO: [ app_begin ] --START--
INFO: Run Behavior\ReadHtmlCacheBehavior [ RunTime:0.000549s ]
INFO: [ app_begin ] --END-- [ RunTime:0.000594s ]
SQL: SHOW COLUMNS FROM `oa_news` [ RunTime:0.0035s ]
SQL: SELECT COUNT(*) AS tp_count FROM `oa_news` LIMIT 1   [ RunTime:0.0002s ]
SQL: SELECT * FROM `oa_news` ORDER BY time DESC LIMIT 0,15   [ RunTime:0.0007s ]
INFO: [ view_parse ] --START--
INFO: [ template_filter ] --START--
INFO: Run Behavior\ContentReplaceBehavior [ RunTime:0.000073s ]
INFO: [ template_filter ] --END-- [ RunTime:0.000116s ]
NOTIC: [2048] Declaration of Ucenter\Model\UserModel::add() should be compatible with Think\Model::add($data = '', $options = Array, $replace = false) G:\www\oa\Application\Ucenter\Model\UserModel.class.php 第 253 行.
SQL: SHOW COLUMNS FROM `oa_user` [ RunTime:0.0034s ]
SQL: SHOW COLUMNS FROM `oa_user` [ RunTime:0.0041s ]
SQL: SELECT `name` FROM `oa_user` WHERE `id` = 1 LIMIT 1   [ RunTime:0.0003s ]
INFO: Run Behavior\ParseTemplateBehavior [ RunTime:0.019058s ]
INFO: [ view_parse ] --END-- [ RunTime:0.019115s ]
INFO: [ view_filter ] --START--
INFO: Run Behavior\WriteHtmlCacheBehavior [ RunTime:0.000405s ]
INFO: [ view_filter ] --END-- [ RunTime:0.000439s ]
INFO: [ app_end ] --START--
INFO: Run Behavior\ShowPageTraceBehavior [ RunTime:0.000524s ]
INFO: [ app_end ] --END-- [ RunTime:0.000565s ]

[ 2017-03-03T19:57:29+08:00 ] ::1 /oa/index.php/News/List/edit/id/54.html
INFO: [ app_init ] --START--
INFO: Run Behavior\BuildLiteBehavior [ RunTime:0.000012s ]
INFO: [ app_init ] --END-- [ RunTime:0.000415s ]
INFO: [ app_begin ] --START--
INFO: Run Behavior\ReadHtmlCacheBehavior [ RunTime:0.000467s ]
INFO: [ app_begin ] --END-- [ RunTime:0.000519s ]
NOTIC: [2048] Declaration of News\Model\NewsModel::add() should be compatible with Think\Model::add($data = '', $options = Array, $replace = false) G:\www\oa\Application\News\Model\NewsModel.class.php 第 4 行.
SQL: SHOW COLUMNS FROM `oa_news` [ RunTime:0.0057s ]
SQL: SHOW COLUMNS FROM `oa_news` [ RunTime:0.0026s ]
SQL: SELECT * FROM `oa_news` WHERE `id` = 54 LIMIT 1   [ RunTime:0.0002s ]
INFO: [ view_parse ] --START--
INFO: [ template_filter ] --START--
INFO: Run Behavior\ContentReplaceBehavior [ RunTime:0.000135s ]
INFO: [ template_filter ] --END-- [ RunTime:0.000254s ]
NOTIC: [2048] Declaration of Ucenter\Model\UserModel::add() should be compatible with Think\Model::add($data = '', $options = Array, $replace = false) G:\www\oa\Application\Ucenter\Model\UserModel.class.php 第 253 行.
SQL: SHOW COLUMNS FROM `oa_user` [ RunTime:0.0037s ]
SQL: SHOW COLUMNS FROM `oa_user` [ RunTime:0.0024s ]
SQL: SELECT `name` FROM `oa_user` WHERE `id` = 1 LIMIT 1   [ RunTime:0.0002s ]
INFO: Run Behavior\ParseTemplateBehavior [ RunTime:0.016102s ]
INFO: [ view_parse ] --END-- [ RunTime:0.016131s ]
INFO: [ view_filter ] --START--
INFO: Run Behavior\WriteHtmlCacheBehavior [ RunTime:0.000315s ]
INFO: [ view_filter ] --END-- [ RunTime:0.000341s ]
INFO: [ app_end ] --START--
INFO: Run Behavior\ShowPageTraceBehavior [ RunTime:0.000417s ]
INFO: [ app_end ] --END-- [ RunTime:0.000448s ]

[ 2017-03-03T19:57:32+08:00 ] ::1 /oa/index.php/News/List/edit.html
INFO: [ app_init ] --START--
INFO: Run Behavior\BuildLiteBehavior [ RunTime:0.000029s ]
INFO: [ app_init ] --END-- [ RunTime:0.000552s ]
INFO: [ app_begin ] --START--
INFO: Run Behavior\ReadHtmlCacheBehavior [ RunTime:0.000542s ]
INFO: [ app_begin ] --END-- [ RunTime:0.000591s ]
NOTIC: [2048] Declaration of News\Model\NewsModel::add() should be compatible with Think\Model::add($data = '', $options = Array, $replace = false) G:\www\oa\Application\News\Model\NewsModel.class.php 第 4 行.
SQL: SHOW COLUMNS FROM `oa_news` [ RunTime:0.0038s ]
SQL: SHOW COLUMNS FROM `oa_news` [ RunTime:0.0124s ]
SQL: UPDATE `oa_news` SET `title`='asdasd',`from`='',`time`='2017-02-21 19:08:44',`author`='sadsa',`info`='asdasds',`contain`='&lt;p&gt;asdsads&lt;/p&gt;' WHERE `id` = 54 [ RunTime:0.0005s ]

[ 2017-03-03T19:57:53+08:00 ] ::1 /oa/index.php/News/List/edit.html
INFO: [ app_init ] --START--
INFO: Run Behavior\BuildLiteBehavior [ RunTime:0.000011s ]
INFO: [ app_init ] --END-- [ RunTime:0.000377s ]
INFO: [ app_begin ] --START--
INFO: Run Behavior\ReadHtmlCacheBehavior [ RunTime:0.000470s ]
INFO: [ app_begin ] --END-- [ RunTime:0.000508s ]
NOTIC: [2048] Declaration of News\Model\NewsModel::add() should be compatible with Think\Model::add($data = '', $options = Array, $replace = false) G:\www\oa\Application\News\Model\NewsModel.class.php 第 4 行.
SQL: SHOW COLUMNS FROM `oa_news` [ RunTime:0.0037s ]
SQL: SHOW COLUMNS FROM `oa_news` [ RunTime:0.0061s ]
SQL: UPDATE `oa_news` SET `title`='asdasd',`from`='',`time`='2017-02-21 19:08:44',`author`='sadsa',`info`='asdasds',`contain`='&lt;p&gt;asdsads&lt;/p&gt;' WHERE `id` = 54 [ RunTime:0.0004s ]

[ 2017-03-03T19:58:30+08:00 ] ::1 /oa/index.php/News/List/edit/id/54.html
INFO: [ app_init ] --START--
INFO: Run Behavior\BuildLiteBehavior [ RunTime:0.000044s ]
INFO: [ app_init ] --END-- [ RunTime:0.000695s ]
INFO: [ app_begin ] --START--
INFO: Run Behavior\ReadHtmlCacheBehavior [ RunTime:0.000849s ]
INFO: [ app_begin ] --END-- [ RunTime:0.000911s ]
NOTIC: [2048] Declaration of News\Model\NewsModel::add() should be compatible with Think\Model::add($data = '', $options = Array, $replace = false) G:\www\oa\Application\News\Model\NewsModel.class.php 第 4 行.
SQL: SHOW COLUMNS FROM `oa_news` [ RunTime:0.0079s ]
SQL: SHOW COLUMNS FROM `oa_news` [ RunTime:0.0054s ]
SQL: SELECT * FROM `oa_news` WHERE `id` = 54 LIMIT 1   [ RunTime:0.0020s ]
INFO: [ view_parse ] --START--
INFO: [ template_filter ] --START--
INFO: Run Behavior\ContentReplaceBehavior [ RunTime:0.000282s ]
INFO: [ template_filter ] --END-- [ RunTime:0.000523s ]
NOTIC: [2048] Declaration of Ucenter\Model\UserModel::add() should be compatible with Think\Model::add($data = '', $options = Array, $replace = false) G:\www\oa\Application\Ucenter\Model\UserModel.class.php 第 253 行.
SQL: SHOW COLUMNS FROM `oa_user` [ RunTime:0.0047s ]
SQL: SHOW COLUMNS FROM `oa_user` [ RunTime:0.0072s ]
SQL: SELECT `name` FROM `oa_user` WHERE `id` = 1 LIMIT 1   [ RunTime:0.0010s ]
INFO: Run Behavior\ParseTemplateBehavior [ RunTime:0.033021s ]
INFO: [ view_parse ] --END-- [ RunTime:0.033153s ]
INFO: [ view_filter ] --START--
INFO: Run Behavior\WriteHtmlCacheBehavior [ RunTime:0.000678s ]
INFO: [ view_filter ] --END-- [ RunTime:0.000710s ]
INFO: [ app_end ] --START--
INFO: Run Behavior\ShowPageTraceBehavior [ RunTime:0.000954s ]
INFO: [ app_end ] --END-- [ RunTime:0.001008s ]

[ 2017-03-03T19:58:54+08:00 ] ::1 /oa/index.php/News/List/edit/id/54.html
INFO: [ app_init ] --START--
INFO: Run Behavior\BuildLiteBehavior [ RunTime:0.000021s ]
INFO: [ app_init ] --END-- [ RunTime:0.000408s ]
INFO: [ app_begin ] --START--
INFO: Run Behavior\ReadHtmlCacheBehavior [ RunTime:0.001228s ]
INFO: [ app_begin ] --END-- [ RunTime:0.001293s ]
NOTIC: [2048] Declaration of News\Model\NewsModel::add() should be compatible with Think\Model::add($data = '', $options = Array, $replace = false) G:\www\oa\Application\News\Model\NewsModel.class.php 第 4 行.
SQL: SHOW COLUMNS FROM `oa_news` [ RunTime:0.0041s ]
SQL: SHOW COLUMNS FROM `oa_news` [ RunTime:0.0034s ]
SQL: SELECT * FROM `oa_news` WHERE `id` = 54 LIMIT 1   [ RunTime:0.0002s ]
INFO: [ view_parse ] --START--
INFO: [ template_filter ] --START--
INFO: Run Behavior\ContentReplaceBehavior [ RunTime:0.000179s ]
INFO: [ template_filter ] --END-- [ RunTime:0.000345s ]
NOTIC: [2048] Declaration of Ucenter\Model\UserModel::add() should be compatible with Think\Model::add($data = '', $options = Array, $replace = false) G:\www\oa\Application\Ucenter\Model\UserModel.class.php 第 253 行.
SQL: SHOW COLUMNS FROM `oa_user` [ RunTime:0.0036s ]
SQL: SHOW COLUMNS FROM `oa_user` [ RunTime:0.0045s ]
SQL: SELECT `name` FROM `oa_user` WHERE `id` = 1 LIMIT 1   [ RunTime:0.0003s ]
INFO: Run Behavior\ParseTemplateBehavior [ RunTime:0.024791s ]
INFO: [ view_parse ] --END-- [ RunTime:0.024867s ]
INFO: [ view_filter ] --START--
INFO: Run Behavior\WriteHtmlCacheBehavior [ RunTime:0.001158s ]
INFO: [ view_filter ] --END-- [ RunTime:0.001223s ]
INFO: [ app_end ] --START--
INFO: Run Behavior\ShowPageTraceBehavior [ RunTime:0.000664s ]
INFO: [ app_end ] --END-- [ RunTime:0.000705s ]

[ 2017-03-03T19:58:56+08:00 ] ::1 /oa/index.php/News/List/edit.html
INFO: [ app_init ] --START--
INFO: Run Behavior\BuildLiteBehavior [ RunTime:0.000016s ]
INFO: [ app_init ] --END-- [ RunTime:0.000809s ]
INFO: [ app_begin ] --START--
INFO: Run Behavior\ReadHtmlCacheBehavior [ RunTime:0.000946s ]
INFO: [ app_begin ] --END-- [ RunTime:0.001017s ]
NOTIC: [2048] Declaration of News\Model\NewsModel::add() should be compatible with Think\Model::add($data = '', $options = Array, $replace = false) G:\www\oa\Application\News\Model\NewsModel.class.php 第 4 行.
SQL: SHOW COLUMNS FROM `oa_news` [ RunTime:0.0056s ]
SQL: SHOW COLUMNS FROM `oa_news` [ RunTime:0.0078s ]
SQL: UPDATE `oa_news` SET `title`='asdasd',`from`='',`time`='2017-02-21 19:08:44',`author`='sadsa',`info`='asdasds',`contain`='&lt;p&gt;asdsads&lt;/p&gt;' WHERE `id` = 54 [ RunTime:0.0009s ]

[ 2017-03-03T19:59:14+08:00 ] ::1 /oa/index.php/News/List/edit/id/54.html
INFO: [ app_init ] --START--
INFO: Run Behavior\BuildLiteBehavior [ RunTime:0.000104s ]
INFO: [ app_init ] --END-- [ RunTime:0.000824s ]
INFO: [ app_begin ] --START--
INFO: Run Behavior\ReadHtmlCacheBehavior [ RunTime:0.001655s ]
INFO: [ app_begin ] --END-- [ RunTime:0.001813s ]
NOTIC: [2048] Declaration of News\Model\NewsModel::add() should be compatible with Think\Model::add($data = '', $options = Array, $replace = false) G:\www\oa\Application\News\Model\NewsModel.class.php 第 4 行.
SQL: SHOW COLUMNS FROM `oa_news` [ RunTime:0.0082s ]
SQL: SHOW COLUMNS FROM `oa_news` [ RunTime:0.0044s ]
SQL: SELECT * FROM `oa_news` WHERE `id` = 54 LIMIT 1   [ RunTime:0.0005s ]
INFO: [ view_parse ] --START--
INFO: [ template_filter ] --START--
INFO: Run Behavior\ContentReplaceBehavior [ RunTime:0.000088s ]
INFO: [ template_filter ] --END-- [ RunTime:0.000156s ]
NOTIC: [2048] Declaration of Ucenter\Model\UserModel::add() should be compatible with Think\Model::add($data = '', $options = Array, $replace = false) G:\www\oa\Application\Ucenter\Model\UserModel.class.php 第 253 行.
SQL: SHOW COLUMNS FROM `oa_user` [ RunTime:0.0035s ]
SQL: SHOW COLUMNS FROM `oa_user` [ RunTime:0.0070s ]
SQL: SELECT `name` FROM `oa_user` WHERE `id` = 1 LIMIT 1   [ RunTime:0.0002s ]
INFO: Run Behavior\ParseTemplateBehavior [ RunTime:0.026536s ]
INFO: [ view_parse ] --END-- [ RunTime:0.026739s ]
INFO: [ view_filter ] --START--
INFO: Run Behavior\WriteHtmlCacheBehavior [ RunTime:0.002027s ]
INFO: [ view_filter ] --END-- [ RunTime:0.002115s ]
INFO: [ app_end ] --START--
INFO: Run Behavior\ShowPageTraceBehavior [ RunTime:0.001453s ]
INFO: [ app_end ] --END-- [ RunTime:0.001589s ]

[ 2017-03-03T19:59:16+08:00 ] ::1 /oa/index.php/News/List/edit.html
INFO: [ app_init ] --START--
INFO: Run Behavior\BuildLiteBehavior [ RunTime:0.000076s ]
INFO: [ app_init ] --END-- [ RunTime:0.001990s ]
INFO: [ app_begin ] --START--
INFO: Run Behavior\ReadHtmlCacheBehavior [ RunTime:0.002925s ]
INFO: [ app_begin ] --END-- [ RunTime:0.003296s ]
NOTIC: [2048] Declaration of News\Model\NewsModel::add() should be compatible with Think\Model::add($data = '', $options = Array, $replace = false) G:\www\oa\Application\News\Model\NewsModel.class.php 第 4 行.
SQL: SHOW COLUMNS FROM `oa_news` [ RunTime:0.0138s ]
SQL: SHOW COLUMNS FROM `oa_news` [ RunTime:0.0063s ]
SQL: UPDATE `oa_news` SET `title`='asdasd',`from`='',`time`='2017-02-21 19:08:44',`author`='sadsa',`info`='asdasds',`contain`='&lt;p&gt;asdsads&lt;/p&gt;' WHERE `id` = 54 [ RunTime:0.0017s ]

[ 2017-03-03T19:59:44+08:00 ] ::1 /oa/index.php/News/List/add.html
INFO: [ app_init ] --START--
INFO: Run Behavior\BuildLiteBehavior [ RunTime:0.000011s ]
INFO: [ app_init ] --END-- [ RunTime:0.000375s ]
INFO: [ app_begin ] --START--
INFO: Run Behavior\ReadHtmlCacheBehavior [ RunTime:0.000598s ]
INFO: [ app_begin ] --END-- [ RunTime:0.000635s ]
INFO: [ view_parse ] --START--
INFO: [ template_filter ] --START--
INFO: Run Behavior\ContentReplaceBehavior [ RunTime:0.000117s ]
INFO: [ template_filter ] --END-- [ RunTime:0.000171s ]
NOTIC: [2048] Declaration of Ucenter\Model\UserModel::add() should be compatible with Think\Model::add($data = '', $options = Array, $replace = false) G:\www\oa\Application\Ucenter\Model\UserModel.class.php 第 4 行.
SQL: SHOW COLUMNS FROM `oa_user` [ RunTime:0.0029s ]
SQL: SHOW COLUMNS FROM `oa_user` [ RunTime:0.0024s ]
SQL: SELECT `name` FROM `oa_user` WHERE `id` = 1 LIMIT 1   [ RunTime:0.0002s ]
INFO: Run Behavior\ParseTemplateBehavior [ RunTime:0.033213s ]
INFO: [ view_parse ] --END-- [ RunTime:0.033249s ]
INFO: [ view_filter ] --START--
INFO: Run Behavior\WriteHtmlCacheBehavior [ RunTime:0.000580s ]
INFO: [ view_filter ] --END-- [ RunTime:0.000613s ]
INFO: [ app_end ] --START--
INFO: Run Behavior\ShowPageTraceBehavior [ RunTime:0.000650s ]
INFO: [ app_end ] --END-- [ RunTime:0.000696s ]

[ 2017-03-03T19:59:47+08:00 ] ::1 /oa/index.php/News/List/add.html
INFO: [ app_init ] --START--
INFO: Run Behavior\BuildLiteBehavior [ RunTime:0.000014s ]
INFO: [ app_init ] --END-- [ RunTime:0.000650s ]
INFO: [ app_begin ] --START--
INFO: Run Behavior\ReadHtmlCacheBehavior [ RunTime:0.001311s ]
INFO: [ app_begin ] --END-- [ RunTime:0.001499s ]
NOTIC: [2] finfo_file(): Empty filename or path G:\www\oa\ThinkPHP\Library\Think\Upload.class.php 第 152 行.
INFO: [ view_parse ] --START--
INFO: [ template_filter ] --START--
INFO: Run Behavior\ContentReplaceBehavior [ RunTime:0.000150s ]
INFO: [ template_filter ] --END-- [ RunTime:0.000273s ]
INFO: Run Behavior\ParseTemplateBehavior [ RunTime:0.015721s ]
INFO: [ view_parse ] --END-- [ RunTime:0.015800s ]
INFO: [ view_filter ] --START--
INFO: Run Behavior\WriteHtmlCacheBehavior [ RunTime:0.000471s ]
INFO: [ view_filter ] --END-- [ RunTime:0.000502s ]

[ 2017-03-03T19:59:48+08:00 ] ::1 /oa/index.php/News/List/add.html
INFO: [ app_init ] --START--
INFO: Run Behavior\BuildLiteBehavior [ RunTime:0.000011s ]
INFO: [ app_init ] --END-- [ RunTime:0.000371s ]
INFO: [ app_begin ] --START--
INFO: Run Behavior\ReadHtmlCacheBehavior [ RunTime:0.000562s ]
INFO: [ app_begin ] --END-- [ RunTime:0.000598s ]
INFO: [ view_parse ] --START--
INFO: [ template_filter ] --START--
INFO: Run Behavior\ContentReplaceBehavior [ RunTime:0.000071s ]
INFO: [ template_filter ] --END-- [ RunTime:0.000114s ]
NOTIC: [2048] Declaration of Ucenter\Model\UserModel::add() should be compatible with Think\Model::add($data = '', $options = Array, $replace = false) G:\www\oa\Application\Ucenter\Model\UserModel.class.php 第 4 行.
SQL: SHOW COLUMNS FROM `oa_user` [ RunTime:0.0027s ]
SQL: SHOW COLUMNS FROM `oa_user` [ RunTime:0.0036s ]
SQL: SELECT `name` FROM `oa_user` WHERE `id` = 1 LIMIT 1   [ RunTime:0.0003s ]
INFO: Run Behavior\ParseTemplateBehavior [ RunTime:0.022610s ]
INFO: [ view_parse ] --END-- [ RunTime:0.022647s ]
INFO: [ view_filter ] --START--
INFO: Run Behavior\WriteHtmlCacheBehavior [ RunTime:0.000536s ]
INFO: [ view_filter ] --END-- [ RunTime:0.000569s ]
INFO: [ app_end ] --START--
INFO: Run Behavior\ShowPageTraceBehavior [ RunTime:0.000637s ]
INFO: [ app_end ] --END-- [ RunTime:0.000674s ]

[ 2017-03-03T20:01:02+08:00 ] ::1 /oa/index.php/News/List/add.html
INFO: [ app_init ] --START--
INFO: Run Behavior\BuildLiteBehavior [ RunTime:0.000013s ]
INFO: [ app_init ] --END-- [ RunTime:0.000653s ]
INFO: [ app_begin ] --START--
INFO: Run Behavior\ReadHtmlCacheBehavior [ RunTime:0.000604s ]
INFO: [ app_begin ] --END-- [ RunTime:0.000647s ]
NOTIC: [2] call_user_func() expects parameter 1 to be a valid callback, no array or string given G:\www\oa\ThinkPHP\Library\Think\Upload.class.php 第 170 行.
NOTIC: [2048] Declaration of News\Model\NewsModel::add() should be compatible with Think\Model::add($data = '', $options = Array, $replace = false) G:\www\oa\Application\News\Model\NewsModel.class.php 第 4 行.
SQL: SHOW COLUMNS FROM `oa_news` [ RunTime:0.0107s ]
SQL: SHOW COLUMNS FROM `oa_news` [ RunTime:0.0152s ]
SQL: INSERT INTO `oa_news` (`title`,`from`,`time`,`author`,`info`,`contain`,`cover`) VALUES ('东部高校挖人时，很难“手下留情”','腾讯评论','2017-03-03 20:00:22','张德笔 ','最近，教育部部长陈宝生表示，“东部各高校，请对中西部高校的人才‘手下留情’！”这是教育部在今年1月出台“不鼓励东部高校从中西部、东北地区高校引进人才”后的又一次表态。“手下留情”“不鼓励”这都是商榷性、柔软性词汇，而非行政命令，被很多人赞许，但中国高校的人才流动真的需要控制一下吗？','&lt;p style=&quot;margin-top: 0px; margin-bottom: 0px; padding: 0px 0px 10px; line-height: 34px; text-indent: 2em; font-family: &amp;quot;Microsoft Yahei&amp;quot;, Helvetica, STHeiti, &amp;quot;Droid Sans Fallback&amp;quot;; white-space: normal; background-color: rgb(255, 255, 255);&quot;&gt;“对于我来说，特别害怕听到某某某又被评上了长江学者、某某又被评上了国家杰出青年科学基金这类消息。因为他们一旦有了什么头衔，就会被人盯上，不少学校开出的优惠条件就来了，年薪100万元+1套房子+2000万元科研启动经费，有的甚至更高。”&lt;/p&gt;&lt;p style=&quot;margin-top: 0px; margin-bottom: 0px; padding: 0px 0px 10px; line-height: 34px; text-indent: 2em; font-family: &amp;quot;Microsoft Yahei&amp;quot;, Helvetica, STHeiti, &amp;quot;Droid Sans Fallback&amp;quot;; white-space: normal; background-color: rgb(255, 255, 255);&quot;&gt;以上吐槽来自中西部某高校校长。而这些悲伤的校长，反制手段也无外乎：签订合约、要求经济补偿，拒不放人、不给办理人事调动等。但是，东部接收学校更狠：咱们可以不要人事档案，不要户口，不要调动手续，人来了就行。&lt;/p&gt;&lt;p style=&quot;margin-top: 0px; margin-bottom: 0px; padding: 0px 0px 10px; line-height: 34px; text-indent: 2em; font-family: &amp;quot;Microsoft Yahei&amp;quot;, Helvetica, STHeiti, &amp;quot;Droid Sans Fallback&amp;quot;; white-space: normal; background-color: rgb(255, 255, 255);&quot;&gt;人一旦想走了，靠感情牌，靠画大饼，靠领导做工作，都是行不通的。高校里的跳槽，其实和企业里的跳槽无甚区别。你见过哪个企业老板喊“你们别再挖我们的人了”成功过？发达地区的高校，凭借自身的地理优势、经济优势、学术环境优势等，对处于劣势地位的中西部高校的高端人才有天然吸引力。&lt;/p&gt;&lt;p&gt;&lt;br/&gt;&lt;/p&gt;','/oa/Uploads/20170303/1488542462.png') [ RunTime:0.0007s ]

[ 2017-03-03T20:02:39+08:00 ] ::1 /oa/index.php/News/List/add.html
INFO: [ app_init ] --START--
INFO: Run Behavior\BuildLiteBehavior [ RunTime:0.000011s ]
INFO: [ app_init ] --END-- [ RunTime:0.000378s ]
INFO: [ app_begin ] --START--
INFO: Run Behavior\ReadHtmlCacheBehavior [ RunTime:0.000998s ]
INFO: [ app_begin ] --END-- [ RunTime:0.001086s ]
INFO: [ view_parse ] --START--
INFO: [ template_filter ] --START--
INFO: Run Behavior\ContentReplaceBehavior [ RunTime:0.000069s ]
INFO: [ template_filter ] --END-- [ RunTime:0.000113s ]
NOTIC: [2048] Declaration of Ucenter\Model\UserModel::add() should be compatible with Think\Model::add($data = '', $options = Array, $replace = false) G:\www\oa\Application\Ucenter\Model\UserModel.class.php 第 4 行.
SQL: SHOW COLUMNS FROM `oa_user` [ RunTime:0.0030s ]
SQL: SHOW COLUMNS FROM `oa_user` [ RunTime:0.0024s ]
SQL: SELECT `name` FROM `oa_user` WHERE `id` = 1 LIMIT 1   [ RunTime:0.0002s ]
INFO: Run Behavior\ParseTemplateBehavior [ RunTime:0.021039s ]
INFO: [ view_parse ] --END-- [ RunTime:0.021078s ]
INFO: [ view_filter ] --START--
INFO: Run Behavior\WriteHtmlCacheBehavior [ RunTime:0.000526s ]
INFO: [ view_filter ] --END-- [ RunTime:0.000558s ]
INFO: [ app_end ] --START--
INFO: Run Behavior\ShowPageTraceBehavior [ RunTime:0.000683s ]
INFO: [ app_end ] --END-- [ RunTime:0.000720s ]

[ 2017-03-03T20:02:54+08:00 ] ::1 /oa/index.php/News/List/add.html
INFO: [ app_init ] --START--
INFO: Run Behavior\BuildLiteBehavior [ RunTime:0.000017s ]
INFO: [ app_init ] --END-- [ RunTime:0.000531s ]
INFO: [ app_begin ] --START--
INFO: Run Behavior\ReadHtmlCacheBehavior [ RunTime:0.000984s ]
INFO: [ app_begin ] --END-- [ RunTime:0.001101s ]
INFO: [ view_parse ] --START--
INFO: [ template_filter ] --START--
INFO: Run Behavior\ContentReplaceBehavior [ RunTime:0.000105s ]
INFO: [ template_filter ] --END-- [ RunTime:0.000168s ]
NOTIC: [2048] Declaration of Ucenter\Model\UserModel::add() should be compatible with Think\Model::add($data = '', $options = Array, $replace = false) G:\www\oa\Application\Ucenter\Model\UserModel.class.php 第 4 行.
SQL: SHOW COLUMNS FROM `oa_user` [ RunTime:0.0061s ]
SQL: SHOW COLUMNS FROM `oa_user` [ RunTime:0.0041s ]
SQL: SELECT `name` FROM `oa_user` WHERE `id` = 1 LIMIT 1   [ RunTime:0.0006s ]
INFO: Run Behavior\ParseTemplateBehavior [ RunTime:0.049535s ]
INFO: [ view_parse ] --END-- [ RunTime:0.049699s ]
INFO: [ view_filter ] --START--
INFO: Run Behavior\WriteHtmlCacheBehavior [ RunTime:0.003285s ]
INFO: [ view_filter ] --END-- [ RunTime:0.003429s ]
INFO: [ app_end ] --START--
INFO: Run Behavior\ShowPageTraceBehavior [ RunTime:0.002228s ]
INFO: [ app_end ] --END-- [ RunTime:0.002395s ]

[ 2017-03-03T20:03:15+08:00 ] ::1 /oa/index.php/News/List/add.html
INFO: [ app_init ] --START--
INFO: Run Behavior\BuildLiteBehavior [ RunTime:0.000021s ]
INFO: [ app_init ] --END-- [ RunTime:0.000618s ]
INFO: [ app_begin ] --START--
INFO: Run Behavior\ReadHtmlCacheBehavior [ RunTime:0.000852s ]
INFO: [ app_begin ] --END-- [ RunTime:0.000928s ]
INFO: [ view_parse ] --START--
INFO: [ template_filter ] --START--
INFO: Run Behavior\ContentReplaceBehavior [ RunTime:0.000066s ]
INFO: [ template_filter ] --END-- [ RunTime:0.000112s ]
NOTIC: [2048] Declaration of Ucenter\Model\UserModel::add() should be compatible with Think\Model::add($data = '', $options = Array, $replace = false) G:\www\oa\Application\Ucenter\Model\UserModel.class.php 第 4 行.
SQL: SHOW COLUMNS FROM `oa_user` [ RunTime:0.0033s ]
SQL: SHOW COLUMNS FROM `oa_user` [ RunTime:0.0024s ]
SQL: SELECT `name` FROM `oa_user` WHERE `id` = 1 LIMIT 1   [ RunTime:0.0002s ]
INFO: Run Behavior\ParseTemplateBehavior [ RunTime:0.032184s ]
INFO: [ view_parse ] --END-- [ RunTime:0.032221s ]
INFO: [ view_filter ] --START--
INFO: Run Behavior\WriteHtmlCacheBehavior [ RunTime:0.000506s ]
INFO: [ view_filter ] --END-- [ RunTime:0.000536s ]
INFO: [ app_end ] --START--
INFO: Run Behavior\ShowPageTraceBehavior [ RunTime:0.000695s ]
INFO: [ app_end ] --END-- [ RunTime:0.000733s ]

[ 2017-03-03T20:07:04+08:00 ] ::1 /oa/index.php/News/List/add.html
INFO: [ app_init ] --START--
INFO: Run Behavior\BuildLiteBehavior [ RunTime:0.000012s ]
INFO: [ app_init ] --END-- [ RunTime:0.000453s ]
INFO: [ app_begin ] --START--
INFO: Run Behavior\ReadHtmlCacheBehavior [ RunTime:0.000540s ]
INFO: [ app_begin ] --END-- [ RunTime:0.000577s ]
INFO: [ view_parse ] --START--
INFO: [ template_filter ] --START--
INFO: Run Behavior\ContentReplaceBehavior [ RunTime:0.000163s ]
INFO: [ template_filter ] --END-- [ RunTime:0.000329s ]
NOTIC: [2048] Declaration of Ucenter\Model\UserModel::add() should be compatible with Think\Model::add($data = '', $options = Array, $replace = false) G:\www\oa\Application\Ucenter\Model\UserModel.class.php 第 4 行.
SQL: SHOW COLUMNS FROM `oa_user` [ RunTime:0.0030s ]
SQL: SHOW COLUMNS FROM `oa_user` [ RunTime:0.0024s ]
SQL: SELECT `name` FROM `oa_user` WHERE `id` = 1 LIMIT 1   [ RunTime:0.0002s ]
INFO: Run Behavior\ParseTemplateBehavior [ RunTime:0.038062s ]
INFO: [ view_parse ] --END-- [ RunTime:0.038094s ]
INFO: [ view_filter ] --START--
INFO: Run Behavior\WriteHtmlCacheBehavior [ RunTime:0.000505s ]
INFO: [ view_filter ] --END-- [ RunTime:0.000535s ]
INFO: [ app_end ] --START--
INFO: Run Behavior\ShowPageTraceBehavior [ RunTime:0.001805s ]
INFO: [ app_end ] --END-- [ RunTime:0.002024s ]

[ 2017-03-03T20:07:23+08:00 ] ::1 /oa/index.php/News/List/add.html
INFO: [ app_init ] --START--
INFO: Run Behavior\BuildLiteBehavior [ RunTime:0.000012s ]
INFO: [ app_init ] --END-- [ RunTime:0.000435s ]
INFO: [ app_begin ] --START--
INFO: Run Behavior\ReadHtmlCacheBehavior [ RunTime:0.001163s ]
INFO: [ app_begin ] --END-- [ RunTime:0.001279s ]
INFO: [ view_parse ] --START--
INFO: [ template_filter ] --START--
INFO: Run Behavior\ContentReplaceBehavior [ RunTime:0.000127s ]
INFO: [ template_filter ] --END-- [ RunTime:0.000327s ]
NOTIC: [2048] Declaration of Ucenter\Model\UserModel::add() should be compatible with Think\Model::add($data = '', $options = Array, $replace = false) G:\www\oa\Application\Ucenter\Model\UserModel.class.php 第 4 行.
SQL: SHOW COLUMNS FROM `oa_user` [ RunTime:0.0071s ]
SQL: SHOW COLUMNS FROM `oa_user` [ RunTime:0.0082s ]
SQL: SELECT `name` FROM `oa_user` WHERE `id` = 1 LIMIT 1   [ RunTime:0.0013s ]
INFO: Run Behavior\ParseTemplateBehavior [ RunTime:0.053447s ]
INFO: [ view_parse ] --END-- [ RunTime:0.053525s ]
INFO: [ view_filter ] --START--
INFO: Run Behavior\WriteHtmlCacheBehavior [ RunTime:0.000868s ]
INFO: [ view_filter ] --END-- [ RunTime:0.000904s ]
INFO: [ app_end ] --START--
INFO: Run Behavior\ShowPageTraceBehavior [ RunTime:0.000975s ]
INFO: [ app_end ] --END-- [ RunTime:0.001039s ]

[ 2017-03-03T20:19:31+08:00 ] ::1 /oa/index.php/News/List/add.html
INFO: [ app_init ] --START--
INFO: Run Behavior\BuildLiteBehavior [ RunTime:0.000013s ]
INFO: [ app_init ] --END-- [ RunTime:0.000391s ]
INFO: [ app_begin ] --START--
INFO: Run Behavior\ReadHtmlCacheBehavior [ RunTime:0.000527s ]
INFO: [ app_begin ] --END-- [ RunTime:0.000567s ]
NOTIC: [2] call_user_func() expects parameter 1 to be a valid callback, no array or string given G:\www\oa\ThinkPHP\Library\Think\Upload.class.php 第 170 行.
NOTIC: [2048] Declaration of News\Model\NewsModel::add() should be compatible with Think\Model::add($data = '', $options = Array, $replace = false) G:\www\oa\Application\News\Model\NewsModel.class.php 第 4 行.
SQL: SHOW COLUMNS FROM `oa_news` [ RunTime:0.0085s ]
SQL: SHOW COLUMNS FROM `oa_news` [ RunTime:0.0113s ]
SQL: INSERT INTO `oa_news` (`title`,`from`,`time`,`author`,`info`,`contain`,`cover`) VALUES ('撒顶顶顶撒大苏打大飒飒','阿德飒飒','2017-03-03 20:19:19','阿瑟东','阿斯顿撒旦','&lt;p&gt;萨达萨达萨达萨达撒&lt;/p&gt;','/oa/Uploads/20170303/1488543569.png') [ RunTime:0.0005s ]
INFO: [ app_end ] --START--
INFO: Run Behavior\ShowPageTraceBehavior [ RunTime:0.001247s ]
INFO: [ app_end ] --END-- [ RunTime:0.001309s ]

[ 2017-03-03T20:19:39+08:00 ] ::1 /oa/index.php/News/List/index.html
INFO: [ app_init ] --START--
INFO: Run Behavior\BuildLiteBehavior [ RunTime:0.000011s ]
INFO: [ app_init ] --END-- [ RunTime:0.000338s ]
INFO: [ app_begin ] --START--
INFO: Run Behavior\ReadHtmlCacheBehavior [ RunTime:0.000471s ]
INFO: [ app_begin ] --END-- [ RunTime:0.000504s ]
SQL: SHOW COLUMNS FROM `oa_news` [ RunTime:0.0029s ]
SQL: SELECT COUNT(*) AS tp_count FROM `oa_news` LIMIT 1   [ RunTime:0.0002s ]
SQL: SELECT * FROM `oa_news` ORDER BY time DESC LIMIT 0,15   [ RunTime:0.0005s ]
INFO: [ view_parse ] --START--
INFO: [ template_filter ] --START--
INFO: Run Behavior\ContentReplaceBehavior [ RunTime:0.000071s ]
INFO: [ template_filter ] --END-- [ RunTime:0.000110s ]
NOTIC: [2048] Declaration of Ucenter\Model\UserModel::add() should be compatible with Think\Model::add($data = '', $options = Array, $replace = false) G:\www\oa\Application\Ucenter\Model\UserModel.class.php 第 253 行.
SQL: SHOW COLUMNS FROM `oa_user` [ RunTime:0.0042s ]
SQL: SHOW COLUMNS FROM `oa_user` [ RunTime:0.0028s ]
SQL: SELECT `name` FROM `oa_user` WHERE `id` = 1 LIMIT 1   [ RunTime:0.0002s ]
INFO: Run Behavior\ParseTemplateBehavior [ RunTime:0.018102s ]
INFO: [ view_parse ] --END-- [ RunTime:0.018139s ]
INFO: [ view_filter ] --START--
INFO: Run Behavior\WriteHtmlCacheBehavior [ RunTime:0.000577s ]
INFO: [ view_filter ] --END-- [ RunTime:0.000606s ]
INFO: [ app_end ] --START--
INFO: Run Behavior\ShowPageTraceBehavior [ RunTime:0.000629s ]
INFO: [ app_end ] --END-- [ RunTime:0.000662s ]

[ 2017-03-03T20:20:21+08:00 ] ::1 /oa/index.php/News/List/index.html
INFO: [ app_init ] --START--
INFO: Run Behavior\BuildLiteBehavior [ RunTime:0.000010s ]
INFO: [ app_init ] --END-- [ RunTime:0.000329s ]
INFO: [ app_begin ] --START--
INFO: Run Behavior\ReadHtmlCacheBehavior [ RunTime:0.000473s ]
INFO: [ app_begin ] --END-- [ RunTime:0.000507s ]
SQL: SHOW COLUMNS FROM `oa_news` [ RunTime:0.0036s ]
SQL: SELECT COUNT(*) AS tp_count FROM `oa_news` LIMIT 1   [ RunTime:0.0003s ]
SQL: SELECT * FROM `oa_news` ORDER BY time DESC LIMIT 0,15   [ RunTime:0.0006s ]
INFO: [ view_parse ] --START--
INFO: [ template_filter ] --START--
INFO: Run Behavior\ContentReplaceBehavior [ RunTime:0.000057s ]
INFO: [ template_filter ] --END-- [ RunTime:0.000089s ]
NOTIC: [2048] Declaration of Ucenter\Model\UserModel::add() should be compatible with Think\Model::add($data = '', $options = Array, $replace = false) G:\www\oa\Application\Ucenter\Model\UserModel.class.php 第 253 行.
SQL: SHOW COLUMNS FROM `oa_user` [ RunTime:0.0030s ]
SQL: SHOW COLUMNS FROM `oa_user` [ RunTime:0.0034s ]
SQL: SELECT `name` FROM `oa_user` WHERE `id` = 1 LIMIT 1   [ RunTime:0.0002s ]
INFO: Run Behavior\ParseTemplateBehavior [ RunTime:0.016418s ]
INFO: [ view_parse ] --END-- [ RunTime:0.016461s ]
INFO: [ view_filter ] --START--
INFO: Run Behavior\WriteHtmlCacheBehavior [ RunTime:0.000562s ]
INFO: [ view_filter ] --END-- [ RunTime:0.000592s ]
INFO: [ app_end ] --START--
INFO: Run Behavior\ShowPageTraceBehavior [ RunTime:0.000577s ]
INFO: [ app_end ] --END-- [ RunTime:0.000612s ]

[ 2017-03-03T20:20:22+08:00 ] ::1 /oa/index.php/News/List/add.html
INFO: [ app_init ] --START--
INFO: Run Behavior\BuildLiteBehavior [ RunTime:0.000013s ]
INFO: [ app_init ] --END-- [ RunTime:0.000540s ]
INFO: [ app_begin ] --START--
INFO: Run Behavior\ReadHtmlCacheBehavior [ RunTime:0.000750s ]
INFO: [ app_begin ] --END-- [ RunTime:0.000796s ]
INFO: [ view_parse ] --START--
INFO: [ template_filter ] --START--
INFO: Run Behavior\ContentReplaceBehavior [ RunTime:0.000086s ]
INFO: [ template_filter ] --END-- [ RunTime:0.000139s ]
NOTIC: [2048] Declaration of Ucenter\Model\UserModel::add() should be compatible with Think\Model::add($data = '', $options = Array, $replace = false) G:\www\oa\Application\Ucenter\Model\UserModel.class.php 第 4 行.
SQL: SHOW COLUMNS FROM `oa_user` [ RunTime:0.0043s ]
SQL: SHOW COLUMNS FROM `oa_user` [ RunTime:0.0031s ]
SQL: SELECT `name` FROM `oa_user` WHERE `id` = 1 LIMIT 1   [ RunTime:0.0002s ]
INFO: Run Behavior\ParseTemplateBehavior [ RunTime:0.028602s ]
INFO: [ view_parse ] --END-- [ RunTime:0.028689s ]
INFO: [ view_filter ] --START--
INFO: Run Behavior\WriteHtmlCacheBehavior [ RunTime:0.000586s ]
INFO: [ view_filter ] --END-- [ RunTime:0.000625s ]
INFO: [ app_end ] --START--
INFO: Run Behavior\ShowPageTraceBehavior [ RunTime:0.000720s ]
INFO: [ app_end ] --END-- [ RunTime:0.000761s ]

[ 2017-03-03T20:20:24+08:00 ] ::1 /oa/index.php/News/List/add.html
INFO: [ app_init ] --START--
INFO: Run Behavior\BuildLiteBehavior [ RunTime:0.000013s ]
INFO: [ app_init ] --END-- [ RunTime:0.000517s ]
INFO: [ app_begin ] --START--
INFO: Run Behavior\ReadHtmlCacheBehavior [ RunTime:0.000793s ]
INFO: [ app_begin ] --END-- [ RunTime:0.000855s ]
NOTIC: [2] finfo_file(): Empty filename or path G:\www\oa\ThinkPHP\Library\Think\Upload.class.php 第 152 行.
INFO: [ view_parse ] --START--
INFO: [ template_filter ] --START--
INFO: Run Behavior\ContentReplaceBehavior [ RunTime:0.000261s ]
INFO: [ template_filter ] --END-- [ RunTime:0.000650s ]
INFO: Run Behavior\ParseTemplateBehavior [ RunTime:0.016617s ]
INFO: [ view_parse ] --END-- [ RunTime:0.016842s ]
INFO: [ view_filter ] --START--
INFO: Run Behavior\WriteHtmlCacheBehavior [ RunTime:0.002149s ]
INFO: [ view_filter ] --END-- [ RunTime:0.002319s ]

[ 2017-03-03T20:20:25+08:00 ] ::1 /oa/index.php/News/List/add.html
INFO: [ app_init ] --START--
INFO: Run Behavior\BuildLiteBehavior [ RunTime:0.000030s ]
INFO: [ app_init ] --END-- [ RunTime:0.000409s ]
INFO: [ app_begin ] --START--
INFO: Run Behavior\ReadHtmlCacheBehavior [ RunTime:0.000635s ]
INFO: [ app_begin ] --END-- [ RunTime:0.000679s ]
INFO: [ view_parse ] --START--
INFO: [ template_filter ] --START--
INFO: Run Behavior\ContentReplaceBehavior [ RunTime:0.000069s ]
INFO: [ template_filter ] --END-- [ RunTime:0.000117s ]
NOTIC: [2048] Declaration of Ucenter\Model\UserModel::add() should be compatible with Think\Model::add($data = '', $options = Array, $replace = false) G:\www\oa\Application\Ucenter\Model\UserModel.class.php 第 4 行.
SQL: SHOW COLUMNS FROM `oa_user` [ RunTime:0.0027s ]
SQL: SHOW COLUMNS FROM `oa_user` [ RunTime:0.0040s ]
SQL: SELECT `name` FROM `oa_user` WHERE `id` = 1 LIMIT 1   [ RunTime:0.0002s ]
INFO: Run Behavior\ParseTemplateBehavior [ RunTime:0.032046s ]
INFO: [ view_parse ] --END-- [ RunTime:0.032081s ]
INFO: [ view_filter ] --START--
INFO: Run Behavior\WriteHtmlCacheBehavior [ RunTime:0.000482s ]
INFO: [ view_filter ] --END-- [ RunTime:0.000513s ]
INFO: [ app_end ] --START--
INFO: Run Behavior\ShowPageTraceBehavior [ RunTime:0.000559s ]
INFO: [ app_end ] --END-- [ RunTime:0.000595s ]

[ 2017-03-03T20:21:21+08:00 ] ::1 /oa/index.php/News/List/add.html
INFO: [ app_init ] --START--
INFO: Run Behavior\BuildLiteBehavior [ RunTime:0.000016s ]
INFO: [ app_init ] --END-- [ RunTime:0.000388s ]
INFO: [ app_begin ] --START--
INFO: Run Behavior\ReadHtmlCacheBehavior [ RunTime:0.001053s ]
INFO: [ app_begin ] --END-- [ RunTime:0.001204s ]
INFO: [ view_parse ] --START--
INFO: [ template_filter ] --START--
INFO: Run Behavior\ContentReplaceBehavior [ RunTime:0.000194s ]
INFO: [ template_filter ] --END-- [ RunTime:0.000421s ]
NOTIC: [2048] Declaration of Ucenter\Model\UserModel::add() should be compatible with Think\Model::add($data = '', $options = Array, $replace = false) G:\www\oa\Application\Ucenter\Model\UserModel.class.php 第 4 行.
SQL: SHOW COLUMNS FROM `oa_user` [ RunTime:0.0045s ]
SQL: SHOW COLUMNS FROM `oa_user` [ RunTime:0.0023s ]
SQL: SELECT `name` FROM `oa_user` WHERE `id` = 1 LIMIT 1   [ RunTime:0.0015s ]
INFO: Run Behavior\ParseTemplateBehavior [ RunTime:0.041403s ]
INFO: [ view_parse ] --END-- [ RunTime:0.041523s ]
INFO: [ view_filter ] --START--
INFO: Run Behavior\WriteHtmlCacheBehavior [ RunTime:0.002167s ]
INFO: [ view_filter ] --END-- [ RunTime:0.002375s ]
INFO: [ app_end ] --START--
INFO: Run Behavior\ShowPageTraceBehavior [ RunTime:0.001661s ]
INFO: [ app_end ] --END-- [ RunTime:0.001923s ]

[ 2017-03-03T20:55:48+08:00 ] ::1 /oa/index.php/News/List/index.html
INFO: [ app_init ] --START--
INFO: Run Behavior\BuildLiteBehavior [ RunTime:0.000012s ]
INFO: [ app_init ] --END-- [ RunTime:0.000412s ]
INFO: [ app_begin ] --START--
INFO: Run Behavior\ReadHtmlCacheBehavior [ RunTime:0.000453s ]
INFO: [ app_begin ] --END-- [ RunTime:0.000496s ]
SQL: SHOW COLUMNS FROM `oa_news` [ RunTime:0.0037s ]
SQL: SELECT COUNT(*) AS tp_count FROM `oa_news` LIMIT 1   [ RunTime:0.0005s ]
SQL: SELECT * FROM `oa_news` ORDER BY time DESC LIMIT 0,15   [ RunTime:0.0010s ]
INFO: [ view_parse ] --START--
INFO: [ template_filter ] --START--
INFO: Run Behavior\ContentReplaceBehavior [ RunTime:0.000190s ]
INFO: [ template_filter ] --END-- [ RunTime:0.000300s ]
NOTIC: [2048] Declaration of Ucenter\Model\UserModel::add() should be compatible with Think\Model::add($data = '', $options = Array, $replace = false) G:\www\oa\Application\Ucenter\Model\UserModel.class.php 第 253 行.
SQL: SHOW COLUMNS FROM `oa_user` [ RunTime:0.0094s ]
SQL: SHOW COLUMNS FROM `oa_user` [ RunTime:0.0059s ]
SQL: SELECT `name` FROM `oa_user` WHERE `id` = 1 LIMIT 1   [ RunTime:0.0004s ]
INFO: Run Behavior\ParseTemplateBehavior [ RunTime:0.040757s ]
INFO: [ view_parse ] --END-- [ RunTime:0.040818s ]
INFO: [ view_filter ] --START--
INFO: Run Behavior\WriteHtmlCacheBehavior [ RunTime:0.000767s ]
INFO: [ view_filter ] --END-- [ RunTime:0.000817s ]
INFO: [ app_end ] --START--
INFO: Run Behavior\ShowPageTraceBehavior [ RunTime:0.000660s ]
INFO: [ app_end ] --END-- [ RunTime:0.000708s ]

[ 2017-03-03T20:55:51+08:00 ] ::1 /oa/index.php/News/List/edit/id/57.html
INFO: [ app_init ] --START--
INFO: Run Behavior\BuildLiteBehavior [ RunTime:0.000013s ]
INFO: [ app_init ] --END-- [ RunTime:0.000389s ]
INFO: [ app_begin ] --START--
INFO: Run Behavior\ReadHtmlCacheBehavior [ RunTime:0.000500s ]
INFO: [ app_begin ] --END-- [ RunTime:0.000545s ]
NOTIC: [2048] Declaration of News\Model\NewsModel::add() should be compatible with Think\Model::add($data = '', $options = Array, $replace = false) G:\www\oa\Application\News\Model\NewsModel.class.php 第 4 行.
SQL: SHOW COLUMNS FROM `oa_news` [ RunTime:0.0037s ]
SQL: SHOW COLUMNS FROM `oa_news` [ RunTime:0.0047s ]
SQL: SELECT * FROM `oa_news` WHERE `id` = 57 LIMIT 1   [ RunTime:0.0003s ]
INFO: [ view_parse ] --START--
INFO: [ template_filter ] --START--
INFO: Run Behavior\ContentReplaceBehavior [ RunTime:0.000071s ]
INFO: [ template_filter ] --END-- [ RunTime:0.000107s ]
NOTIC: [2048] Declaration of Ucenter\Model\UserModel::add() should be compatible with Think\Model::add($data = '', $options = Array, $replace = false) G:\www\oa\Application\Ucenter\Model\UserModel.class.php 第 253 行.
SQL: SHOW COLUMNS FROM `oa_user` [ RunTime:0.0042s ]
SQL: SHOW COLUMNS FROM `oa_user` [ RunTime:0.0026s ]
SQL: SELECT `name` FROM `oa_user` WHERE `id` = 1 LIMIT 1   [ RunTime:0.0002s ]
INFO: Run Behavior\ParseTemplateBehavior [ RunTime:0.015375s ]
INFO: [ view_parse ] --END-- [ RunTime:0.015410s ]
INFO: [ view_filter ] --START--
INFO: Run Behavior\WriteHtmlCacheBehavior [ RunTime:0.000391s ]
INFO: [ view_filter ] --END-- [ RunTime:0.000425s ]
INFO: [ app_end ] --START--
INFO: Run Behavior\ShowPageTraceBehavior [ RunTime:0.000544s ]
INFO: [ app_end ] --END-- [ RunTime:0.000586s ]

[ 2017-03-03T20:55:52+08:00 ] ::1 /oa/index.php/News/List/edit.html
INFO: [ app_init ] --START--
INFO: Run Behavior\BuildLiteBehavior [ RunTime:0.000014s ]
INFO: [ app_init ] --END-- [ RunTime:0.000430s ]
INFO: [ app_begin ] --START--
INFO: Run Behavior\ReadHtmlCacheBehavior [ RunTime:0.000493s ]
INFO: [ app_begin ] --END-- [ RunTime:0.000548s ]
NOTIC: [2048] Declaration of News\Model\NewsModel::add() should be compatible with Think\Model::add($data = '', $options = Array, $replace = false) G:\www\oa\Application\News\Model\NewsModel.class.php 第 4 行.
SQL: SHOW COLUMNS FROM `oa_news` [ RunTime:0.0049s ]
SQL: SHOW COLUMNS FROM `oa_news` [ RunTime:0.0075s ]
SQL: UPDATE `oa_news` SET `title`='撒顶顶顶撒大苏打大飒飒',`from`='阿德飒飒',`time`='2017-03-03 20:19:19',`author`='阿瑟东',`info`='阿斯顿撒旦',`contain`='&lt;p&gt;萨达萨达萨达萨达撒&lt;/p&gt;' WHERE `id` = 57 [ RunTime:0.0005s ]
INFO: [ app_end ] --START--
INFO: Run Behavior\ShowPageTraceBehavior [ RunTime:0.000682s ]
INFO: [ app_end ] --END-- [ RunTime:0.000723s ]

[ 2017-03-03T20:55:56+08:00 ] ::1 /oa/index.php/News/List/index.html
INFO: [ app_init ] --START--
INFO: Run Behavior\BuildLiteBehavior [ RunTime:0.000021s ]
INFO: [ app_init ] --END-- [ RunTime:0.000482s ]
INFO: [ app_begin ] --START--
INFO: Run Behavior\ReadHtmlCacheBehavior [ RunTime:0.000632s ]
INFO: [ app_begin ] --END-- [ RunTime:0.000684s ]
SQL: SHOW COLUMNS FROM `oa_news` [ RunTime:0.0046s ]
SQL: SELECT COUNT(*) AS tp_count FROM `oa_news` LIMIT 1   [ RunTime:0.0003s ]
SQL: SELECT * FROM `oa_news` ORDER BY time DESC LIMIT 0,15   [ RunTime:0.0007s ]
INFO: [ view_parse ] --START--
INFO: [ template_filter ] --START--
INFO: Run Behavior\ContentReplaceBehavior [ RunTime:0.000371s ]
INFO: [ template_filter ] --END-- [ RunTime:0.000678s ]
NOTIC: [2048] Declaration of Ucenter\Model\UserModel::add() should be compatible with Think\Model::add($data = '', $options = Array, $replace = false) G:\www\oa\Application\Ucenter\Model\UserModel.class.php 第 253 行.
SQL: SHOW COLUMNS FROM `oa_user` [ RunTime:0.0074s ]
SQL: SHOW COLUMNS FROM `oa_user` [ RunTime:0.0098s ]
SQL: SELECT `name` FROM `oa_user` WHERE `id` = 1 LIMIT 1   [ RunTime:0.0004s ]
INFO: Run Behavior\ParseTemplateBehavior [ RunTime:0.037974s ]
INFO: [ view_parse ] --END-- [ RunTime:0.038024s ]
INFO: [ view_filter ] --START--
INFO: Run Behavior\WriteHtmlCacheBehavior [ RunTime:0.000633s ]
INFO: [ view_filter ] --END-- [ RunTime:0.000681s ]
INFO: [ app_end ] --START--
INFO: Run Behavior\ShowPageTraceBehavior [ RunTime:0.000692s ]
INFO: [ app_end ] --END-- [ RunTime:0.000744s ]

[ 2017-03-03T20:55:58+08:00 ] ::1 /oa/index.php/News/List/edit/id/57.html
INFO: [ app_init ] --START--
INFO: Run Behavior\BuildLiteBehavior [ RunTime:0.000009s ]
INFO: [ app_init ] --END-- [ RunTime:0.000298s ]
INFO: [ app_begin ] --START--
INFO: Run Behavior\ReadHtmlCacheBehavior [ RunTime:0.000352s ]
INFO: [ app_begin ] --END-- [ RunTime:0.000385s ]
NOTIC: [2048] Declaration of News\Model\NewsModel::add() should be compatible with Think\Model::add($data = '', $options = Array, $replace = false) G:\www\oa\Application\News\Model\NewsModel.class.php 第 4 行.
SQL: SHOW COLUMNS FROM `oa_news` [ RunTime:0.0070s ]
SQL: SHOW COLUMNS FROM `oa_news` [ RunTime:0.0032s ]
SQL: SELECT * FROM `oa_news` WHERE `id` = 57 LIMIT 1   [ RunTime:0.0003s ]
INFO: [ view_parse ] --START--
INFO: [ template_filter ] --START--
INFO: Run Behavior\ContentReplaceBehavior [ RunTime:0.000180s ]
INFO: [ template_filter ] --END-- [ RunTime:0.000357s ]
NOTIC: [2048] Declaration of Ucenter\Model\UserModel::add() should be compatible with Think\Model::add($data = '', $options = Array, $replace = false) G:\www\oa\Application\Ucenter\Model\UserModel.class.php 第 253 行.
SQL: SHOW COLUMNS FROM `oa_user` [ RunTime:0.0034s ]
SQL: SHOW COLUMNS FROM `oa_user` [ RunTime:0.0031s ]
SQL: SELECT `name` FROM `oa_user` WHERE `id` = 1 LIMIT 1   [ RunTime:0.0002s ]
INFO: Run Behavior\ParseTemplateBehavior [ RunTime:0.018492s ]
INFO: [ view_parse ] --END-- [ RunTime:0.018533s ]
INFO: [ view_filter ] --START--
INFO: Run Behavior\WriteHtmlCacheBehavior [ RunTime:0.000383s ]
INFO: [ view_filter ] --END-- [ RunTime:0.000421s ]
INFO: [ app_end ] --START--
INFO: Run Behavior\ShowPageTraceBehavior [ RunTime:0.000599s ]
INFO: [ app_end ] --END-- [ RunTime:0.000646s ]

[ 2017-03-03T20:56:01+08:00 ] ::1 /oa/index.php/News/List/edit.html
INFO: [ app_init ] --START--
INFO: Run Behavior\BuildLiteBehavior [ RunTime:0.000049s ]
INFO: [ app_init ] --END-- [ RunTime:0.000913s ]
INFO: [ app_begin ] --START--
INFO: Run Behavior\ReadHtmlCacheBehavior [ RunTime:0.000723s ]
INFO: [ app_begin ] --END-- [ RunTime:0.000816s ]
NOTIC: [2048] Declaration of News\Model\NewsModel::add() should be compatible with Think\Model::add($data = '', $options = Array, $replace = false) G:\www\oa\Application\News\Model\NewsModel.class.php 第 4 行.
SQL: SHOW COLUMNS FROM `oa_news` [ RunTime:0.0076s ]
SQL: SHOW COLUMNS FROM `oa_news` [ RunTime:0.0124s ]
SQL: UPDATE `oa_news` SET `title`='撒顶顶顶撒大苏打',`from`='阿德飒飒',`time`='2017-03-03 20:19:19',`author`='阿瑟东',`info`='阿斯顿撒旦',`contain`='&lt;p&gt;萨达萨达萨达萨达撒&lt;/p&gt;' WHERE `id` = 57 [ RunTime:0.0008s ]
INFO: [ app_end ] --START--
INFO: Run Behavior\ShowPageTraceBehavior [ RunTime:0.000799s ]
INFO: [ app_end ] --END-- [ RunTime:0.000846s ]

[ 2017-03-03T20:56:02+08:00 ] ::1 /oa/index.php/News/List/index.html
INFO: [ app_init ] --START--
INFO: Run Behavior\BuildLiteBehavior [ RunTime:0.000010s ]
INFO: [ app_init ] --END-- [ RunTime:0.000322s ]
INFO: [ app_begin ] --START--
INFO: Run Behavior\ReadHtmlCacheBehavior [ RunTime:0.000355s ]
INFO: [ app_begin ] --END-- [ RunTime:0.000388s ]
SQL: SHOW COLUMNS FROM `oa_news` [ RunTime:0.0032s ]
SQL: SELECT COUNT(*) AS tp_count FROM `oa_news` LIMIT 1   [ RunTime:0.0002s ]
SQL: SELECT * FROM `oa_news` ORDER BY time DESC LIMIT 0,15   [ RunTime:0.0006s ]
INFO: [ view_parse ] --START--
INFO: [ template_filter ] --START--
INFO: Run Behavior\ContentReplaceBehavior [ RunTime:0.000154s ]
INFO: [ template_filter ] --END-- [ RunTime:0.000272s ]
NOTIC: [2048] Declaration of Ucenter\Model\UserModel::add() should be compatible with Think\Model::add($data = '', $options = Array, $replace = false) G:\www\oa\Application\Ucenter\Model\UserModel.class.php 第 253 行.
SQL: SHOW COLUMNS FROM `oa_user` [ RunTime:0.0033s ]
SQL: SHOW COLUMNS FROM `oa_user` [ RunTime:0.0026s ]
SQL: SELECT `name` FROM `oa_user` WHERE `id` = 1 LIMIT 1   [ RunTime:0.0002s ]
INFO: Run Behavior\ParseTemplateBehavior [ RunTime:0.016775s ]
INFO: [ view_parse ] --END-- [ RunTime:0.016811s ]
INFO: [ view_filter ] --START--
INFO: Run Behavior\WriteHtmlCacheBehavior [ RunTime:0.000319s ]
INFO: [ view_filter ] --END-- [ RunTime:0.000351s ]
INFO: [ app_end ] --START--
INFO: Run Behavior\ShowPageTraceBehavior [ RunTime:0.000552s ]
INFO: [ app_end ] --END-- [ RunTime:0.000592s ]

[ 2017-03-03T21:16:39+08:00 ] ::1 /oa/index.php/News/list/index.html
INFO: [ app_init ] --START--
INFO: Run Behavior\BuildLiteBehavior [ RunTime:0.000013s ]
INFO: [ app_init ] --END-- [ RunTime:0.000656s ]
INFO: [ app_begin ] --START--
INFO: Run Behavior\ReadHtmlCacheBehavior [ RunTime:0.000677s ]
INFO: [ app_begin ] --END-- [ RunTime:0.000716s ]
SQL: SHOW COLUMNS FROM `oa_news` [ RunTime:0.0033s ]
SQL: SELECT COUNT(*) AS tp_count FROM `oa_news` LIMIT 1   [ RunTime:0.0005s ]
SQL: SELECT * FROM `oa_news` ORDER BY time DESC LIMIT 0,15   [ RunTime:0.0009s ]
INFO: [ view_parse ] --START--
INFO: [ template_filter ] --START--
INFO: Run Behavior\ContentReplaceBehavior [ RunTime:0.000057s ]
INFO: [ template_filter ] --END-- [ RunTime:0.000090s ]
NOTIC: [2048] Declaration of Ucenter\Model\UserModel::add() should be compatible with Think\Model::add($data = '', $options = Array, $replace = false) G:\www\oa\Application\Ucenter\Model\UserModel.class.php 第 253 行.
SQL: SHOW COLUMNS FROM `oa_user` [ RunTime:0.0030s ]
SQL: SHOW COLUMNS FROM `oa_user` [ RunTime:0.0036s ]
SQL: SELECT `name` FROM `oa_user` WHERE `id` = 1 LIMIT 1   [ RunTime:0.0002s ]
INFO: Run Behavior\ParseTemplateBehavior [ RunTime:0.017012s ]
INFO: [ view_parse ] --END-- [ RunTime:0.017047s ]
INFO: [ view_filter ] --START--
INFO: Run Behavior\WriteHtmlCacheBehavior [ RunTime:0.000570s ]
INFO: [ view_filter ] --END-- [ RunTime:0.000598s ]
INFO: [ app_end ] --START--
INFO: Run Behavior\ShowPageTraceBehavior [ RunTime:0.000730s ]
INFO: [ app_end ] --END-- [ RunTime:0.000779s ]

[ 2017-03-03T21:16:41+08:00 ] ::1 /oa/index.php/News/List/edit/id/57.html
INFO: [ app_init ] --START--
INFO: Run Behavior\BuildLiteBehavior [ RunTime:0.000010s ]
INFO: [ app_init ] --END-- [ RunTime:0.000329s ]
INFO: [ app_begin ] --START--
INFO: Run Behavior\ReadHtmlCacheBehavior [ RunTime:0.000535s ]
INFO: [ app_begin ] --END-- [ RunTime:0.000568s ]
NOTIC: [2048] Declaration of News\Model\NewsModel::add() should be compatible with Think\Model::add($data = '', $options = Array, $replace = false) G:\www\oa\Application\News\Model\NewsModel.class.php 第 4 行.
SQL: SHOW COLUMNS FROM `oa_news` [ RunTime:0.0027s ]
SQL: SHOW COLUMNS FROM `oa_news` [ RunTime:0.0023s ]
SQL: SELECT * FROM `oa_news` WHERE `id` = 57 LIMIT 1   [ RunTime:0.0003s ]
INFO: [ view_parse ] --START--
INFO: [ template_filter ] --START--
INFO: Run Behavior\ContentReplaceBehavior [ RunTime:0.000148s ]
INFO: [ template_filter ] --END-- [ RunTime:0.000264s ]
NOTIC: [2048] Declaration of Ucenter\Model\UserModel::add() should be compatible with Think\Model::add($data = '', $options = Array, $replace = false) G:\www\oa\Application\Ucenter\Model\UserModel.class.php 第 253 行.
SQL: SHOW COLUMNS FROM `oa_user` [ RunTime:0.0029s ]
SQL: SHOW COLUMNS FROM `oa_user` [ RunTime:0.0029s ]
SQL: SELECT `name` FROM `oa_user` WHERE `id` = 1 LIMIT 1   [ RunTime:0.0002s ]
INFO: Run Behavior\ParseTemplateBehavior [ RunTime:0.016789s ]
INFO: [ view_parse ] --END-- [ RunTime:0.016823s ]
INFO: [ view_filter ] --START--
INFO: Run Behavior\WriteHtmlCacheBehavior [ RunTime:0.000534s ]
INFO: [ view_filter ] --END-- [ RunTime:0.000562s ]
INFO: [ app_end ] --START--
INFO: Run Behavior\ShowPageTraceBehavior [ RunTime:0.000610s ]
INFO: [ app_end ] --END-- [ RunTime:0.000646s ]

[ 2017-03-03T21:16:45+08:00 ] ::1 /oa/index.php/News/List/edit.html
INFO: [ app_init ] --START--
INFO: Run Behavior\BuildLiteBehavior [ RunTime:0.000045s ]
INFO: [ app_init ] --END-- [ RunTime:0.000939s ]
INFO: [ app_begin ] --START--
INFO: Run Behavior\ReadHtmlCacheBehavior [ RunTime:0.000635s ]
INFO: [ app_begin ] --END-- [ RunTime:0.000684s ]
NOTIC: [2048] Declaration of News\Model\NewsModel::add() should be compatible with Think\Model::add($data = '', $options = Array, $replace = false) G:\www\oa\Application\News\Model\NewsModel.class.php 第 4 行.
SQL: SHOW COLUMNS FROM `oa_news` [ RunTime:0.0079s ]
SQL: SHOW COLUMNS FROM `oa_news` [ RunTime:0.0071s ]
SQL: UPDATE `oa_news` SET `title`='撒顶顶顶撒大苏打',`from`='阿德飒飒',`time`='2017-03-03 20:19:19',`author`='阿瑟东',`info`='阿斯顿撒旦',`contain`='&lt;p&gt;萨达萨达萨达萨达撒&lt;/p&gt;' WHERE `id` = 57 [ RunTime:0.0002s ]
INFO: [ app_end ] --START--
INFO: Run Behavior\ShowPageTraceBehavior [ RunTime:0.000716s ]
INFO: [ app_end ] --END-- [ RunTime:0.000750s ]

