[ 2016-12-27T00:00:23+08:00 ] ::1 /oa/index.php/Ucenter/staff/index.html
INFO: [ app_init ] --START--
INFO: Run Behavior\BuildLiteBehavior [ RunTime:0.000013s ]
INFO: [ app_init ] --END-- [ RunTime:0.000478s ]
INFO: [ app_begin ] --START--
INFO: Run Behavior\ReadHtmlCacheBehavior [ RunTime:0.000707s ]
INFO: [ app_begin ] --END-- [ RunTime:0.000753s ]
SQL: SHOW COLUMNS FROM `oa_user` [ RunTime:0.0032s ]
SQL: SELECT * FROM `oa_user`  [ RunTime:0.0003s ]
SQL: SHOW COLUMNS FROM `oa_department` [ RunTime:0.0027s ]
SQL: SELECT `id`,`pname` FROM `oa_department`  [ RunTime:0.0002s ]
INFO: [ view_parse ] --START--
INFO: [ template_filter ] --START--
INFO: Run Behavior\ContentReplaceBehavior [ RunTime:0.000136s ]
INFO: [ template_filter ] --END-- [ RunTime:0.000184s ]
INFO: Run Behavior\ParseTemplateBehavior [ RunTime:0.027466s ]
INFO: [ view_parse ] --END-- [ RunTime:0.027524s ]
INFO: [ view_filter ] --START--
INFO: Run Behavior\WriteHtmlCacheBehavior [ RunTime:0.000519s ]
INFO: [ view_filter ] --END-- [ RunTime:0.000556s ]
INFO: [ app_end ] --START--
INFO: Run Behavior\ShowPageTraceBehavior [ RunTime:0.000649s ]
INFO: [ app_end ] --END-- [ RunTime:0.000701s ]

[ 2016-12-27T00:26:19+08:00 ] ::1 /oa/index.php/Ucenter/staff/index.html
INFO: [ app_init ] --START--
INFO: Run Behavior\BuildLiteBehavior [ RunTime:0.000012s ]
INFO: [ app_init ] --END-- [ RunTime:0.000502s ]
INFO: [ app_begin ] --START--
INFO: Run Behavior\ReadHtmlCacheBehavior [ RunTime:0.000762s ]
INFO: [ app_begin ] --END-- [ RunTime:0.000808s ]
SQL: SHOW COLUMNS FROM `oa_user` [ RunTime:0.0048s ]
SQL: SELECT * FROM `oa_user`  [ RunTime:0.0003s ]
SQL: SHOW COLUMNS FROM `oa_department` [ RunTime:0.0026s ]
SQL: SELECT `id`,`pname` FROM `oa_department`  [ RunTime:0.0002s ]
INFO: [ view_parse ] --START--
INFO: [ template_filter ] --START--
INFO: Run Behavior\ContentReplaceBehavior [ RunTime:0.000106s ]
INFO: [ template_filter ] --END-- [ RunTime:0.000145s ]
INFO: Run Behavior\ParseTemplateBehavior [ RunTime:0.011527s ]
INFO: [ view_parse ] --END-- [ RunTime:0.011564s ]
INFO: [ view_filter ] --START--
INFO: Run Behavior\WriteHtmlCacheBehavior [ RunTime:0.000497s ]
INFO: [ view_filter ] --END-- [ RunTime:0.000523s ]
INFO: [ app_end ] --START--
INFO: Run Behavior\ShowPageTraceBehavior [ RunTime:0.000583s ]
INFO: [ app_end ] --END-- [ RunTime:0.000615s ]

[ 2016-12-27T14:38:11+08:00 ] ::1 /oa/index.php/Ucenter/Member/login.html
INFO: [ app_init ] --START--
INFO: Run Behavior\BuildLiteBehavior [ RunTime:0.000036s ]
INFO: [ app_init ] --END-- [ RunTime:0.001520s ]
INFO: [ app_begin ] --START--
INFO: Run Behavior\ReadHtmlCacheBehavior [ RunTime:0.001689s ]
INFO: [ app_begin ] --END-- [ RunTime:0.001832s ]
INFO: [ view_parse ] --START--
INFO: [ template_filter ] --START--
INFO: Run Behavior\ContentReplaceBehavior [ RunTime:0.001176s ]
INFO: [ template_filter ] --END-- [ RunTime:0.001276s ]
INFO: Run Behavior\ParseTemplateBehavior [ RunTime:0.028871s ]
INFO: [ view_parse ] --END-- [ RunTime:0.028992s ]
INFO: [ view_filter ] --START--
INFO: Run Behavior\WriteHtmlCacheBehavior [ RunTime:0.006645s ]
INFO: [ view_filter ] --END-- [ RunTime:0.006694s ]
INFO: [ app_end ] --START--
INFO: Run Behavior\ShowPageTraceBehavior [ RunTime:0.000681s ]
INFO: [ app_end ] --END-- [ RunTime:0.000712s ]

[ 2016-12-27T14:38:11+08:00 ] ::1 /oa/index.php/Ucenter/Member/verify.html
INFO: [ app_init ] --START--
INFO: Run Behavior\BuildLiteBehavior [ RunTime:0.000012s ]
INFO: [ app_init ] --END-- [ RunTime:0.000368s ]
INFO: [ app_begin ] --START--
INFO: Run Behavior\ReadHtmlCacheBehavior [ RunTime:0.000393s ]
INFO: [ app_begin ] --END-- [ RunTime:0.000427s ]
INFO: [ app_end ] --START--
INFO: Run Behavior\ShowPageTraceBehavior [ RunTime:0.000574s ]
INFO: [ app_end ] --END-- [ RunTime:0.000623s ]

[ 2016-12-27T14:38:27+08:00 ] ::1 /oa/index.php/Ucenter/Member/login.html
INFO: [ app_init ] --START--
INFO: Run Behavior\BuildLiteBehavior [ RunTime:0.000013s ]
INFO: [ app_init ] --END-- [ RunTime:0.000675s ]
INFO: [ app_begin ] --START--
INFO: Run Behavior\ReadHtmlCacheBehavior [ RunTime:0.000538s ]
INFO: [ app_begin ] --END-- [ RunTime:0.000582s ]
NOTIC: [2048] Declaration of Ucenter\Model\UserModel::add() should be compatible with Think\Model::add($data = '', $options = Array, $replace = false) G:\www\oa\Application\Ucenter\Model\UserModel.class.php 第 4 行.
SQL: SHOW COLUMNS FROM `oa_user` [ RunTime:0.0141s ]
SQL: SHOW COLUMNS FROM `oa_user` [ RunTime:0.0036s ]
SQL: SELECT * FROM `oa_user` WHERE `name` = 'admin' AND `password` = '1e5c822c0863e6977fdf94016179af82' LIMIT 1   [ RunTime:0.0014s ]

[ 2016-12-27T17:24:29+08:00 ] ::1 /oa/index.php/Ucenter/Member/login.html
INFO: [ app_init ] --START--
INFO: Run Behavior\BuildLiteBehavior [ RunTime:0.000011s ]
INFO: [ app_init ] --END-- [ RunTime:0.000358s ]
INFO: [ app_begin ] --START--
INFO: Run Behavior\ReadHtmlCacheBehavior [ RunTime:0.000622s ]
INFO: [ app_begin ] --END-- [ RunTime:0.000664s ]
INFO: [ view_parse ] --START--
INFO: [ template_filter ] --START--
INFO: Run Behavior\ContentReplaceBehavior [ RunTime:0.000050s ]
INFO: [ template_filter ] --END-- [ RunTime:0.000090s ]
INFO: Run Behavior\ParseTemplateBehavior [ RunTime:0.014882s ]
INFO: [ view_parse ] --END-- [ RunTime:0.014920s ]
INFO: [ view_filter ] --START--
INFO: Run Behavior\WriteHtmlCacheBehavior [ RunTime:0.011643s ]
INFO: [ view_filter ] --END-- [ RunTime:0.011691s ]
INFO: [ app_end ] --START--
INFO: Run Behavior\ShowPageTraceBehavior [ RunTime:0.000896s ]
INFO: [ app_end ] --END-- [ RunTime:0.000936s ]

[ 2016-12-27T17:24:29+08:00 ] ::1 /oa/index.php/Ucenter/Member/verify.html
INFO: [ app_init ] --START--
INFO: Run Behavior\BuildLiteBehavior [ RunTime:0.000011s ]
INFO: [ app_init ] --END-- [ RunTime:0.000401s ]
INFO: [ app_begin ] --START--
INFO: Run Behavior\ReadHtmlCacheBehavior [ RunTime:0.000502s ]
INFO: [ app_begin ] --END-- [ RunTime:0.000536s ]
INFO: [ app_end ] --START--
INFO: Run Behavior\ShowPageTraceBehavior [ RunTime:0.000593s ]
INFO: [ app_end ] --END-- [ RunTime:0.000646s ]

[ 2016-12-27T17:24:36+08:00 ] ::1 /oa/index.php/Ucenter/Member/verify.html?0.8471848473149586
INFO: [ app_init ] --START--
INFO: Run Behavior\BuildLiteBehavior [ RunTime:0.000013s ]
INFO: [ app_init ] --END-- [ RunTime:0.000429s ]
INFO: [ app_begin ] --START--
INFO: Run Behavior\ReadHtmlCacheBehavior [ RunTime:0.000637s ]
INFO: [ app_begin ] --END-- [ RunTime:0.000683s ]
INFO: [ app_end ] --START--
INFO: Run Behavior\ShowPageTraceBehavior [ RunTime:0.000837s ]
INFO: [ app_end ] --END-- [ RunTime:0.000898s ]

[ 2016-12-27T17:24:43+08:00 ] ::1 /oa/index.php/Ucenter/Member/login.html
INFO: [ app_init ] --START--
INFO: Run Behavior\BuildLiteBehavior [ RunTime:0.000009s ]
INFO: [ app_init ] --END-- [ RunTime:0.000352s ]
INFO: [ app_begin ] --START--
INFO: Run Behavior\ReadHtmlCacheBehavior [ RunTime:0.000539s ]
INFO: [ app_begin ] --END-- [ RunTime:0.000577s ]
NOTIC: [2048] Declaration of Ucenter\Model\UserModel::add() should be compatible with Think\Model::add($data = '', $options = Array, $replace = false) G:\www\oa\Application\Ucenter\Model\UserModel.class.php 第 4 行.
SQL: SHOW COLUMNS FROM `oa_user` [ RunTime:0.0038s ]
SQL: SHOW COLUMNS FROM `oa_user` [ RunTime:0.0033s ]
SQL: SELECT * FROM `oa_user` WHERE `name` = 'admin' AND `password` = '1e5c822c0863e6977fdf94016179af82' LIMIT 1   [ RunTime:0.0004s ]

