[ 2017-03-19T02:13:29+08:00 ] ::1 /oa/index.php/Ucenter/staff/index.html
INFO: [ app_init ] --START--
INFO: Run Behavior\BuildLiteBehavior [ RunTime:0.000013s ]
INFO: [ app_init ] --END-- [ RunTime:0.000470s ]
INFO: [ app_begin ] --START--
INFO: Run Behavior\ReadHtmlCacheBehavior [ RunTime:0.000749s ]
INFO: [ app_begin ] --END-- [ RunTime:0.000805s ]
NOTIC: [2048] Declaration of Ucenter\Model\UserModel::add() should be compatible with Think\Model::add($data = '', $options = Array, $replace = false) G:\www\oa\Application\Ucenter\Model\UserModel.class.php 第 4 行.
SQL: SHOW COLUMNS FROM `oa_user` [ RunTime:0.0036s ]
SQL: SHOW COLUMNS FROM `oa_user` [ RunTime:0.0035s ]
SQL: SELECT * FROM `oa_user`  [ RunTime:0.0003s ]
SQL: SHOW COLUMNS FROM `oa_department` [ RunTime:0.0071s ]
SQL: SELECT `id`,`pname` FROM `oa_department`  [ RunTime:0.0002s ]
INFO: [ view_parse ] --START--
INFO: [ template_filter ] --START--
INFO: Run Behavior\ContentReplaceBehavior [ RunTime:0.000144s ]
INFO: [ template_filter ] --END-- [ RunTime:0.000196s ]
SQL: SHOW COLUMNS FROM `oa_user` [ RunTime:0.0038s ]
SQL: SELECT `name` FROM `oa_user` WHERE `id` = 1 LIMIT 1   [ RunTime:0.0003s ]
SQL: SHOW COLUMNS FROM `oa_user_depart` [ RunTime:0.0042s ]
SQL: SELECT `pid` FROM `oa_user_depart` WHERE `uid` = 1 AND `status` = 1 LIMIT 1   [ RunTime:0.0026s ]
SQL: SHOW COLUMNS FROM `oa_department` [ RunTime:0.0035s ]
SQL: SELECT `pname` FROM `oa_department` WHERE `id` = 1 LIMIT 1   [ RunTime:0.0004s ]
SQL: SELECT `pname` FROM `oa_department` WHERE `leader` = 1 LIMIT 1   [ RunTime:0.0010s ]
SQL: SHOW COLUMNS FROM `oa_user_job` [ RunTime:0.0075s ]
SQL: SELECT `jid` FROM `oa_user_job` WHERE `uid` = 1 AND `status` = 1 LIMIT 1   [ RunTime:0.0009s ]
SQL: SHOW COLUMNS FROM `oa_job` [ RunTime:0.0078s ]
SQL: SELECT `name` FROM `oa_job` WHERE `id` = 11 LIMIT 1   [ RunTime:0.0002s ]
SQL: SELECT `pid` FROM `oa_user_depart` WHERE `uid` = 3 AND `status` = 1 LIMIT 1   [ RunTime:0.0002s ]
SQL: SELECT `pname` FROM `oa_department` WHERE `id` = 19 LIMIT 1   [ RunTime:0.0002s ]
SQL: SELECT `pname` FROM `oa_department` WHERE `leader` = 3 LIMIT 1   [ RunTime:0.0002s ]
SQL: SELECT `jid` FROM `oa_user_job` WHERE `uid` = 3 AND `status` = 1 LIMIT 1   [ RunTime:0.0002s ]
SQL: SELECT `name` FROM `oa_job` WHERE `id` = 30 LIMIT 1   [ RunTime:0.0002s ]
SQL: SELECT `pid` FROM `oa_user_depart` WHERE `uid` = 13 AND `status` = 1 LIMIT 1   [ RunTime:0.0002s ]
SQL: SELECT `pname` FROM `oa_department` WHERE `id` = 1 LIMIT 1   [ RunTime:0.0002s ]
SQL: SELECT `pname` FROM `oa_department` WHERE `leader` = 13 LIMIT 1   [ RunTime:0.0002s ]
SQL: SELECT `jid` FROM `oa_user_job` WHERE `uid` = 13 AND `status` = 1 LIMIT 1   [ RunTime:0.0002s ]
SQL: SELECT `name` FROM `oa_job` WHERE `id` = 7 LIMIT 1   [ RunTime:0.0002s ]
SQL: SELECT `pid` FROM `oa_user_depart` WHERE `uid` = 19 AND `status` = 1 LIMIT 1   [ RunTime:0.0002s ]
SQL: SELECT `pname` FROM `oa_department` WHERE `id` = 20 LIMIT 1   [ RunTime:0.0002s ]
SQL: SELECT `pname` FROM `oa_department` WHERE `leader` = 19 LIMIT 1   [ RunTime:0.0002s ]
SQL: SELECT `jid` FROM `oa_user_job` WHERE `uid` = 19 AND `status` = 1 LIMIT 1   [ RunTime:0.0002s ]
SQL: SELECT `pid` FROM `oa_user_depart` WHERE `uid` = 20 AND `status` = 1 LIMIT 1   [ RunTime:0.0002s ]
SQL: SELECT `pname` FROM `oa_department` WHERE `id` = 31 LIMIT 1   [ RunTime:0.0002s ]
SQL: SELECT `pname` FROM `oa_department` WHERE `leader` = 20 LIMIT 1   [ RunTime:0.0002s ]
SQL: SELECT `pid` FROM `oa_user_depart` WHERE `uid` = 21 AND `status` = 1 LIMIT 1   [ RunTime:0.0002s ]
SQL: SELECT `pname` FROM `oa_department` WHERE `id` = 4 LIMIT 1   [ RunTime:0.0002s ]
SQL: SELECT `pname` FROM `oa_department` WHERE `leader` = 21 LIMIT 1   [ RunTime:0.0002s ]
SQL: SELECT `pid` FROM `oa_user_depart` WHERE `uid` = 22 AND `status` = 1 LIMIT 1   [ RunTime:0.0002s ]
SQL: SELECT `pname` FROM `oa_department` WHERE `id` = 19 LIMIT 1   [ RunTime:0.0002s ]
SQL: SELECT `pname` FROM `oa_department` WHERE `leader` = 22 LIMIT 1   [ RunTime:0.0002s ]
SQL: SELECT `jid` FROM `oa_user_job` WHERE `uid` = 22 AND `status` = 1 LIMIT 1   [ RunTime:0.0002s ]
SQL: SELECT `name` FROM `oa_job` WHERE `id` = 30 LIMIT 1   [ RunTime:0.0002s ]
NOTIC: [8] Use of undefined constant delete - assumed 'delete' G:\www\oa\Application\Runtime\Cache\Ucenter\61e6ceff15a695b3687da4f27af61727.php 第 396 行.
INFO: Run Behavior\ParseTemplateBehavior [ RunTime:0.124260s ]
INFO: [ view_parse ] --END-- [ RunTime:0.124311s ]
INFO: [ view_filter ] --START--
INFO: Run Behavior\WriteHtmlCacheBehavior [ RunTime:0.000825s ]
INFO: [ view_filter ] --END-- [ RunTime:0.000865s ]
INFO: [ app_end ] --START--
INFO: Run Behavior\ShowPageTraceBehavior [ RunTime:0.000786s ]
INFO: [ app_end ] --END-- [ RunTime:0.000837s ]

