[ 2017-01-16T15:58:52+08:00 ] ::1 /oa/index.php/Ucenter/Member/login.html
INFO: [ app_init ] --START--
INFO: Run Behavior\BuildLiteBehavior [ RunTime:0.000038s ]
INFO: [ app_init ] --END-- [ RunTime:0.001445s ]
INFO: [ app_begin ] --START--
INFO: Run Behavior\ReadHtmlCacheBehavior [ RunTime:0.001774s ]
INFO: [ app_begin ] --END-- [ RunTime:0.001951s ]
INFO: [ view_parse ] --START--
INFO: [ template_filter ] --START--
INFO: Run Behavior\ContentReplaceBehavior [ RunTime:0.002095s ]
INFO: [ template_filter ] --END-- [ RunTime:0.002276s ]
INFO: Run Behavior\ParseTemplateBehavior [ RunTime:0.070704s ]
INFO: [ view_parse ] --END-- [ RunTime:0.070910s ]
INFO: [ view_filter ] --START--
INFO: Run Behavior\WriteHtmlCacheBehavior [ RunTime:0.008491s ]
INFO: [ view_filter ] --END-- [ RunTime:0.008629s ]
INFO: [ app_end ] --START--
INFO: Run Behavior\ShowPageTraceBehavior [ RunTime:0.002499s ]
INFO: [ app_end ] --END-- [ RunTime:0.002622s ]

[ 2017-01-16T15:58:52+08:00 ] ::1 /oa/index.php/Ucenter/Member/verify.html
INFO: [ app_init ] --START--
INFO: Run Behavior\BuildLiteBehavior [ RunTime:0.000014s ]
INFO: [ app_init ] --END-- [ RunTime:0.000539s ]
INFO: [ app_begin ] --START--
INFO: Run Behavior\ReadHtmlCacheBehavior [ RunTime:0.000733s ]
INFO: [ app_begin ] --END-- [ RunTime:0.000797s ]
INFO: [ app_end ] --START--
INFO: Run Behavior\ShowPageTraceBehavior [ RunTime:0.000762s ]
INFO: [ app_end ] --END-- [ RunTime:0.000840s ]

[ 2017-01-16T15:59:05+08:00 ] ::1 /oa/index.php/Ucenter/Member/login.html
INFO: [ app_init ] --START--
INFO: Run Behavior\BuildLiteBehavior [ RunTime:0.000013s ]
INFO: [ app_init ] --END-- [ RunTime:0.000451s ]
INFO: [ app_begin ] --START--
INFO: Run Behavior\ReadHtmlCacheBehavior [ RunTime:0.000514s ]
INFO: [ app_begin ] --END-- [ RunTime:0.000558s ]
NOTIC: [2048] Declaration of Ucenter\Model\UserModel::add() should be compatible with Think\Model::add($data = '', $options = Array, $replace = false) G:\www\oa\Application\Ucenter\Model\UserModel.class.php 第 4 行.
SQL: SHOW COLUMNS FROM `oa_user` [ RunTime:0.0162s ]
SQL: SHOW COLUMNS FROM `oa_user` [ RunTime:0.0033s ]
SQL: SELECT * FROM `oa_user` WHERE `name` = 'admin' AND `password` = '1e5c822c0863e6977fdf94016179af82' LIMIT 1   [ RunTime:0.0007s ]

[ 2017-01-16T15:59:08+08:00 ] ::1 /oa/index.php/Ucenter/staff/index.html
INFO: [ app_init ] --START--
INFO: Run Behavior\BuildLiteBehavior [ RunTime:0.000009s ]
INFO: [ app_init ] --END-- [ RunTime:0.000316s ]
INFO: [ app_begin ] --START--
INFO: Run Behavior\ReadHtmlCacheBehavior [ RunTime:0.000384s ]
INFO: [ app_begin ] --END-- [ RunTime:0.000419s ]
NOTIC: [2048] Declaration of Ucenter\Model\UserModel::add() should be compatible with Think\Model::add($data = '', $options = Array, $replace = false) G:\www\oa\Application\Ucenter\Model\UserModel.class.php 第 4 行.
SQL: SHOW COLUMNS FROM `oa_user` [ RunTime:0.0036s ]
SQL: SHOW COLUMNS FROM `oa_user` [ RunTime:0.0025s ]
SQL: SELECT * FROM `oa_user`  [ RunTime:0.0002s ]
SQL: SHOW COLUMNS FROM `oa_department` [ RunTime:0.0029s ]
SQL: SELECT `id`,`pname` FROM `oa_department`  [ RunTime:0.0002s ]
INFO: [ view_parse ] --START--
INFO: [ template_filter ] --START--
INFO: Run Behavior\ContentReplaceBehavior [ RunTime:0.000102s ]
INFO: [ template_filter ] --END-- [ RunTime:0.000142s ]
SQL: SHOW COLUMNS FROM `oa_user` [ RunTime:0.0033s ]
SQL: SELECT `name` FROM `oa_user` WHERE `id` = 1 LIMIT 1   [ RunTime:0.0002s ]
SQL: SHOW COLUMNS FROM `oa_user_depart` [ RunTime:0.0034s ]
SQL: SELECT `pid` FROM `oa_user_depart` WHERE `uid` = 1 AND `status` = 1 LIMIT 1   [ RunTime:0.0017s ]
SQL: SHOW COLUMNS FROM `oa_department` [ RunTime:0.0023s ]
SQL: SELECT `pname` FROM `oa_department` WHERE `id` = 1 LIMIT 1   [ RunTime:0.0002s ]
SQL: SELECT `pname` FROM `oa_department` WHERE `leader` = 1 LIMIT 1   [ RunTime:0.0002s ]
SQL: SELECT `pid` FROM `oa_user_depart` WHERE `uid` = 3 AND `status` = 1 LIMIT 1   [ RunTime:0.0002s ]
SQL: SELECT `pname` FROM `oa_department` WHERE `id` = 1 LIMIT 1   [ RunTime:0.0001s ]
SQL: SELECT `pname` FROM `oa_department` WHERE `leader` = 3 LIMIT 1   [ RunTime:0.0001s ]
SQL: SHOW COLUMNS FROM `oa_user_job` [ RunTime:0.0046s ]
SQL: SELECT `jid` FROM `oa_user_job` WHERE `uid` = 3 AND `status` = 1 LIMIT 1   [ RunTime:0.0009s ]
SQL: SHOW COLUMNS FROM `oa_job` [ RunTime:0.0033s ]
SQL: SELECT `name` FROM `oa_job` WHERE `id` = 10 LIMIT 1   [ RunTime:0.0002s ]
SQL: SELECT `pid` FROM `oa_user_depart` WHERE `uid` = 4 AND `status` = 1 LIMIT 1   [ RunTime:0.0002s ]
SQL: SELECT `pname` FROM `oa_department` WHERE `id` = 19 LIMIT 1   [ RunTime:0.0001s ]
SQL: SELECT `pname` FROM `oa_department` WHERE `leader` = 4 LIMIT 1   [ RunTime:0.0002s ]
SQL: SELECT `pid` FROM `oa_user_depart` WHERE `uid` = 5 AND `status` = 1 LIMIT 1   [ RunTime:0.0002s ]
SQL: SELECT `pname` FROM `oa_department` WHERE `id` = 4 LIMIT 1   [ RunTime:0.0001s ]
SQL: SELECT `pname` FROM `oa_department` WHERE `leader` = 5 LIMIT 1   [ RunTime:0.0002s ]
SQL: SELECT `pid` FROM `oa_user_depart` WHERE `uid` = 8 AND `status` = 1 LIMIT 1   [ RunTime:0.0002s ]
SQL: SELECT `pname` FROM `oa_department` WHERE `id` = 1 LIMIT 1   [ RunTime:0.0002s ]
SQL: SELECT `pname` FROM `oa_department` WHERE `leader` = 8 LIMIT 1   [ RunTime:0.0002s ]
INFO: Run Behavior\ParseTemplateBehavior [ RunTime:0.044307s ]
INFO: [ view_parse ] --END-- [ RunTime:0.044348s ]
INFO: [ view_filter ] --START--
INFO: Run Behavior\WriteHtmlCacheBehavior [ RunTime:0.000497s ]
INFO: [ view_filter ] --END-- [ RunTime:0.000524s ]
INFO: [ app_end ] --START--
INFO: Run Behavior\ShowPageTraceBehavior [ RunTime:0.000418s ]
INFO: [ app_end ] --END-- [ RunTime:0.000452s ]

