[ 2017-01-01T02:37:42+08:00 ] ::1 /oa/index.php/Ucenter/Member/login.html
INFO: [ app_init ] --START--
INFO: Run Behavior\BuildLiteBehavior [ RunTime:0.000011s ]
INFO: [ app_init ] --END-- [ RunTime:0.000351s ]
INFO: [ app_begin ] --START--
INFO: Run Behavior\ReadHtmlCacheBehavior [ RunTime:0.000406s ]
INFO: [ app_begin ] --END-- [ RunTime:0.000445s ]
INFO: [ view_parse ] --START--
INFO: [ template_filter ] --START--
INFO: Run Behavior\ContentReplaceBehavior [ RunTime:0.000825s ]
INFO: [ template_filter ] --END-- [ RunTime:0.000873s ]
INFO: Run Behavior\ParseTemplateBehavior [ RunTime:0.057820s ]
INFO: [ view_parse ] --END-- [ RunTime:0.057948s ]
INFO: [ view_filter ] --START--
INFO: Run Behavior\WriteHtmlCacheBehavior [ RunTime:0.010167s ]
INFO: [ view_filter ] --END-- [ RunTime:0.010219s ]
INFO: [ app_end ] --START--
INFO: Run Behavior\ShowPageTraceBehavior [ RunTime:0.011622s ]
INFO: [ app_end ] --END-- [ RunTime:0.011782s ]

[ 2017-01-01T02:37:43+08:00 ] ::1 /oa/index.php/Ucenter/Member/verify.html
INFO: [ app_init ] --START--
INFO: Run Behavior\BuildLiteBehavior [ RunTime:0.000011s ]
INFO: [ app_init ] --END-- [ RunTime:0.000365s ]
INFO: [ app_begin ] --START--
INFO: Run Behavior\ReadHtmlCacheBehavior [ RunTime:0.000404s ]
INFO: [ app_begin ] --END-- [ RunTime:0.000444s ]
INFO: [ app_end ] --START--
INFO: Run Behavior\ShowPageTraceBehavior [ RunTime:0.001233s ]
INFO: [ app_end ] --END-- [ RunTime:0.001438s ]

[ 2017-01-01T02:48:04+08:00 ] ::1 /oa/index.php/Ucenter/Member/login.html
INFO: [ app_init ] --START--
INFO: Run Behavior\BuildLiteBehavior [ RunTime:0.000015s ]
INFO: [ app_init ] --END-- [ RunTime:0.000529s ]
INFO: [ app_begin ] --START--
INFO: Run Behavior\ReadHtmlCacheBehavior [ RunTime:0.000502s ]
INFO: [ app_begin ] --END-- [ RunTime:0.000535s ]
NOTIC: [2048] Declaration of Ucenter\Model\UserModel::add() should be compatible with Think\Model::add($data = '', $options = Array, $replace = false) G:\www\oa\Application\Ucenter\Model\UserModel.class.php 第 4 行.
SQL: SHOW COLUMNS FROM `oa_user` [ RunTime:0.0217s ]
SQL: SHOW COLUMNS FROM `oa_user` [ RunTime:0.0069s ]
SQL: SELECT * FROM `oa_user` WHERE `name` = 'admin' AND `password` = '1e5c822c0863e6977fdf94016179af82' LIMIT 1   [ RunTime:0.0013s ]

[ 2017-01-01T03:00:37+08:00 ] ::1 /oa/index.php/Ucenter/staff/index.html
INFO: [ app_init ] --START--
INFO: Run Behavior\BuildLiteBehavior [ RunTime:0.000013s ]
INFO: [ app_init ] --END-- [ RunTime:0.000515s ]
INFO: [ app_begin ] --START--
INFO: Run Behavior\ReadHtmlCacheBehavior [ RunTime:0.000708s ]
INFO: [ app_begin ] --END-- [ RunTime:0.000756s ]
NOTIC: [2048] Declaration of Ucenter\Model\UserModel::add() should be compatible with Think\Model::add($data = '', $options = Array, $replace = false) G:\www\oa\Application\Ucenter\Model\UserModel.class.php 第 4 行.
SQL: SHOW COLUMNS FROM `oa_user` [ RunTime:0.0035s ]
SQL: SHOW COLUMNS FROM `oa_user` [ RunTime:0.0025s ]
SQL: SELECT * FROM `oa_user`  [ RunTime:0.0002s ]
SQL: SHOW COLUMNS FROM `oa_department` [ RunTime:0.0024s ]
SQL: SELECT `id`,`pname` FROM `oa_department`  [ RunTime:0.0002s ]
INFO: [ view_parse ] --START--
INFO: [ template_filter ] --START--
INFO: Run Behavior\ContentReplaceBehavior [ RunTime:0.000103s ]
INFO: [ template_filter ] --END-- [ RunTime:0.000142s ]
SQL: SHOW COLUMNS FROM `oa_user` [ RunTime:0.0027s ]
SQL: SELECT `name` FROM `oa_user` WHERE `id` = 1 LIMIT 1   [ RunTime:0.0002s ]
SQL: SHOW COLUMNS FROM `oa_user_depart` [ RunTime:0.0029s ]
SQL: SELECT `pid` FROM `oa_user_depart` WHERE `uid` = 1 AND `status` = 1 LIMIT 1   [ RunTime:0.0002s ]
SQL: SHOW COLUMNS FROM `oa_department` [ RunTime:0.0024s ]
SQL: SELECT `pname` FROM `oa_department` WHERE `pid` = 1 LIMIT 1   [ RunTime:0.0002s ]
SQL: SELECT `pid` FROM `oa_user_depart` WHERE `uid` = 3 AND `status` = 1 LIMIT 1   [ RunTime:0.0002s ]
SQL: SELECT `pname` FROM `oa_department` WHERE `pid` = 1 LIMIT 1   [ RunTime:0.0002s ]
SQL: SELECT `pid` FROM `oa_user_depart` WHERE `uid` = 4 AND `status` = 1 LIMIT 1   [ RunTime:0.0002s ]
SQL: SELECT `pname` FROM `oa_department` WHERE `pid` = 4 LIMIT 1   [ RunTime:0.0002s ]
SQL: SELECT `pid` FROM `oa_user_depart` WHERE `uid` = 5 AND `status` = 1 LIMIT 1   [ RunTime:0.0002s ]
SQL: SELECT `pname` FROM `oa_department` WHERE `pid` = 20 LIMIT 1   [ RunTime:0.0002s ]
SQL: SELECT `pid` FROM `oa_user_depart` WHERE `uid` = 8 AND `status` = 1 LIMIT 1   [ RunTime:0.0002s ]
SQL: SELECT `pname` FROM `oa_department` WHERE `pid` = 1 LIMIT 1   [ RunTime:0.0002s ]
INFO: Run Behavior\ParseTemplateBehavior [ RunTime:0.025017s ]
INFO: [ view_parse ] --END-- [ RunTime:0.025061s ]
INFO: [ view_filter ] --START--
INFO: Run Behavior\WriteHtmlCacheBehavior [ RunTime:0.000602s ]
INFO: [ view_filter ] --END-- [ RunTime:0.000635s ]
INFO: [ app_end ] --START--
INFO: Run Behavior\ShowPageTraceBehavior [ RunTime:0.000544s ]
INFO: [ app_end ] --END-- [ RunTime:0.000578s ]

[ 2017-01-01T03:01:00+08:00 ] ::1 /oa/index.php/Ucenter/Staff/disable.html
INFO: [ app_init ] --START--
INFO: Run Behavior\BuildLiteBehavior [ RunTime:0.000008s ]
INFO: [ app_init ] --END-- [ RunTime:0.000379s ]
INFO: [ app_begin ] --START--
INFO: Run Behavior\ReadHtmlCacheBehavior [ RunTime:0.000688s ]
INFO: [ app_begin ] --END-- [ RunTime:0.000730s ]
SQL: SHOW COLUMNS FROM `oa_user` [ RunTime:0.0031s ]
SQL: UPDATE `oa_user` SET `status`='2' WHERE `id` IN ('1') [ RunTime:0.0025s ]

[ 2017-01-01T03:01:00+08:00 ] ::1 /oa/index.php/Ucenter/Staff/able.html
INFO: [ app_init ] --START--
INFO: Run Behavior\BuildLiteBehavior [ RunTime:0.000012s ]
INFO: [ app_init ] --END-- [ RunTime:0.000534s ]
INFO: [ app_begin ] --START--
INFO: Run Behavior\ReadHtmlCacheBehavior [ RunTime:0.000671s ]
INFO: [ app_begin ] --END-- [ RunTime:0.000715s ]
SQL: SHOW COLUMNS FROM `oa_user` [ RunTime:0.0031s ]
SQL: UPDATE `oa_user` SET `status`='1' WHERE `id` IN ('1') [ RunTime:0.0022s ]

[ 2017-01-01T03:01:07+08:00 ] ::1 /oa/index.php/Ucenter/Staff/allot.html
INFO: [ app_init ] --START--
INFO: Run Behavior\BuildLiteBehavior [ RunTime:0.000011s ]
INFO: [ app_init ] --END-- [ RunTime:0.000506s ]
INFO: [ app_begin ] --START--
INFO: Run Behavior\ReadHtmlCacheBehavior [ RunTime:0.000651s ]
INFO: [ app_begin ] --END-- [ RunTime:0.000693s ]
NOTIC: [2048] Declaration of Ucenter\Model\UserModel::add() should be compatible with Think\Model::add($data = '', $options = Array, $replace = false) G:\www\oa\Application\Ucenter\Model\UserModel.class.php 第 4 行.
SQL: SHOW COLUMNS FROM `oa_user` [ RunTime:0.0030s ]
SQL: SHOW COLUMNS FROM `oa_user_depart` [ RunTime:0.0025s ]
SQL: SELECT * FROM `oa_user_depart` WHERE `uid` = 1 AND `pid` = 1 AND `status` = 1 LIMIT 1   [ RunTime:0.0002s ]

[ 2017-01-01T03:04:25+08:00 ] ::1 /oa/index.php/Ucenter/staff/index.html
INFO: [ app_init ] --START--
INFO: Run Behavior\BuildLiteBehavior [ RunTime:0.000013s ]
INFO: [ app_init ] --END-- [ RunTime:0.000557s ]
INFO: [ app_begin ] --START--
INFO: Run Behavior\ReadHtmlCacheBehavior [ RunTime:0.001070s ]
INFO: [ app_begin ] --END-- [ RunTime:0.001117s ]
NOTIC: [2048] Declaration of Ucenter\Model\UserModel::add() should be compatible with Think\Model::add($data = '', $options = Array, $replace = false) G:\www\oa\Application\Ucenter\Model\UserModel.class.php 第 4 行.
SQL: SHOW COLUMNS FROM `oa_user` [ RunTime:0.0050s ]
SQL: SHOW COLUMNS FROM `oa_user` [ RunTime:0.0028s ]
SQL: SELECT * FROM `oa_user`  [ RunTime:0.0002s ]
SQL: SHOW COLUMNS FROM `oa_department` [ RunTime:0.0027s ]
SQL: SELECT `id`,`pname` FROM `oa_department`  [ RunTime:0.0002s ]
INFO: [ view_parse ] --START--
INFO: [ template_filter ] --START--
INFO: Run Behavior\ContentReplaceBehavior [ RunTime:0.000128s ]
INFO: [ template_filter ] --END-- [ RunTime:0.000174s ]
SQL: SHOW COLUMNS FROM `oa_user` [ RunTime:0.0031s ]
SQL: SELECT `name` FROM `oa_user` WHERE `id` = 1 LIMIT 1   [ RunTime:0.0002s ]
SQL: SHOW COLUMNS FROM `oa_user_depart` [ RunTime:0.0030s ]
SQL: SELECT `pid` FROM `oa_user_depart` WHERE `uid` = 1 AND `status` = 1 LIMIT 1   [ RunTime:0.0003s ]
SQL: SHOW COLUMNS FROM `oa_department` [ RunTime:0.0029s ]
SQL: SELECT `pname` FROM `oa_department` WHERE `pid` = 1 LIMIT 1   [ RunTime:0.0002s ]
SQL: SELECT `pid` FROM `oa_user_depart` WHERE `uid` = 3 AND `status` = 1 LIMIT 1   [ RunTime:0.0005s ]
SQL: SELECT `pname` FROM `oa_department` WHERE `pid` = 1 LIMIT 1   [ RunTime:0.0002s ]
SQL: SELECT `pid` FROM `oa_user_depart` WHERE `uid` = 4 AND `status` = 1 LIMIT 1   [ RunTime:0.0002s ]
SQL: SELECT `pname` FROM `oa_department` WHERE `pid` = 4 LIMIT 1   [ RunTime:0.0002s ]
SQL: SELECT `pid` FROM `oa_user_depart` WHERE `uid` = 5 AND `status` = 1 LIMIT 1   [ RunTime:0.0002s ]
SQL: SELECT `pname` FROM `oa_department` WHERE `pid` = 20 LIMIT 1   [ RunTime:0.0002s ]
SQL: SELECT `pid` FROM `oa_user_depart` WHERE `uid` = 8 AND `status` = 1 LIMIT 1   [ RunTime:0.0002s ]
SQL: SELECT `pname` FROM `oa_department` WHERE `pid` = 1 LIMIT 1   [ RunTime:0.0002s ]
INFO: Run Behavior\ParseTemplateBehavior [ RunTime:0.028638s ]
INFO: [ view_parse ] --END-- [ RunTime:0.028677s ]
INFO: [ view_filter ] --START--
INFO: Run Behavior\WriteHtmlCacheBehavior [ RunTime:0.000698s ]
INFO: [ view_filter ] --END-- [ RunTime:0.000735s ]
INFO: [ app_end ] --START--
INFO: Run Behavior\ShowPageTraceBehavior [ RunTime:0.000741s ]
INFO: [ app_end ] --END-- [ RunTime:0.000783s ]

[ 2017-01-01T03:04:30+08:00 ] ::1 /oa/index.php/Ucenter/Staff/allot.html
INFO: [ app_init ] --START--
INFO: Run Behavior\BuildLiteBehavior [ RunTime:0.000009s ]
INFO: [ app_init ] --END-- [ RunTime:0.000330s ]
INFO: [ app_begin ] --START--
INFO: Run Behavior\ReadHtmlCacheBehavior [ RunTime:0.000506s ]
INFO: [ app_begin ] --END-- [ RunTime:0.000538s ]
NOTIC: [2048] Declaration of Ucenter\Model\UserModel::add() should be compatible with Think\Model::add($data = '', $options = Array, $replace = false) G:\www\oa\Application\Ucenter\Model\UserModel.class.php 第 4 行.
SQL: SHOW COLUMNS FROM `oa_user` [ RunTime:0.0042s ]
SQL: SHOW COLUMNS FROM `oa_user_depart` [ RunTime:0.0022s ]
SQL: SELECT * FROM `oa_user_depart` WHERE `uid` = 1 AND `pid` = 4 AND `status` = 1 LIMIT 1   [ RunTime:0.0002s ]
SQL: SELECT `pid` FROM `oa_user_depart` WHERE `uid` = 1 AND `status` = 1 LIMIT 1   [ RunTime:0.0002s ]
SQL: SELECT * FROM `oa_user_depart` WHERE `uid` = 1 AND `pid` = 4 LIMIT 1   [ RunTime:0.0002s ]
NOTIC: [2] Illegal offset type in isset or empty G:\www\oa\ThinkPHP\Library\Think\Model.class.php 第 445 行.
SQL: UPDATE `oa_user_depart` SET `status`='1' WHERE `uid` = 1 AND `pid` = 4 [ RunTime:0.0021s ]

[ 2017-01-01T03:04:35+08:00 ] ::1 /oa/index.php/Ucenter/staff/index.html
INFO: [ app_init ] --START--
INFO: Run Behavior\BuildLiteBehavior [ RunTime:0.000012s ]
INFO: [ app_init ] --END-- [ RunTime:0.000531s ]
INFO: [ app_begin ] --START--
INFO: Run Behavior\ReadHtmlCacheBehavior [ RunTime:0.000766s ]
INFO: [ app_begin ] --END-- [ RunTime:0.000813s ]
NOTIC: [2048] Declaration of Ucenter\Model\UserModel::add() should be compatible with Think\Model::add($data = '', $options = Array, $replace = false) G:\www\oa\Application\Ucenter\Model\UserModel.class.php 第 4 行.
SQL: SHOW COLUMNS FROM `oa_user` [ RunTime:0.0046s ]
SQL: SHOW COLUMNS FROM `oa_user` [ RunTime:0.0027s ]
SQL: SELECT * FROM `oa_user`  [ RunTime:0.0002s ]
SQL: SHOW COLUMNS FROM `oa_department` [ RunTime:0.0027s ]
SQL: SELECT `id`,`pname` FROM `oa_department`  [ RunTime:0.0002s ]
INFO: [ view_parse ] --START--
INFO: [ template_filter ] --START--
INFO: Run Behavior\ContentReplaceBehavior [ RunTime:0.000129s ]
INFO: [ template_filter ] --END-- [ RunTime:0.000176s ]
SQL: SHOW COLUMNS FROM `oa_user` [ RunTime:0.0030s ]
SQL: SELECT `name` FROM `oa_user` WHERE `id` = 1 LIMIT 1   [ RunTime:0.0002s ]
SQL: SHOW COLUMNS FROM `oa_user_depart` [ RunTime:0.0028s ]
SQL: SELECT `pid` FROM `oa_user_depart` WHERE `uid` = 1 AND `status` = 1 LIMIT 1   [ RunTime:0.0003s ]
SQL: SHOW COLUMNS FROM `oa_department` [ RunTime:0.0030s ]
SQL: SELECT `pname` FROM `oa_department` WHERE `pid` = 1 LIMIT 1   [ RunTime:0.0002s ]
SQL: SELECT `pid` FROM `oa_user_depart` WHERE `uid` = 3 AND `status` = 1 LIMIT 1   [ RunTime:0.0002s ]
SQL: SELECT `pname` FROM `oa_department` WHERE `pid` = 1 LIMIT 1   [ RunTime:0.0002s ]
SQL: SELECT `pid` FROM `oa_user_depart` WHERE `uid` = 4 AND `status` = 1 LIMIT 1   [ RunTime:0.0002s ]
SQL: SELECT `pname` FROM `oa_department` WHERE `pid` = 4 LIMIT 1   [ RunTime:0.0002s ]
SQL: SELECT `pid` FROM `oa_user_depart` WHERE `uid` = 5 AND `status` = 1 LIMIT 1   [ RunTime:0.0002s ]
SQL: SELECT `pname` FROM `oa_department` WHERE `pid` = 20 LIMIT 1   [ RunTime:0.0002s ]
SQL: SELECT `pid` FROM `oa_user_depart` WHERE `uid` = 8 AND `status` = 1 LIMIT 1   [ RunTime:0.0002s ]
SQL: SELECT `pname` FROM `oa_department` WHERE `pid` = 1 LIMIT 1   [ RunTime:0.0002s ]
INFO: Run Behavior\ParseTemplateBehavior [ RunTime:0.027460s ]
INFO: [ view_parse ] --END-- [ RunTime:0.027500s ]
INFO: [ view_filter ] --START--
INFO: Run Behavior\WriteHtmlCacheBehavior [ RunTime:0.000639s ]
INFO: [ view_filter ] --END-- [ RunTime:0.000677s ]
INFO: [ app_end ] --START--
INFO: Run Behavior\ShowPageTraceBehavior [ RunTime:0.000727s ]
INFO: [ app_end ] --END-- [ RunTime:0.000768s ]

[ 2017-01-01T03:05:08+08:00 ] ::1 /oa/index.php/Ucenter/staff/index.html
INFO: [ app_init ] --START--
INFO: Run Behavior\BuildLiteBehavior [ RunTime:0.000014s ]
INFO: [ app_init ] --END-- [ RunTime:0.000489s ]
INFO: [ app_begin ] --START--
INFO: Run Behavior\ReadHtmlCacheBehavior [ RunTime:0.000704s ]
INFO: [ app_begin ] --END-- [ RunTime:0.000757s ]
NOTIC: [2048] Declaration of Ucenter\Model\UserModel::add() should be compatible with Think\Model::add($data = '', $options = Array, $replace = false) G:\www\oa\Application\Ucenter\Model\UserModel.class.php 第 4 行.
SQL: SHOW COLUMNS FROM `oa_user` [ RunTime:0.0028s ]
SQL: SHOW COLUMNS FROM `oa_user` [ RunTime:0.0025s ]
SQL: SELECT * FROM `oa_user`  [ RunTime:0.0002s ]
SQL: SHOW COLUMNS FROM `oa_department` [ RunTime:0.0032s ]
SQL: SELECT `id`,`pname` FROM `oa_department`  [ RunTime:0.0002s ]
INFO: [ view_parse ] --START--
INFO: [ template_filter ] --START--
INFO: Run Behavior\ContentReplaceBehavior [ RunTime:0.000098s ]
INFO: [ template_filter ] --END-- [ RunTime:0.000132s ]
SQL: SHOW COLUMNS FROM `oa_user` [ RunTime:0.0028s ]
SQL: SELECT `name` FROM `oa_user` WHERE `id` = 1 LIMIT 1   [ RunTime:0.0004s ]
SQL: SHOW COLUMNS FROM `oa_user_depart` [ RunTime:0.0027s ]
SQL: SELECT `pid` FROM `oa_user_depart` WHERE `uid` = 1 AND `status` = 1 LIMIT 1   [ RunTime:0.0003s ]
SQL: SHOW COLUMNS FROM `oa_department` [ RunTime:0.0023s ]
SQL: SELECT `pname` FROM `oa_department` WHERE `pid` = 4 LIMIT 1   [ RunTime:0.0002s ]
SQL: SELECT `pid` FROM `oa_user_depart` WHERE `uid` = 3 AND `status` = 1 LIMIT 1   [ RunTime:0.0002s ]
SQL: SELECT `pname` FROM `oa_department` WHERE `pid` = 1 LIMIT 1   [ RunTime:0.0002s ]
SQL: SELECT `pid` FROM `oa_user_depart` WHERE `uid` = 4 AND `status` = 1 LIMIT 1   [ RunTime:0.0002s ]
SQL: SELECT `pname` FROM `oa_department` WHERE `pid` = 4 LIMIT 1   [ RunTime:0.0002s ]
SQL: SELECT `pid` FROM `oa_user_depart` WHERE `uid` = 5 AND `status` = 1 LIMIT 1   [ RunTime:0.0002s ]
SQL: SELECT `pname` FROM `oa_department` WHERE `pid` = 20 LIMIT 1   [ RunTime:0.0002s ]
SQL: SELECT `pid` FROM `oa_user_depart` WHERE `uid` = 8 AND `status` = 1 LIMIT 1   [ RunTime:0.0002s ]
SQL: SELECT `pname` FROM `oa_department` WHERE `pid` = 1 LIMIT 1   [ RunTime:0.0002s ]
INFO: Run Behavior\ParseTemplateBehavior [ RunTime:0.024471s ]
INFO: [ view_parse ] --END-- [ RunTime:0.024508s ]
INFO: [ view_filter ] --START--
INFO: Run Behavior\WriteHtmlCacheBehavior [ RunTime:0.000587s ]
INFO: [ view_filter ] --END-- [ RunTime:0.000624s ]
INFO: [ app_end ] --START--
INFO: Run Behavior\ShowPageTraceBehavior [ RunTime:0.000604s ]
INFO: [ app_end ] --END-- [ RunTime:0.000642s ]

[ 2017-01-01T03:05:09+08:00 ] ::1 /oa/index.php/Ucenter/staff/index.html
INFO: [ app_init ] --START--
INFO: Run Behavior\BuildLiteBehavior [ RunTime:0.000010s ]
INFO: [ app_init ] --END-- [ RunTime:0.000369s ]
INFO: [ app_begin ] --START--
INFO: Run Behavior\ReadHtmlCacheBehavior [ RunTime:0.000465s ]
INFO: [ app_begin ] --END-- [ RunTime:0.000504s ]
NOTIC: [2048] Declaration of Ucenter\Model\UserModel::add() should be compatible with Think\Model::add($data = '', $options = Array, $replace = false) G:\www\oa\Application\Ucenter\Model\UserModel.class.php 第 4 行.
SQL: SHOW COLUMNS FROM `oa_user` [ RunTime:0.0031s ]
SQL: SHOW COLUMNS FROM `oa_user` [ RunTime:0.0023s ]
SQL: SELECT * FROM `oa_user`  [ RunTime:0.0002s ]
SQL: SHOW COLUMNS FROM `oa_department` [ RunTime:0.0022s ]
SQL: SELECT `id`,`pname` FROM `oa_department`  [ RunTime:0.0002s ]
INFO: [ view_parse ] --START--
INFO: [ template_filter ] --START--
INFO: Run Behavior\ContentReplaceBehavior [ RunTime:0.000104s ]
INFO: [ template_filter ] --END-- [ RunTime:0.000145s ]
SQL: SHOW COLUMNS FROM `oa_user` [ RunTime:0.0027s ]
SQL: SELECT `name` FROM `oa_user` WHERE `id` = 1 LIMIT 1   [ RunTime:0.0002s ]
SQL: SHOW COLUMNS FROM `oa_user_depart` [ RunTime:0.0022s ]
SQL: SELECT `pid` FROM `oa_user_depart` WHERE `uid` = 1 AND `status` = 1 LIMIT 1   [ RunTime:0.0002s ]
SQL: SHOW COLUMNS FROM `oa_department` [ RunTime:0.0021s ]
SQL: SELECT `pname` FROM `oa_department` WHERE `pid` = 4 LIMIT 1   [ RunTime:0.0002s ]
SQL: SELECT `pid` FROM `oa_user_depart` WHERE `uid` = 3 AND `status` = 1 LIMIT 1   [ RunTime:0.0002s ]
SQL: SELECT `pname` FROM `oa_department` WHERE `pid` = 1 LIMIT 1   [ RunTime:0.0002s ]
SQL: SELECT `pid` FROM `oa_user_depart` WHERE `uid` = 4 AND `status` = 1 LIMIT 1   [ RunTime:0.0002s ]
SQL: SELECT `pname` FROM `oa_department` WHERE `pid` = 4 LIMIT 1   [ RunTime:0.0002s ]
SQL: SELECT `pid` FROM `oa_user_depart` WHERE `uid` = 5 AND `status` = 1 LIMIT 1   [ RunTime:0.0002s ]
SQL: SELECT `pname` FROM `oa_department` WHERE `pid` = 20 LIMIT 1   [ RunTime:0.0002s ]
SQL: SELECT `pid` FROM `oa_user_depart` WHERE `uid` = 8 AND `status` = 1 LIMIT 1   [ RunTime:0.0002s ]
SQL: SELECT `pname` FROM `oa_department` WHERE `pid` = 1 LIMIT 1   [ RunTime:0.0001s ]
INFO: Run Behavior\ParseTemplateBehavior [ RunTime:0.021701s ]
INFO: [ view_parse ] --END-- [ RunTime:0.021736s ]
INFO: [ view_filter ] --START--
INFO: Run Behavior\WriteHtmlCacheBehavior [ RunTime:0.000698s ]
INFO: [ view_filter ] --END-- [ RunTime:0.000727s ]
INFO: [ app_end ] --START--
INFO: Run Behavior\ShowPageTraceBehavior [ RunTime:0.000633s ]
INFO: [ app_end ] --END-- [ RunTime:0.000675s ]

[ 2017-01-01T03:05:23+08:00 ] ::1 /oa/index.php/Ucenter/Staff/allot.html
INFO: [ app_init ] --START--
INFO: Run Behavior\BuildLiteBehavior [ RunTime:0.000011s ]
INFO: [ app_init ] --END-- [ RunTime:0.000522s ]
INFO: [ app_begin ] --START--
INFO: Run Behavior\ReadHtmlCacheBehavior [ RunTime:0.000751s ]
INFO: [ app_begin ] --END-- [ RunTime:0.000792s ]
NOTIC: [2048] Declaration of Ucenter\Model\UserModel::add() should be compatible with Think\Model::add($data = '', $options = Array, $replace = false) G:\www\oa\Application\Ucenter\Model\UserModel.class.php 第 4 行.
SQL: SHOW COLUMNS FROM `oa_user` [ RunTime:0.0044s ]
SQL: SHOW COLUMNS FROM `oa_user_depart` [ RunTime:0.0025s ]
SQL: SELECT * FROM `oa_user_depart` WHERE `uid` = 1 AND `pid` = 3 AND `status` = 1 LIMIT 1   [ RunTime:0.0002s ]
SQL: SELECT `uid`,`pid` FROM `oa_user_depart` WHERE `uid` = 1 AND `status` = 1 LIMIT 1   [ RunTime:0.0002s ]
NOTIC: [2] Illegal offset type in isset or empty G:\www\oa\ThinkPHP\Library\Think\Model.class.php 第 445 行.
SQL: UPDATE `oa_user_depart` SET `status`='2' WHERE `uid` = 1 AND `pid` = 4 [ RunTime:0.0023s ]
SQL: SELECT * FROM `oa_user_depart` WHERE `uid` = 1 AND `pid` = 3 LIMIT 1   [ RunTime:0.0002s ]
SQL: INSERT INTO `oa_user_depart` (`uid`,`pid`,`status`) VALUES ('1','3','1') [ RunTime:0.0019s ]

[ 2017-01-01T03:05:26+08:00 ] ::1 /oa/index.php/Ucenter/staff/index.html
INFO: [ app_init ] --START--
INFO: Run Behavior\BuildLiteBehavior [ RunTime:0.000012s ]
INFO: [ app_init ] --END-- [ RunTime:0.000552s ]
INFO: [ app_begin ] --START--
INFO: Run Behavior\ReadHtmlCacheBehavior [ RunTime:0.000793s ]
INFO: [ app_begin ] --END-- [ RunTime:0.000839s ]
NOTIC: [2048] Declaration of Ucenter\Model\UserModel::add() should be compatible with Think\Model::add($data = '', $options = Array, $replace = false) G:\www\oa\Application\Ucenter\Model\UserModel.class.php 第 4 行.
SQL: SHOW COLUMNS FROM `oa_user` [ RunTime:0.0045s ]
SQL: SHOW COLUMNS FROM `oa_user` [ RunTime:0.0024s ]
SQL: SELECT * FROM `oa_user`  [ RunTime:0.0002s ]
SQL: SHOW COLUMNS FROM `oa_department` [ RunTime:0.0022s ]
SQL: SELECT `id`,`pname` FROM `oa_department`  [ RunTime:0.0002s ]
INFO: [ view_parse ] --START--
INFO: [ template_filter ] --START--
INFO: Run Behavior\ContentReplaceBehavior [ RunTime:0.000168s ]
INFO: [ template_filter ] --END-- [ RunTime:0.000249s ]
SQL: SHOW COLUMNS FROM `oa_user` [ RunTime:0.0027s ]
SQL: SELECT `name` FROM `oa_user` WHERE `id` = 1 LIMIT 1   [ RunTime:0.0002s ]
SQL: SHOW COLUMNS FROM `oa_user_depart` [ RunTime:0.0024s ]
SQL: SELECT `pid` FROM `oa_user_depart` WHERE `uid` = 1 AND `status` = 1 LIMIT 1   [ RunTime:0.0002s ]
SQL: SHOW COLUMNS FROM `oa_department` [ RunTime:0.0023s ]
SQL: SELECT `pname` FROM `oa_department` WHERE `pid` = 3 LIMIT 1   [ RunTime:0.0002s ]
SQL: SELECT `pid` FROM `oa_user_depart` WHERE `uid` = 3 AND `status` = 1 LIMIT 1   [ RunTime:0.0002s ]
SQL: SELECT `pname` FROM `oa_department` WHERE `pid` = 1 LIMIT 1   [ RunTime:0.0002s ]
SQL: SELECT `pid` FROM `oa_user_depart` WHERE `uid` = 4 AND `status` = 1 LIMIT 1   [ RunTime:0.0002s ]
SQL: SELECT `pname` FROM `oa_department` WHERE `pid` = 4 LIMIT 1   [ RunTime:0.0002s ]
SQL: SELECT `pid` FROM `oa_user_depart` WHERE `uid` = 5 AND `status` = 1 LIMIT 1   [ RunTime:0.0002s ]
SQL: SELECT `pname` FROM `oa_department` WHERE `pid` = 20 LIMIT 1   [ RunTime:0.0003s ]
SQL: SELECT `pid` FROM `oa_user_depart` WHERE `uid` = 8 AND `status` = 1 LIMIT 1   [ RunTime:0.0002s ]
SQL: SELECT `pname` FROM `oa_department` WHERE `pid` = 1 LIMIT 1   [ RunTime:0.0002s ]
INFO: Run Behavior\ParseTemplateBehavior [ RunTime:0.023505s ]
INFO: [ view_parse ] --END-- [ RunTime:0.023541s ]
INFO: [ view_filter ] --START--
INFO: Run Behavior\WriteHtmlCacheBehavior [ RunTime:0.000638s ]
INFO: [ view_filter ] --END-- [ RunTime:0.000671s ]
INFO: [ app_end ] --START--
INFO: Run Behavior\ShowPageTraceBehavior [ RunTime:0.000786s ]
INFO: [ app_end ] --END-- [ RunTime:0.000846s ]

[ 2017-01-01T03:05:27+08:00 ] ::1 /oa/index.php/Ucenter/staff/index.html
INFO: [ app_init ] --START--
INFO: Run Behavior\BuildLiteBehavior [ RunTime:0.000010s ]
INFO: [ app_init ] --END-- [ RunTime:0.000341s ]
INFO: [ app_begin ] --START--
INFO: Run Behavior\ReadHtmlCacheBehavior [ RunTime:0.000515s ]
INFO: [ app_begin ] --END-- [ RunTime:0.000550s ]
NOTIC: [2048] Declaration of Ucenter\Model\UserModel::add() should be compatible with Think\Model::add($data = '', $options = Array, $replace = false) G:\www\oa\Application\Ucenter\Model\UserModel.class.php 第 4 行.
SQL: SHOW COLUMNS FROM `oa_user` [ RunTime:0.0051s ]
SQL: SHOW COLUMNS FROM `oa_user` [ RunTime:0.0028s ]
SQL: SELECT * FROM `oa_user`  [ RunTime:0.0002s ]
SQL: SHOW COLUMNS FROM `oa_department` [ RunTime:0.0027s ]
SQL: SELECT `id`,`pname` FROM `oa_department`  [ RunTime:0.0002s ]
INFO: [ view_parse ] --START--
INFO: [ template_filter ] --START--
INFO: Run Behavior\ContentReplaceBehavior [ RunTime:0.000134s ]
INFO: [ template_filter ] --END-- [ RunTime:0.000168s ]
SQL: SHOW COLUMNS FROM `oa_user` [ RunTime:0.0033s ]
SQL: SELECT `name` FROM `oa_user` WHERE `id` = 1 LIMIT 1   [ RunTime:0.0002s ]
SQL: SHOW COLUMNS FROM `oa_user_depart` [ RunTime:0.0025s ]
SQL: SELECT `pid` FROM `oa_user_depart` WHERE `uid` = 1 AND `status` = 1 LIMIT 1   [ RunTime:0.0002s ]
SQL: SHOW COLUMNS FROM `oa_department` [ RunTime:0.0027s ]
SQL: SELECT `pname` FROM `oa_department` WHERE `pid` = 3 LIMIT 1   [ RunTime:0.0002s ]
SQL: SELECT `pid` FROM `oa_user_depart` WHERE `uid` = 3 AND `status` = 1 LIMIT 1   [ RunTime:0.0002s ]
SQL: SELECT `pname` FROM `oa_department` WHERE `pid` = 1 LIMIT 1   [ RunTime:0.0002s ]
SQL: SELECT `pid` FROM `oa_user_depart` WHERE `uid` = 4 AND `status` = 1 LIMIT 1   [ RunTime:0.0002s ]
SQL: SELECT `pname` FROM `oa_department` WHERE `pid` = 4 LIMIT 1   [ RunTime:0.0002s ]
SQL: SELECT `pid` FROM `oa_user_depart` WHERE `uid` = 5 AND `status` = 1 LIMIT 1   [ RunTime:0.0002s ]
SQL: SELECT `pname` FROM `oa_department` WHERE `pid` = 20 LIMIT 1   [ RunTime:0.0002s ]
SQL: SELECT `pid` FROM `oa_user_depart` WHERE `uid` = 8 AND `status` = 1 LIMIT 1   [ RunTime:0.0002s ]
SQL: SELECT `pname` FROM `oa_department` WHERE `pid` = 1 LIMIT 1   [ RunTime:0.0002s ]
INFO: Run Behavior\ParseTemplateBehavior [ RunTime:0.023893s ]
INFO: [ view_parse ] --END-- [ RunTime:0.023927s ]
INFO: [ view_filter ] --START--
INFO: Run Behavior\WriteHtmlCacheBehavior [ RunTime:0.000683s ]
INFO: [ view_filter ] --END-- [ RunTime:0.000719s ]
INFO: [ app_end ] --START--
INFO: Run Behavior\ShowPageTraceBehavior [ RunTime:0.000683s ]
INFO: [ app_end ] --END-- [ RunTime:0.000724s ]

[ 2017-01-01T03:06:05+08:00 ] ::1 /oa/index.php/Ucenter/Staff/allot.html
INFO: [ app_init ] --START--
INFO: Run Behavior\BuildLiteBehavior [ RunTime:0.000011s ]
INFO: [ app_init ] --END-- [ RunTime:0.000526s ]
INFO: [ app_begin ] --START--
INFO: Run Behavior\ReadHtmlCacheBehavior [ RunTime:0.000749s ]
INFO: [ app_begin ] --END-- [ RunTime:0.000791s ]
NOTIC: [2048] Declaration of Ucenter\Model\UserModel::add() should be compatible with Think\Model::add($data = '', $options = Array, $replace = false) G:\www\oa\Application\Ucenter\Model\UserModel.class.php 第 4 行.
SQL: SHOW COLUMNS FROM `oa_user` [ RunTime:0.0032s ]
SQL: SHOW COLUMNS FROM `oa_user_depart` [ RunTime:0.0027s ]
SQL: SELECT * FROM `oa_user_depart` WHERE `uid` = 1 AND `pid` = 1 AND `status` = 1 LIMIT 1   [ RunTime:0.0002s ]
SQL: SELECT `uid`,`pid` FROM `oa_user_depart` WHERE `uid` = 1 AND `status` = 1 LIMIT 1   [ RunTime:0.0002s ]
NOTIC: [2] Illegal offset type in isset or empty G:\www\oa\ThinkPHP\Library\Think\Model.class.php 第 445 行.
SQL: UPDATE `oa_user_depart` SET `status`='2' WHERE `uid` = 1 AND `pid` = 3 [ RunTime:0.0020s ]
SQL: SELECT * FROM `oa_user_depart` WHERE `uid` = 1 AND `pid` = 1 LIMIT 1   [ RunTime:0.0002s ]
NOTIC: [2] Illegal offset type in isset or empty G:\www\oa\ThinkPHP\Library\Think\Model.class.php 第 445 行.
SQL: UPDATE `oa_user_depart` SET `status`='1' WHERE `uid` = 1 AND `pid` = 1 [ RunTime:0.0015s ]

[ 2017-01-01T03:06:08+08:00 ] ::1 /oa/index.php/Ucenter/staff/index.html
INFO: [ app_init ] --START--
INFO: Run Behavior\BuildLiteBehavior [ RunTime:0.000013s ]
INFO: [ app_init ] --END-- [ RunTime:0.000513s ]
INFO: [ app_begin ] --START--
INFO: Run Behavior\ReadHtmlCacheBehavior [ RunTime:0.000737s ]
INFO: [ app_begin ] --END-- [ RunTime:0.000784s ]
NOTIC: [2048] Declaration of Ucenter\Model\UserModel::add() should be compatible with Think\Model::add($data = '', $options = Array, $replace = false) G:\www\oa\Application\Ucenter\Model\UserModel.class.php 第 4 行.
SQL: SHOW COLUMNS FROM `oa_user` [ RunTime:0.0034s ]
SQL: SHOW COLUMNS FROM `oa_user` [ RunTime:0.0028s ]
SQL: SELECT * FROM `oa_user`  [ RunTime:0.0002s ]
SQL: SHOW COLUMNS FROM `oa_department` [ RunTime:0.0025s ]
SQL: SELECT `id`,`pname` FROM `oa_department`  [ RunTime:0.0002s ]
INFO: [ view_parse ] --START--
INFO: [ template_filter ] --START--
INFO: Run Behavior\ContentReplaceBehavior [ RunTime:0.000101s ]
INFO: [ template_filter ] --END-- [ RunTime:0.000139s ]
SQL: SHOW COLUMNS FROM `oa_user` [ RunTime:0.0032s ]
SQL: SELECT `name` FROM `oa_user` WHERE `id` = 1 LIMIT 1   [ RunTime:0.0002s ]
SQL: SHOW COLUMNS FROM `oa_user_depart` [ RunTime:0.0027s ]
SQL: SELECT `pid` FROM `oa_user_depart` WHERE `uid` = 1 AND `status` = 1 LIMIT 1   [ RunTime:0.0002s ]
SQL: SHOW COLUMNS FROM `oa_department` [ RunTime:0.0023s ]
SQL: SELECT `pname` FROM `oa_department` WHERE `pid` = 1 LIMIT 1   [ RunTime:0.0002s ]
SQL: SELECT `pid` FROM `oa_user_depart` WHERE `uid` = 3 AND `status` = 1 LIMIT 1   [ RunTime:0.0002s ]
SQL: SELECT `pname` FROM `oa_department` WHERE `pid` = 1 LIMIT 1   [ RunTime:0.0002s ]
SQL: SELECT `pid` FROM `oa_user_depart` WHERE `uid` = 4 AND `status` = 1 LIMIT 1   [ RunTime:0.0002s ]
SQL: SELECT `pname` FROM `oa_department` WHERE `pid` = 4 LIMIT 1   [ RunTime:0.0002s ]
SQL: SELECT `pid` FROM `oa_user_depart` WHERE `uid` = 5 AND `status` = 1 LIMIT 1   [ RunTime:0.0003s ]
SQL: SELECT `pname` FROM `oa_department` WHERE `pid` = 20 LIMIT 1   [ RunTime:0.0002s ]
SQL: SELECT `pid` FROM `oa_user_depart` WHERE `uid` = 8 AND `status` = 1 LIMIT 1   [ RunTime:0.0002s ]
SQL: SELECT `pname` FROM `oa_department` WHERE `pid` = 1 LIMIT 1   [ RunTime:0.0002s ]
INFO: Run Behavior\ParseTemplateBehavior [ RunTime:0.023850s ]
INFO: [ view_parse ] --END-- [ RunTime:0.023888s ]
INFO: [ view_filter ] --START--
INFO: Run Behavior\WriteHtmlCacheBehavior [ RunTime:0.000724s ]
INFO: [ view_filter ] --END-- [ RunTime:0.000761s ]
INFO: [ app_end ] --START--
INFO: Run Behavior\ShowPageTraceBehavior [ RunTime:0.000658s ]
INFO: [ app_end ] --END-- [ RunTime:0.000702s ]

[ 2017-01-01T03:08:28+08:00 ] ::1 /oa/index.php/Ucenter/staff/index.html
INFO: [ app_init ] --START--
INFO: Run Behavior\BuildLiteBehavior [ RunTime:0.000013s ]
INFO: [ app_init ] --END-- [ RunTime:0.000492s ]
INFO: [ app_begin ] --START--
INFO: Run Behavior\ReadHtmlCacheBehavior [ RunTime:0.000712s ]
INFO: [ app_begin ] --END-- [ RunTime:0.000760s ]
NOTIC: [2048] Declaration of Ucenter\Model\UserModel::add() should be compatible with Think\Model::add($data = '', $options = Array, $replace = false) G:\www\oa\Application\Ucenter\Model\UserModel.class.php 第 4 行.
SQL: SHOW COLUMNS FROM `oa_user` [ RunTime:0.0030s ]
SQL: SHOW COLUMNS FROM `oa_user` [ RunTime:0.0036s ]
SQL: SELECT * FROM `oa_user`  [ RunTime:0.0003s ]
SQL: SHOW COLUMNS FROM `oa_department` [ RunTime:0.0027s ]
SQL: SELECT `id`,`pname` FROM `oa_department`  [ RunTime:0.0002s ]
INFO: [ view_parse ] --START--
INFO: [ template_filter ] --START--
INFO: Run Behavior\ContentReplaceBehavior [ RunTime:0.000102s ]
INFO: [ template_filter ] --END-- [ RunTime:0.000134s ]
SQL: SHOW COLUMNS FROM `oa_user` [ RunTime:0.0027s ]
SQL: SELECT `name` FROM `oa_user` WHERE `id` = 1 LIMIT 1   [ RunTime:0.0002s ]
SQL: SHOW COLUMNS FROM `oa_user_depart` [ RunTime:0.0026s ]
SQL: SELECT `pid` FROM `oa_user_depart` WHERE `uid` = 1 AND `status` = 1 LIMIT 1   [ RunTime:0.0002s ]
SQL: SHOW COLUMNS FROM `oa_department` [ RunTime:0.0022s ]
NOTIC: [8] Undefined offset: 0 G:\www\oa\ThinkPHP\Library\Think\Db\Driver.class.php 第 550 行.
NOTIC: [8] Undefined offset: 0 G:\www\oa\ThinkPHP\Library\Think\Db\Driver.class.php 第 596 行.
NOTIC: [8] Undefined offset: 0 G:\www\oa\ThinkPHP\Library\Think\Db\Driver.class.php 第 596 行.
NOTIC: [8] Undefined offset: 0 G:\www\oa\ThinkPHP\Library\Think\Db\Driver.class.php 第 597 行.
NOTIC: [8] Undefined offset: 0 G:\www\oa\ThinkPHP\Library\Think\Db\Driver.class.php 第 600 行.
SQL: SELECT `pname` FROM `oa_department` WHERE ( `pid` = null  ) LIMIT 1   [ RunTime:0.0002s ]
SQL: SELECT `pid` FROM `oa_user_depart` WHERE `uid` = 3 AND `status` = 1 LIMIT 1   [ RunTime:0.0002s ]
NOTIC: [8] Undefined offset: 0 G:\www\oa\ThinkPHP\Library\Think\Db\Driver.class.php 第 550 行.
NOTIC: [8] Undefined offset: 0 G:\www\oa\ThinkPHP\Library\Think\Db\Driver.class.php 第 596 行.
NOTIC: [8] Undefined offset: 0 G:\www\oa\ThinkPHP\Library\Think\Db\Driver.class.php 第 596 行.
NOTIC: [8] Undefined offset: 0 G:\www\oa\ThinkPHP\Library\Think\Db\Driver.class.php 第 597 行.
NOTIC: [8] Undefined offset: 0 G:\www\oa\ThinkPHP\Library\Think\Db\Driver.class.php 第 600 行.
SQL: SELECT `pname` FROM `oa_department` WHERE ( `pid` = null  ) LIMIT 1   [ RunTime:0.0002s ]
SQL: SELECT `pid` FROM `oa_user_depart` WHERE `uid` = 4 AND `status` = 1 LIMIT 1   [ RunTime:0.0002s ]
NOTIC: [8] Undefined offset: 0 G:\www\oa\ThinkPHP\Library\Think\Db\Driver.class.php 第 550 行.
NOTIC: [8] Undefined offset: 0 G:\www\oa\ThinkPHP\Library\Think\Db\Driver.class.php 第 596 行.
NOTIC: [8] Undefined offset: 0 G:\www\oa\ThinkPHP\Library\Think\Db\Driver.class.php 第 596 行.
NOTIC: [8] Undefined offset: 0 G:\www\oa\ThinkPHP\Library\Think\Db\Driver.class.php 第 597 行.
NOTIC: [8] Undefined offset: 0 G:\www\oa\ThinkPHP\Library\Think\Db\Driver.class.php 第 600 行.
SQL: SELECT `pname` FROM `oa_department` WHERE ( `pid` = null  ) LIMIT 1   [ RunTime:0.0002s ]
SQL: SELECT `pid` FROM `oa_user_depart` WHERE `uid` = 5 AND `status` = 1 LIMIT 1   [ RunTime:0.0002s ]
NOTIC: [8] Undefined offset: 0 G:\www\oa\ThinkPHP\Library\Think\Db\Driver.class.php 第 550 行.
NOTIC: [8] Undefined offset: 0 G:\www\oa\ThinkPHP\Library\Think\Db\Driver.class.php 第 596 行.
NOTIC: [8] Undefined offset: 0 G:\www\oa\ThinkPHP\Library\Think\Db\Driver.class.php 第 596 行.
NOTIC: [8] Undefined offset: 0 G:\www\oa\ThinkPHP\Library\Think\Db\Driver.class.php 第 597 行.
NOTIC: [8] Undefined offset: 0 G:\www\oa\ThinkPHP\Library\Think\Db\Driver.class.php 第 600 行.
SQL: SELECT `pname` FROM `oa_department` WHERE ( `pid` = null  ) LIMIT 1   [ RunTime:0.0002s ]
SQL: SELECT `pid` FROM `oa_user_depart` WHERE `uid` = 8 AND `status` = 1 LIMIT 1   [ RunTime:0.0002s ]
NOTIC: [8] Undefined offset: 0 G:\www\oa\ThinkPHP\Library\Think\Db\Driver.class.php 第 550 行.
NOTIC: [8] Undefined offset: 0 G:\www\oa\ThinkPHP\Library\Think\Db\Driver.class.php 第 596 行.
NOTIC: [8] Undefined offset: 0 G:\www\oa\ThinkPHP\Library\Think\Db\Driver.class.php 第 596 行.
NOTIC: [8] Undefined offset: 0 G:\www\oa\ThinkPHP\Library\Think\Db\Driver.class.php 第 597 行.
NOTIC: [8] Undefined offset: 0 G:\www\oa\ThinkPHP\Library\Think\Db\Driver.class.php 第 600 行.
SQL: SELECT `pname` FROM `oa_department` WHERE ( `pid` = null  ) LIMIT 1   [ RunTime:0.0002s ]
INFO: Run Behavior\ParseTemplateBehavior [ RunTime:0.022977s ]
INFO: [ view_parse ] --END-- [ RunTime:0.023011s ]
INFO: [ view_filter ] --START--
INFO: Run Behavior\WriteHtmlCacheBehavior [ RunTime:0.000614s ]
INFO: [ view_filter ] --END-- [ RunTime:0.000646s ]
INFO: [ app_end ] --START--
INFO: Run Behavior\ShowPageTraceBehavior [ RunTime:0.000653s ]
INFO: [ app_end ] --END-- [ RunTime:0.000687s ]

[ 2017-01-01T03:08:29+08:00 ] ::1 /oa/index.php/Ucenter/staff/index.html
INFO: [ app_init ] --START--
INFO: Run Behavior\BuildLiteBehavior [ RunTime:0.000011s ]
INFO: [ app_init ] --END-- [ RunTime:0.000501s ]
INFO: [ app_begin ] --START--
INFO: Run Behavior\ReadHtmlCacheBehavior [ RunTime:0.000764s ]
INFO: [ app_begin ] --END-- [ RunTime:0.000838s ]
NOTIC: [2048] Declaration of Ucenter\Model\UserModel::add() should be compatible with Think\Model::add($data = '', $options = Array, $replace = false) G:\www\oa\Application\Ucenter\Model\UserModel.class.php 第 4 行.
SQL: SHOW COLUMNS FROM `oa_user` [ RunTime:0.0030s ]
SQL: SHOW COLUMNS FROM `oa_user` [ RunTime:0.0023s ]
SQL: SELECT * FROM `oa_user`  [ RunTime:0.0002s ]
SQL: SHOW COLUMNS FROM `oa_department` [ RunTime:0.0023s ]
SQL: SELECT `id`,`pname` FROM `oa_department`  [ RunTime:0.0002s ]
INFO: [ view_parse ] --START--
INFO: [ template_filter ] --START--
INFO: Run Behavior\ContentReplaceBehavior [ RunTime:0.000103s ]
INFO: [ template_filter ] --END-- [ RunTime:0.000145s ]
SQL: SHOW COLUMNS FROM `oa_user` [ RunTime:0.0024s ]
SQL: SELECT `name` FROM `oa_user` WHERE `id` = 1 LIMIT 1   [ RunTime:0.0002s ]
SQL: SHOW COLUMNS FROM `oa_user_depart` [ RunTime:0.0025s ]
SQL: SELECT `pid` FROM `oa_user_depart` WHERE `uid` = 1 AND `status` = 1 LIMIT 1   [ RunTime:0.0002s ]
SQL: SHOW COLUMNS FROM `oa_department` [ RunTime:0.0023s ]
NOTIC: [8] Undefined offset: 0 G:\www\oa\ThinkPHP\Library\Think\Db\Driver.class.php 第 550 行.
NOTIC: [8] Undefined offset: 0 G:\www\oa\ThinkPHP\Library\Think\Db\Driver.class.php 第 596 行.
NOTIC: [8] Undefined offset: 0 G:\www\oa\ThinkPHP\Library\Think\Db\Driver.class.php 第 596 行.
NOTIC: [8] Undefined offset: 0 G:\www\oa\ThinkPHP\Library\Think\Db\Driver.class.php 第 597 行.
NOTIC: [8] Undefined offset: 0 G:\www\oa\ThinkPHP\Library\Think\Db\Driver.class.php 第 600 行.
SQL: SELECT `pname` FROM `oa_department` WHERE ( `pid` = null  ) LIMIT 1   [ RunTime:0.0003s ]
SQL: SELECT `pid` FROM `oa_user_depart` WHERE `uid` = 3 AND `status` = 1 LIMIT 1   [ RunTime:0.0003s ]
NOTIC: [8] Undefined offset: 0 G:\www\oa\ThinkPHP\Library\Think\Db\Driver.class.php 第 550 行.
NOTIC: [8] Undefined offset: 0 G:\www\oa\ThinkPHP\Library\Think\Db\Driver.class.php 第 596 行.
NOTIC: [8] Undefined offset: 0 G:\www\oa\ThinkPHP\Library\Think\Db\Driver.class.php 第 596 行.
NOTIC: [8] Undefined offset: 0 G:\www\oa\ThinkPHP\Library\Think\Db\Driver.class.php 第 597 行.
NOTIC: [8] Undefined offset: 0 G:\www\oa\ThinkPHP\Library\Think\Db\Driver.class.php 第 600 行.
SQL: SELECT `pname` FROM `oa_department` WHERE ( `pid` = null  ) LIMIT 1   [ RunTime:0.0002s ]
SQL: SELECT `pid` FROM `oa_user_depart` WHERE `uid` = 4 AND `status` = 1 LIMIT 1   [ RunTime:0.0002s ]
NOTIC: [8] Undefined offset: 0 G:\www\oa\ThinkPHP\Library\Think\Db\Driver.class.php 第 550 行.
NOTIC: [8] Undefined offset: 0 G:\www\oa\ThinkPHP\Library\Think\Db\Driver.class.php 第 596 行.
NOTIC: [8] Undefined offset: 0 G:\www\oa\ThinkPHP\Library\Think\Db\Driver.class.php 第 596 行.
NOTIC: [8] Undefined offset: 0 G:\www\oa\ThinkPHP\Library\Think\Db\Driver.class.php 第 597 行.
NOTIC: [8] Undefined offset: 0 G:\www\oa\ThinkPHP\Library\Think\Db\Driver.class.php 第 600 行.
SQL: SELECT `pname` FROM `oa_department` WHERE ( `pid` = null  ) LIMIT 1   [ RunTime:0.0002s ]
SQL: SELECT `pid` FROM `oa_user_depart` WHERE `uid` = 5 AND `status` = 1 LIMIT 1   [ RunTime:0.0002s ]
NOTIC: [8] Undefined offset: 0 G:\www\oa\ThinkPHP\Library\Think\Db\Driver.class.php 第 550 行.
NOTIC: [8] Undefined offset: 0 G:\www\oa\ThinkPHP\Library\Think\Db\Driver.class.php 第 596 行.
NOTIC: [8] Undefined offset: 0 G:\www\oa\ThinkPHP\Library\Think\Db\Driver.class.php 第 596 行.
NOTIC: [8] Undefined offset: 0 G:\www\oa\ThinkPHP\Library\Think\Db\Driver.class.php 第 597 行.
NOTIC: [8] Undefined offset: 0 G:\www\oa\ThinkPHP\Library\Think\Db\Driver.class.php 第 600 行.
SQL: SELECT `pname` FROM `oa_department` WHERE ( `pid` = null  ) LIMIT 1   [ RunTime:0.0002s ]
SQL: SELECT `pid` FROM `oa_user_depart` WHERE `uid` = 8 AND `status` = 1 LIMIT 1   [ RunTime:0.0002s ]
NOTIC: [8] Undefined offset: 0 G:\www\oa\ThinkPHP\Library\Think\Db\Driver.class.php 第 550 行.
NOTIC: [8] Undefined offset: 0 G:\www\oa\ThinkPHP\Library\Think\Db\Driver.class.php 第 596 行.
NOTIC: [8] Undefined offset: 0 G:\www\oa\ThinkPHP\Library\Think\Db\Driver.class.php 第 596 行.
NOTIC: [8] Undefined offset: 0 G:\www\oa\ThinkPHP\Library\Think\Db\Driver.class.php 第 597 行.
NOTIC: [8] Undefined offset: 0 G:\www\oa\ThinkPHP\Library\Think\Db\Driver.class.php 第 600 行.
SQL: SELECT `pname` FROM `oa_department` WHERE ( `pid` = null  ) LIMIT 1   [ RunTime:0.0002s ]
INFO: Run Behavior\ParseTemplateBehavior [ RunTime:0.024063s ]
INFO: [ view_parse ] --END-- [ RunTime:0.024096s ]
INFO: [ view_filter ] --START--
INFO: Run Behavior\WriteHtmlCacheBehavior [ RunTime:0.000611s ]
INFO: [ view_filter ] --END-- [ RunTime:0.000638s ]
INFO: [ app_end ] --START--
INFO: Run Behavior\ShowPageTraceBehavior [ RunTime:0.000622s ]
INFO: [ app_end ] --END-- [ RunTime:0.000663s ]

[ 2017-01-01T03:08:40+08:00 ] ::1 /oa/index.php/Ucenter/staff/index.html
INFO: [ app_init ] --START--
INFO: Run Behavior\BuildLiteBehavior [ RunTime:0.000013s ]
INFO: [ app_init ] --END-- [ RunTime:0.000510s ]
INFO: [ app_begin ] --START--
INFO: Run Behavior\ReadHtmlCacheBehavior [ RunTime:0.000754s ]
INFO: [ app_begin ] --END-- [ RunTime:0.000799s ]
NOTIC: [2048] Declaration of Ucenter\Model\UserModel::add() should be compatible with Think\Model::add($data = '', $options = Array, $replace = false) G:\www\oa\Application\Ucenter\Model\UserModel.class.php 第 4 行.
SQL: SHOW COLUMNS FROM `oa_user` [ RunTime:0.0033s ]
SQL: SHOW COLUMNS FROM `oa_user` [ RunTime:0.0043s ]
SQL: SELECT * FROM `oa_user`  [ RunTime:0.0003s ]
SQL: SHOW COLUMNS FROM `oa_department` [ RunTime:0.0029s ]
SQL: SELECT `id`,`pname` FROM `oa_department`  [ RunTime:0.0002s ]
INFO: [ view_parse ] --START--
INFO: [ template_filter ] --START--
INFO: Run Behavior\ContentReplaceBehavior [ RunTime:0.000134s ]
INFO: [ template_filter ] --END-- [ RunTime:0.000184s ]
SQL: SHOW COLUMNS FROM `oa_user` [ RunTime:0.0031s ]
SQL: SELECT `name` FROM `oa_user` WHERE `id` = 1 LIMIT 1   [ RunTime:0.0002s ]
SQL: SHOW COLUMNS FROM `oa_user_depart` [ RunTime:0.0029s ]
SQL: SELECT `pid` FROM `oa_user_depart` WHERE `uid` = 1 AND `status` = 1 LIMIT 1   [ RunTime:0.0002s ]
SQL: SHOW COLUMNS FROM `oa_department` [ RunTime:0.0024s ]
SQL: SELECT `pname` FROM `oa_department` WHERE `pid` = 1 LIMIT 1   [ RunTime:0.0002s ]
SQL: SELECT `pid` FROM `oa_user_depart` WHERE `uid` = 3 AND `status` = 1 LIMIT 1   [ RunTime:0.0002s ]
SQL: SELECT `pname` FROM `oa_department` WHERE `pid` = 1 LIMIT 1   [ RunTime:0.0002s ]
SQL: SELECT `pid` FROM `oa_user_depart` WHERE `uid` = 4 AND `status` = 1 LIMIT 1   [ RunTime:0.0002s ]
SQL: SELECT `pname` FROM `oa_department` WHERE `pid` = 4 LIMIT 1   [ RunTime:0.0002s ]
SQL: SELECT `pid` FROM `oa_user_depart` WHERE `uid` = 5 AND `status` = 1 LIMIT 1   [ RunTime:0.0002s ]
SQL: SELECT `pname` FROM `oa_department` WHERE `pid` = 20 LIMIT 1   [ RunTime:0.0002s ]
SQL: SELECT `pid` FROM `oa_user_depart` WHERE `uid` = 8 AND `status` = 1 LIMIT 1   [ RunTime:0.0003s ]
SQL: SELECT `pname` FROM `oa_department` WHERE `pid` = 1 LIMIT 1   [ RunTime:0.0003s ]
INFO: Run Behavior\ParseTemplateBehavior [ RunTime:0.026739s ]
INFO: [ view_parse ] --END-- [ RunTime:0.026778s ]
INFO: [ view_filter ] --START--
INFO: Run Behavior\WriteHtmlCacheBehavior [ RunTime:0.000675s ]
INFO: [ view_filter ] --END-- [ RunTime:0.000713s ]
INFO: [ app_end ] --START--
INFO: Run Behavior\ShowPageTraceBehavior [ RunTime:0.000673s ]
INFO: [ app_end ] --END-- [ RunTime:0.000708s ]

[ 2017-01-01T03:09:14+08:00 ] ::1 /oa/index.php/Ucenter/staff/index.html
INFO: [ app_init ] --START--
INFO: Run Behavior\BuildLiteBehavior [ RunTime:0.000008s ]
INFO: [ app_init ] --END-- [ RunTime:0.000360s ]
INFO: [ app_begin ] --START--
INFO: Run Behavior\ReadHtmlCacheBehavior [ RunTime:0.000545s ]
INFO: [ app_begin ] --END-- [ RunTime:0.000580s ]
NOTIC: [2048] Declaration of Ucenter\Model\UserModel::add() should be compatible with Think\Model::add($data = '', $options = Array, $replace = false) G:\www\oa\Application\Ucenter\Model\UserModel.class.php 第 4 行.
SQL: SHOW COLUMNS FROM `oa_user` [ RunTime:0.0029s ]
SQL: SHOW COLUMNS FROM `oa_user` [ RunTime:0.0032s ]
SQL: SELECT * FROM `oa_user`  [ RunTime:0.0003s ]
SQL: SHOW COLUMNS FROM `oa_department` [ RunTime:0.0022s ]
SQL: SELECT `id`,`pname` FROM `oa_department`  [ RunTime:0.0002s ]
INFO: [ view_parse ] --START--
INFO: [ template_filter ] --START--
INFO: Run Behavior\ContentReplaceBehavior [ RunTime:0.000110s ]
INFO: [ template_filter ] --END-- [ RunTime:0.000151s ]
SQL: SHOW COLUMNS FROM `oa_user` [ RunTime:0.0027s ]
SQL: SELECT `name` FROM `oa_user` WHERE `id` = 1 LIMIT 1   [ RunTime:0.0002s ]
SQL: SHOW COLUMNS FROM `oa_user_depart` [ RunTime:0.0030s ]
SQL: SELECT `pid` FROM `oa_user_depart` WHERE `uid` = 1 AND `status` = 1 LIMIT 1   [ RunTime:0.0002s ]
SQL: SHOW COLUMNS FROM `oa_department` [ RunTime:0.0023s ]
SQL: SELECT `pname` FROM `oa_department` WHERE `pid` = 1 LIMIT 1   [ RunTime:0.0002s ]
SQL: SELECT `pid` FROM `oa_user_depart` WHERE `uid` = 3 AND `status` = 1 LIMIT 1   [ RunTime:0.0002s ]
SQL: SELECT `pname` FROM `oa_department` WHERE `pid` = 1 LIMIT 1   [ RunTime:0.0001s ]
SQL: SELECT `pid` FROM `oa_user_depart` WHERE `uid` = 4 AND `status` = 1 LIMIT 1   [ RunTime:0.0002s ]
SQL: SELECT `pname` FROM `oa_department` WHERE `pid` = 4 LIMIT 1   [ RunTime:0.0002s ]
SQL: SELECT `pid` FROM `oa_user_depart` WHERE `uid` = 5 AND `status` = 1 LIMIT 1   [ RunTime:0.0002s ]
SQL: SELECT `pname` FROM `oa_department` WHERE `pid` = 20 LIMIT 1   [ RunTime:0.0001s ]
SQL: SELECT `pid` FROM `oa_user_depart` WHERE `uid` = 8 AND `status` = 1 LIMIT 1   [ RunTime:0.0002s ]
SQL: SELECT `pname` FROM `oa_department` WHERE `pid` = 1 LIMIT 1   [ RunTime:0.0001s ]
INFO: Run Behavior\ParseTemplateBehavior [ RunTime:0.023491s ]
INFO: [ view_parse ] --END-- [ RunTime:0.023529s ]
INFO: [ view_filter ] --START--
INFO: Run Behavior\WriteHtmlCacheBehavior [ RunTime:0.000527s ]
INFO: [ view_filter ] --END-- [ RunTime:0.000559s ]
INFO: [ app_end ] --START--
INFO: Run Behavior\ShowPageTraceBehavior [ RunTime:0.000612s ]
INFO: [ app_end ] --END-- [ RunTime:0.000647s ]

[ 2017-01-01T03:09:15+08:00 ] ::1 /oa/index.php/Ucenter/staff/index.html
INFO: [ app_init ] --START--
INFO: Run Behavior\BuildLiteBehavior [ RunTime:0.000011s ]
INFO: [ app_init ] --END-- [ RunTime:0.000456s ]
INFO: [ app_begin ] --START--
INFO: Run Behavior\ReadHtmlCacheBehavior [ RunTime:0.000786s ]
INFO: [ app_begin ] --END-- [ RunTime:0.000840s ]
NOTIC: [2048] Declaration of Ucenter\Model\UserModel::add() should be compatible with Think\Model::add($data = '', $options = Array, $replace = false) G:\www\oa\Application\Ucenter\Model\UserModel.class.php 第 4 行.
SQL: SHOW COLUMNS FROM `oa_user` [ RunTime:0.0030s ]
SQL: SHOW COLUMNS FROM `oa_user` [ RunTime:0.0030s ]
SQL: SELECT * FROM `oa_user`  [ RunTime:0.0004s ]
SQL: SHOW COLUMNS FROM `oa_department` [ RunTime:0.0032s ]
SQL: SELECT `id`,`pname` FROM `oa_department`  [ RunTime:0.0002s ]
INFO: [ view_parse ] --START--
INFO: [ template_filter ] --START--
INFO: Run Behavior\ContentReplaceBehavior [ RunTime:0.000104s ]
INFO: [ template_filter ] --END-- [ RunTime:0.000143s ]
SQL: SHOW COLUMNS FROM `oa_user` [ RunTime:0.0028s ]
SQL: SELECT `name` FROM `oa_user` WHERE `id` = 1 LIMIT 1   [ RunTime:0.0002s ]
SQL: SHOW COLUMNS FROM `oa_user_depart` [ RunTime:0.0023s ]
SQL: SELECT `pid` FROM `oa_user_depart` WHERE `uid` = 1 AND `status` = 1 LIMIT 1   [ RunTime:0.0002s ]
SQL: SHOW COLUMNS FROM `oa_department` [ RunTime:0.0023s ]
SQL: SELECT `pname` FROM `oa_department` WHERE `pid` = 1 LIMIT 1   [ RunTime:0.0002s ]
SQL: SELECT `pid` FROM `oa_user_depart` WHERE `uid` = 3 AND `status` = 1 LIMIT 1   [ RunTime:0.0002s ]
SQL: SELECT `pname` FROM `oa_department` WHERE `pid` = 1 LIMIT 1   [ RunTime:0.0001s ]
SQL: SELECT `pid` FROM `oa_user_depart` WHERE `uid` = 4 AND `status` = 1 LIMIT 1   [ RunTime:0.0002s ]
SQL: SELECT `pname` FROM `oa_department` WHERE `pid` = 4 LIMIT 1   [ RunTime:0.0001s ]
SQL: SELECT `pid` FROM `oa_user_depart` WHERE `uid` = 5 AND `status` = 1 LIMIT 1   [ RunTime:0.0002s ]
SQL: SELECT `pname` FROM `oa_department` WHERE `pid` = 20 LIMIT 1   [ RunTime:0.0002s ]
SQL: SELECT `pid` FROM `oa_user_depart` WHERE `uid` = 8 AND `status` = 1 LIMIT 1   [ RunTime:0.0002s ]
SQL: SELECT `pname` FROM `oa_department` WHERE `pid` = 1 LIMIT 1   [ RunTime:0.0002s ]
INFO: Run Behavior\ParseTemplateBehavior [ RunTime:0.024028s ]
INFO: [ view_parse ] --END-- [ RunTime:0.024068s ]
INFO: [ view_filter ] --START--
INFO: Run Behavior\WriteHtmlCacheBehavior [ RunTime:0.000633s ]
INFO: [ view_filter ] --END-- [ RunTime:0.000669s ]
INFO: [ app_end ] --START--
INFO: Run Behavior\ShowPageTraceBehavior [ RunTime:0.000620s ]
INFO: [ app_end ] --END-- [ RunTime:0.000658s ]

[ 2017-01-01T03:09:16+08:00 ] ::1 /oa/index.php/Ucenter/staff/index.html
INFO: [ app_init ] --START--
INFO: Run Behavior\BuildLiteBehavior [ RunTime:0.000027s ]
INFO: [ app_init ] --END-- [ RunTime:0.000780s ]
INFO: [ app_begin ] --START--
INFO: Run Behavior\ReadHtmlCacheBehavior [ RunTime:0.001442s ]
INFO: [ app_begin ] --END-- [ RunTime:0.001526s ]
NOTIC: [2048] Declaration of Ucenter\Model\UserModel::add() should be compatible with Think\Model::add($data = '', $options = Array, $replace = false) G:\www\oa\Application\Ucenter\Model\UserModel.class.php 第 4 行.
SQL: SHOW COLUMNS FROM `oa_user` [ RunTime:0.0028s ]
SQL: SHOW COLUMNS FROM `oa_user` [ RunTime:0.0022s ]
SQL: SELECT * FROM `oa_user`  [ RunTime:0.0002s ]
SQL: SHOW COLUMNS FROM `oa_department` [ RunTime:0.0023s ]
SQL: SELECT `id`,`pname` FROM `oa_department`  [ RunTime:0.0002s ]
INFO: [ view_parse ] --START--
INFO: [ template_filter ] --START--
INFO: Run Behavior\ContentReplaceBehavior [ RunTime:0.000100s ]
INFO: [ template_filter ] --END-- [ RunTime:0.000132s ]
SQL: SHOW COLUMNS FROM `oa_user` [ RunTime:0.0028s ]
SQL: SELECT `name` FROM `oa_user` WHERE `id` = 1 LIMIT 1   [ RunTime:0.0002s ]
SQL: SHOW COLUMNS FROM `oa_user_depart` [ RunTime:0.0024s ]
SQL: SELECT `pid` FROM `oa_user_depart` WHERE `uid` = 1 AND `status` = 1 LIMIT 1   [ RunTime:0.0002s ]
SQL: SHOW COLUMNS FROM `oa_department` [ RunTime:0.0022s ]
SQL: SELECT `pname` FROM `oa_department` WHERE `pid` = 1 LIMIT 1   [ RunTime:0.0002s ]
SQL: SELECT `pid` FROM `oa_user_depart` WHERE `uid` = 3 AND `status` = 1 LIMIT 1   [ RunTime:0.0002s ]
SQL: SELECT `pname` FROM `oa_department` WHERE `pid` = 1 LIMIT 1   [ RunTime:0.0001s ]
SQL: SELECT `pid` FROM `oa_user_depart` WHERE `uid` = 4 AND `status` = 1 LIMIT 1   [ RunTime:0.0002s ]
SQL: SELECT `pname` FROM `oa_department` WHERE `pid` = 4 LIMIT 1   [ RunTime:0.0001s ]
SQL: SELECT `pid` FROM `oa_user_depart` WHERE `uid` = 5 AND `status` = 1 LIMIT 1   [ RunTime:0.0002s ]
SQL: SELECT `pname` FROM `oa_department` WHERE `pid` = 20 LIMIT 1   [ RunTime:0.0002s ]
SQL: SELECT `pid` FROM `oa_user_depart` WHERE `uid` = 8 AND `status` = 1 LIMIT 1   [ RunTime:0.0002s ]
SQL: SELECT `pname` FROM `oa_department` WHERE `pid` = 1 LIMIT 1   [ RunTime:0.0002s ]
INFO: Run Behavior\ParseTemplateBehavior [ RunTime:0.021549s ]
INFO: [ view_parse ] --END-- [ RunTime:0.021585s ]
INFO: [ view_filter ] --START--
INFO: Run Behavior\WriteHtmlCacheBehavior [ RunTime:0.000603s ]
INFO: [ view_filter ] --END-- [ RunTime:0.000638s ]
INFO: [ app_end ] --START--
INFO: Run Behavior\ShowPageTraceBehavior [ RunTime:0.000740s ]
INFO: [ app_end ] --END-- [ RunTime:0.000785s ]

[ 2017-01-01T03:09:23+08:00 ] ::1 /oa/index.php/Ucenter/staff/index.html
INFO: [ app_init ] --START--
INFO: Run Behavior\BuildLiteBehavior [ RunTime:0.000019s ]
INFO: [ app_init ] --END-- [ RunTime:0.000850s ]
INFO: [ app_begin ] --START--
INFO: Run Behavior\ReadHtmlCacheBehavior [ RunTime:0.001199s ]
INFO: [ app_begin ] --END-- [ RunTime:0.001278s ]
NOTIC: [2048] Declaration of Ucenter\Model\UserModel::add() should be compatible with Think\Model::add($data = '', $options = Array, $replace = false) G:\www\oa\Application\Ucenter\Model\UserModel.class.php 第 4 行.
SQL: SHOW COLUMNS FROM `oa_user` [ RunTime:0.0037s ]
SQL: SHOW COLUMNS FROM `oa_user` [ RunTime:0.0023s ]
SQL: SELECT * FROM `oa_user`  [ RunTime:0.0002s ]
SQL: SHOW COLUMNS FROM `oa_department` [ RunTime:0.0023s ]
SQL: SELECT `id`,`pname` FROM `oa_department`  [ RunTime:0.0001s ]
INFO: [ view_parse ] --START--
INFO: [ template_filter ] --START--
INFO: Run Behavior\ContentReplaceBehavior [ RunTime:0.000108s ]
INFO: [ template_filter ] --END-- [ RunTime:0.000146s ]
SQL: SHOW COLUMNS FROM `oa_user` [ RunTime:0.0029s ]
SQL: SELECT `name` FROM `oa_user` WHERE `id` = 1 LIMIT 1   [ RunTime:0.0002s ]
SQL: SHOW COLUMNS FROM `oa_user_depart` [ RunTime:0.0025s ]
SQL: SELECT `pid` FROM `oa_user_depart` WHERE `uid` = 1 AND `status` = 1 LIMIT 1   [ RunTime:0.0002s ]
SQL: SHOW COLUMNS FROM `oa_department` [ RunTime:0.0027s ]
SQL: SELECT `pname` FROM `oa_department` WHERE `id` = 1 LIMIT 1   [ RunTime:0.0002s ]
SQL: SELECT `pid` FROM `oa_user_depart` WHERE `uid` = 3 AND `status` = 1 LIMIT 1   [ RunTime:0.0003s ]
SQL: SELECT `pname` FROM `oa_department` WHERE `id` = 1 LIMIT 1   [ RunTime:0.0002s ]
SQL: SELECT `pid` FROM `oa_user_depart` WHERE `uid` = 4 AND `status` = 1 LIMIT 1   [ RunTime:0.0002s ]
SQL: SELECT `pname` FROM `oa_department` WHERE `id` = 4 LIMIT 1   [ RunTime:0.0002s ]
SQL: SELECT `pid` FROM `oa_user_depart` WHERE `uid` = 5 AND `status` = 1 LIMIT 1   [ RunTime:0.0002s ]
SQL: SELECT `pname` FROM `oa_department` WHERE `id` = 20 LIMIT 1   [ RunTime:0.0002s ]
SQL: SELECT `pid` FROM `oa_user_depart` WHERE `uid` = 8 AND `status` = 1 LIMIT 1   [ RunTime:0.0002s ]
SQL: SELECT `pname` FROM `oa_department` WHERE `id` = 1 LIMIT 1   [ RunTime:0.0001s ]
INFO: Run Behavior\ParseTemplateBehavior [ RunTime:0.023991s ]
INFO: [ view_parse ] --END-- [ RunTime:0.024029s ]
INFO: [ view_filter ] --START--
INFO: Run Behavior\WriteHtmlCacheBehavior [ RunTime:0.000566s ]
INFO: [ view_filter ] --END-- [ RunTime:0.000598s ]
INFO: [ app_end ] --START--
INFO: Run Behavior\ShowPageTraceBehavior [ RunTime:0.000642s ]
INFO: [ app_end ] --END-- [ RunTime:0.000678s ]

[ 2017-01-01T03:26:36+08:00 ] ::1 /oa/index.php/Ucenter/Staff/edit/id/1.html
INFO: [ app_init ] --START--
INFO: Run Behavior\BuildLiteBehavior [ RunTime:0.000014s ]
INFO: [ app_init ] --END-- [ RunTime:0.000665s ]
INFO: [ app_begin ] --START--
INFO: Run Behavior\ReadHtmlCacheBehavior [ RunTime:0.000703s ]
INFO: [ app_begin ] --END-- [ RunTime:0.000741s ]
NOTIC: [2048] Declaration of Ucenter\Model\UserModel::add() should be compatible with Think\Model::add($data = '', $options = Array, $replace = false) G:\www\oa\Application\Ucenter\Model\UserModel.class.php 第 4 行.
SQL: SHOW COLUMNS FROM `oa_user` [ RunTime:0.0061s ]
SQL: SHOW COLUMNS FROM `oa_user` [ RunTime:0.0023s ]
SQL: SELECT * FROM `oa_user` WHERE `id` = 1 LIMIT 1   [ RunTime:0.0002s ]
INFO: [ view_parse ] --START--
INFO: [ template_filter ] --START--
INFO: Run Behavior\ContentReplaceBehavior [ RunTime:0.000090s ]
INFO: [ template_filter ] --END-- [ RunTime:0.000141s ]
SQL: SHOW COLUMNS FROM `oa_user` [ RunTime:0.0059s ]
SQL: SELECT `name` FROM `oa_user` WHERE `id` = 1 LIMIT 1   [ RunTime:0.0002s ]
INFO: Run Behavior\ParseTemplateBehavior [ RunTime:0.060812s ]
INFO: [ view_parse ] --END-- [ RunTime:0.060845s ]
INFO: [ view_filter ] --START--
INFO: Run Behavior\WriteHtmlCacheBehavior [ RunTime:0.011347s ]
INFO: [ view_filter ] --END-- [ RunTime:0.011543s ]
INFO: [ app_end ] --START--
INFO: Run Behavior\ShowPageTraceBehavior [ RunTime:0.002279s ]
INFO: [ app_end ] --END-- [ RunTime:0.002482s ]

[ 2017-01-01T03:26:47+08:00 ] ::1 /oa/index.php/Ucenter/Staff/edit/id/1.html
INFO: [ app_init ] --START--
INFO: Run Behavior\BuildLiteBehavior [ RunTime:0.000011s ]
INFO: [ app_init ] --END-- [ RunTime:0.000401s ]
INFO: [ app_begin ] --START--
INFO: Run Behavior\ReadHtmlCacheBehavior [ RunTime:0.000564s ]
INFO: [ app_begin ] --END-- [ RunTime:0.000605s ]
NOTIC: [2048] Declaration of Ucenter\Model\UserModel::add() should be compatible with Think\Model::add($data = '', $options = Array, $replace = false) G:\www\oa\Application\Ucenter\Model\UserModel.class.php 第 4 行.
SQL: SHOW COLUMNS FROM `oa_user` [ RunTime:0.0038s ]
SQL: SHOW COLUMNS FROM `oa_user` [ RunTime:0.0034s ]
SQL: SELECT * FROM `oa_user` WHERE `id` = 1 LIMIT 1   [ RunTime:0.0002s ]
INFO: [ view_parse ] --START--
INFO: [ template_filter ] --START--
INFO: Run Behavior\ContentReplaceBehavior [ RunTime:0.000067s ]
INFO: [ template_filter ] --END-- [ RunTime:0.000105s ]
SQL: SHOW COLUMNS FROM `oa_user` [ RunTime:0.0046s ]
SQL: SELECT `name` FROM `oa_user` WHERE `id` = 1 LIMIT 1   [ RunTime:0.0004s ]
INFO: Run Behavior\ParseTemplateBehavior [ RunTime:0.015393s ]
INFO: [ view_parse ] --END-- [ RunTime:0.015434s ]
INFO: [ view_filter ] --START--
INFO: Run Behavior\WriteHtmlCacheBehavior [ RunTime:0.000840s ]
INFO: [ view_filter ] --END-- [ RunTime:0.000873s ]
INFO: [ app_end ] --START--
INFO: Run Behavior\ShowPageTraceBehavior [ RunTime:0.000634s ]
INFO: [ app_end ] --END-- [ RunTime:0.000672s ]

[ 2017-01-01T03:26:50+08:00 ] ::1 /oa/index.php/Ucenter/Staff/edit.html
INFO: [ app_init ] --START--
INFO: Run Behavior\BuildLiteBehavior [ RunTime:0.000015s ]
INFO: [ app_init ] --END-- [ RunTime:0.000506s ]
INFO: [ app_begin ] --START--
INFO: Run Behavior\ReadHtmlCacheBehavior [ RunTime:0.000701s ]
INFO: [ app_begin ] --END-- [ RunTime:0.000751s ]
NOTIC: [2048] Declaration of Ucenter\Model\UserModel::add() should be compatible with Think\Model::add($data = '', $options = Array, $replace = false) G:\www\oa\Application\Ucenter\Model\UserModel.class.php 第 4 行.
SQL: SHOW COLUMNS FROM `oa_user` [ RunTime:0.0043s ]
SQL: SHOW COLUMNS FROM `oa_user` [ RunTime:0.0033s ]
SQL: UPDATE `oa_user` SET `name`='admin',`phone`='18770814993',`tel`='1232313',`addr`='' WHERE `id` = 1 [ RunTime:0.0060s ]

[ 2017-01-01T03:26:53+08:00 ] ::1 /oa/index.php/Ucenter/Staff/index.html
INFO: [ app_init ] --START--
INFO: Run Behavior\BuildLiteBehavior [ RunTime:0.000010s ]
INFO: [ app_init ] --END-- [ RunTime:0.000367s ]
INFO: [ app_begin ] --START--
INFO: Run Behavior\ReadHtmlCacheBehavior [ RunTime:0.000672s ]
INFO: [ app_begin ] --END-- [ RunTime:0.000733s ]
NOTIC: [2048] Declaration of Ucenter\Model\UserModel::add() should be compatible with Think\Model::add($data = '', $options = Array, $replace = false) G:\www\oa\Application\Ucenter\Model\UserModel.class.php 第 4 行.
SQL: SHOW COLUMNS FROM `oa_user` [ RunTime:0.0028s ]
SQL: SHOW COLUMNS FROM `oa_user` [ RunTime:0.0023s ]
SQL: SELECT * FROM `oa_user`  [ RunTime:0.0002s ]
SQL: SHOW COLUMNS FROM `oa_department` [ RunTime:0.0023s ]
SQL: SELECT `id`,`pname` FROM `oa_department`  [ RunTime:0.0002s ]
INFO: [ view_parse ] --START--
INFO: [ template_filter ] --START--
INFO: Run Behavior\ContentReplaceBehavior [ RunTime:0.000182s ]
INFO: [ template_filter ] --END-- [ RunTime:0.000254s ]
SQL: SHOW COLUMNS FROM `oa_user` [ RunTime:0.0052s ]
SQL: SELECT `name` FROM `oa_user` WHERE `id` = 1 LIMIT 1   [ RunTime:0.0003s ]
SQL: SHOW COLUMNS FROM `oa_user_depart` [ RunTime:0.0030s ]
SQL: SELECT `pid` FROM `oa_user_depart` WHERE `uid` = 1 AND `status` = 1 LIMIT 1   [ RunTime:0.0003s ]
SQL: SHOW COLUMNS FROM `oa_department` [ RunTime:0.0026s ]
SQL: SELECT `pname` FROM `oa_department` WHERE `id` = 1 LIMIT 1   [ RunTime:0.0002s ]
SQL: SELECT `pid` FROM `oa_user_depart` WHERE `uid` = 3 AND `status` = 1 LIMIT 1   [ RunTime:0.0002s ]
SQL: SELECT `pname` FROM `oa_department` WHERE `id` = 1 LIMIT 1   [ RunTime:0.0002s ]
SQL: SELECT `pid` FROM `oa_user_depart` WHERE `uid` = 4 AND `status` = 1 LIMIT 1   [ RunTime:0.0002s ]
SQL: SELECT `pname` FROM `oa_department` WHERE `id` = 4 LIMIT 1   [ RunTime:0.0002s ]
SQL: SELECT `pid` FROM `oa_user_depart` WHERE `uid` = 5 AND `status` = 1 LIMIT 1   [ RunTime:0.0002s ]
SQL: SELECT `pname` FROM `oa_department` WHERE `id` = 20 LIMIT 1   [ RunTime:0.0002s ]
SQL: SELECT `pid` FROM `oa_user_depart` WHERE `uid` = 8 AND `status` = 1 LIMIT 1   [ RunTime:0.0002s ]
SQL: SELECT `pname` FROM `oa_department` WHERE `id` = 1 LIMIT 1   [ RunTime:0.0002s ]
INFO: Run Behavior\ParseTemplateBehavior [ RunTime:0.033443s ]
INFO: [ view_parse ] --END-- [ RunTime:0.033475s ]
INFO: [ view_filter ] --START--
INFO: Run Behavior\WriteHtmlCacheBehavior [ RunTime:0.000564s ]
INFO: [ view_filter ] --END-- [ RunTime:0.000598s ]
INFO: [ app_end ] --START--
INFO: Run Behavior\ShowPageTraceBehavior [ RunTime:0.000646s ]
INFO: [ app_end ] --END-- [ RunTime:0.000680s ]

[ 2017-01-01T03:26:58+08:00 ] ::1 /oa/index.php/Ucenter/Staff/edit/id/1.html
INFO: [ app_init ] --START--
INFO: Run Behavior\BuildLiteBehavior [ RunTime:0.000013s ]
INFO: [ app_init ] --END-- [ RunTime:0.000425s ]
INFO: [ app_begin ] --START--
INFO: Run Behavior\ReadHtmlCacheBehavior [ RunTime:0.000653s ]
INFO: [ app_begin ] --END-- [ RunTime:0.000698s ]
NOTIC: [2048] Declaration of Ucenter\Model\UserModel::add() should be compatible with Think\Model::add($data = '', $options = Array, $replace = false) G:\www\oa\Application\Ucenter\Model\UserModel.class.php 第 4 行.
SQL: SHOW COLUMNS FROM `oa_user` [ RunTime:0.0028s ]
SQL: SHOW COLUMNS FROM `oa_user` [ RunTime:0.0031s ]
SQL: SELECT * FROM `oa_user` WHERE `id` = 1 LIMIT 1   [ RunTime:0.0007s ]
INFO: [ view_parse ] --START--
INFO: [ template_filter ] --START--
INFO: Run Behavior\ContentReplaceBehavior [ RunTime:0.000069s ]
INFO: [ template_filter ] --END-- [ RunTime:0.000111s ]
SQL: SHOW COLUMNS FROM `oa_user` [ RunTime:0.0026s ]
SQL: SELECT `name` FROM `oa_user` WHERE `id` = 1 LIMIT 1   [ RunTime:0.0002s ]
INFO: Run Behavior\ParseTemplateBehavior [ RunTime:0.011555s ]
INFO: [ view_parse ] --END-- [ RunTime:0.011588s ]
INFO: [ view_filter ] --START--
INFO: Run Behavior\WriteHtmlCacheBehavior [ RunTime:0.000482s ]
INFO: [ view_filter ] --END-- [ RunTime:0.000510s ]
INFO: [ app_end ] --START--
INFO: Run Behavior\ShowPageTraceBehavior [ RunTime:0.000565s ]
INFO: [ app_end ] --END-- [ RunTime:0.000597s ]

[ 2017-01-01T03:27:03+08:00 ] ::1 /oa/index.php/Ucenter/Staff/edit.html
INFO: [ app_init ] --START--
INFO: Run Behavior\BuildLiteBehavior [ RunTime:0.000012s ]
INFO: [ app_init ] --END-- [ RunTime:0.000395s ]
INFO: [ app_begin ] --START--
INFO: Run Behavior\ReadHtmlCacheBehavior [ RunTime:0.000545s ]
INFO: [ app_begin ] --END-- [ RunTime:0.000587s ]
NOTIC: [2048] Declaration of Ucenter\Model\UserModel::add() should be compatible with Think\Model::add($data = '', $options = Array, $replace = false) G:\www\oa\Application\Ucenter\Model\UserModel.class.php 第 4 行.
SQL: SHOW COLUMNS FROM `oa_user` [ RunTime:0.0034s ]
SQL: SHOW COLUMNS FROM `oa_user` [ RunTime:0.0028s ]
SQL: UPDATE `oa_user` SET `name`='admin',`phone`='18770814993',`tel`='1232313',`addr`='' WHERE `id` = 1 [ RunTime:0.0017s ]

[ 2017-01-01T03:27:05+08:00 ] ::1 /oa/index.php/Ucenter/Staff/edit/id/1.html
INFO: [ app_init ] --START--
INFO: Run Behavior\BuildLiteBehavior [ RunTime:0.000019s ]
INFO: [ app_init ] --END-- [ RunTime:0.000493s ]
INFO: [ app_begin ] --START--
INFO: Run Behavior\ReadHtmlCacheBehavior [ RunTime:0.001758s ]
INFO: [ app_begin ] --END-- [ RunTime:0.002008s ]
NOTIC: [2048] Declaration of Ucenter\Model\UserModel::add() should be compatible with Think\Model::add($data = '', $options = Array, $replace = false) G:\www\oa\Application\Ucenter\Model\UserModel.class.php 第 4 行.
SQL: SHOW COLUMNS FROM `oa_user` [ RunTime:0.0026s ]
SQL: SHOW COLUMNS FROM `oa_user` [ RunTime:0.0041s ]
SQL: SELECT * FROM `oa_user` WHERE `id` = 1 LIMIT 1   [ RunTime:0.0003s ]
INFO: [ view_parse ] --START--
INFO: [ template_filter ] --START--
INFO: Run Behavior\ContentReplaceBehavior [ RunTime:0.000074s ]
INFO: [ template_filter ] --END-- [ RunTime:0.000115s ]
SQL: SHOW COLUMNS FROM `oa_user` [ RunTime:0.0031s ]
SQL: SELECT `name` FROM `oa_user` WHERE `id` = 1 LIMIT 1   [ RunTime:0.0003s ]
INFO: Run Behavior\ParseTemplateBehavior [ RunTime:0.013107s ]
INFO: [ view_parse ] --END-- [ RunTime:0.013148s ]
INFO: [ view_filter ] --START--
INFO: Run Behavior\WriteHtmlCacheBehavior [ RunTime:0.000985s ]
INFO: [ view_filter ] --END-- [ RunTime:0.001016s ]
INFO: [ app_end ] --START--
INFO: Run Behavior\ShowPageTraceBehavior [ RunTime:0.000741s ]
INFO: [ app_end ] --END-- [ RunTime:0.000800s ]

[ 2017-01-01T03:27:06+08:00 ] ::1 /oa/index.php/Ucenter/Staff/index.html
INFO: [ app_init ] --START--
INFO: Run Behavior\BuildLiteBehavior [ RunTime:0.000025s ]
INFO: [ app_init ] --END-- [ RunTime:0.000471s ]
INFO: [ app_begin ] --START--
INFO: Run Behavior\ReadHtmlCacheBehavior [ RunTime:0.000595s ]
INFO: [ app_begin ] --END-- [ RunTime:0.000640s ]
NOTIC: [2048] Declaration of Ucenter\Model\UserModel::add() should be compatible with Think\Model::add($data = '', $options = Array, $replace = false) G:\www\oa\Application\Ucenter\Model\UserModel.class.php 第 4 行.
SQL: SHOW COLUMNS FROM `oa_user` [ RunTime:0.0024s ]
SQL: SHOW COLUMNS FROM `oa_user` [ RunTime:0.0044s ]
SQL: SELECT * FROM `oa_user`  [ RunTime:0.0004s ]
SQL: SHOW COLUMNS FROM `oa_department` [ RunTime:0.0046s ]
SQL: SELECT `id`,`pname` FROM `oa_department`  [ RunTime:0.0002s ]
INFO: [ view_parse ] --START--
INFO: [ template_filter ] --START--
INFO: Run Behavior\ContentReplaceBehavior [ RunTime:0.000216s ]
INFO: [ template_filter ] --END-- [ RunTime:0.000350s ]
SQL: SHOW COLUMNS FROM `oa_user` [ RunTime:0.0039s ]
SQL: SELECT `name` FROM `oa_user` WHERE `id` = 1 LIMIT 1   [ RunTime:0.0002s ]
SQL: SHOW COLUMNS FROM `oa_user_depart` [ RunTime:0.0026s ]
SQL: SELECT `pid` FROM `oa_user_depart` WHERE `uid` = 1 AND `status` = 1 LIMIT 1   [ RunTime:0.0002s ]
SQL: SHOW COLUMNS FROM `oa_department` [ RunTime:0.0024s ]
SQL: SELECT `pname` FROM `oa_department` WHERE `id` = 1 LIMIT 1   [ RunTime:0.0002s ]
SQL: SELECT `pid` FROM `oa_user_depart` WHERE `uid` = 3 AND `status` = 1 LIMIT 1   [ RunTime:0.0002s ]
SQL: SELECT `pname` FROM `oa_department` WHERE `id` = 1 LIMIT 1   [ RunTime:0.0005s ]
SQL: SELECT `pid` FROM `oa_user_depart` WHERE `uid` = 4 AND `status` = 1 LIMIT 1   [ RunTime:0.0007s ]
SQL: SELECT `pname` FROM `oa_department` WHERE `id` = 4 LIMIT 1   [ RunTime:0.0005s ]
SQL: SELECT `pid` FROM `oa_user_depart` WHERE `uid` = 5 AND `status` = 1 LIMIT 1   [ RunTime:0.0002s ]
SQL: SELECT `pname` FROM `oa_department` WHERE `id` = 20 LIMIT 1   [ RunTime:0.0001s ]
SQL: SELECT `pid` FROM `oa_user_depart` WHERE `uid` = 8 AND `status` = 1 LIMIT 1   [ RunTime:0.0004s ]
SQL: SELECT `pname` FROM `oa_department` WHERE `id` = 1 LIMIT 1   [ RunTime:0.0003s ]
INFO: Run Behavior\ParseTemplateBehavior [ RunTime:0.029251s ]
INFO: [ view_parse ] --END-- [ RunTime:0.029299s ]
INFO: [ view_filter ] --START--
INFO: Run Behavior\WriteHtmlCacheBehavior [ RunTime:0.000821s ]
INFO: [ view_filter ] --END-- [ RunTime:0.000890s ]
INFO: [ app_end ] --START--
INFO: Run Behavior\ShowPageTraceBehavior [ RunTime:0.000760s ]
INFO: [ app_end ] --END-- [ RunTime:0.000808s ]

[ 2017-01-01T03:27:35+08:00 ] ::1 /oa/index.php/Ucenter/Staff/index.html
INFO: [ app_init ] --START--
INFO: Run Behavior\BuildLiteBehavior [ RunTime:0.000015s ]
INFO: [ app_init ] --END-- [ RunTime:0.000564s ]
INFO: [ app_begin ] --START--
INFO: Run Behavior\ReadHtmlCacheBehavior [ RunTime:0.000918s ]
INFO: [ app_begin ] --END-- [ RunTime:0.000980s ]
NOTIC: [2048] Declaration of Ucenter\Model\UserModel::add() should be compatible with Think\Model::add($data = '', $options = Array, $replace = false) G:\www\oa\Application\Ucenter\Model\UserModel.class.php 第 4 行.
SQL: SHOW COLUMNS FROM `oa_user` [ RunTime:0.0039s ]
SQL: SHOW COLUMNS FROM `oa_user` [ RunTime:0.0028s ]
SQL: SELECT * FROM `oa_user`  [ RunTime:0.0003s ]
SQL: SHOW COLUMNS FROM `oa_department` [ RunTime:0.0025s ]
SQL: SELECT `id`,`pname` FROM `oa_department`  [ RunTime:0.0002s ]
INFO: [ view_parse ] --START--
INFO: [ template_filter ] --START--
INFO: Run Behavior\ContentReplaceBehavior [ RunTime:0.000107s ]
INFO: [ template_filter ] --END-- [ RunTime:0.000154s ]
SQL: SHOW COLUMNS FROM `oa_user` [ RunTime:0.0029s ]
SQL: SELECT `name` FROM `oa_user` WHERE `id` = 1 LIMIT 1   [ RunTime:0.0002s ]
SQL: SHOW COLUMNS FROM `oa_user_depart` [ RunTime:0.0026s ]
SQL: SELECT `pid` FROM `oa_user_depart` WHERE `uid` = 1 AND `status` = 1 LIMIT 1   [ RunTime:0.0003s ]
SQL: SHOW COLUMNS FROM `oa_department` [ RunTime:0.0036s ]
SQL: SELECT `pname` FROM `oa_department` WHERE `id` = 1 LIMIT 1   [ RunTime:0.0003s ]
SQL: SELECT `pid` FROM `oa_user_depart` WHERE `uid` = 3 AND `status` = 1 LIMIT 1   [ RunTime:0.0003s ]
SQL: SELECT `pname` FROM `oa_department` WHERE `id` = 1 LIMIT 1   [ RunTime:0.0002s ]
SQL: SELECT `pid` FROM `oa_user_depart` WHERE `uid` = 4 AND `status` = 1 LIMIT 1   [ RunTime:0.0002s ]
SQL: SELECT `pname` FROM `oa_department` WHERE `id` = 4 LIMIT 1   [ RunTime:0.0002s ]
SQL: SELECT `pid` FROM `oa_user_depart` WHERE `uid` = 5 AND `status` = 1 LIMIT 1   [ RunTime:0.0002s ]
SQL: SELECT `pname` FROM `oa_department` WHERE `id` = 20 LIMIT 1   [ RunTime:0.0002s ]
SQL: SELECT `pid` FROM `oa_user_depart` WHERE `uid` = 8 AND `status` = 1 LIMIT 1   [ RunTime:0.0002s ]
SQL: SELECT `pname` FROM `oa_department` WHERE `id` = 1 LIMIT 1   [ RunTime:0.0002s ]
INFO: Run Behavior\ParseTemplateBehavior [ RunTime:0.028026s ]
INFO: [ view_parse ] --END-- [ RunTime:0.028062s ]
INFO: [ view_filter ] --START--
INFO: Run Behavior\WriteHtmlCacheBehavior [ RunTime:0.000540s ]
INFO: [ view_filter ] --END-- [ RunTime:0.000569s ]
INFO: [ app_end ] --START--
INFO: Run Behavior\ShowPageTraceBehavior [ RunTime:0.000603s ]
INFO: [ app_end ] --END-- [ RunTime:0.000635s ]

[ 2017-01-01T03:27:38+08:00 ] ::1 /oa/index.php/Ucenter/Staff/edit/id/1.html
INFO: [ app_init ] --START--
INFO: Run Behavior\BuildLiteBehavior [ RunTime:0.000017s ]
INFO: [ app_init ] --END-- [ RunTime:0.000487s ]
INFO: [ app_begin ] --START--
INFO: Run Behavior\ReadHtmlCacheBehavior [ RunTime:0.000569s ]
INFO: [ app_begin ] --END-- [ RunTime:0.000610s ]
NOTIC: [2048] Declaration of Ucenter\Model\UserModel::add() should be compatible with Think\Model::add($data = '', $options = Array, $replace = false) G:\www\oa\Application\Ucenter\Model\UserModel.class.php 第 4 行.
SQL: SHOW COLUMNS FROM `oa_user` [ RunTime:0.0032s ]
SQL: SHOW COLUMNS FROM `oa_user` [ RunTime:0.0025s ]
SQL: SELECT * FROM `oa_user` WHERE `id` = 1 LIMIT 1   [ RunTime:0.0002s ]
INFO: [ view_parse ] --START--
INFO: [ template_filter ] --START--
INFO: Run Behavior\ContentReplaceBehavior [ RunTime:0.000068s ]
INFO: [ template_filter ] --END-- [ RunTime:0.000107s ]
SQL: SHOW COLUMNS FROM `oa_user` [ RunTime:0.0027s ]
SQL: SELECT `name` FROM `oa_user` WHERE `id` = 1 LIMIT 1   [ RunTime:0.0002s ]
INFO: Run Behavior\ParseTemplateBehavior [ RunTime:0.013360s ]
INFO: [ view_parse ] --END-- [ RunTime:0.013392s ]
INFO: [ view_filter ] --START--
INFO: Run Behavior\WriteHtmlCacheBehavior [ RunTime:0.000508s ]
INFO: [ view_filter ] --END-- [ RunTime:0.000536s ]
INFO: [ app_end ] --START--
INFO: Run Behavior\ShowPageTraceBehavior [ RunTime:0.000601s ]
INFO: [ app_end ] --END-- [ RunTime:0.000633s ]

[ 2017-01-01T03:27:41+08:00 ] ::1 /oa/index.php/Ucenter/Staff/edit.html
INFO: [ app_init ] --START--
INFO: Run Behavior\BuildLiteBehavior [ RunTime:0.000009s ]
INFO: [ app_init ] --END-- [ RunTime:0.000393s ]
INFO: [ app_begin ] --START--
INFO: Run Behavior\ReadHtmlCacheBehavior [ RunTime:0.000549s ]
INFO: [ app_begin ] --END-- [ RunTime:0.000583s ]
NOTIC: [2048] Declaration of Ucenter\Model\UserModel::add() should be compatible with Think\Model::add($data = '', $options = Array, $replace = false) G:\www\oa\Application\Ucenter\Model\UserModel.class.php 第 4 行.
SQL: SHOW COLUMNS FROM `oa_user` [ RunTime:0.0034s ]
SQL: SHOW COLUMNS FROM `oa_user` [ RunTime:0.0041s ]
SQL: UPDATE `oa_user` SET `name`='admin',`phone`='18770814993',`tel`='1232313',`addr`='' WHERE `id` = 1 [ RunTime:0.0022s ]

[ 2017-01-01T03:28:15+08:00 ] ::1 /oa/index.php/Ucenter/Staff/edit/id/1.html
INFO: [ app_init ] --START--
INFO: Run Behavior\BuildLiteBehavior [ RunTime:0.000013s ]
INFO: [ app_init ] --END-- [ RunTime:0.000512s ]
INFO: [ app_begin ] --START--
INFO: Run Behavior\ReadHtmlCacheBehavior [ RunTime:0.000873s ]
INFO: [ app_begin ] --END-- [ RunTime:0.000934s ]
NOTIC: [2048] Declaration of Ucenter\Model\UserModel::add() should be compatible with Think\Model::add($data = '', $options = Array, $replace = false) G:\www\oa\Application\Ucenter\Model\UserModel.class.php 第 4 行.
SQL: SHOW COLUMNS FROM `oa_user` [ RunTime:0.0031s ]
SQL: SHOW COLUMNS FROM `oa_user` [ RunTime:0.0028s ]
SQL: SELECT * FROM `oa_user` WHERE `id` = 1 LIMIT 1   [ RunTime:0.0003s ]
INFO: [ view_parse ] --START--
INFO: [ template_filter ] --START--
INFO: Run Behavior\ContentReplaceBehavior [ RunTime:0.000083s ]
INFO: [ template_filter ] --END-- [ RunTime:0.000128s ]
SQL: SHOW COLUMNS FROM `oa_user` [ RunTime:0.0031s ]
SQL: SELECT `name` FROM `oa_user` WHERE `id` = 1 LIMIT 1   [ RunTime:0.0002s ]
INFO: Run Behavior\ParseTemplateBehavior [ RunTime:0.013935s ]
INFO: [ view_parse ] --END-- [ RunTime:0.013974s ]
INFO: [ view_filter ] --START--
INFO: Run Behavior\WriteHtmlCacheBehavior [ RunTime:0.000629s ]
INFO: [ view_filter ] --END-- [ RunTime:0.000667s ]
INFO: [ app_end ] --START--
INFO: Run Behavior\ShowPageTraceBehavior [ RunTime:0.000733s ]
INFO: [ app_end ] --END-- [ RunTime:0.000776s ]

[ 2017-01-01T03:28:18+08:00 ] ::1 /oa/index.php/Ucenter/Staff/edit.html
INFO: [ app_init ] --START--
INFO: Run Behavior\BuildLiteBehavior [ RunTime:0.000008s ]
INFO: [ app_init ] --END-- [ RunTime:0.000413s ]
INFO: [ app_begin ] --START--
INFO: Run Behavior\ReadHtmlCacheBehavior [ RunTime:0.000578s ]
INFO: [ app_begin ] --END-- [ RunTime:0.000613s ]
NOTIC: [2048] Declaration of Ucenter\Model\UserModel::add() should be compatible with Think\Model::add($data = '', $options = Array, $replace = false) G:\www\oa\Application\Ucenter\Model\UserModel.class.php 第 4 行.
SQL: SHOW COLUMNS FROM `oa_user` [ RunTime:0.0028s ]
SQL: SHOW COLUMNS FROM `oa_user` [ RunTime:0.0024s ]
SQL: UPDATE `oa_user` SET `name`='admin',`phone`='18770814993',`tel`='1232313',`addr`='啊实打实' WHERE `id` = 1 [ RunTime:0.0022s ]

[ 2017-01-01T03:28:20+08:00 ] ::1 /oa/index.php/Ucenter/Staff/index.html
INFO: [ app_init ] --START--
INFO: Run Behavior\BuildLiteBehavior [ RunTime:0.000013s ]
INFO: [ app_init ] --END-- [ RunTime:0.000537s ]
INFO: [ app_begin ] --START--
INFO: Run Behavior\ReadHtmlCacheBehavior [ RunTime:0.000838s ]
INFO: [ app_begin ] --END-- [ RunTime:0.000966s ]
NOTIC: [2048] Declaration of Ucenter\Model\UserModel::add() should be compatible with Think\Model::add($data = '', $options = Array, $replace = false) G:\www\oa\Application\Ucenter\Model\UserModel.class.php 第 4 行.
SQL: SHOW COLUMNS FROM `oa_user` [ RunTime:0.0039s ]
SQL: SHOW COLUMNS FROM `oa_user` [ RunTime:0.0038s ]
SQL: SELECT * FROM `oa_user`  [ RunTime:0.0003s ]
SQL: SHOW COLUMNS FROM `oa_department` [ RunTime:0.0030s ]
SQL: SELECT `id`,`pname` FROM `oa_department`  [ RunTime:0.0002s ]
INFO: [ view_parse ] --START--
INFO: [ template_filter ] --START--
INFO: Run Behavior\ContentReplaceBehavior [ RunTime:0.000115s ]
INFO: [ template_filter ] --END-- [ RunTime:0.000159s ]
SQL: SHOW COLUMNS FROM `oa_user` [ RunTime:0.0034s ]
SQL: SELECT `name` FROM `oa_user` WHERE `id` = 1 LIMIT 1   [ RunTime:0.0002s ]
SQL: SHOW COLUMNS FROM `oa_user_depart` [ RunTime:0.0024s ]
SQL: SELECT `pid` FROM `oa_user_depart` WHERE `uid` = 1 AND `status` = 1 LIMIT 1   [ RunTime:0.0002s ]
SQL: SHOW COLUMNS FROM `oa_department` [ RunTime:0.0023s ]
SQL: SELECT `pname` FROM `oa_department` WHERE `id` = 1 LIMIT 1   [ RunTime:0.0002s ]
SQL: SELECT `pid` FROM `oa_user_depart` WHERE `uid` = 3 AND `status` = 1 LIMIT 1   [ RunTime:0.0002s ]
SQL: SELECT `pname` FROM `oa_department` WHERE `id` = 1 LIMIT 1   [ RunTime:0.0001s ]
SQL: SELECT `pid` FROM `oa_user_depart` WHERE `uid` = 4 AND `status` = 1 LIMIT 1   [ RunTime:0.0002s ]
SQL: SELECT `pname` FROM `oa_department` WHERE `id` = 4 LIMIT 1   [ RunTime:0.0001s ]
SQL: SELECT `pid` FROM `oa_user_depart` WHERE `uid` = 5 AND `status` = 1 LIMIT 1   [ RunTime:0.0001s ]
SQL: SELECT `pname` FROM `oa_department` WHERE `id` = 20 LIMIT 1   [ RunTime:0.0001s ]
SQL: SELECT `pid` FROM `oa_user_depart` WHERE `uid` = 8 AND `status` = 1 LIMIT 1   [ RunTime:0.0001s ]
SQL: SELECT `pname` FROM `oa_department` WHERE `id` = 1 LIMIT 1   [ RunTime:0.0001s ]
INFO: Run Behavior\ParseTemplateBehavior [ RunTime:0.024816s ]
INFO: [ view_parse ] --END-- [ RunTime:0.024848s ]
INFO: [ view_filter ] --START--
INFO: Run Behavior\WriteHtmlCacheBehavior [ RunTime:0.000645s ]
INFO: [ view_filter ] --END-- [ RunTime:0.000686s ]
INFO: [ app_end ] --START--
INFO: Run Behavior\ShowPageTraceBehavior [ RunTime:0.000685s ]
INFO: [ app_end ] --END-- [ RunTime:0.000733s ]

[ 2017-01-01T04:19:49+08:00 ] ::1 /oa/index.php/Ucenter/staff/index.html
INFO: [ app_init ] --START--
INFO: Run Behavior\BuildLiteBehavior [ RunTime:0.000011s ]
INFO: [ app_init ] --END-- [ RunTime:0.000528s ]
INFO: [ app_begin ] --START--
INFO: Run Behavior\ReadHtmlCacheBehavior [ RunTime:0.000767s ]
INFO: [ app_begin ] --END-- [ RunTime:0.000815s ]
NOTIC: [2048] Declaration of Ucenter\Model\UserModel::add() should be compatible with Think\Model::add($data = '', $options = Array, $replace = false) G:\www\oa\Application\Ucenter\Model\UserModel.class.php 第 4 行.
SQL: SHOW COLUMNS FROM `oa_user` [ RunTime:0.0057s ]
SQL: SHOW COLUMNS FROM `oa_user` [ RunTime:0.0033s ]
SQL: SELECT * FROM `oa_user`  [ RunTime:0.0003s ]
SQL: SHOW COLUMNS FROM `oa_department` [ RunTime:0.0030s ]
SQL: SELECT `id`,`pname` FROM `oa_department`  [ RunTime:0.0002s ]
INFO: [ view_parse ] --START--
INFO: [ template_filter ] --START--
INFO: Run Behavior\ContentReplaceBehavior [ RunTime:0.000138s ]
INFO: [ template_filter ] --END-- [ RunTime:0.000190s ]
SQL: SHOW COLUMNS FROM `oa_user` [ RunTime:0.0034s ]
SQL: SELECT `name` FROM `oa_user` WHERE `id` = 1 LIMIT 1   [ RunTime:0.0002s ]
SQL: SHOW COLUMNS FROM `oa_user_depart` [ RunTime:0.0040s ]
SQL: SELECT `pid` FROM `oa_user_depart` WHERE `uid` = 1 AND `status` = 1 LIMIT 1   [ RunTime:0.0004s ]
SQL: SHOW COLUMNS FROM `oa_department` [ RunTime:0.0034s ]
SQL: SELECT `pname` FROM `oa_department` WHERE `id` = 1 LIMIT 1   [ RunTime:0.0002s ]
SQL: SELECT `pid` FROM `oa_user_depart` WHERE `uid` = 3 AND `status` = 1 LIMIT 1   [ RunTime:0.0003s ]
SQL: SELECT `pname` FROM `oa_department` WHERE `id` = 1 LIMIT 1   [ RunTime:0.0002s ]
SQL: SELECT `pid` FROM `oa_user_depart` WHERE `uid` = 4 AND `status` = 1 LIMIT 1   [ RunTime:0.0002s ]
SQL: SELECT `pname` FROM `oa_department` WHERE `id` = 4 LIMIT 1   [ RunTime:0.0002s ]
SQL: SELECT `pid` FROM `oa_user_depart` WHERE `uid` = 5 AND `status` = 1 LIMIT 1   [ RunTime:0.0002s ]
SQL: SELECT `pname` FROM `oa_department` WHERE `id` = 20 LIMIT 1   [ RunTime:0.0002s ]
SQL: SELECT `pid` FROM `oa_user_depart` WHERE `uid` = 8 AND `status` = 1 LIMIT 1   [ RunTime:0.0002s ]
SQL: SELECT `pname` FROM `oa_department` WHERE `id` = 1 LIMIT 1   [ RunTime:0.0002s ]
INFO: Run Behavior\ParseTemplateBehavior [ RunTime:0.048418s ]
INFO: [ view_parse ] --END-- [ RunTime:0.048460s ]
INFO: [ view_filter ] --START--
INFO: Run Behavior\WriteHtmlCacheBehavior [ RunTime:0.000658s ]
INFO: [ view_filter ] --END-- [ RunTime:0.000703s ]
INFO: [ app_end ] --START--
INFO: Run Behavior\ShowPageTraceBehavior [ RunTime:0.000790s ]
INFO: [ app_end ] --END-- [ RunTime:0.000836s ]

[ 2017-01-01T15:20:34+08:00 ] ::1 /oa/index.php/Ucenter/Member/login.html
INFO: [ app_init ] --START--
INFO: Run Behavior\BuildLiteBehavior [ RunTime:0.000019s ]
INFO: [ app_init ] --END-- [ RunTime:0.000738s ]
INFO: [ app_begin ] --START--
INFO: Run Behavior\ReadHtmlCacheBehavior [ RunTime:0.000834s ]
INFO: [ app_begin ] --END-- [ RunTime:0.000908s ]
INFO: [ view_parse ] --START--
INFO: [ template_filter ] --START--
INFO: Run Behavior\ContentReplaceBehavior [ RunTime:0.001819s ]
INFO: [ template_filter ] --END-- [ RunTime:0.001908s ]
INFO: Run Behavior\ParseTemplateBehavior [ RunTime:0.033723s ]
INFO: [ view_parse ] --END-- [ RunTime:0.033815s ]
INFO: [ view_filter ] --START--
INFO: Run Behavior\WriteHtmlCacheBehavior [ RunTime:0.013223s ]
INFO: [ view_filter ] --END-- [ RunTime:0.013298s ]
INFO: [ app_end ] --START--
INFO: Run Behavior\ShowPageTraceBehavior [ RunTime:0.001362s ]
INFO: [ app_end ] --END-- [ RunTime:0.001427s ]

[ 2017-01-01T15:20:34+08:00 ] ::1 /oa/index.php/Ucenter/Member/verify.html
INFO: [ app_init ] --START--
INFO: Run Behavior\BuildLiteBehavior [ RunTime:0.000020s ]
INFO: [ app_init ] --END-- [ RunTime:0.000689s ]
INFO: [ app_begin ] --START--
INFO: Run Behavior\ReadHtmlCacheBehavior [ RunTime:0.000909s ]
INFO: [ app_begin ] --END-- [ RunTime:0.000983s ]
INFO: [ app_end ] --START--
INFO: Run Behavior\ShowPageTraceBehavior [ RunTime:0.001080s ]
INFO: [ app_end ] --END-- [ RunTime:0.001188s ]

[ 2017-01-01T15:20:46+08:00 ] ::1 /oa/index.php/Ucenter/Member/login.html
INFO: [ app_init ] --START--
INFO: Run Behavior\BuildLiteBehavior [ RunTime:0.000013s ]
INFO: [ app_init ] --END-- [ RunTime:0.000439s ]
INFO: [ app_begin ] --START--
INFO: Run Behavior\ReadHtmlCacheBehavior [ RunTime:0.000510s ]
INFO: [ app_begin ] --END-- [ RunTime:0.000547s ]

[ 2017-01-01T15:20:46+08:00 ] ::1 /oa/index.php/Ucenter/Member/verify.html?0.27215520722399433
INFO: [ app_init ] --START--
INFO: Run Behavior\BuildLiteBehavior [ RunTime:0.000012s ]
INFO: [ app_init ] --END-- [ RunTime:0.000389s ]
INFO: [ app_begin ] --START--
INFO: Run Behavior\ReadHtmlCacheBehavior [ RunTime:0.000377s ]
INFO: [ app_begin ] --END-- [ RunTime:0.000413s ]
INFO: [ app_end ] --START--
INFO: Run Behavior\ShowPageTraceBehavior [ RunTime:0.002052s ]
INFO: [ app_end ] --END-- [ RunTime:0.002220s ]

[ 2017-01-01T15:20:51+08:00 ] ::1 /oa/index.php/Ucenter/Member/verify.html?0.27215520722399433&random=0.4323261378408232
INFO: [ app_init ] --START--
INFO: Run Behavior\BuildLiteBehavior [ RunTime:0.000013s ]
INFO: [ app_init ] --END-- [ RunTime:0.000426s ]
INFO: [ app_begin ] --START--
INFO: Run Behavior\ReadHtmlCacheBehavior [ RunTime:0.000501s ]
INFO: [ app_begin ] --END-- [ RunTime:0.000546s ]
INFO: [ app_end ] --START--
INFO: Run Behavior\ShowPageTraceBehavior [ RunTime:0.001878s ]
INFO: [ app_end ] --END-- [ RunTime:0.002048s ]

[ 2017-01-01T15:21:00+08:00 ] ::1 /oa/index.php/Ucenter/Member/login.html
INFO: [ app_init ] --START--
INFO: Run Behavior\BuildLiteBehavior [ RunTime:0.000013s ]
INFO: [ app_init ] --END-- [ RunTime:0.000481s ]
INFO: [ app_begin ] --START--
INFO: Run Behavior\ReadHtmlCacheBehavior [ RunTime:0.000557s ]
INFO: [ app_begin ] --END-- [ RunTime:0.000601s ]
NOTIC: [2048] Declaration of Ucenter\Model\UserModel::add() should be compatible with Think\Model::add($data = '', $options = Array, $replace = false) G:\www\oa\Application\Ucenter\Model\UserModel.class.php 第 4 行.
SQL: SHOW COLUMNS FROM `oa_user` [ RunTime:0.0124s ]
SQL: SHOW COLUMNS FROM `oa_user` [ RunTime:0.0040s ]
SQL: SELECT * FROM `oa_user` WHERE `name` = 'admin' AND `password` = '1e5c822c0863e6977fdf94016179af82' LIMIT 1   [ RunTime:0.0010s ]

[ 2017-01-01T16:28:46+08:00 ] ::1 /oa/index.php/Ucenter/Member/login.html
INFO: [ app_init ] --START--
INFO: Run Behavior\BuildLiteBehavior [ RunTime:0.000011s ]
INFO: [ app_init ] --END-- [ RunTime:0.000372s ]
INFO: [ app_begin ] --START--
INFO: Run Behavior\ReadHtmlCacheBehavior [ RunTime:0.000429s ]
INFO: [ app_begin ] --END-- [ RunTime:0.000473s ]
INFO: [ view_parse ] --START--
INFO: [ template_filter ] --START--
INFO: Run Behavior\ContentReplaceBehavior [ RunTime:0.000051s ]
INFO: [ template_filter ] --END-- [ RunTime:0.000092s ]
INFO: Run Behavior\ParseTemplateBehavior [ RunTime:0.014007s ]
INFO: [ view_parse ] --END-- [ RunTime:0.014052s ]
INFO: [ view_filter ] --START--
INFO: Run Behavior\WriteHtmlCacheBehavior [ RunTime:0.000399s ]
INFO: [ view_filter ] --END-- [ RunTime:0.000429s ]
INFO: [ app_end ] --START--
INFO: Run Behavior\ShowPageTraceBehavior [ RunTime:0.000547s ]
INFO: [ app_end ] --END-- [ RunTime:0.000578s ]

[ 2017-01-01T16:28:46+08:00 ] ::1 /oa/index.php/Ucenter/Member/verify.html
INFO: [ app_init ] --START--
INFO: Run Behavior\BuildLiteBehavior [ RunTime:0.000011s ]
INFO: [ app_init ] --END-- [ RunTime:0.000356s ]
INFO: [ app_begin ] --START--
INFO: Run Behavior\ReadHtmlCacheBehavior [ RunTime:0.000392s ]
INFO: [ app_begin ] --END-- [ RunTime:0.000427s ]
INFO: [ app_end ] --START--
INFO: Run Behavior\ShowPageTraceBehavior [ RunTime:0.000557s ]
INFO: [ app_end ] --END-- [ RunTime:0.000620s ]

[ 2017-01-01T16:28:53+08:00 ] ::1 /oa/index.php/Ucenter/Member/login.html
INFO: [ app_init ] --START--
INFO: Run Behavior\BuildLiteBehavior [ RunTime:0.000013s ]
INFO: [ app_init ] --END-- [ RunTime:0.000406s ]
INFO: [ app_begin ] --START--
INFO: Run Behavior\ReadHtmlCacheBehavior [ RunTime:0.000503s ]
INFO: [ app_begin ] --END-- [ RunTime:0.000552s ]
NOTIC: [2048] Declaration of Ucenter\Model\UserModel::add() should be compatible with Think\Model::add($data = '', $options = Array, $replace = false) G:\www\oa\Application\Ucenter\Model\UserModel.class.php 第 4 行.
SQL: SHOW COLUMNS FROM `oa_user` [ RunTime:0.0024s ]
SQL: SHOW COLUMNS FROM `oa_user` [ RunTime:0.0017s ]
SQL: SELECT * FROM `oa_user` WHERE `name` = 'admin' AND `password` = '1e5c822c0863e6977fdf94016179af82' LIMIT 1   [ RunTime:0.0002s ]

