[ 2016-12-27T00:00:02+08:00 ] ::1 /oa/index.php/Home/index/index.html
INFO: [ app_init ] --START--
INFO: Run Behavior\BuildLiteBehavior [ RunTime:0.000008s ]
INFO: [ app_init ] --END-- [ RunTime:0.000393s ]
INFO: [ app_begin ] --START--
INFO: Run Behavior\ReadHtmlCacheBehavior [ RunTime:0.000524s ]
INFO: [ app_begin ] --END-- [ RunTime:0.000558s ]
SQL: SHOW COLUMNS FROM `oa_note` [ RunTime:0.0025s ]
SQL: SELECT * FROM `oa_note` WHERE `status` = 1 AND `uid` = 1  [ RunTime:0.0002s ]
SQL: SHOW COLUMNS FROM `oa_news` [ RunTime:0.0030s ]
SQL: SELECT COUNT(*) AS tp_count FROM `oa_news` LIMIT 1   [ RunTime:0.0002s ]
SQL: SELECT * FROM `oa_news` LIMIT 0,8   [ RunTime:0.0002s ]
INFO: [ view_parse ] --START--
INFO: [ template_filter ] --START--
INFO: Run Behavior\ContentReplaceBehavior [ RunTime:0.000076s ]
INFO: [ template_filter ] --END-- [ RunTime:0.000106s ]
NOTIC: [8] A non well formed numeric value encountered G:\www\oa\Application\Runtime\Cache\Home\08d30c77e78bd0ac29232fbc421b5dcd.php 第 222 行.
NOTIC: [8] A non well formed numeric value encountered G:\www\oa\Application\Runtime\Cache\Home\08d30c77e78bd0ac29232fbc421b5dcd.php 第 222 行.
NOTIC: [8] A non well formed numeric value encountered G:\www\oa\Application\Runtime\Cache\Home\08d30c77e78bd0ac29232fbc421b5dcd.php 第 222 行.
NOTIC: [8] A non well formed numeric value encountered G:\www\oa\Application\Runtime\Cache\Home\08d30c77e78bd0ac29232fbc421b5dcd.php 第 222 行.
INFO: Run Behavior\ParseTemplateBehavior [ RunTime:0.009644s ]
INFO: [ view_parse ] --END-- [ RunTime:0.009674s ]
INFO: [ view_filter ] --START--
INFO: Run Behavior\WriteHtmlCacheBehavior [ RunTime:0.000406s ]
INFO: [ view_filter ] --END-- [ RunTime:0.000433s ]
INFO: [ app_end ] --START--
INFO: Run Behavior\ShowPageTraceBehavior [ RunTime:0.000520s ]
INFO: [ app_end ] --END-- [ RunTime:0.000551s ]

[ 2016-12-27T14:38:11+08:00 ] ::1 /oa/
INFO: [ app_init ] --START--
INFO: Run Behavior\BuildLiteBehavior [ RunTime:0.000024s ]
INFO: [ app_init ] --END-- [ RunTime:0.001991s ]
INFO: [ app_begin ] --START--
INFO: Run Behavior\ReadHtmlCacheBehavior [ RunTime:0.001229s ]
INFO: [ app_begin ] --END-- [ RunTime:0.001312s ]

[ 2016-12-27T14:38:27+08:00 ] ::1 /oa/index.php/Home/index/index.html
INFO: [ app_init ] --START--
INFO: Run Behavior\BuildLiteBehavior [ RunTime:0.000020s ]
INFO: [ app_init ] --END-- [ RunTime:0.000716s ]
INFO: [ app_begin ] --START--
INFO: Run Behavior\ReadHtmlCacheBehavior [ RunTime:0.000849s ]
INFO: [ app_begin ] --END-- [ RunTime:0.000921s ]
SQL: SHOW COLUMNS FROM `oa_note` [ RunTime:0.0068s ]
SQL: SELECT * FROM `oa_note` WHERE `status` = 1 AND `uid` = 1  [ RunTime:0.0005s ]
SQL: SHOW COLUMNS FROM `oa_news` [ RunTime:0.0060s ]
SQL: SELECT COUNT(*) AS tp_count FROM `oa_news` LIMIT 1   [ RunTime:0.0014s ]
SQL: SELECT * FROM `oa_news` LIMIT 0,8   [ RunTime:0.0009s ]
INFO: [ view_parse ] --START--
INFO: [ template_filter ] --START--
INFO: Run Behavior\ContentReplaceBehavior [ RunTime:0.000158s ]
INFO: [ template_filter ] --END-- [ RunTime:0.000229s ]
NOTIC: [8] A non well formed numeric value encountered G:\www\oa\Application\Runtime\Cache\Home\08d30c77e78bd0ac29232fbc421b5dcd.php 第 222 行.
NOTIC: [8] A non well formed numeric value encountered G:\www\oa\Application\Runtime\Cache\Home\08d30c77e78bd0ac29232fbc421b5dcd.php 第 222 行.
NOTIC: [8] A non well formed numeric value encountered G:\www\oa\Application\Runtime\Cache\Home\08d30c77e78bd0ac29232fbc421b5dcd.php 第 222 行.
NOTIC: [8] A non well formed numeric value encountered G:\www\oa\Application\Runtime\Cache\Home\08d30c77e78bd0ac29232fbc421b5dcd.php 第 222 行.
INFO: Run Behavior\ParseTemplateBehavior [ RunTime:0.039054s ]
INFO: [ view_parse ] --END-- [ RunTime:0.039125s ]
INFO: [ view_filter ] --START--
INFO: Run Behavior\WriteHtmlCacheBehavior [ RunTime:0.000665s ]
INFO: [ view_filter ] --END-- [ RunTime:0.000728s ]
INFO: [ app_end ] --START--
INFO: Run Behavior\ShowPageTraceBehavior [ RunTime:0.000862s ]
INFO: [ app_end ] --END-- [ RunTime:0.000930s ]

[ 2016-12-27T14:38:47+08:00 ] ::1 /oa/index.php/Home/Index/noteAdd.html
INFO: [ app_init ] --START--
INFO: Run Behavior\BuildLiteBehavior [ RunTime:0.000008s ]
INFO: [ app_init ] --END-- [ RunTime:0.000370s ]
INFO: [ app_begin ] --START--
INFO: Run Behavior\ReadHtmlCacheBehavior [ RunTime:0.000474s ]
INFO: [ app_begin ] --END-- [ RunTime:0.000509s ]
NOTIC: [2048] Declaration of Home\Model\NoteModel::add() should be compatible with Think\Model::add($data = '', $options = Array, $replace = false) G:\www\oa\Application\Home\Model\NoteModel.class.php 第 8 行.
NOTIC: [2048] Declaration of Home\Model\NoteModel::delete() should be compatible with Think\Model::delete($options = Array) G:\www\oa\Application\Home\Model\NoteModel.class.php 第 8 行.
SQL: SHOW COLUMNS FROM `oa_note` [ RunTime:0.0025s ]
SQL: SHOW COLUMNS FROM `oa_note` [ RunTime:0.0021s ]
SQL: INSERT INTO `oa_note` (`uid`,`note`,`time`,`status`) VALUES ('1','asd ','2016-12-27 14:38:47','1') [ RunTime:0.0042s ]

[ 2016-12-27T17:24:29+08:00 ] ::1 /oa/
INFO: [ app_init ] --START--
INFO: Run Behavior\BuildLiteBehavior [ RunTime:0.000011s ]
INFO: [ app_init ] --END-- [ RunTime:0.000549s ]
INFO: [ app_begin ] --START--
INFO: Run Behavior\ReadHtmlCacheBehavior [ RunTime:0.000698s ]
INFO: [ app_begin ] --END-- [ RunTime:0.000734s ]

[ 2016-12-27T17:24:43+08:00 ] ::1 /oa/index.php/Home/index/index.html
INFO: [ app_init ] --START--
INFO: Run Behavior\BuildLiteBehavior [ RunTime:0.000012s ]
INFO: [ app_init ] --END-- [ RunTime:0.000431s ]
INFO: [ app_begin ] --START--
INFO: Run Behavior\ReadHtmlCacheBehavior [ RunTime:0.000590s ]
INFO: [ app_begin ] --END-- [ RunTime:0.000634s ]
SQL: SHOW COLUMNS FROM `oa_note` [ RunTime:0.0035s ]
SQL: SELECT * FROM `oa_note` WHERE `status` = 1 AND `uid` = 1  [ RunTime:0.0003s ]
SQL: SHOW COLUMNS FROM `oa_news` [ RunTime:0.0029s ]
SQL: SELECT COUNT(*) AS tp_count FROM `oa_news` LIMIT 1   [ RunTime:0.0002s ]
SQL: SELECT * FROM `oa_news` LIMIT 0,8   [ RunTime:0.0013s ]
INFO: [ view_parse ] --START--
INFO: [ template_filter ] --START--
INFO: Run Behavior\ContentReplaceBehavior [ RunTime:0.000190s ]
INFO: [ template_filter ] --END-- [ RunTime:0.000277s ]
NOTIC: [8] A non well formed numeric value encountered G:\www\oa\Application\Runtime\Cache\Home\08d30c77e78bd0ac29232fbc421b5dcd.php 第 222 行.
NOTIC: [8] A non well formed numeric value encountered G:\www\oa\Application\Runtime\Cache\Home\08d30c77e78bd0ac29232fbc421b5dcd.php 第 222 行.
NOTIC: [8] A non well formed numeric value encountered G:\www\oa\Application\Runtime\Cache\Home\08d30c77e78bd0ac29232fbc421b5dcd.php 第 222 行.
NOTIC: [8] A non well formed numeric value encountered G:\www\oa\Application\Runtime\Cache\Home\08d30c77e78bd0ac29232fbc421b5dcd.php 第 222 行.
NOTIC: [8] A non well formed numeric value encountered G:\www\oa\Application\Runtime\Cache\Home\08d30c77e78bd0ac29232fbc421b5dcd.php 第 222 行.
INFO: Run Behavior\ParseTemplateBehavior [ RunTime:0.030139s ]
INFO: [ view_parse ] --END-- [ RunTime:0.030244s ]
INFO: [ view_filter ] --START--
INFO: Run Behavior\WriteHtmlCacheBehavior [ RunTime:0.001320s ]
INFO: [ view_filter ] --END-- [ RunTime:0.001402s ]
INFO: [ app_end ] --START--
INFO: Run Behavior\ShowPageTraceBehavior [ RunTime:0.001414s ]
INFO: [ app_end ] --END-- [ RunTime:0.001527s ]

[ 2016-12-27T17:25:18+08:00 ] ::1 /oa/index.php/Home/index/index.html
INFO: [ app_init ] --START--
INFO: Run Behavior\BuildLiteBehavior [ RunTime:0.000014s ]
INFO: [ app_init ] --END-- [ RunTime:0.000537s ]
INFO: [ app_begin ] --START--
INFO: Run Behavior\ReadHtmlCacheBehavior [ RunTime:0.000666s ]
INFO: [ app_begin ] --END-- [ RunTime:0.000712s ]
SQL: SHOW COLUMNS FROM `oa_note` [ RunTime:0.0028s ]
SQL: SELECT * FROM `oa_note` WHERE `status` = 1 AND `uid` = 1  [ RunTime:0.0002s ]
SQL: SHOW COLUMNS FROM `oa_news` [ RunTime:0.0035s ]
SQL: SELECT COUNT(*) AS tp_count FROM `oa_news` LIMIT 1   [ RunTime:0.0002s ]
SQL: SELECT * FROM `oa_news` LIMIT 0,8   [ RunTime:0.0003s ]
INFO: [ view_parse ] --START--
INFO: [ template_filter ] --START--
INFO: Run Behavior\ContentReplaceBehavior [ RunTime:0.000076s ]
INFO: [ template_filter ] --END-- [ RunTime:0.000111s ]
NOTIC: [8] A non well formed numeric value encountered G:\www\oa\Application\Runtime\Cache\Home\08d30c77e78bd0ac29232fbc421b5dcd.php 第 222 行.
NOTIC: [8] A non well formed numeric value encountered G:\www\oa\Application\Runtime\Cache\Home\08d30c77e78bd0ac29232fbc421b5dcd.php 第 222 行.
NOTIC: [8] A non well formed numeric value encountered G:\www\oa\Application\Runtime\Cache\Home\08d30c77e78bd0ac29232fbc421b5dcd.php 第 222 行.
NOTIC: [8] A non well formed numeric value encountered G:\www\oa\Application\Runtime\Cache\Home\08d30c77e78bd0ac29232fbc421b5dcd.php 第 222 行.
NOTIC: [8] A non well formed numeric value encountered G:\www\oa\Application\Runtime\Cache\Home\08d30c77e78bd0ac29232fbc421b5dcd.php 第 222 行.
NOTIC: [8] A non well formed numeric value encountered G:\www\oa\Application\Runtime\Cache\Home\08d30c77e78bd0ac29232fbc421b5dcd.php 第 272 行.
NOTIC: [8] A non well formed numeric value encountered G:\www\oa\Application\Runtime\Cache\Home\08d30c77e78bd0ac29232fbc421b5dcd.php 第 272 行.
NOTIC: [8] A non well formed numeric value encountered G:\www\oa\Application\Runtime\Cache\Home\08d30c77e78bd0ac29232fbc421b5dcd.php 第 272 行.
NOTIC: [8] A non well formed numeric value encountered G:\www\oa\Application\Runtime\Cache\Home\08d30c77e78bd0ac29232fbc421b5dcd.php 第 272 行.
INFO: Run Behavior\ParseTemplateBehavior [ RunTime:0.009884s ]
INFO: [ view_parse ] --END-- [ RunTime:0.009915s ]
INFO: [ view_filter ] --START--
INFO: Run Behavior\WriteHtmlCacheBehavior [ RunTime:0.000369s ]
INFO: [ view_filter ] --END-- [ RunTime:0.000397s ]
INFO: [ app_end ] --START--
INFO: Run Behavior\ShowPageTraceBehavior [ RunTime:0.000510s ]
INFO: [ app_end ] --END-- [ RunTime:0.000543s ]

[ 2016-12-27T21:41:56+08:00 ] ::1 /oa/index.php/Home/index/index.html
INFO: [ app_init ] --START--
INFO: Run Behavior\BuildLiteBehavior [ RunTime:0.000012s ]
INFO: [ app_init ] --END-- [ RunTime:0.000416s ]
INFO: [ app_begin ] --START--
INFO: Run Behavior\ReadHtmlCacheBehavior [ RunTime:0.000652s ]
INFO: [ app_begin ] --END-- [ RunTime:0.000695s ]
SQL: SHOW COLUMNS FROM `oa_note` [ RunTime:0.0042s ]
SQL: SELECT * FROM `oa_note` WHERE `status` = 1 AND `uid` = 1  [ RunTime:0.0003s ]
SQL: SHOW COLUMNS FROM `oa_news` [ RunTime:0.0032s ]
SQL: SELECT COUNT(*) AS tp_count FROM `oa_news` LIMIT 1   [ RunTime:0.0002s ]
SQL: SELECT * FROM `oa_news` LIMIT 0,8   [ RunTime:0.0003s ]
INFO: [ view_parse ] --START--
INFO: [ template_filter ] --START--
INFO: Run Behavior\ContentReplaceBehavior [ RunTime:0.000097s ]
INFO: [ template_filter ] --END-- [ RunTime:0.000145s ]
NOTIC: [8] A non well formed numeric value encountered G:\www\oa\Application\Runtime\Cache\Home\08d30c77e78bd0ac29232fbc421b5dcd.php 第 222 行.
NOTIC: [8] A non well formed numeric value encountered G:\www\oa\Application\Runtime\Cache\Home\08d30c77e78bd0ac29232fbc421b5dcd.php 第 222 行.
NOTIC: [8] A non well formed numeric value encountered G:\www\oa\Application\Runtime\Cache\Home\08d30c77e78bd0ac29232fbc421b5dcd.php 第 222 行.
NOTIC: [8] A non well formed numeric value encountered G:\www\oa\Application\Runtime\Cache\Home\08d30c77e78bd0ac29232fbc421b5dcd.php 第 222 行.
NOTIC: [8] A non well formed numeric value encountered G:\www\oa\Application\Runtime\Cache\Home\08d30c77e78bd0ac29232fbc421b5dcd.php 第 222 行.
NOTIC: [8] A non well formed numeric value encountered G:\www\oa\Application\Runtime\Cache\Home\08d30c77e78bd0ac29232fbc421b5dcd.php 第 272 行.
NOTIC: [8] A non well formed numeric value encountered G:\www\oa\Application\Runtime\Cache\Home\08d30c77e78bd0ac29232fbc421b5dcd.php 第 272 行.
INFO: Run Behavior\ParseTemplateBehavior [ RunTime:0.018758s ]
INFO: [ view_parse ] --END-- [ RunTime:0.018802s ]
INFO: [ view_filter ] --START--
INFO: Run Behavior\WriteHtmlCacheBehavior [ RunTime:0.000626s ]
INFO: [ view_filter ] --END-- [ RunTime:0.000663s ]
INFO: [ app_end ] --START--
INFO: Run Behavior\ShowPageTraceBehavior [ RunTime:0.000741s ]
INFO: [ app_end ] --END-- [ RunTime:0.000784s ]

[ 2016-12-27T21:43:53+08:00 ] ::1 /oa/index.php/Home/index/index.html
INFO: [ app_init ] --START--
INFO: Run Behavior\BuildLiteBehavior [ RunTime:0.000021s ]
INFO: [ app_init ] --END-- [ RunTime:0.000702s ]
INFO: [ app_begin ] --START--
INFO: Run Behavior\ReadHtmlCacheBehavior [ RunTime:0.000758s ]
INFO: [ app_begin ] --END-- [ RunTime:0.000817s ]
SQL: SHOW COLUMNS FROM `oa_note` [ RunTime:0.0028s ]
SQL: SELECT * FROM `oa_note` WHERE `status` = 1 AND `uid` = 1  [ RunTime:0.0002s ]
SQL: SHOW COLUMNS FROM `oa_news` [ RunTime:0.0024s ]
SQL: SELECT COUNT(*) AS tp_count FROM `oa_news` LIMIT 1   [ RunTime:0.0002s ]
SQL: SELECT * FROM `oa_news` LIMIT 0,8   [ RunTime:0.0003s ]
INFO: [ view_parse ] --START--
INFO: [ template_filter ] --START--
INFO: Run Behavior\ContentReplaceBehavior [ RunTime:0.000086s ]
INFO: [ template_filter ] --END-- [ RunTime:0.000131s ]
NOTIC: [8] A non well formed numeric value encountered G:\www\oa\Application\Runtime\Cache\Home\08d30c77e78bd0ac29232fbc421b5dcd.php 第 222 行.
NOTIC: [8] A non well formed numeric value encountered G:\www\oa\Application\Runtime\Cache\Home\08d30c77e78bd0ac29232fbc421b5dcd.php 第 222 行.
NOTIC: [8] A non well formed numeric value encountered G:\www\oa\Application\Runtime\Cache\Home\08d30c77e78bd0ac29232fbc421b5dcd.php 第 222 行.
NOTIC: [8] A non well formed numeric value encountered G:\www\oa\Application\Runtime\Cache\Home\08d30c77e78bd0ac29232fbc421b5dcd.php 第 222 行.
NOTIC: [8] A non well formed numeric value encountered G:\www\oa\Application\Runtime\Cache\Home\08d30c77e78bd0ac29232fbc421b5dcd.php 第 222 行.
NOTIC: [8] A non well formed numeric value encountered G:\www\oa\Application\Runtime\Cache\Home\08d30c77e78bd0ac29232fbc421b5dcd.php 第 272 行.
NOTIC: [8] A non well formed numeric value encountered G:\www\oa\Application\Runtime\Cache\Home\08d30c77e78bd0ac29232fbc421b5dcd.php 第 272 行.
NOTIC: [8] A non well formed numeric value encountered G:\www\oa\Application\Runtime\Cache\Home\08d30c77e78bd0ac29232fbc421b5dcd.php 第 272 行.
INFO: Run Behavior\ParseTemplateBehavior [ RunTime:0.011067s ]
INFO: [ view_parse ] --END-- [ RunTime:0.011107s ]
INFO: [ view_filter ] --START--
INFO: Run Behavior\WriteHtmlCacheBehavior [ RunTime:0.000524s ]
INFO: [ view_filter ] --END-- [ RunTime:0.000557s ]
INFO: [ app_end ] --START--
INFO: Run Behavior\ShowPageTraceBehavior [ RunTime:0.000609s ]
INFO: [ app_end ] --END-- [ RunTime:0.000645s ]

[ 2016-12-27T21:44:27+08:00 ] ::1 /oa/index.php/Home/index/index.html
INFO: [ app_init ] --START--
INFO: Run Behavior\BuildLiteBehavior [ RunTime:0.000011s ]
INFO: [ app_init ] --END-- [ RunTime:0.000383s ]
INFO: [ app_begin ] --START--
INFO: Run Behavior\ReadHtmlCacheBehavior [ RunTime:0.000929s ]
INFO: [ app_begin ] --END-- [ RunTime:0.001007s ]
SQL: SHOW COLUMNS FROM `oa_note` [ RunTime:0.0029s ]
SQL: SELECT * FROM `oa_note` WHERE `status` = 1 AND `uid` = 1  [ RunTime:0.0002s ]
SQL: SHOW COLUMNS FROM `oa_news` [ RunTime:0.0023s ]
SQL: SELECT COUNT(*) AS tp_count FROM `oa_news` LIMIT 1   [ RunTime:0.0002s ]
SQL: SELECT * FROM `oa_news` LIMIT 0,8   [ RunTime:0.0003s ]
INFO: [ view_parse ] --START--
INFO: [ template_filter ] --START--
INFO: Run Behavior\ContentReplaceBehavior [ RunTime:0.000083s ]
INFO: [ template_filter ] --END-- [ RunTime:0.000124s ]
NOTIC: [8] A non well formed numeric value encountered G:\www\oa\Application\Runtime\Cache\Home\08d30c77e78bd0ac29232fbc421b5dcd.php 第 222 行.
NOTIC: [8] A non well formed numeric value encountered G:\www\oa\Application\Runtime\Cache\Home\08d30c77e78bd0ac29232fbc421b5dcd.php 第 222 行.
NOTIC: [8] A non well formed numeric value encountered G:\www\oa\Application\Runtime\Cache\Home\08d30c77e78bd0ac29232fbc421b5dcd.php 第 222 行.
NOTIC: [8] A non well formed numeric value encountered G:\www\oa\Application\Runtime\Cache\Home\08d30c77e78bd0ac29232fbc421b5dcd.php 第 222 行.
NOTIC: [8] A non well formed numeric value encountered G:\www\oa\Application\Runtime\Cache\Home\08d30c77e78bd0ac29232fbc421b5dcd.php 第 222 行.
NOTIC: [8] A non well formed numeric value encountered G:\www\oa\Application\Runtime\Cache\Home\08d30c77e78bd0ac29232fbc421b5dcd.php 第 272 行.
NOTIC: [8] A non well formed numeric value encountered G:\www\oa\Application\Runtime\Cache\Home\08d30c77e78bd0ac29232fbc421b5dcd.php 第 272 行.
NOTIC: [8] A non well formed numeric value encountered G:\www\oa\Application\Runtime\Cache\Home\08d30c77e78bd0ac29232fbc421b5dcd.php 第 272 行.
INFO: Run Behavior\ParseTemplateBehavior [ RunTime:0.012443s ]
INFO: [ view_parse ] --END-- [ RunTime:0.012486s ]
INFO: [ view_filter ] --START--
INFO: Run Behavior\WriteHtmlCacheBehavior [ RunTime:0.000511s ]
INFO: [ view_filter ] --END-- [ RunTime:0.000545s ]
INFO: [ app_end ] --START--
INFO: Run Behavior\ShowPageTraceBehavior [ RunTime:0.000543s ]
INFO: [ app_end ] --END-- [ RunTime:0.000584s ]

[ 2016-12-27T21:45:41+08:00 ] ::1 /oa/index.php/Home/index/index.html
INFO: [ app_init ] --START--
INFO: Run Behavior\BuildLiteBehavior [ RunTime:0.000014s ]
INFO: [ app_init ] --END-- [ RunTime:0.000476s ]
INFO: [ app_begin ] --START--
INFO: Run Behavior\ReadHtmlCacheBehavior [ RunTime:0.000683s ]
INFO: [ app_begin ] --END-- [ RunTime:0.000732s ]
SQL: SHOW COLUMNS FROM `oa_note` [ RunTime:0.0031s ]
SQL: SELECT * FROM `oa_note` WHERE `status` = 1 AND `uid` = 1  [ RunTime:0.0002s ]
SQL: SHOW COLUMNS FROM `oa_news` [ RunTime:0.0023s ]
SQL: SELECT COUNT(*) AS tp_count FROM `oa_news` LIMIT 1   [ RunTime:0.0001s ]
SQL: SELECT * FROM `oa_news` LIMIT 0,8   [ RunTime:0.0002s ]
INFO: [ view_parse ] --START--
INFO: [ template_filter ] --START--
INFO: Run Behavior\ContentReplaceBehavior [ RunTime:0.000225s ]
INFO: [ template_filter ] --END-- [ RunTime:0.000379s ]
NOTIC: [8] A non well formed numeric value encountered G:\www\oa\Application\Runtime\Cache\Home\08d30c77e78bd0ac29232fbc421b5dcd.php 第 222 行.
NOTIC: [8] A non well formed numeric value encountered G:\www\oa\Application\Runtime\Cache\Home\08d30c77e78bd0ac29232fbc421b5dcd.php 第 222 行.
NOTIC: [8] A non well formed numeric value encountered G:\www\oa\Application\Runtime\Cache\Home\08d30c77e78bd0ac29232fbc421b5dcd.php 第 222 行.
NOTIC: [8] A non well formed numeric value encountered G:\www\oa\Application\Runtime\Cache\Home\08d30c77e78bd0ac29232fbc421b5dcd.php 第 222 行.
NOTIC: [8] A non well formed numeric value encountered G:\www\oa\Application\Runtime\Cache\Home\08d30c77e78bd0ac29232fbc421b5dcd.php 第 222 行.
NOTIC: [8] A non well formed numeric value encountered G:\www\oa\Application\Runtime\Cache\Home\08d30c77e78bd0ac29232fbc421b5dcd.php 第 272 行.
NOTIC: [8] A non well formed numeric value encountered G:\www\oa\Application\Runtime\Cache\Home\08d30c77e78bd0ac29232fbc421b5dcd.php 第 272 行.
INFO: Run Behavior\ParseTemplateBehavior [ RunTime:0.011849s ]
INFO: [ view_parse ] --END-- [ RunTime:0.011885s ]
INFO: [ view_filter ] --START--
INFO: Run Behavior\WriteHtmlCacheBehavior [ RunTime:0.000475s ]
INFO: [ view_filter ] --END-- [ RunTime:0.000503s ]
INFO: [ app_end ] --START--
INFO: Run Behavior\ShowPageTraceBehavior [ RunTime:0.000579s ]
INFO: [ app_end ] --END-- [ RunTime:0.000611s ]

[ 2016-12-27T21:45:46+08:00 ] ::1 /oa/index.php/Home/index/index.html
INFO: [ app_init ] --START--
INFO: Run Behavior\BuildLiteBehavior [ RunTime:0.000013s ]
INFO: [ app_init ] --END-- [ RunTime:0.000519s ]
INFO: [ app_begin ] --START--
INFO: Run Behavior\ReadHtmlCacheBehavior [ RunTime:0.000765s ]
INFO: [ app_begin ] --END-- [ RunTime:0.000813s ]
SQL: SHOW COLUMNS FROM `oa_note` [ RunTime:0.0185s ]
SQL: SELECT * FROM `oa_note` WHERE `status` = 1 AND `uid` = 1  [ RunTime:0.0003s ]
SQL: SHOW COLUMNS FROM `oa_news` [ RunTime:0.0026s ]
SQL: SELECT COUNT(*) AS tp_count FROM `oa_news` LIMIT 1   [ RunTime:0.0002s ]
SQL: SELECT * FROM `oa_news` LIMIT 0,8   [ RunTime:0.0003s ]
INFO: [ view_parse ] --START--
INFO: [ template_filter ] --START--
INFO: Run Behavior\ContentReplaceBehavior [ RunTime:0.000082s ]
INFO: [ template_filter ] --END-- [ RunTime:0.000139s ]
NOTIC: [8] A non well formed numeric value encountered G:\www\oa\Application\Runtime\Cache\Home\08d30c77e78bd0ac29232fbc421b5dcd.php 第 222 行.
NOTIC: [8] A non well formed numeric value encountered G:\www\oa\Application\Runtime\Cache\Home\08d30c77e78bd0ac29232fbc421b5dcd.php 第 222 行.
NOTIC: [8] A non well formed numeric value encountered G:\www\oa\Application\Runtime\Cache\Home\08d30c77e78bd0ac29232fbc421b5dcd.php 第 222 行.
NOTIC: [8] A non well formed numeric value encountered G:\www\oa\Application\Runtime\Cache\Home\08d30c77e78bd0ac29232fbc421b5dcd.php 第 222 行.
NOTIC: [8] A non well formed numeric value encountered G:\www\oa\Application\Runtime\Cache\Home\08d30c77e78bd0ac29232fbc421b5dcd.php 第 222 行.
NOTIC: [8] A non well formed numeric value encountered G:\www\oa\Application\Runtime\Cache\Home\08d30c77e78bd0ac29232fbc421b5dcd.php 第 272 行.
NOTIC: [8] A non well formed numeric value encountered G:\www\oa\Application\Runtime\Cache\Home\08d30c77e78bd0ac29232fbc421b5dcd.php 第 272 行.
INFO: Run Behavior\ParseTemplateBehavior [ RunTime:0.010931s ]
INFO: [ view_parse ] --END-- [ RunTime:0.010969s ]
INFO: [ view_filter ] --START--
INFO: Run Behavior\WriteHtmlCacheBehavior [ RunTime:0.000464s ]
INFO: [ view_filter ] --END-- [ RunTime:0.000494s ]
INFO: [ app_end ] --START--
INFO: Run Behavior\ShowPageTraceBehavior [ RunTime:0.000586s ]
INFO: [ app_end ] --END-- [ RunTime:0.000620s ]

[ 2016-12-27T21:50:43+08:00 ] ::1 /oa/index.php/Home/index/index.html
INFO: [ app_init ] --START--
INFO: Run Behavior\BuildLiteBehavior [ RunTime:0.000019s ]
INFO: [ app_init ] --END-- [ RunTime:0.000525s ]
INFO: [ app_begin ] --START--
INFO: Run Behavior\ReadHtmlCacheBehavior [ RunTime:0.000706s ]
INFO: [ app_begin ] --END-- [ RunTime:0.000750s ]
SQL: SHOW COLUMNS FROM `oa_note` [ RunTime:0.0059s ]
SQL: SELECT * FROM `oa_note` WHERE `status` = 1 AND `uid` = 1  [ RunTime:0.0004s ]
SQL: SHOW COLUMNS FROM `oa_news` [ RunTime:0.0030s ]
SQL: SELECT * FROM `oa_news` LIMIT 8   [ RunTime:0.0003s ]
INFO: [ view_parse ] --START--
INFO: [ template_filter ] --START--
INFO: Run Behavior\ContentReplaceBehavior [ RunTime:0.000099s ]
INFO: [ template_filter ] --END-- [ RunTime:0.000151s ]
NOTIC: [8] A non well formed numeric value encountered G:\www\oa\Application\Runtime\Cache\Home\08d30c77e78bd0ac29232fbc421b5dcd.php 第 222 行.
NOTIC: [8] A non well formed numeric value encountered G:\www\oa\Application\Runtime\Cache\Home\08d30c77e78bd0ac29232fbc421b5dcd.php 第 222 行.
NOTIC: [8] A non well formed numeric value encountered G:\www\oa\Application\Runtime\Cache\Home\08d30c77e78bd0ac29232fbc421b5dcd.php 第 222 行.
NOTIC: [8] A non well formed numeric value encountered G:\www\oa\Application\Runtime\Cache\Home\08d30c77e78bd0ac29232fbc421b5dcd.php 第 222 行.
NOTIC: [8] A non well formed numeric value encountered G:\www\oa\Application\Runtime\Cache\Home\08d30c77e78bd0ac29232fbc421b5dcd.php 第 222 行.
NOTIC: [8] A non well formed numeric value encountered G:\www\oa\Application\Runtime\Cache\Home\08d30c77e78bd0ac29232fbc421b5dcd.php 第 272 行.
NOTIC: [8] A non well formed numeric value encountered G:\www\oa\Application\Runtime\Cache\Home\08d30c77e78bd0ac29232fbc421b5dcd.php 第 272 行.
INFO: Run Behavior\ParseTemplateBehavior [ RunTime:0.013213s ]
INFO: [ view_parse ] --END-- [ RunTime:0.013258s ]
INFO: [ view_filter ] --START--
INFO: Run Behavior\WriteHtmlCacheBehavior [ RunTime:0.000583s ]
INFO: [ view_filter ] --END-- [ RunTime:0.000621s ]
INFO: [ app_end ] --START--
INFO: Run Behavior\ShowPageTraceBehavior [ RunTime:0.000708s ]
INFO: [ app_end ] --END-- [ RunTime:0.000755s ]

[ 2016-12-27T21:51:04+08:00 ] ::1 /oa/index.php/Home/index/index.html
INFO: [ app_init ] --START--
INFO: Run Behavior\BuildLiteBehavior [ RunTime:0.000011s ]
INFO: [ app_init ] --END-- [ RunTime:0.000356s ]
INFO: [ app_begin ] --START--
INFO: Run Behavior\ReadHtmlCacheBehavior [ RunTime:0.000510s ]
INFO: [ app_begin ] --END-- [ RunTime:0.000546s ]
SQL: SHOW COLUMNS FROM `oa_note` [ RunTime:0.0033s ]
SQL: SELECT * FROM `oa_note` WHERE `status` = 1 AND `uid` = 1  [ RunTime:0.0003s ]
SQL: SHOW COLUMNS FROM `oa_news` [ RunTime:0.0027s ]
SQL: SELECT * FROM `oa_news` LIMIT 8   [ RunTime:0.0002s ]
INFO: [ view_parse ] --START--
INFO: [ template_filter ] --START--
INFO: Run Behavior\ContentReplaceBehavior [ RunTime:0.000076s ]
INFO: [ template_filter ] --END-- [ RunTime:0.000112s ]
NOTIC: [8] A non well formed numeric value encountered G:\www\oa\Application\Runtime\Cache\Home\08d30c77e78bd0ac29232fbc421b5dcd.php 第 222 行.
NOTIC: [8] A non well formed numeric value encountered G:\www\oa\Application\Runtime\Cache\Home\08d30c77e78bd0ac29232fbc421b5dcd.php 第 222 行.
NOTIC: [8] A non well formed numeric value encountered G:\www\oa\Application\Runtime\Cache\Home\08d30c77e78bd0ac29232fbc421b5dcd.php 第 222 行.
NOTIC: [8] A non well formed numeric value encountered G:\www\oa\Application\Runtime\Cache\Home\08d30c77e78bd0ac29232fbc421b5dcd.php 第 222 行.
NOTIC: [8] A non well formed numeric value encountered G:\www\oa\Application\Runtime\Cache\Home\08d30c77e78bd0ac29232fbc421b5dcd.php 第 222 行.
NOTIC: [8] A non well formed numeric value encountered G:\www\oa\Application\Runtime\Cache\Home\08d30c77e78bd0ac29232fbc421b5dcd.php 第 272 行.
NOTIC: [8] A non well formed numeric value encountered G:\www\oa\Application\Runtime\Cache\Home\08d30c77e78bd0ac29232fbc421b5dcd.php 第 272 行.
INFO: Run Behavior\ParseTemplateBehavior [ RunTime:0.010414s ]
INFO: [ view_parse ] --END-- [ RunTime:0.010447s ]
INFO: [ view_filter ] --START--
INFO: Run Behavior\WriteHtmlCacheBehavior [ RunTime:0.000390s ]
INFO: [ view_filter ] --END-- [ RunTime:0.000418s ]
INFO: [ app_end ] --START--
INFO: Run Behavior\ShowPageTraceBehavior [ RunTime:0.000540s ]
INFO: [ app_end ] --END-- [ RunTime:0.000571s ]

