[ 2017-04-05T08:36:20+08:00 ] ::1 /oa/
INFO: [ app_init ] --START--
INFO: Run Behavior\BuildLiteBehavior [ RunTime:0.000013s ]
INFO: [ app_init ] --END-- [ RunTime:0.001351s ]
INFO: [ app_begin ] --START--
INFO: Run Behavior\ReadHtmlCacheBehavior [ RunTime:0.008326s ]
INFO: [ app_begin ] --END-- [ RunTime:0.008397s ]

[ 2017-04-05T08:36:31+08:00 ] ::1 /oa/index.php/Home/index/index.html
INFO: [ app_init ] --START--
INFO: Run Behavior\BuildLiteBehavior [ RunTime:0.000010s ]
INFO: [ app_init ] --END-- [ RunTime:0.000397s ]
INFO: [ app_begin ] --START--
INFO: Run Behavior\ReadHtmlCacheBehavior [ RunTime:0.000397s ]
INFO: [ app_begin ] --END-- [ RunTime:0.000434s ]
SQL: SHOW COLUMNS FROM `oa_note` [ RunTime:0.0090s ]
SQL: SELECT * FROM `oa_note` WHERE `uid` = 1  [ RunTime:0.0003s ]
SQL: SHOW COLUMNS FROM `oa_news` [ RunTime:0.0060s ]
SQL: SELECT * FROM `oa_news` ORDER BY time DESC LIMIT 5   [ RunTime:0.0012s ]
INFO: [ view_parse ] --START--
INFO: [ template_filter ] --START--
INFO: Run Behavior\ContentReplaceBehavior [ RunTime:0.000235s ]
INFO: [ template_filter ] --END-- [ RunTime:0.000494s ]
SQL: SHOW COLUMNS FROM `oa_menu` [ RunTime:0.0046s ]
SQL: SHOW COLUMNS FROM `oa_menu` [ RunTime:0.0035s ]
SQL: SELECT * FROM `oa_menu` WHERE `upid` = 0 ORDER BY sort ASC  [ RunTime:0.0006s ]
SQL: SELECT * FROM `oa_menu` WHERE `upid` > '0'  [ RunTime:0.0006s ]
INFO: [ view_parse ] --START--
INFO: [ template_filter ] --START--
INFO: Run Behavior\ContentReplaceBehavior [ RunTime:0.000037s ]
INFO: [ template_filter ] --END-- [ RunTime:-0.071501s ]
INFO: Run Behavior\ParseTemplateBehavior [ RunTime:0.011410s ]
INFO: [ view_parse ] --END-- [ RunTime:0.011480s ]
INFO: [ view_filter ] --START--
INFO: Run Behavior\WriteHtmlCacheBehavior [ RunTime:0.000529s ]
INFO: [ view_filter ] --END-- [ RunTime:0.000567s ]
NOTIC: [2048] Declaration of Ucenter\Model\UserModel::add() should be compatible with Think\Model::add($data = '', $options = Array, $replace = false) G:\www\oa\Application\Ucenter\Model\UserModel.class.php 第 275 行.
SQL: SHOW COLUMNS FROM `oa_user` [ RunTime:0.0042s ]
SQL: SHOW COLUMNS FROM `oa_user` [ RunTime:0.0033s ]
SQL: SELECT `name` FROM `oa_user` WHERE `id` = 1 LIMIT 1   [ RunTime:0.0005s ]
INFO: Run Behavior\ParseTemplateBehavior [ RunTime:0.023281s ]
INFO: [ view_parse ] --END-- [ RunTime:0.011480s ]
INFO: [ view_filter ] --START--
INFO: Run Behavior\WriteHtmlCacheBehavior [ RunTime:0.000010s ]
INFO: [ view_filter ] --END-- [ RunTime:-0.011293s ]
INFO: [ app_end ] --START--
INFO: Run Behavior\ShowPageTraceBehavior [ RunTime:0.000677s ]
INFO: [ app_end ] --END-- [ RunTime:0.000714s ]

[ 2017-04-05T08:37:22+08:00 ] ::1 /oa/index.php/Home/Index/index.html
INFO: [ app_init ] --START--
INFO: Run Behavior\BuildLiteBehavior [ RunTime:0.000022s ]
INFO: [ app_init ] --END-- [ RunTime:0.000554s ]
INFO: [ app_begin ] --START--
INFO: Run Behavior\ReadHtmlCacheBehavior [ RunTime:0.000414s ]
INFO: [ app_begin ] --END-- [ RunTime:0.000457s ]
SQL: SHOW COLUMNS FROM `oa_note` [ RunTime:0.0025s ]
SQL: SELECT * FROM `oa_note` WHERE `uid` = 1  [ RunTime:0.0002s ]
SQL: SHOW COLUMNS FROM `oa_news` [ RunTime:0.0033s ]
SQL: SELECT * FROM `oa_news` ORDER BY time DESC LIMIT 5   [ RunTime:0.0007s ]
INFO: [ view_parse ] --START--
INFO: [ template_filter ] --START--
INFO: Run Behavior\ContentReplaceBehavior [ RunTime:0.000060s ]
INFO: [ template_filter ] --END-- [ RunTime:0.000102s ]
SQL: SHOW COLUMNS FROM `oa_menu` [ RunTime:0.0029s ]
SQL: SHOW COLUMNS FROM `oa_menu` [ RunTime:0.0021s ]
SQL: SELECT * FROM `oa_menu` WHERE `upid` = 0 ORDER BY sort ASC  [ RunTime:0.0002s ]
SQL: SELECT * FROM `oa_menu` WHERE `upid` > '0'  [ RunTime:0.0002s ]
INFO: [ view_parse ] --START--
INFO: [ template_filter ] --START--
INFO: Run Behavior\ContentReplaceBehavior [ RunTime:0.000040s ]
INFO: [ template_filter ] --END-- [ RunTime:-0.010983s ]
INFO: Run Behavior\ParseTemplateBehavior [ RunTime:0.004065s ]
INFO: [ view_parse ] --END-- [ RunTime:0.004110s ]
INFO: [ view_filter ] --START--
INFO: Run Behavior\WriteHtmlCacheBehavior [ RunTime:0.000364s ]
INFO: [ view_filter ] --END-- [ RunTime:0.000393s ]
NOTIC: [2048] Declaration of Ucenter\Model\UserModel::add() should be compatible with Think\Model::add($data = '', $options = Array, $replace = false) G:\www\oa\Application\Ucenter\Model\UserModel.class.php 第 275 行.
SQL: SHOW COLUMNS FROM `oa_user` [ RunTime:0.0029s ]
SQL: SHOW COLUMNS FROM `oa_user` [ RunTime:0.0021s ]
SQL: SELECT `name` FROM `oa_user` WHERE `id` = 1 LIMIT 1   [ RunTime:0.0002s ]
INFO: Run Behavior\ParseTemplateBehavior [ RunTime:0.011384s ]
INFO: [ view_parse ] --END-- [ RunTime:0.004110s ]
INFO: [ view_filter ] --START--
INFO: Run Behavior\WriteHtmlCacheBehavior [ RunTime:0.000008s ]
INFO: [ view_filter ] --END-- [ RunTime:-0.006919s ]
INFO: [ app_end ] --START--
INFO: Run Behavior\ShowPageTraceBehavior [ RunTime:0.000519s ]
INFO: [ app_end ] --END-- [ RunTime:0.000555s ]

[ 2017-04-05T08:37:26+08:00 ] ::1 /oa/index.php/Home/Index/index.html
INFO: [ app_init ] --START--
INFO: Run Behavior\BuildLiteBehavior [ RunTime:0.000011s ]
INFO: [ app_init ] --END-- [ RunTime:0.000535s ]
INFO: [ app_begin ] --START--
INFO: Run Behavior\ReadHtmlCacheBehavior [ RunTime:0.000431s ]
INFO: [ app_begin ] --END-- [ RunTime:0.000475s ]
SQL: SHOW COLUMNS FROM `oa_note` [ RunTime:0.0027s ]
SQL: SELECT * FROM `oa_note` WHERE `uid` = 1  [ RunTime:0.0002s ]
SQL: SHOW COLUMNS FROM `oa_news` [ RunTime:0.0024s ]
SQL: SELECT * FROM `oa_news` ORDER BY time DESC LIMIT 5   [ RunTime:0.0004s ]
INFO: [ view_parse ] --START--
INFO: [ template_filter ] --START--
INFO: Run Behavior\ContentReplaceBehavior [ RunTime:0.000065s ]
INFO: [ template_filter ] --END-- [ RunTime:0.000111s ]
SQL: SHOW COLUMNS FROM `oa_menu` [ RunTime:0.0033s ]
SQL: SHOW COLUMNS FROM `oa_menu` [ RunTime:0.0023s ]
SQL: SELECT * FROM `oa_menu` WHERE `upid` = 0 ORDER BY sort ASC  [ RunTime:0.0003s ]
SQL: SELECT * FROM `oa_menu` WHERE `upid` > '0'  [ RunTime:0.0002s ]
INFO: [ view_parse ] --START--
INFO: [ template_filter ] --START--
INFO: Run Behavior\ContentReplaceBehavior [ RunTime:0.000050s ]
INFO: [ template_filter ] --END-- [ RunTime:-0.010908s ]
INFO: Run Behavior\ParseTemplateBehavior [ RunTime:0.003723s ]
INFO: [ view_parse ] --END-- [ RunTime:0.003764s ]
INFO: [ view_filter ] --START--
INFO: Run Behavior\WriteHtmlCacheBehavior [ RunTime:0.000355s ]
INFO: [ view_filter ] --END-- [ RunTime:0.000386s ]
NOTIC: [2048] Declaration of Ucenter\Model\UserModel::add() should be compatible with Think\Model::add($data = '', $options = Array, $replace = false) G:\www\oa\Application\Ucenter\Model\UserModel.class.php 第 275 行.
SQL: SHOW COLUMNS FROM `oa_user` [ RunTime:0.0031s ]
SQL: SHOW COLUMNS FROM `oa_user` [ RunTime:0.0030s ]
SQL: SELECT `name` FROM `oa_user` WHERE `id` = 1 LIMIT 1   [ RunTime:0.0005s ]
INFO: Run Behavior\ParseTemplateBehavior [ RunTime:0.012697s ]
INFO: [ view_parse ] --END-- [ RunTime:0.003764s ]
INFO: [ view_filter ] --START--
INFO: Run Behavior\WriteHtmlCacheBehavior [ RunTime:0.000010s ]
INFO: [ view_filter ] --END-- [ RunTime:-0.008583s ]
INFO: [ app_end ] --START--
INFO: Run Behavior\ShowPageTraceBehavior [ RunTime:0.000532s ]
INFO: [ app_end ] --END-- [ RunTime:0.000564s ]

[ 2017-04-05T08:37:29+08:00 ] ::1 /oa/index.php/Home/Index/index.html
INFO: [ app_init ] --START--
INFO: Run Behavior\BuildLiteBehavior [ RunTime:0.000010s ]
INFO: [ app_init ] --END-- [ RunTime:0.000416s ]
INFO: [ app_begin ] --START--
INFO: Run Behavior\ReadHtmlCacheBehavior [ RunTime:0.000403s ]
INFO: [ app_begin ] --END-- [ RunTime:0.000439s ]
SQL: SHOW COLUMNS FROM `oa_note` [ RunTime:0.0036s ]
SQL: SELECT * FROM `oa_note` WHERE `uid` = 1  [ RunTime:0.0005s ]
SQL: SHOW COLUMNS FROM `oa_news` [ RunTime:0.0049s ]
SQL: SELECT * FROM `oa_news` ORDER BY time DESC LIMIT 5   [ RunTime:0.0006s ]
INFO: [ view_parse ] --START--
INFO: [ template_filter ] --START--
INFO: Run Behavior\ContentReplaceBehavior [ RunTime:0.000059s ]
INFO: [ template_filter ] --END-- [ RunTime:0.000099s ]
SQL: SHOW COLUMNS FROM `oa_menu` [ RunTime:0.0027s ]
SQL: SHOW COLUMNS FROM `oa_menu` [ RunTime:0.0025s ]
SQL: SELECT * FROM `oa_menu` WHERE `upid` = 0 ORDER BY sort ASC  [ RunTime:0.0002s ]
SQL: SELECT * FROM `oa_menu` WHERE `upid` > '0'  [ RunTime:0.0002s ]
INFO: [ view_parse ] --START--
INFO: [ template_filter ] --START--
INFO: Run Behavior\ContentReplaceBehavior [ RunTime:0.000033s ]
INFO: [ template_filter ] --END-- [ RunTime:-0.010391s ]
INFO: Run Behavior\ParseTemplateBehavior [ RunTime:0.003524s ]
INFO: [ view_parse ] --END-- [ RunTime:0.003564s ]
INFO: [ view_filter ] --START--
INFO: Run Behavior\WriteHtmlCacheBehavior [ RunTime:0.000400s ]
INFO: [ view_filter ] --END-- [ RunTime:0.000433s ]
NOTIC: [2048] Declaration of Ucenter\Model\UserModel::add() should be compatible with Think\Model::add($data = '', $options = Array, $replace = false) G:\www\oa\Application\Ucenter\Model\UserModel.class.php 第 275 行.
SQL: SHOW COLUMNS FROM `oa_user` [ RunTime:0.0036s ]
SQL: SHOW COLUMNS FROM `oa_user` [ RunTime:0.0024s ]
SQL: SELECT `name` FROM `oa_user` WHERE `id` = 1 LIMIT 1   [ RunTime:0.0002s ]
INFO: Run Behavior\ParseTemplateBehavior [ RunTime:0.012456s ]
INFO: [ view_parse ] --END-- [ RunTime:0.003564s ]
INFO: [ view_filter ] --START--
INFO: Run Behavior\WriteHtmlCacheBehavior [ RunTime:0.000018s ]
INFO: [ view_filter ] --END-- [ RunTime:-0.008535s ]
INFO: [ app_end ] --START--
INFO: Run Behavior\ShowPageTraceBehavior [ RunTime:0.000642s ]
INFO: [ app_end ] --END-- [ RunTime:0.000678s ]

[ 2017-04-05T08:37:33+08:00 ] ::1 /oa/index.php/Home/Index/index.html
INFO: [ app_init ] --START--
INFO: Run Behavior\BuildLiteBehavior [ RunTime:0.000013s ]
INFO: [ app_init ] --END-- [ RunTime:0.000449s ]
INFO: [ app_begin ] --START--
INFO: Run Behavior\ReadHtmlCacheBehavior [ RunTime:0.000421s ]
INFO: [ app_begin ] --END-- [ RunTime:0.000456s ]
SQL: SHOW COLUMNS FROM `oa_note` [ RunTime:0.0028s ]
SQL: SELECT * FROM `oa_note` WHERE `uid` = 1  [ RunTime:0.0002s ]
SQL: SHOW COLUMNS FROM `oa_news` [ RunTime:0.0024s ]
SQL: SELECT * FROM `oa_news` ORDER BY time DESC LIMIT 5   [ RunTime:0.0004s ]
INFO: [ view_parse ] --START--
INFO: [ template_filter ] --START--
INFO: Run Behavior\ContentReplaceBehavior [ RunTime:0.000060s ]
INFO: [ template_filter ] --END-- [ RunTime:0.000103s ]
SQL: SHOW COLUMNS FROM `oa_menu` [ RunTime:0.0024s ]
SQL: SHOW COLUMNS FROM `oa_menu` [ RunTime:0.0023s ]
SQL: SELECT * FROM `oa_menu` WHERE `upid` = 0 ORDER BY sort ASC  [ RunTime:0.0002s ]
SQL: SELECT * FROM `oa_menu` WHERE `upid` > '0'  [ RunTime:0.0002s ]
INFO: [ view_parse ] --START--
INFO: [ template_filter ] --START--
INFO: Run Behavior\ContentReplaceBehavior [ RunTime:0.000031s ]
INFO: [ template_filter ] --END-- [ RunTime:-0.009939s ]
INFO: Run Behavior\ParseTemplateBehavior [ RunTime:0.006187s ]
INFO: [ view_parse ] --END-- [ RunTime:0.006254s ]
INFO: [ view_filter ] --START--
INFO: Run Behavior\WriteHtmlCacheBehavior [ RunTime:0.001002s ]
INFO: [ view_filter ] --END-- [ RunTime:0.001057s ]
NOTIC: [2048] Declaration of Ucenter\Model\UserModel::add() should be compatible with Think\Model::add($data = '', $options = Array, $replace = false) G:\www\oa\Application\Ucenter\Model\UserModel.class.php 第 275 行.
SQL: SHOW COLUMNS FROM `oa_user` [ RunTime:0.0028s ]
SQL: SHOW COLUMNS FROM `oa_user` [ RunTime:0.0033s ]
SQL: SELECT `name` FROM `oa_user` WHERE `id` = 1 LIMIT 1   [ RunTime:0.0003s ]
INFO: Run Behavior\ParseTemplateBehavior [ RunTime:0.016708s ]
INFO: [ view_parse ] --END-- [ RunTime:0.006254s ]
INFO: [ view_filter ] --START--
INFO: Run Behavior\WriteHtmlCacheBehavior [ RunTime:0.000008s ]
INFO: [ view_filter ] --END-- [ RunTime:-0.009402s ]
INFO: [ app_end ] --START--
INFO: Run Behavior\ShowPageTraceBehavior [ RunTime:0.000667s ]
INFO: [ app_end ] --END-- [ RunTime:0.000701s ]

[ 2017-04-05T08:37:41+08:00 ] ::1 /oa/index.php/Home/Index/index.html
INFO: [ app_init ] --START--
INFO: Run Behavior\BuildLiteBehavior [ RunTime:0.000014s ]
INFO: [ app_init ] --END-- [ RunTime:0.000446s ]
INFO: [ app_begin ] --START--
INFO: Run Behavior\ReadHtmlCacheBehavior [ RunTime:0.000833s ]
INFO: [ app_begin ] --END-- [ RunTime:0.000888s ]
SQL: SHOW COLUMNS FROM `oa_note` [ RunTime:0.0028s ]
SQL: SELECT * FROM `oa_note` WHERE `uid` = 1  [ RunTime:0.0002s ]
SQL: SHOW COLUMNS FROM `oa_news` [ RunTime:0.0025s ]
SQL: SELECT * FROM `oa_news` ORDER BY time DESC LIMIT 5   [ RunTime:0.0004s ]
INFO: [ view_parse ] --START--
INFO: [ template_filter ] --START--
INFO: Run Behavior\ContentReplaceBehavior [ RunTime:0.000091s ]
INFO: [ template_filter ] --END-- [ RunTime:0.000165s ]
SQL: SHOW COLUMNS FROM `oa_menu` [ RunTime:0.0026s ]
SQL: SHOW COLUMNS FROM `oa_menu` [ RunTime:0.0023s ]
SQL: SELECT * FROM `oa_menu` WHERE `upid` = 0 ORDER BY sort ASC  [ RunTime:0.0002s ]
SQL: SELECT * FROM `oa_menu` WHERE `upid` > '0'  [ RunTime:0.0002s ]
INFO: [ view_parse ] --START--
INFO: [ template_filter ] --START--
INFO: Run Behavior\ContentReplaceBehavior [ RunTime:0.000035s ]
INFO: [ template_filter ] --END-- [ RunTime:-0.010140s ]
INFO: Run Behavior\ParseTemplateBehavior [ RunTime:0.003011s ]
INFO: [ view_parse ] --END-- [ RunTime:0.003046s ]
INFO: [ view_filter ] --START--
INFO: Run Behavior\WriteHtmlCacheBehavior [ RunTime:0.000294s ]
INFO: [ view_filter ] --END-- [ RunTime:0.000325s ]
NOTIC: [2048] Declaration of Ucenter\Model\UserModel::add() should be compatible with Think\Model::add($data = '', $options = Array, $replace = false) G:\www\oa\Application\Ucenter\Model\UserModel.class.php 第 275 行.
SQL: SHOW COLUMNS FROM `oa_user` [ RunTime:0.0029s ]
SQL: SHOW COLUMNS FROM `oa_user` [ RunTime:0.0025s ]
SQL: SELECT `name` FROM `oa_user` WHERE `id` = 1 LIMIT 1   [ RunTime:0.0002s ]
INFO: Run Behavior\ParseTemplateBehavior [ RunTime:0.010729s ]
INFO: [ view_parse ] --END-- [ RunTime:0.003046s ]
INFO: [ view_filter ] --START--
INFO: Run Behavior\WriteHtmlCacheBehavior [ RunTime:0.000009s ]
INFO: [ view_filter ] --END-- [ RunTime:-0.007389s ]
INFO: [ app_end ] --START--
INFO: Run Behavior\ShowPageTraceBehavior [ RunTime:0.000555s ]
INFO: [ app_end ] --END-- [ RunTime:0.000594s ]

[ 2017-04-05T08:37:46+08:00 ] ::1 /oa/index.php/Home/Index/index.html
INFO: [ app_init ] --START--
INFO: Run Behavior\BuildLiteBehavior [ RunTime:0.000011s ]
INFO: [ app_init ] --END-- [ RunTime:0.000356s ]
INFO: [ app_begin ] --START--
INFO: Run Behavior\ReadHtmlCacheBehavior [ RunTime:0.000448s ]
INFO: [ app_begin ] --END-- [ RunTime:0.000486s ]
SQL: SHOW COLUMNS FROM `oa_note` [ RunTime:0.0025s ]
SQL: SELECT * FROM `oa_note` WHERE `uid` = 1  [ RunTime:0.0002s ]
SQL: SHOW COLUMNS FROM `oa_news` [ RunTime:0.0021s ]
SQL: SELECT * FROM `oa_news` ORDER BY time DESC LIMIT 5   [ RunTime:0.0004s ]
INFO: [ view_parse ] --START--
INFO: [ template_filter ] --START--
INFO: Run Behavior\ContentReplaceBehavior [ RunTime:0.000058s ]
INFO: [ template_filter ] --END-- [ RunTime:0.000094s ]
SQL: SHOW COLUMNS FROM `oa_menu` [ RunTime:0.0023s ]
SQL: SHOW COLUMNS FROM `oa_menu` [ RunTime:0.0020s ]
SQL: SELECT * FROM `oa_menu` WHERE `upid` = 0 ORDER BY sort ASC  [ RunTime:0.0002s ]
SQL: SELECT * FROM `oa_menu` WHERE `upid` > '0'  [ RunTime:0.0002s ]
INFO: [ view_parse ] --START--
INFO: [ template_filter ] --START--
INFO: Run Behavior\ContentReplaceBehavior [ RunTime:0.000032s ]
INFO: [ template_filter ] --END-- [ RunTime:-0.008896s ]
INFO: Run Behavior\ParseTemplateBehavior [ RunTime:0.002888s ]
INFO: [ view_parse ] --END-- [ RunTime:0.002924s ]
INFO: [ view_filter ] --START--
INFO: Run Behavior\WriteHtmlCacheBehavior [ RunTime:0.000283s ]
INFO: [ view_filter ] --END-- [ RunTime:0.000313s ]
NOTIC: [2048] Declaration of Ucenter\Model\UserModel::add() should be compatible with Think\Model::add($data = '', $options = Array, $replace = false) G:\www\oa\Application\Ucenter\Model\UserModel.class.php 第 275 行.
SQL: SHOW COLUMNS FROM `oa_user` [ RunTime:0.0033s ]
SQL: SHOW COLUMNS FROM `oa_user` [ RunTime:0.0028s ]
SQL: SELECT `name` FROM `oa_user` WHERE `id` = 1 LIMIT 1   [ RunTime:0.0005s ]
INFO: Run Behavior\ParseTemplateBehavior [ RunTime:0.011627s ]
INFO: [ view_parse ] --END-- [ RunTime:0.002924s ]
INFO: [ view_filter ] --START--
INFO: Run Behavior\WriteHtmlCacheBehavior [ RunTime:0.000009s ]
INFO: [ view_filter ] --END-- [ RunTime:-0.008434s ]
INFO: [ app_end ] --START--
INFO: Run Behavior\ShowPageTraceBehavior [ RunTime:0.001071s ]
INFO: [ app_end ] --END-- [ RunTime:0.001124s ]

[ 2017-04-05T09:00:08+08:00 ] ::1 /oa/index.php/Home/index/sendAnnounce.html
INFO: [ app_init ] --START--
INFO: Run Behavior\BuildLiteBehavior [ RunTime:0.000011s ]
INFO: [ app_init ] --END-- [ RunTime:0.000445s ]
INFO: [ app_begin ] --START--
INFO: Run Behavior\ReadHtmlCacheBehavior [ RunTime:0.000553s ]
INFO: [ app_begin ] --END-- [ RunTime:0.000591s ]
INFO: [ view_parse ] --START--
INFO: [ template_filter ] --START--
INFO: Run Behavior\ContentReplaceBehavior [ RunTime:0.000046s ]
INFO: [ template_filter ] --END-- [ RunTime:0.000087s ]
SQL: SHOW COLUMNS FROM `oa_menu` [ RunTime:0.0047s ]
SQL: SHOW COLUMNS FROM `oa_menu` [ RunTime:0.0023s ]
SQL: SELECT * FROM `oa_menu` WHERE `upid` = 0 ORDER BY sort ASC  [ RunTime:0.0003s ]
SQL: SELECT * FROM `oa_menu` WHERE `upid` > '0'  [ RunTime:0.0002s ]
INFO: [ view_parse ] --START--
INFO: [ template_filter ] --START--
INFO: Run Behavior\ContentReplaceBehavior [ RunTime:0.000031s ]
INFO: [ template_filter ] --END-- [ RunTime:-0.019010s ]
INFO: Run Behavior\ParseTemplateBehavior [ RunTime:0.003214s ]
INFO: [ view_parse ] --END-- [ RunTime:0.003256s ]
INFO: [ view_filter ] --START--
INFO: Run Behavior\WriteHtmlCacheBehavior [ RunTime:0.000415s ]
INFO: [ view_filter ] --END-- [ RunTime:0.000443s ]
NOTIC: [2048] Declaration of Ucenter\Model\UserModel::add() should be compatible with Think\Model::add($data = '', $options = Array, $replace = false) G:\www\oa\Application\Ucenter\Model\UserModel.class.php 第 275 行.
SQL: SHOW COLUMNS FROM `oa_user` [ RunTime:0.0031s ]
SQL: SHOW COLUMNS FROM `oa_user` [ RunTime:0.0042s ]
SQL: SELECT `name` FROM `oa_user` WHERE `id` = 1 LIMIT 1   [ RunTime:0.0003s ]
NOTIC: [8] Undefined variable: info G:\www\oa\Application\Runtime\Cache\Home\cc79471e553d4521812cfedb6b7e5291.php 第 101 行.
INFO: Run Behavior\ParseTemplateBehavior [ RunTime:0.012958s ]
INFO: [ view_parse ] --END-- [ RunTime:0.003256s ]
INFO: [ view_filter ] --START--
INFO: Run Behavior\WriteHtmlCacheBehavior [ RunTime:0.000009s ]
INFO: [ view_filter ] --END-- [ RunTime:-0.009300s ]
INFO: [ app_end ] --START--
INFO: Run Behavior\ShowPageTraceBehavior [ RunTime:0.000880s ]
INFO: [ app_end ] --END-- [ RunTime:0.000933s ]

[ 2017-04-05T11:15:55+08:00 ] ::1 /oa/index.php/Home/index/sendAnnounce.html
INFO: [ app_init ] --START--
INFO: Run Behavior\BuildLiteBehavior [ RunTime:0.000009s ]
INFO: [ app_init ] --END-- [ RunTime:0.000356s ]
INFO: [ app_begin ] --START--
INFO: Run Behavior\ReadHtmlCacheBehavior [ RunTime:0.000552s ]
INFO: [ app_begin ] --END-- [ RunTime:0.000587s ]
INFO: [ view_parse ] --START--
INFO: [ template_filter ] --START--
INFO: Run Behavior\ContentReplaceBehavior [ RunTime:0.000073s ]
INFO: [ template_filter ] --END-- [ RunTime:0.000128s ]
SQL: SHOW COLUMNS FROM `oa_menu` [ RunTime:0.0044s ]
SQL: SHOW COLUMNS FROM `oa_menu` [ RunTime:0.0039s ]
SQL: SELECT * FROM `oa_menu` WHERE `upid` = 0 ORDER BY sort ASC  [ RunTime:0.0004s ]
SQL: SELECT * FROM `oa_menu` WHERE `upid` > '0'  [ RunTime:0.0003s ]
INFO: [ view_parse ] --START--
INFO: [ template_filter ] --START--
INFO: Run Behavior\ContentReplaceBehavior [ RunTime:0.000099s ]
INFO: [ template_filter ] --END-- [ RunTime:-0.043858s ]
INFO: Run Behavior\ParseTemplateBehavior [ RunTime:0.005826s ]
INFO: [ view_parse ] --END-- [ RunTime:0.005893s ]
INFO: [ view_filter ] --START--
INFO: Run Behavior\WriteHtmlCacheBehavior [ RunTime:0.000683s ]
INFO: [ view_filter ] --END-- [ RunTime:0.000720s ]
NOTIC: [2048] Declaration of Ucenter\Model\UserModel::add() should be compatible with Think\Model::add($data = '', $options = Array, $replace = false) G:\www\oa\Application\Ucenter\Model\UserModel.class.php 第 275 行.
SQL: SHOW COLUMNS FROM `oa_user` [ RunTime:0.0037s ]
SQL: SHOW COLUMNS FROM `oa_user` [ RunTime:0.0030s ]
SQL: SELECT `name` FROM `oa_user` WHERE `id` = 1 LIMIT 1   [ RunTime:0.0003s ]
NOTIC: [8] Undefined variable: info G:\www\oa\Application\Runtime\Cache\Home\cc79471e553d4521812cfedb6b7e5291.php 第 101 行.
INFO: Run Behavior\ParseTemplateBehavior [ RunTime:0.015278s ]
INFO: [ view_parse ] --END-- [ RunTime:0.005893s ]
INFO: [ view_filter ] --START--
INFO: Run Behavior\WriteHtmlCacheBehavior [ RunTime:0.000007s ]
INFO: [ view_filter ] --END-- [ RunTime:-0.008695s ]
INFO: [ app_end ] --START--
INFO: Run Behavior\ShowPageTraceBehavior [ RunTime:0.000767s ]
INFO: [ app_end ] --END-- [ RunTime:0.000796s ]

