[ 2017-03-09T00:32:44+08:00 ] ::1 /oa/
INFO: [ app_init ] --START--
INFO: Run Behavior\BuildLiteBehavior [ RunTime:0.000020s ]
INFO: [ app_init ] --END-- [ RunTime:0.011843s ]
INFO: [ app_begin ] --START--
INFO: Run Behavior\ReadHtmlCacheBehavior [ RunTime:0.008286s ]
INFO: [ app_begin ] --END-- [ RunTime:0.008355s ]
SQL: SHOW COLUMNS FROM `oa_note` [ RunTime:0.0311s ]
SQL: SELECT * FROM `oa_note` WHERE `uid` = 1  [ RunTime:0.0003s ]
SQL: SHOW COLUMNS FROM `oa_news` [ RunTime:0.0171s ]
SQL: SELECT * FROM `oa_news` ORDER BY time DESC LIMIT 5   [ RunTime:0.0021s ]
INFO: [ view_parse ] --START--
INFO: [ template_filter ] --START--
INFO: Run Behavior\ContentReplaceBehavior [ RunTime:0.000069s ]
INFO: [ template_filter ] --END-- [ RunTime:0.000112s ]
NOTIC: [2048] Declaration of Ucenter\Model\UserModel::add() should be compatible with Think\Model::add($data = '', $options = Array, $replace = false) G:\www\oa\Application\Ucenter\Model\UserModel.class.php 第 253 行.
SQL: SHOW COLUMNS FROM `oa_user` [ RunTime:0.0083s ]
SQL: SHOW COLUMNS FROM `oa_user` [ RunTime:0.0025s ]
SQL: SELECT `name` FROM `oa_user` WHERE `id` = 1 LIMIT 1   [ RunTime:0.0002s ]
INFO: Run Behavior\ParseTemplateBehavior [ RunTime:0.122496s ]
INFO: [ view_parse ] --END-- [ RunTime:0.122538s ]
INFO: [ view_filter ] --START--
INFO: Run Behavior\WriteHtmlCacheBehavior [ RunTime:0.016132s ]
INFO: [ view_filter ] --END-- [ RunTime:0.016177s ]
INFO: [ app_end ] --START--
INFO: Run Behavior\ShowPageTraceBehavior [ RunTime:0.001081s ]
INFO: [ app_end ] --END-- [ RunTime:0.001138s ]

