[ 2017-02-21T18:05:41+08:00 ] ::1 /oa/
INFO: [ app_init ] --START--
INFO: Run Behavior\BuildLiteBehavior [ RunTime:0.000040s ]
INFO: [ app_init ] --END-- [ RunTime:0.003673s ]
INFO: [ app_begin ] --START--
INFO: Run Behavior\ReadHtmlCacheBehavior [ RunTime:0.002214s ]
INFO: [ app_begin ] --END-- [ RunTime:0.002400s ]

[ 2017-02-21T18:05:54+08:00 ] ::1 /oa/index.php/Home/index/index.html
INFO: [ app_init ] --START--
INFO: Run Behavior\BuildLiteBehavior [ RunTime:0.000040s ]
INFO: [ app_init ] --END-- [ RunTime:0.001351s ]
INFO: [ app_begin ] --START--
INFO: Run Behavior\ReadHtmlCacheBehavior [ RunTime:0.001578s ]
INFO: [ app_begin ] --END-- [ RunTime:0.001730s ]
SQL: SHOW COLUMNS FROM `oa_note` [ RunTime:0.0074s ]
SQL: SELECT * FROM `oa_note` WHERE `status` = 1 AND `uid` = 1  [ RunTime:0.0006s ]
SQL: SHOW COLUMNS FROM `oa_news` [ RunTime:0.0086s ]
SQL: SELECT * FROM `oa_news` ORDER BY time DESC LIMIT 5   [ RunTime:0.0018s ]
INFO: [ view_parse ] --START--
INFO: [ template_filter ] --START--
INFO: Run Behavior\ContentReplaceBehavior [ RunTime:0.000319s ]
INFO: [ template_filter ] --END-- [ RunTime:0.000459s ]
NOTIC: [2048] Declaration of Ucenter\Model\UserModel::add() should be compatible with Think\Model::add($data = '', $options = Array, $replace = false) G:\www\oa\Application\Ucenter\Model\UserModel.class.php 第 223 行.
SQL: SHOW COLUMNS FROM `oa_user` [ RunTime:0.0096s ]
SQL: SHOW COLUMNS FROM `oa_user` [ RunTime:0.0081s ]
SQL: SELECT `name` FROM `oa_user` WHERE `id` = 1 LIMIT 1   [ RunTime:0.0014s ]
INFO: Run Behavior\ParseTemplateBehavior [ RunTime:0.118335s ]
INFO: [ view_parse ] --END-- [ RunTime:0.118443s ]
INFO: [ view_filter ] --START--
INFO: Run Behavior\WriteHtmlCacheBehavior [ RunTime:0.001376s ]
INFO: [ view_filter ] --END-- [ RunTime:0.001493s ]
INFO: [ app_end ] --START--
INFO: Run Behavior\ShowPageTraceBehavior [ RunTime:0.001978s ]
INFO: [ app_end ] --END-- [ RunTime:0.002127s ]

[ 2017-02-21T18:06:03+08:00 ] ::1 /oa/index.php/Home/index/index.html
INFO: [ app_init ] --START--
INFO: Run Behavior\BuildLiteBehavior [ RunTime:0.000012s ]
INFO: [ app_init ] --END-- [ RunTime:0.000435s ]
INFO: [ app_begin ] --START--
INFO: Run Behavior\ReadHtmlCacheBehavior [ RunTime:0.000500s ]
INFO: [ app_begin ] --END-- [ RunTime:0.000545s ]
SQL: SHOW COLUMNS FROM `oa_note` [ RunTime:0.0031s ]
SQL: SELECT * FROM `oa_note` WHERE `status` = 1 AND `uid` = 1  [ RunTime:0.0003s ]
SQL: SHOW COLUMNS FROM `oa_news` [ RunTime:0.0029s ]
SQL: SELECT * FROM `oa_news` ORDER BY time DESC LIMIT 5   [ RunTime:0.0006s ]
INFO: [ view_parse ] --START--
INFO: [ template_filter ] --START--
INFO: Run Behavior\ContentReplaceBehavior [ RunTime:0.000100s ]
INFO: [ template_filter ] --END-- [ RunTime:0.000140s ]
NOTIC: [2048] Declaration of Ucenter\Model\UserModel::add() should be compatible with Think\Model::add($data = '', $options = Array, $replace = false) G:\www\oa\Application\Ucenter\Model\UserModel.class.php 第 223 行.
SQL: SHOW COLUMNS FROM `oa_user` [ RunTime:0.0028s ]
SQL: SHOW COLUMNS FROM `oa_user` [ RunTime:0.0027s ]
SQL: SELECT `name` FROM `oa_user` WHERE `id` = 1 LIMIT 1   [ RunTime:0.0002s ]
INFO: Run Behavior\ParseTemplateBehavior [ RunTime:0.018415s ]
INFO: [ view_parse ] --END-- [ RunTime:0.018454s ]
INFO: [ view_filter ] --START--
INFO: Run Behavior\WriteHtmlCacheBehavior [ RunTime:0.000406s ]
INFO: [ view_filter ] --END-- [ RunTime:0.000443s ]
INFO: [ app_end ] --START--
INFO: Run Behavior\ShowPageTraceBehavior [ RunTime:0.000550s ]
INFO: [ app_end ] --END-- [ RunTime:0.000593s ]

[ 2017-02-21T18:06:31+08:00 ] ::1 /oa/
INFO: [ app_init ] --START--
INFO: Run Behavior\BuildLiteBehavior [ RunTime:0.000008s ]
INFO: [ app_init ] --END-- [ RunTime:0.000356s ]
INFO: [ app_begin ] --START--
INFO: Run Behavior\ReadHtmlCacheBehavior [ RunTime:0.000468s ]
INFO: [ app_begin ] --END-- [ RunTime:0.000504s ]

[ 2017-02-21T18:16:07+08:00 ] ::1 /oa/index.php/Home/index/index.html
INFO: [ app_init ] --START--
INFO: Run Behavior\BuildLiteBehavior [ RunTime:0.000024s ]
INFO: [ app_init ] --END-- [ RunTime:0.000722s ]
INFO: [ app_begin ] --START--
INFO: Run Behavior\ReadHtmlCacheBehavior [ RunTime:0.000768s ]
INFO: [ app_begin ] --END-- [ RunTime:0.000830s ]
SQL: SHOW COLUMNS FROM `oa_note` [ RunTime:0.0029s ]
SQL: SELECT * FROM `oa_note` WHERE `status` = 1 AND `uid` = 9  [ RunTime:0.0003s ]
SQL: SHOW COLUMNS FROM `oa_news` [ RunTime:0.0026s ]
SQL: SELECT * FROM `oa_news` ORDER BY time DESC LIMIT 5   [ RunTime:0.0006s ]
INFO: [ view_parse ] --START--
INFO: [ template_filter ] --START--
INFO: Run Behavior\ContentReplaceBehavior [ RunTime:0.000229s ]
INFO: [ template_filter ] --END-- [ RunTime:0.000354s ]
NOTIC: [2048] Declaration of Ucenter\Model\UserModel::add() should be compatible with Think\Model::add($data = '', $options = Array, $replace = false) G:\www\oa\Application\Ucenter\Model\UserModel.class.php 第 236 行.
SQL: SHOW COLUMNS FROM `oa_user` [ RunTime:0.0056s ]
SQL: SHOW COLUMNS FROM `oa_user` [ RunTime:0.0085s ]
SQL: SELECT `name` FROM `oa_user` WHERE `id` = 9 LIMIT 1   [ RunTime:0.0007s ]
INFO: Run Behavior\ParseTemplateBehavior [ RunTime:0.044239s ]
INFO: [ view_parse ] --END-- [ RunTime:0.044331s ]
INFO: [ view_filter ] --START--
INFO: Run Behavior\WriteHtmlCacheBehavior [ RunTime:0.001334s ]
INFO: [ view_filter ] --END-- [ RunTime:0.001457s ]
INFO: [ app_end ] --START--
INFO: Run Behavior\ShowPageTraceBehavior [ RunTime:0.001692s ]
INFO: [ app_end ] --END-- [ RunTime:0.001841s ]

[ 2017-02-21T18:23:46+08:00 ] ::1 /oa/index.php/Home/index/index.html
INFO: [ app_init ] --START--
INFO: Run Behavior\BuildLiteBehavior [ RunTime:0.000012s ]
INFO: [ app_init ] --END-- [ RunTime:0.000483s ]
INFO: [ app_begin ] --START--
INFO: Run Behavior\ReadHtmlCacheBehavior [ RunTime:0.000557s ]
INFO: [ app_begin ] --END-- [ RunTime:0.000601s ]
SQL: SHOW COLUMNS FROM `oa_note` [ RunTime:0.0052s ]
SQL: SELECT * FROM `oa_note` WHERE `status` = 1 AND `uid` = 9  [ RunTime:0.0005s ]
SQL: SHOW COLUMNS FROM `oa_news` [ RunTime:0.0032s ]
SQL: SELECT * FROM `oa_news` ORDER BY time DESC LIMIT 5   [ RunTime:0.0006s ]
INFO: [ view_parse ] --START--
INFO: [ template_filter ] --START--
INFO: Run Behavior\ContentReplaceBehavior [ RunTime:0.000098s ]
INFO: [ template_filter ] --END-- [ RunTime:0.000137s ]
NOTIC: [2048] Declaration of Ucenter\Model\UserModel::add() should be compatible with Think\Model::add($data = '', $options = Array, $replace = false) G:\www\oa\Application\Ucenter\Model\UserModel.class.php 第 236 行.
SQL: SHOW COLUMNS FROM `oa_user` [ RunTime:0.0029s ]
SQL: SHOW COLUMNS FROM `oa_user` [ RunTime:0.0028s ]
SQL: SELECT `name` FROM `oa_user` WHERE `id` = 9 LIMIT 1   [ RunTime:0.0003s ]
INFO: Run Behavior\ParseTemplateBehavior [ RunTime:0.019301s ]
INFO: [ view_parse ] --END-- [ RunTime:0.019346s ]
INFO: [ view_filter ] --START--
INFO: Run Behavior\WriteHtmlCacheBehavior [ RunTime:0.000560s ]
INFO: [ view_filter ] --END-- [ RunTime:0.000600s ]
INFO: [ app_end ] --START--
INFO: Run Behavior\ShowPageTraceBehavior [ RunTime:0.000554s ]
INFO: [ app_end ] --END-- [ RunTime:0.000598s ]

[ 2017-02-21T18:31:24+08:00 ] ::1 /oa/index.php/Home/index/index.html
INFO: [ app_init ] --START--
INFO: Run Behavior\BuildLiteBehavior [ RunTime:0.000013s ]
INFO: [ app_init ] --END-- [ RunTime:0.000456s ]
INFO: [ app_begin ] --START--
INFO: Run Behavior\ReadHtmlCacheBehavior [ RunTime:0.000497s ]
INFO: [ app_begin ] --END-- [ RunTime:0.000545s ]
SQL: SHOW COLUMNS FROM `oa_note` [ RunTime:0.0043s ]
SQL: SELECT * FROM `oa_note` WHERE `status` = 1 AND `uid` = 9  [ RunTime:0.0003s ]
SQL: SHOW COLUMNS FROM `oa_news` [ RunTime:0.0027s ]
SQL: SELECT * FROM `oa_news` ORDER BY time DESC LIMIT 5   [ RunTime:0.0006s ]
INFO: [ view_parse ] --START--
INFO: [ template_filter ] --START--
INFO: Run Behavior\ContentReplaceBehavior [ RunTime:0.000076s ]
INFO: [ template_filter ] --END-- [ RunTime:0.000112s ]
NOTIC: [2048] Declaration of Ucenter\Model\UserModel::add() should be compatible with Think\Model::add($data = '', $options = Array, $replace = false) G:\www\oa\Application\Ucenter\Model\UserModel.class.php 第 236 行.
SQL: SHOW COLUMNS FROM `oa_user` [ RunTime:0.0025s ]
SQL: SHOW COLUMNS FROM `oa_user` [ RunTime:0.0019s ]
SQL: SELECT `name` FROM `oa_user` WHERE `id` = 9 LIMIT 1   [ RunTime:0.0002s ]
INFO: Run Behavior\ParseTemplateBehavior [ RunTime:0.016278s ]
INFO: [ view_parse ] --END-- [ RunTime:0.016316s ]
INFO: [ view_filter ] --START--
INFO: Run Behavior\WriteHtmlCacheBehavior [ RunTime:0.000330s ]
INFO: [ view_filter ] --END-- [ RunTime:0.000360s ]
INFO: [ app_end ] --START--
INFO: Run Behavior\ShowPageTraceBehavior [ RunTime:0.000433s ]
INFO: [ app_end ] --END-- [ RunTime:0.000470s ]

[ 2017-02-21T18:31:38+08:00 ] ::1 /oa/index.php/Home/Index/noteAdd.html
INFO: [ app_init ] --START--
INFO: Run Behavior\BuildLiteBehavior [ RunTime:0.000011s ]
INFO: [ app_init ] --END-- [ RunTime:0.000482s ]
INFO: [ app_begin ] --START--
INFO: Run Behavior\ReadHtmlCacheBehavior [ RunTime:0.000547s ]
INFO: [ app_begin ] --END-- [ RunTime:0.000589s ]
NOTIC: [2048] Declaration of Home\Model\NoteModel::add() should be compatible with Think\Model::add($data = '', $options = Array, $replace = false) G:\www\oa\Application\Home\Model\NoteModel.class.php 第 8 行.
NOTIC: [2048] Declaration of Home\Model\NoteModel::delete() should be compatible with Think\Model::delete($options = Array) G:\www\oa\Application\Home\Model\NoteModel.class.php 第 8 行.
SQL: SHOW COLUMNS FROM `oa_note` [ RunTime:0.0035s ]
SQL: SHOW COLUMNS FROM `oa_note` [ RunTime:0.0025s ]
SQL: INSERT INTO `oa_note` (`uid`,`note`,`time`,`status`) VALUES ('9','这是便签','2017-02-21 18:31:38','1') [ RunTime:0.0021s ]

[ 2017-02-21T18:31:43+08:00 ] ::1 /oa/index.php/Home/Index/noteDel.html
INFO: [ app_init ] --START--
INFO: Run Behavior\BuildLiteBehavior [ RunTime:0.000011s ]
INFO: [ app_init ] --END-- [ RunTime:0.000422s ]
INFO: [ app_begin ] --START--
INFO: Run Behavior\ReadHtmlCacheBehavior [ RunTime:0.000545s ]
INFO: [ app_begin ] --END-- [ RunTime:0.000587s ]
NOTIC: [2048] Declaration of Home\Model\NoteModel::add() should be compatible with Think\Model::add($data = '', $options = Array, $replace = false) G:\www\oa\Application\Home\Model\NoteModel.class.php 第 8 行.
NOTIC: [2048] Declaration of Home\Model\NoteModel::delete() should be compatible with Think\Model::delete($options = Array) G:\www\oa\Application\Home\Model\NoteModel.class.php 第 8 行.
SQL: SHOW COLUMNS FROM `oa_note` [ RunTime:0.0027s ]
SQL: SHOW COLUMNS FROM `oa_note` [ RunTime:0.0031s ]
SQL: DELETE FROM `oa_note` WHERE `uid` = 9 AND `id` = 11 [ RunTime:0.0025s ]

[ 2017-02-21T18:31:49+08:00 ] ::1 /oa/index.php/Home/Index/noteAdd.html
INFO: [ app_init ] --START--
INFO: Run Behavior\BuildLiteBehavior [ RunTime:0.000012s ]
INFO: [ app_init ] --END-- [ RunTime:0.000476s ]
INFO: [ app_begin ] --START--
INFO: Run Behavior\ReadHtmlCacheBehavior [ RunTime:0.000538s ]
INFO: [ app_begin ] --END-- [ RunTime:0.000580s ]
NOTIC: [2048] Declaration of Home\Model\NoteModel::add() should be compatible with Think\Model::add($data = '', $options = Array, $replace = false) G:\www\oa\Application\Home\Model\NoteModel.class.php 第 8 行.
NOTIC: [2048] Declaration of Home\Model\NoteModel::delete() should be compatible with Think\Model::delete($options = Array) G:\www\oa\Application\Home\Model\NoteModel.class.php 第 8 行.
SQL: SHOW COLUMNS FROM `oa_note` [ RunTime:0.0027s ]
SQL: SHOW COLUMNS FROM `oa_note` [ RunTime:0.0024s ]
SQL: INSERT INTO `oa_note` (`uid`,`note`,`time`,`status`) VALUES ('9','这是便签','2017-02-21 18:31:49','1') [ RunTime:0.0023s ]

[ 2017-02-21T18:32:21+08:00 ] ::1 /oa/index.php/Home/index/index.html
INFO: [ app_init ] --START--
INFO: Run Behavior\BuildLiteBehavior [ RunTime:0.000029s ]
INFO: [ app_init ] --END-- [ RunTime:0.000650s ]
INFO: [ app_begin ] --START--
INFO: Run Behavior\ReadHtmlCacheBehavior [ RunTime:0.000509s ]
INFO: [ app_begin ] --END-- [ RunTime:0.000554s ]
SQL: SHOW COLUMNS FROM `oa_note` [ RunTime:0.0028s ]
SQL: SELECT * FROM `oa_note` WHERE `status` = 1 AND `uid` = 9  [ RunTime:0.0003s ]
SQL: SHOW COLUMNS FROM `oa_news` [ RunTime:0.0026s ]
SQL: SELECT * FROM `oa_news` ORDER BY time DESC LIMIT 5   [ RunTime:0.0005s ]
INFO: [ view_parse ] --START--
INFO: [ template_filter ] --START--
INFO: Run Behavior\ContentReplaceBehavior [ RunTime:0.000099s ]
INFO: [ template_filter ] --END-- [ RunTime:0.000145s ]
NOTIC: [2048] Declaration of Ucenter\Model\UserModel::add() should be compatible with Think\Model::add($data = '', $options = Array, $replace = false) G:\www\oa\Application\Ucenter\Model\UserModel.class.php 第 236 行.
SQL: SHOW COLUMNS FROM `oa_user` [ RunTime:0.0028s ]
SQL: SHOW COLUMNS FROM `oa_user` [ RunTime:0.0026s ]
SQL: SELECT `name` FROM `oa_user` WHERE `id` = 9 LIMIT 1   [ RunTime:0.0002s ]
INFO: Run Behavior\ParseTemplateBehavior [ RunTime:0.018984s ]
INFO: [ view_parse ] --END-- [ RunTime:0.019023s ]
INFO: [ view_filter ] --START--
INFO: Run Behavior\WriteHtmlCacheBehavior [ RunTime:0.000408s ]
INFO: [ view_filter ] --END-- [ RunTime:0.000446s ]
INFO: [ app_end ] --START--
INFO: Run Behavior\ShowPageTraceBehavior [ RunTime:0.000615s ]
INFO: [ app_end ] --END-- [ RunTime:0.000669s ]

[ 2017-02-21T18:32:25+08:00 ] ::1 /oa/index.php/Home/Index/noteFinish.html
INFO: [ app_init ] --START--
INFO: Run Behavior\BuildLiteBehavior [ RunTime:0.000014s ]
INFO: [ app_init ] --END-- [ RunTime:0.000560s ]
INFO: [ app_begin ] --START--
INFO: Run Behavior\ReadHtmlCacheBehavior [ RunTime:0.000547s ]
INFO: [ app_begin ] --END-- [ RunTime:0.000588s ]
NOTIC: [2048] Declaration of Home\Model\NoteModel::add() should be compatible with Think\Model::add($data = '', $options = Array, $replace = false) G:\www\oa\Application\Home\Model\NoteModel.class.php 第 8 行.
NOTIC: [2048] Declaration of Home\Model\NoteModel::delete() should be compatible with Think\Model::delete($options = Array) G:\www\oa\Application\Home\Model\NoteModel.class.php 第 8 行.
SQL: SHOW COLUMNS FROM `oa_note` [ RunTime:0.0028s ]
SQL: SHOW COLUMNS FROM `oa_note` [ RunTime:0.0025s ]
SQL: UPDATE `oa_note` SET `status`='2' WHERE `uid` = 9 AND `id` = 12 [ RunTime:0.0024s ]

[ 2017-02-21T18:32:28+08:00 ] ::1 /oa/index.php/Home/index/index.html
INFO: [ app_init ] --START--
INFO: Run Behavior\BuildLiteBehavior [ RunTime:0.000034s ]
INFO: [ app_init ] --END-- [ RunTime:0.001316s ]
INFO: [ app_begin ] --START--
INFO: Run Behavior\ReadHtmlCacheBehavior [ RunTime:0.001546s ]
INFO: [ app_begin ] --END-- [ RunTime:0.001688s ]
SQL: SHOW COLUMNS FROM `oa_note` [ RunTime:0.0056s ]
SQL: SELECT * FROM `oa_note` WHERE `status` = 1 AND `uid` = 9  [ RunTime:0.0005s ]
SQL: SHOW COLUMNS FROM `oa_news` [ RunTime:0.0064s ]
SQL: SELECT * FROM `oa_news` ORDER BY time DESC LIMIT 5   [ RunTime:0.0017s ]
INFO: [ view_parse ] --START--
INFO: [ template_filter ] --START--
INFO: Run Behavior\ContentReplaceBehavior [ RunTime:0.000298s ]
INFO: [ template_filter ] --END-- [ RunTime:0.000429s ]
NOTIC: [2048] Declaration of Ucenter\Model\UserModel::add() should be compatible with Think\Model::add($data = '', $options = Array, $replace = false) G:\www\oa\Application\Ucenter\Model\UserModel.class.php 第 236 行.
SQL: SHOW COLUMNS FROM `oa_user` [ RunTime:0.0085s ]
SQL: SHOW COLUMNS FROM `oa_user` [ RunTime:0.0079s ]
SQL: SELECT `name` FROM `oa_user` WHERE `id` = 9 LIMIT 1   [ RunTime:0.0007s ]
INFO: Run Behavior\ParseTemplateBehavior [ RunTime:0.056788s ]
INFO: [ view_parse ] --END-- [ RunTime:0.056914s ]
INFO: [ view_filter ] --START--
INFO: Run Behavior\WriteHtmlCacheBehavior [ RunTime:0.001152s ]
INFO: [ view_filter ] --END-- [ RunTime:0.001293s ]
INFO: [ app_end ] --START--
INFO: Run Behavior\ShowPageTraceBehavior [ RunTime:0.001632s ]
INFO: [ app_end ] --END-- [ RunTime:0.001769s ]

[ 2017-02-21T18:32:35+08:00 ] ::1 /oa/index.php/Home/Index/noteAdd.html
INFO: [ app_init ] --START--
INFO: Run Behavior\BuildLiteBehavior [ RunTime:0.000032s ]
INFO: [ app_init ] --END-- [ RunTime:0.000556s ]
INFO: [ app_begin ] --START--
INFO: Run Behavior\ReadHtmlCacheBehavior [ RunTime:0.000561s ]
INFO: [ app_begin ] --END-- [ RunTime:0.000603s ]
NOTIC: [2048] Declaration of Home\Model\NoteModel::add() should be compatible with Think\Model::add($data = '', $options = Array, $replace = false) G:\www\oa\Application\Home\Model\NoteModel.class.php 第 8 行.
NOTIC: [2048] Declaration of Home\Model\NoteModel::delete() should be compatible with Think\Model::delete($options = Array) G:\www\oa\Application\Home\Model\NoteModel.class.php 第 8 行.
SQL: SHOW COLUMNS FROM `oa_note` [ RunTime:0.0028s ]
SQL: SHOW COLUMNS FROM `oa_note` [ RunTime:0.0025s ]
SQL: INSERT INTO `oa_note` (`uid`,`note`,`time`,`status`) VALUES ('9','这是便签','2017-02-21 18:32:35','1') [ RunTime:0.0020s ]

[ 2017-02-21T18:32:53+08:00 ] ::1 /oa/index.php/Home/index/index.html
INFO: [ app_init ] --START--
INFO: Run Behavior\BuildLiteBehavior [ RunTime:0.000036s ]
INFO: [ app_init ] --END-- [ RunTime:0.001583s ]
INFO: [ app_begin ] --START--
INFO: Run Behavior\ReadHtmlCacheBehavior [ RunTime:0.001556s ]
INFO: [ app_begin ] --END-- [ RunTime:0.001696s ]
SQL: SHOW COLUMNS FROM `oa_note` [ RunTime:0.0051s ]
SQL: SELECT * FROM `oa_note` WHERE `status` = 1 AND `uid` = 9  [ RunTime:0.0004s ]
SQL: SHOW COLUMNS FROM `oa_news` [ RunTime:0.0049s ]
SQL: SELECT * FROM `oa_news` ORDER BY time DESC LIMIT 5   [ RunTime:0.0016s ]
INFO: [ view_parse ] --START--
INFO: [ template_filter ] --START--
INFO: Run Behavior\ContentReplaceBehavior [ RunTime:0.000295s ]
INFO: [ template_filter ] --END-- [ RunTime:0.000422s ]
NOTIC: [2048] Declaration of Ucenter\Model\UserModel::add() should be compatible with Think\Model::add($data = '', $options = Array, $replace = false) G:\www\oa\Application\Ucenter\Model\UserModel.class.php 第 236 行.
SQL: SHOW COLUMNS FROM `oa_user` [ RunTime:0.0054s ]
SQL: SHOW COLUMNS FROM `oa_user` [ RunTime:0.0051s ]
SQL: SELECT `name` FROM `oa_user` WHERE `id` = 9 LIMIT 1   [ RunTime:0.0004s ]
INFO: Run Behavior\ParseTemplateBehavior [ RunTime:0.046986s ]
INFO: [ view_parse ] --END-- [ RunTime:0.047091s ]
INFO: [ view_filter ] --START--
INFO: Run Behavior\WriteHtmlCacheBehavior [ RunTime:0.000722s ]
INFO: [ view_filter ] --END-- [ RunTime:0.000792s ]
INFO: [ app_end ] --START--
INFO: Run Behavior\ShowPageTraceBehavior [ RunTime:0.001007s ]
INFO: [ app_end ] --END-- [ RunTime:0.001090s ]

[ 2017-02-21T18:33:22+08:00 ] ::1 /oa/index.php/Home/index/index.html
INFO: [ app_init ] --START--
INFO: Run Behavior\BuildLiteBehavior [ RunTime:0.000036s ]
INFO: [ app_init ] --END-- [ RunTime:0.001414s ]
INFO: [ app_begin ] --START--
INFO: Run Behavior\ReadHtmlCacheBehavior [ RunTime:0.001864s ]
INFO: [ app_begin ] --END-- [ RunTime:0.002007s ]
SQL: SHOW COLUMNS FROM `oa_note` [ RunTime:0.0088s ]
SQL: SELECT * FROM `oa_note` WHERE `status` = 1 AND `uid` = 9  [ RunTime:0.0008s ]
SQL: SHOW COLUMNS FROM `oa_news` [ RunTime:0.0081s ]
SQL: SELECT * FROM `oa_news` ORDER BY time DESC LIMIT 5   [ RunTime:0.0017s ]
INFO: [ view_parse ] --START--
INFO: [ template_filter ] --START--
INFO: Run Behavior\ContentReplaceBehavior [ RunTime:0.000301s ]
INFO: [ template_filter ] --END-- [ RunTime:0.000431s ]
NOTIC: [2048] Declaration of Ucenter\Model\UserModel::add() should be compatible with Think\Model::add($data = '', $options = Array, $replace = false) G:\www\oa\Application\Ucenter\Model\UserModel.class.php 第 236 行.
SQL: SHOW COLUMNS FROM `oa_user` [ RunTime:0.0054s ]
SQL: SHOW COLUMNS FROM `oa_user` [ RunTime:0.0049s ]
SQL: SELECT `name` FROM `oa_user` WHERE `id` = 9 LIMIT 1   [ RunTime:0.0004s ]
INFO: Run Behavior\ParseTemplateBehavior [ RunTime:0.050212s ]
INFO: [ view_parse ] --END-- [ RunTime:0.050307s ]
INFO: [ view_filter ] --START--
INFO: Run Behavior\WriteHtmlCacheBehavior [ RunTime:0.000869s ]
INFO: [ view_filter ] --END-- [ RunTime:0.000940s ]
INFO: [ app_end ] --START--
INFO: Run Behavior\ShowPageTraceBehavior [ RunTime:0.001200s ]
INFO: [ app_end ] --END-- [ RunTime:0.001284s ]

[ 2017-02-21T18:33:47+08:00 ] ::1 /oa/index.php/Home/Index/noteFinish.html
INFO: [ app_init ] --START--
INFO: Run Behavior\BuildLiteBehavior [ RunTime:0.000011s ]
INFO: [ app_init ] --END-- [ RunTime:0.000308s ]
INFO: [ app_begin ] --START--
INFO: Run Behavior\ReadHtmlCacheBehavior [ RunTime:0.000398s ]
INFO: [ app_begin ] --END-- [ RunTime:0.000433s ]
NOTIC: [2048] Declaration of Home\Model\NoteModel::add() should be compatible with Think\Model::add($data = '', $options = Array, $replace = false) G:\www\oa\Application\Home\Model\NoteModel.class.php 第 8 行.
NOTIC: [2048] Declaration of Home\Model\NoteModel::delete() should be compatible with Think\Model::delete($options = Array) G:\www\oa\Application\Home\Model\NoteModel.class.php 第 8 行.
SQL: SHOW COLUMNS FROM `oa_note` [ RunTime:0.0025s ]
SQL: SHOW COLUMNS FROM `oa_note` [ RunTime:0.0023s ]
SQL: UPDATE `oa_note` SET `status`='2' WHERE `uid` = 9 AND `id` = 13 [ RunTime:0.0021s ]

[ 2017-02-21T18:33:51+08:00 ] ::1 /oa/index.php/Home/Index/noteAdd.html
INFO: [ app_init ] --START--
INFO: Run Behavior\BuildLiteBehavior [ RunTime:0.000012s ]
INFO: [ app_init ] --END-- [ RunTime:0.000467s ]
INFO: [ app_begin ] --START--
INFO: Run Behavior\ReadHtmlCacheBehavior [ RunTime:0.000511s ]
INFO: [ app_begin ] --END-- [ RunTime:0.000551s ]
NOTIC: [2048] Declaration of Home\Model\NoteModel::add() should be compatible with Think\Model::add($data = '', $options = Array, $replace = false) G:\www\oa\Application\Home\Model\NoteModel.class.php 第 8 行.
NOTIC: [2048] Declaration of Home\Model\NoteModel::delete() should be compatible with Think\Model::delete($options = Array) G:\www\oa\Application\Home\Model\NoteModel.class.php 第 8 行.
SQL: SHOW COLUMNS FROM `oa_note` [ RunTime:0.0028s ]
SQL: SHOW COLUMNS FROM `oa_note` [ RunTime:0.0026s ]
SQL: INSERT INTO `oa_note` (`uid`,`note`,`time`,`status`) VALUES ('9','萨达','2017-02-21 18:33:51','1') [ RunTime:0.0021s ]

[ 2017-02-21T18:34:00+08:00 ] ::1 /oa/index.php/Home/index/index.html
INFO: [ app_init ] --START--
INFO: Run Behavior\BuildLiteBehavior [ RunTime:0.000036s ]
INFO: [ app_init ] --END-- [ RunTime:0.001312s ]
INFO: [ app_begin ] --START--
INFO: Run Behavior\ReadHtmlCacheBehavior [ RunTime:0.001564s ]
INFO: [ app_begin ] --END-- [ RunTime:0.001707s ]
SQL: SHOW COLUMNS FROM `oa_note` [ RunTime:0.0082s ]
SQL: SELECT * FROM `oa_note` WHERE `status` = 1 AND `uid` = 9  [ RunTime:0.0008s ]
SQL: SHOW COLUMNS FROM `oa_news` [ RunTime:0.0083s ]
SQL: SELECT * FROM `oa_news` ORDER BY time DESC LIMIT 5   [ RunTime:0.0017s ]
INFO: [ view_parse ] --START--
INFO: [ template_filter ] --START--
INFO: Run Behavior\ContentReplaceBehavior [ RunTime:0.000306s ]
INFO: [ template_filter ] --END-- [ RunTime:0.000432s ]
NOTIC: [2048] Declaration of Ucenter\Model\UserModel::add() should be compatible with Think\Model::add($data = '', $options = Array, $replace = false) G:\www\oa\Application\Ucenter\Model\UserModel.class.php 第 236 行.
SQL: SHOW COLUMNS FROM `oa_user` [ RunTime:0.0085s ]
SQL: SHOW COLUMNS FROM `oa_user` [ RunTime:0.0082s ]
SQL: SELECT `name` FROM `oa_user` WHERE `id` = 9 LIMIT 1   [ RunTime:0.0007s ]
INFO: Run Behavior\ParseTemplateBehavior [ RunTime:0.056253s ]
INFO: [ view_parse ] --END-- [ RunTime:0.056374s ]
INFO: [ view_filter ] --START--
INFO: Run Behavior\WriteHtmlCacheBehavior [ RunTime:0.001124s ]
INFO: [ view_filter ] --END-- [ RunTime:0.001243s ]
INFO: [ app_end ] --START--
INFO: Run Behavior\ShowPageTraceBehavior [ RunTime:0.001788s ]
INFO: [ app_end ] --END-- [ RunTime:0.001948s ]

[ 2017-02-21T18:34:05+08:00 ] ::1 /oa/index.php/Home/Index/noteFinish.html
INFO: [ app_init ] --START--
INFO: Run Behavior\BuildLiteBehavior [ RunTime:0.000014s ]
INFO: [ app_init ] --END-- [ RunTime:0.000451s ]
INFO: [ app_begin ] --START--
INFO: Run Behavior\ReadHtmlCacheBehavior [ RunTime:0.000523s ]
INFO: [ app_begin ] --END-- [ RunTime:0.000569s ]
NOTIC: [2048] Declaration of Home\Model\NoteModel::add() should be compatible with Think\Model::add($data = '', $options = Array, $replace = false) G:\www\oa\Application\Home\Model\NoteModel.class.php 第 8 行.
NOTIC: [2048] Declaration of Home\Model\NoteModel::delete() should be compatible with Think\Model::delete($options = Array) G:\www\oa\Application\Home\Model\NoteModel.class.php 第 8 行.
SQL: SHOW COLUMNS FROM `oa_note` [ RunTime:0.0031s ]
SQL: SHOW COLUMNS FROM `oa_note` [ RunTime:0.0028s ]
SQL: UPDATE `oa_note` SET `status`='2' WHERE `uid` = 9 AND `id` = 14 [ RunTime:0.0018s ]

[ 2017-02-21T18:34:25+08:00 ] ::1 /oa/index.php/Home/Index/noteAdd.html
INFO: [ app_init ] --START--
INFO: Run Behavior\BuildLiteBehavior [ RunTime:0.000010s ]
INFO: [ app_init ] --END-- [ RunTime:0.000474s ]
INFO: [ app_begin ] --START--
INFO: Run Behavior\ReadHtmlCacheBehavior [ RunTime:0.000546s ]
INFO: [ app_begin ] --END-- [ RunTime:0.000588s ]
NOTIC: [2048] Declaration of Home\Model\NoteModel::add() should be compatible with Think\Model::add($data = '', $options = Array, $replace = false) G:\www\oa\Application\Home\Model\NoteModel.class.php 第 8 行.
NOTIC: [2048] Declaration of Home\Model\NoteModel::delete() should be compatible with Think\Model::delete($options = Array) G:\www\oa\Application\Home\Model\NoteModel.class.php 第 8 行.
SQL: SHOW COLUMNS FROM `oa_note` [ RunTime:0.0027s ]
SQL: SHOW COLUMNS FROM `oa_note` [ RunTime:0.0024s ]
SQL: INSERT INTO `oa_note` (`uid`,`note`,`time`,`status`) VALUES ('9','士大夫撒','2017-02-21 18:34:25','1') [ RunTime:0.0020s ]

[ 2017-02-21T18:34:27+08:00 ] ::1 /oa/index.php/Home/Index/noteAdd.html
INFO: [ app_init ] --START--
INFO: Run Behavior\BuildLiteBehavior [ RunTime:0.000011s ]
INFO: [ app_init ] --END-- [ RunTime:0.000470s ]
INFO: [ app_begin ] --START--
INFO: Run Behavior\ReadHtmlCacheBehavior [ RunTime:0.000538s ]
INFO: [ app_begin ] --END-- [ RunTime:0.000580s ]
NOTIC: [2048] Declaration of Home\Model\NoteModel::add() should be compatible with Think\Model::add($data = '', $options = Array, $replace = false) G:\www\oa\Application\Home\Model\NoteModel.class.php 第 8 行.
NOTIC: [2048] Declaration of Home\Model\NoteModel::delete() should be compatible with Think\Model::delete($options = Array) G:\www\oa\Application\Home\Model\NoteModel.class.php 第 8 行.
SQL: SHOW COLUMNS FROM `oa_note` [ RunTime:0.0028s ]
SQL: SHOW COLUMNS FROM `oa_note` [ RunTime:0.0025s ]
SQL: INSERT INTO `oa_note` (`uid`,`note`,`time`,`status`) VALUES ('9','士大夫撒','2017-02-21 18:34:27','1') [ RunTime:0.0023s ]

[ 2017-02-21T18:34:27+08:00 ] ::1 /oa/index.php/Home/Index/noteAdd.html
INFO: [ app_init ] --START--
INFO: Run Behavior\BuildLiteBehavior [ RunTime:0.000011s ]
INFO: [ app_init ] --END-- [ RunTime:0.000453s ]
INFO: [ app_begin ] --START--
INFO: Run Behavior\ReadHtmlCacheBehavior [ RunTime:0.000546s ]
INFO: [ app_begin ] --END-- [ RunTime:0.000587s ]
NOTIC: [2048] Declaration of Home\Model\NoteModel::add() should be compatible with Think\Model::add($data = '', $options = Array, $replace = false) G:\www\oa\Application\Home\Model\NoteModel.class.php 第 8 行.
NOTIC: [2048] Declaration of Home\Model\NoteModel::delete() should be compatible with Think\Model::delete($options = Array) G:\www\oa\Application\Home\Model\NoteModel.class.php 第 8 行.
SQL: SHOW COLUMNS FROM `oa_note` [ RunTime:0.0028s ]
SQL: SHOW COLUMNS FROM `oa_note` [ RunTime:0.0025s ]
SQL: INSERT INTO `oa_note` (`uid`,`note`,`time`,`status`) VALUES ('9','士大夫撒','2017-02-21 18:34:27','1') [ RunTime:0.0020s ]

[ 2017-02-21T18:34:27+08:00 ] ::1 /oa/index.php/Home/Index/noteAdd.html
INFO: [ app_init ] --START--
INFO: Run Behavior\BuildLiteBehavior [ RunTime:0.000012s ]
INFO: [ app_init ] --END-- [ RunTime:0.000472s ]
INFO: [ app_begin ] --START--
INFO: Run Behavior\ReadHtmlCacheBehavior [ RunTime:0.000542s ]
INFO: [ app_begin ] --END-- [ RunTime:0.000583s ]
NOTIC: [2048] Declaration of Home\Model\NoteModel::add() should be compatible with Think\Model::add($data = '', $options = Array, $replace = false) G:\www\oa\Application\Home\Model\NoteModel.class.php 第 8 行.
NOTIC: [2048] Declaration of Home\Model\NoteModel::delete() should be compatible with Think\Model::delete($options = Array) G:\www\oa\Application\Home\Model\NoteModel.class.php 第 8 行.
SQL: SHOW COLUMNS FROM `oa_note` [ RunTime:0.0027s ]
SQL: SHOW COLUMNS FROM `oa_note` [ RunTime:0.0025s ]
SQL: INSERT INTO `oa_note` (`uid`,`note`,`time`,`status`) VALUES ('9','士大夫撒','2017-02-21 18:34:27','1') [ RunTime:0.0020s ]

[ 2017-02-21T18:34:31+08:00 ] ::1 /oa/index.php/Home/index/index.html
INFO: [ app_init ] --START--
INFO: Run Behavior\BuildLiteBehavior [ RunTime:0.000012s ]
INFO: [ app_init ] --END-- [ RunTime:0.000381s ]
INFO: [ app_begin ] --START--
INFO: Run Behavior\ReadHtmlCacheBehavior [ RunTime:0.000455s ]
INFO: [ app_begin ] --END-- [ RunTime:0.000518s ]
SQL: SHOW COLUMNS FROM `oa_note` [ RunTime:0.0024s ]
SQL: SELECT * FROM `oa_note` WHERE `status` = 1 AND `uid` = 9  [ RunTime:0.0002s ]
SQL: SHOW COLUMNS FROM `oa_news` [ RunTime:0.0022s ]
SQL: SELECT * FROM `oa_news` ORDER BY time DESC LIMIT 5   [ RunTime:0.0004s ]
INFO: [ view_parse ] --START--
INFO: [ template_filter ] --START--
INFO: Run Behavior\ContentReplaceBehavior [ RunTime:0.000076s ]
INFO: [ template_filter ] --END-- [ RunTime:0.000113s ]
NOTIC: [2048] Declaration of Ucenter\Model\UserModel::add() should be compatible with Think\Model::add($data = '', $options = Array, $replace = false) G:\www\oa\Application\Ucenter\Model\UserModel.class.php 第 236 行.
SQL: SHOW COLUMNS FROM `oa_user` [ RunTime:0.0024s ]
SQL: SHOW COLUMNS FROM `oa_user` [ RunTime:0.0021s ]
SQL: SELECT `name` FROM `oa_user` WHERE `id` = 9 LIMIT 1   [ RunTime:0.0002s ]
INFO: Run Behavior\ParseTemplateBehavior [ RunTime:0.015116s ]
INFO: [ view_parse ] --END-- [ RunTime:0.015144s ]
INFO: [ view_filter ] --START--
INFO: Run Behavior\WriteHtmlCacheBehavior [ RunTime:0.000284s ]
INFO: [ view_filter ] --END-- [ RunTime:0.000310s ]
INFO: [ app_end ] --START--
INFO: Run Behavior\ShowPageTraceBehavior [ RunTime:0.000479s ]
INFO: [ app_end ] --END-- [ RunTime:0.000511s ]

[ 2017-02-21T18:34:35+08:00 ] ::1 /oa/index.php/Home/Index/noteFinish.html
INFO: [ app_init ] --START--
INFO: Run Behavior\BuildLiteBehavior [ RunTime:0.000012s ]
INFO: [ app_init ] --END-- [ RunTime:0.000378s ]
INFO: [ app_begin ] --START--
INFO: Run Behavior\ReadHtmlCacheBehavior [ RunTime:0.000456s ]
INFO: [ app_begin ] --END-- [ RunTime:0.000496s ]
NOTIC: [2048] Declaration of Home\Model\NoteModel::add() should be compatible with Think\Model::add($data = '', $options = Array, $replace = false) G:\www\oa\Application\Home\Model\NoteModel.class.php 第 8 行.
NOTIC: [2048] Declaration of Home\Model\NoteModel::delete() should be compatible with Think\Model::delete($options = Array) G:\www\oa\Application\Home\Model\NoteModel.class.php 第 8 行.
SQL: SHOW COLUMNS FROM `oa_note` [ RunTime:0.0029s ]
SQL: SHOW COLUMNS FROM `oa_note` [ RunTime:0.0025s ]
SQL: UPDATE `oa_note` SET `status`='2' WHERE `uid` = 9 AND `id` = 15 [ RunTime:0.0056s ]

[ 2017-02-21T18:35:46+08:00 ] ::1 /oa/index.php/Home/index/index.html
INFO: [ app_init ] --START--
INFO: Run Behavior\BuildLiteBehavior [ RunTime:0.000022s ]
INFO: [ app_init ] --END-- [ RunTime:0.000551s ]
INFO: [ app_begin ] --START--
INFO: Run Behavior\ReadHtmlCacheBehavior [ RunTime:0.000676s ]
INFO: [ app_begin ] --END-- [ RunTime:0.000739s ]
SQL: SHOW COLUMNS FROM `oa_note` [ RunTime:0.0023s ]
SQL: SELECT * FROM `oa_note` WHERE `status` = 1 AND `uid` = 9  [ RunTime:0.0002s ]
SQL: SHOW COLUMNS FROM `oa_news` [ RunTime:0.0021s ]
SQL: SELECT * FROM `oa_news` ORDER BY time DESC LIMIT 5   [ RunTime:0.0005s ]
INFO: [ view_parse ] --START--
INFO: [ template_filter ] --START--
INFO: Run Behavior\ContentReplaceBehavior [ RunTime:0.000096s ]
INFO: [ template_filter ] --END-- [ RunTime:0.000138s ]
NOTIC: [2048] Declaration of Ucenter\Model\UserModel::add() should be compatible with Think\Model::add($data = '', $options = Array, $replace = false) G:\www\oa\Application\Ucenter\Model\UserModel.class.php 第 236 行.
SQL: SHOW COLUMNS FROM `oa_user` [ RunTime:0.0030s ]
SQL: SHOW COLUMNS FROM `oa_user` [ RunTime:0.0029s ]
SQL: SELECT `name` FROM `oa_user` WHERE `id` = 9 LIMIT 1   [ RunTime:0.0002s ]
INFO: Run Behavior\ParseTemplateBehavior [ RunTime:0.019153s ]
INFO: [ view_parse ] --END-- [ RunTime:0.019206s ]
INFO: [ view_filter ] --START--
INFO: Run Behavior\WriteHtmlCacheBehavior [ RunTime:0.000509s ]
INFO: [ view_filter ] --END-- [ RunTime:0.000546s ]
INFO: [ app_end ] --START--
INFO: Run Behavior\ShowPageTraceBehavior [ RunTime:0.000605s ]
INFO: [ app_end ] --END-- [ RunTime:0.000647s ]

[ 2017-02-21T18:35:48+08:00 ] ::1 /oa/index.php/Home/Index/noteFinish.html
INFO: [ app_init ] --START--
INFO: Run Behavior\BuildLiteBehavior [ RunTime:0.000013s ]
INFO: [ app_init ] --END-- [ RunTime:0.000446s ]
INFO: [ app_begin ] --START--
INFO: Run Behavior\ReadHtmlCacheBehavior [ RunTime:0.000473s ]
INFO: [ app_begin ] --END-- [ RunTime:0.000517s ]
NOTIC: [2048] Declaration of Home\Model\NoteModel::add() should be compatible with Think\Model::add($data = '', $options = Array, $replace = false) G:\www\oa\Application\Home\Model\NoteModel.class.php 第 8 行.
NOTIC: [2048] Declaration of Home\Model\NoteModel::delete() should be compatible with Think\Model::delete($options = Array) G:\www\oa\Application\Home\Model\NoteModel.class.php 第 8 行.
SQL: SHOW COLUMNS FROM `oa_note` [ RunTime:0.0028s ]
SQL: SHOW COLUMNS FROM `oa_note` [ RunTime:0.0024s ]
SQL: UPDATE `oa_note` SET `status`='2' WHERE `uid` = 9 AND `id` = 16 [ RunTime:0.0023s ]

[ 2017-02-21T18:49:03+08:00 ] ::1 /oa/index.php/Home/index/index.html
INFO: [ app_init ] --START--
INFO: Run Behavior\BuildLiteBehavior [ RunTime:0.000011s ]
INFO: [ app_init ] --END-- [ RunTime:0.000464s ]
INFO: [ app_begin ] --START--
INFO: Run Behavior\ReadHtmlCacheBehavior [ RunTime:0.000544s ]
INFO: [ app_begin ] --END-- [ RunTime:0.000590s ]
SQL: SHOW COLUMNS FROM `oa_note` [ RunTime:0.0031s ]
SQL: SELECT * FROM `oa_note` WHERE `status` = 1 AND `uid` = 9  [ RunTime:0.0003s ]
SQL: SHOW COLUMNS FROM `oa_news` [ RunTime:0.0025s ]
SQL: SELECT * FROM `oa_news` ORDER BY time DESC LIMIT 5   [ RunTime:0.0006s ]
INFO: [ view_parse ] --START--
INFO: [ template_filter ] --START--
INFO: Run Behavior\ContentReplaceBehavior [ RunTime:0.000138s ]
INFO: [ template_filter ] --END-- [ RunTime:0.000213s ]
NOTIC: [2048] Declaration of Ucenter\Model\UserModel::add() should be compatible with Think\Model::add($data = '', $options = Array, $replace = false) G:\www\oa\Application\Ucenter\Model\UserModel.class.php 第 236 行.
SQL: SHOW COLUMNS FROM `oa_user` [ RunTime:0.0029s ]
SQL: SHOW COLUMNS FROM `oa_user` [ RunTime:0.0026s ]
SQL: SELECT `name` FROM `oa_user` WHERE `id` = 9 LIMIT 1   [ RunTime:0.0002s ]
INFO: Run Behavior\ParseTemplateBehavior [ RunTime:0.018464s ]
INFO: [ view_parse ] --END-- [ RunTime:0.018502s ]
INFO: [ view_filter ] --START--
INFO: Run Behavior\WriteHtmlCacheBehavior [ RunTime:0.000369s ]
INFO: [ view_filter ] --END-- [ RunTime:0.000401s ]
INFO: [ app_end ] --START--
INFO: Run Behavior\ShowPageTraceBehavior [ RunTime:0.000488s ]
INFO: [ app_end ] --END-- [ RunTime:0.000528s ]

[ 2017-02-21T19:00:37+08:00 ] ::1 /oa/index.php/Home/index/index.html
INFO: [ app_init ] --START--
INFO: Run Behavior\BuildLiteBehavior [ RunTime:0.000013s ]
INFO: [ app_init ] --END-- [ RunTime:0.000473s ]
INFO: [ app_begin ] --START--
INFO: Run Behavior\ReadHtmlCacheBehavior [ RunTime:0.000633s ]
INFO: [ app_begin ] --END-- [ RunTime:0.000678s ]
SQL: SHOW COLUMNS FROM `oa_note` [ RunTime:0.0034s ]
SQL: SELECT * FROM `oa_note` WHERE `status` = 1 AND `uid` = 9  [ RunTime:0.0003s ]
SQL: SHOW COLUMNS FROM `oa_news` [ RunTime:0.0032s ]
SQL: SELECT * FROM `oa_news` ORDER BY time DESC LIMIT 5   [ RunTime:0.0006s ]
INFO: [ view_parse ] --START--
INFO: [ template_filter ] --START--
INFO: Run Behavior\ContentReplaceBehavior [ RunTime:0.000183s ]
INFO: [ template_filter ] --END-- [ RunTime:0.000271s ]
NOTIC: [2048] Declaration of Ucenter\Model\UserModel::add() should be compatible with Think\Model::add($data = '', $options = Array, $replace = false) G:\www\oa\Application\Ucenter\Model\UserModel.class.php 第 236 行.
SQL: SHOW COLUMNS FROM `oa_user` [ RunTime:0.0027s ]
SQL: SHOW COLUMNS FROM `oa_user` [ RunTime:0.0025s ]
SQL: SELECT `name` FROM `oa_user` WHERE `id` = 9 LIMIT 1   [ RunTime:0.0002s ]
INFO: Run Behavior\ParseTemplateBehavior [ RunTime:0.019394s ]
INFO: [ view_parse ] --END-- [ RunTime:0.019440s ]
INFO: [ view_filter ] --START--
INFO: Run Behavior\WriteHtmlCacheBehavior [ RunTime:0.000613s ]
INFO: [ view_filter ] --END-- [ RunTime:0.000665s ]
INFO: [ app_end ] --START--
INFO: Run Behavior\ShowPageTraceBehavior [ RunTime:0.000656s ]
INFO: [ app_end ] --END-- [ RunTime:0.000698s ]

[ 2017-02-21T19:11:16+08:00 ] ::1 /oa/index.php/Home/index/index.html
INFO: [ app_init ] --START--
INFO: Run Behavior\BuildLiteBehavior [ RunTime:0.000013s ]
INFO: [ app_init ] --END-- [ RunTime:0.000520s ]
INFO: [ app_begin ] --START--
INFO: Run Behavior\ReadHtmlCacheBehavior [ RunTime:0.000646s ]
INFO: [ app_begin ] --END-- [ RunTime:0.000694s ]
SQL: SHOW COLUMNS FROM `oa_note` [ RunTime:0.0033s ]
SQL: SELECT * FROM `oa_note` WHERE `status` = 1 AND `uid` = 9  [ RunTime:0.0003s ]
SQL: SHOW COLUMNS FROM `oa_news` [ RunTime:0.0027s ]
SQL: SELECT * FROM `oa_news` ORDER BY time DESC LIMIT 5   [ RunTime:0.0004s ]
INFO: [ view_parse ] --START--
INFO: [ template_filter ] --START--
INFO: Run Behavior\ContentReplaceBehavior [ RunTime:0.000202s ]
INFO: [ template_filter ] --END-- [ RunTime:0.000294s ]
NOTIC: [2048] Declaration of Ucenter\Model\UserModel::add() should be compatible with Think\Model::add($data = '', $options = Array, $replace = false) G:\www\oa\Application\Ucenter\Model\UserModel.class.php 第 236 行.
SQL: SHOW COLUMNS FROM `oa_user` [ RunTime:0.0049s ]
SQL: SHOW COLUMNS FROM `oa_user` [ RunTime:0.0034s ]
SQL: SELECT `name` FROM `oa_user` WHERE `id` = 9 LIMIT 1   [ RunTime:0.0003s ]
INFO: Run Behavior\ParseTemplateBehavior [ RunTime:0.037459s ]
INFO: [ view_parse ] --END-- [ RunTime:0.037517s ]
INFO: [ view_filter ] --START--
INFO: Run Behavior\WriteHtmlCacheBehavior [ RunTime:0.000752s ]
INFO: [ view_filter ] --END-- [ RunTime:0.000801s ]
INFO: [ app_end ] --START--
INFO: Run Behavior\ShowPageTraceBehavior [ RunTime:0.000883s ]
INFO: [ app_end ] --END-- [ RunTime:0.000941s ]

[ 2017-02-21T19:58:03+08:00 ] ::1 /oa/
INFO: [ app_init ] --START--
INFO: Run Behavior\BuildLiteBehavior [ RunTime:0.000019s ]
INFO: [ app_init ] --END-- [ RunTime:0.000748s ]
INFO: [ app_begin ] --START--
INFO: Run Behavior\ReadHtmlCacheBehavior [ RunTime:0.001042s ]
INFO: [ app_begin ] --END-- [ RunTime:0.001118s ]

[ 2017-02-21T19:58:54+08:00 ] ::1 /oa/index.php/Home/index/index.html
INFO: [ app_init ] --START--
INFO: Run Behavior\BuildLiteBehavior [ RunTime:0.000021s ]
INFO: [ app_init ] --END-- [ RunTime:0.000723s ]
INFO: [ app_begin ] --START--
INFO: Run Behavior\ReadHtmlCacheBehavior [ RunTime:0.000726s ]
INFO: [ app_begin ] --END-- [ RunTime:0.000775s ]
SQL: SHOW COLUMNS FROM `oa_note` [ RunTime:0.0028s ]
SQL: SELECT * FROM `oa_note` WHERE `status` = 1 AND `uid` = 1  [ RunTime:0.0009s ]
SQL: SHOW COLUMNS FROM `oa_news` [ RunTime:0.0026s ]
SQL: SELECT * FROM `oa_news` ORDER BY time DESC LIMIT 5   [ RunTime:0.0004s ]
INFO: [ view_parse ] --START--
INFO: [ template_filter ] --START--
INFO: Run Behavior\ContentReplaceBehavior [ RunTime:0.000098s ]
INFO: [ template_filter ] --END-- [ RunTime:0.000148s ]
NOTIC: [2048] Declaration of Ucenter\Model\UserModel::add() should be compatible with Think\Model::add($data = '', $options = Array, $replace = false) G:\www\oa\Application\Ucenter\Model\UserModel.class.php 第 236 行.
SQL: SHOW COLUMNS FROM `oa_user` [ RunTime:0.0028s ]
SQL: SHOW COLUMNS FROM `oa_user` [ RunTime:0.0028s ]
SQL: SELECT `name` FROM `oa_user` WHERE `id` = 1 LIMIT 1   [ RunTime:0.0003s ]
INFO: Run Behavior\ParseTemplateBehavior [ RunTime:0.020429s ]
INFO: [ view_parse ] --END-- [ RunTime:0.020479s ]
INFO: [ view_filter ] --START--
INFO: Run Behavior\WriteHtmlCacheBehavior [ RunTime:0.000661s ]
INFO: [ view_filter ] --END-- [ RunTime:0.000698s ]
INFO: [ app_end ] --START--
INFO: Run Behavior\ShowPageTraceBehavior [ RunTime:0.000826s ]
INFO: [ app_end ] --END-- [ RunTime:0.000889s ]

[ 2017-02-21T20:05:55+08:00 ] ::1 /oa/index.php/Home/index/index.html
INFO: [ app_init ] --START--
INFO: Run Behavior\BuildLiteBehavior [ RunTime:0.000012s ]
INFO: [ app_init ] --END-- [ RunTime:0.000646s ]
INFO: [ app_begin ] --START--
INFO: Run Behavior\ReadHtmlCacheBehavior [ RunTime:0.000955s ]
INFO: [ app_begin ] --END-- [ RunTime:0.001037s ]
SQL: SHOW COLUMNS FROM `oa_note` [ RunTime:0.0032s ]
SQL: SELECT * FROM `oa_note` WHERE `status` = 1 AND `uid` = 1  [ RunTime:0.0003s ]
SQL: SHOW COLUMNS FROM `oa_news` [ RunTime:0.0033s ]
SQL: SELECT * FROM `oa_news` ORDER BY time DESC LIMIT 5   [ RunTime:0.0007s ]
INFO: [ view_parse ] --START--
INFO: [ template_filter ] --START--
INFO: Run Behavior\ContentReplaceBehavior [ RunTime:0.000100s ]
INFO: [ template_filter ] --END-- [ RunTime:0.000147s ]
NOTIC: [2048] Declaration of Ucenter\Model\UserModel::add() should be compatible with Think\Model::add($data = '', $options = Array, $replace = false) G:\www\oa\Application\Ucenter\Model\UserModel.class.php 第 236 行.
SQL: SHOW COLUMNS FROM `oa_user` [ RunTime:0.0036s ]
SQL: SHOW COLUMNS FROM `oa_user` [ RunTime:0.0031s ]
SQL: SELECT `name` FROM `oa_user` WHERE `id` = 1 LIMIT 1   [ RunTime:0.0003s ]
INFO: Run Behavior\ParseTemplateBehavior [ RunTime:0.021855s ]
INFO: [ view_parse ] --END-- [ RunTime:0.021912s ]
INFO: [ view_filter ] --START--
INFO: Run Behavior\WriteHtmlCacheBehavior [ RunTime:0.000686s ]
INFO: [ view_filter ] --END-- [ RunTime:0.000726s ]
INFO: [ app_end ] --START--
INFO: Run Behavior\ShowPageTraceBehavior [ RunTime:0.000757s ]
INFO: [ app_end ] --END-- [ RunTime:0.000802s ]

[ 2017-02-21T20:25:59+08:00 ] ::1 /oa/
INFO: [ app_init ] --START--
INFO: Run Behavior\BuildLiteBehavior [ RunTime:0.000013s ]
INFO: [ app_init ] --END-- [ RunTime:0.000515s ]
INFO: [ app_begin ] --START--
INFO: Run Behavior\ReadHtmlCacheBehavior [ RunTime:0.000843s ]
INFO: [ app_begin ] --END-- [ RunTime:0.000899s ]

[ 2017-02-21T20:27:20+08:00 ] ::1 /oa/index.php/Home/index/index.html
INFO: [ app_init ] --START--
INFO: Run Behavior\BuildLiteBehavior [ RunTime:0.000013s ]
INFO: [ app_init ] --END-- [ RunTime:0.000520s ]
INFO: [ app_begin ] --START--
INFO: Run Behavior\ReadHtmlCacheBehavior [ RunTime:0.000705s ]
INFO: [ app_begin ] --END-- [ RunTime:0.000752s ]
SQL: SHOW COLUMNS FROM `oa_note` [ RunTime:0.0028s ]
SQL: SELECT * FROM `oa_note` WHERE `status` = 1 AND `uid` = 1  [ RunTime:0.0003s ]
SQL: SHOW COLUMNS FROM `oa_news` [ RunTime:0.0026s ]
SQL: SELECT * FROM `oa_news` ORDER BY time DESC LIMIT 5   [ RunTime:0.0004s ]
INFO: [ view_parse ] --START--
INFO: [ template_filter ] --START--
INFO: Run Behavior\ContentReplaceBehavior [ RunTime:0.000099s ]
INFO: [ template_filter ] --END-- [ RunTime:0.000146s ]
NOTIC: [2048] Declaration of Ucenter\Model\UserModel::add() should be compatible with Think\Model::add($data = '', $options = Array, $replace = false) G:\www\oa\Application\Ucenter\Model\UserModel.class.php 第 236 行.
SQL: SHOW COLUMNS FROM `oa_user` [ RunTime:0.0046s ]
SQL: SHOW COLUMNS FROM `oa_user` [ RunTime:0.0027s ]
SQL: SELECT `name` FROM `oa_user` WHERE `id` = 1 LIMIT 1   [ RunTime:0.0002s ]
INFO: Run Behavior\ParseTemplateBehavior [ RunTime:0.022361s ]
INFO: [ view_parse ] --END-- [ RunTime:0.022515s ]
INFO: [ view_filter ] --START--
INFO: Run Behavior\WriteHtmlCacheBehavior [ RunTime:0.000619s ]
INFO: [ view_filter ] --END-- [ RunTime:0.000656s ]
INFO: [ app_end ] --START--
INFO: Run Behavior\ShowPageTraceBehavior [ RunTime:0.000690s ]
INFO: [ app_end ] --END-- [ RunTime:0.000732s ]

[ 2017-02-21T20:41:01+08:00 ] ::1 /oa/
INFO: [ app_init ] --START--
INFO: Run Behavior\BuildLiteBehavior [ RunTime:0.000022s ]
INFO: [ app_init ] --END-- [ RunTime:0.001864s ]
INFO: [ app_begin ] --START--
INFO: Run Behavior\ReadHtmlCacheBehavior [ RunTime:0.001447s ]
INFO: [ app_begin ] --END-- [ RunTime:0.001538s ]

[ 2017-02-21T20:41:12+08:00 ] ::1 /oa/index.php/Home/index/index.html
INFO: [ app_init ] --START--
INFO: Run Behavior\BuildLiteBehavior [ RunTime:0.000017s ]
INFO: [ app_init ] --END-- [ RunTime:0.000550s ]
INFO: [ app_begin ] --START--
INFO: Run Behavior\ReadHtmlCacheBehavior [ RunTime:0.000663s ]
INFO: [ app_begin ] --END-- [ RunTime:0.000720s ]
SQL: SHOW COLUMNS FROM `oa_note` [ RunTime:0.0034s ]
SQL: SELECT * FROM `oa_note` WHERE `status` = 1 AND `uid` = 1  [ RunTime:0.0002s ]
SQL: SHOW COLUMNS FROM `oa_news` [ RunTime:0.0078s ]
SQL: SELECT * FROM `oa_news` ORDER BY time DESC LIMIT 5   [ RunTime:0.0010s ]
INFO: [ view_parse ] --START--
INFO: [ template_filter ] --START--
INFO: Run Behavior\ContentReplaceBehavior [ RunTime:0.000074s ]
INFO: [ template_filter ] --END-- [ RunTime:0.000112s ]
NOTIC: [2048] Declaration of Ucenter\Model\UserModel::add() should be compatible with Think\Model::add($data = '', $options = Array, $replace = false) G:\www\oa\Application\Ucenter\Model\UserModel.class.php 第 236 行.
SQL: SHOW COLUMNS FROM `oa_user` [ RunTime:0.0030s ]
SQL: SHOW COLUMNS FROM `oa_user` [ RunTime:0.0036s ]
SQL: SELECT `name` FROM `oa_user` WHERE `id` = 1 LIMIT 1   [ RunTime:0.0004s ]
INFO: Run Behavior\ParseTemplateBehavior [ RunTime:0.020217s ]
INFO: [ view_parse ] --END-- [ RunTime:0.020316s ]
INFO: [ view_filter ] --START--
INFO: Run Behavior\WriteHtmlCacheBehavior [ RunTime:0.000516s ]
INFO: [ view_filter ] --END-- [ RunTime:0.000554s ]
INFO: [ app_end ] --START--
INFO: Run Behavior\ShowPageTraceBehavior [ RunTime:0.000586s ]
INFO: [ app_end ] --END-- [ RunTime:0.000626s ]

[ 2017-02-21T20:41:31+08:00 ] ::1 /oa/index.php/
INFO: [ app_init ] --START--
INFO: Run Behavior\BuildLiteBehavior [ RunTime:0.000015s ]
INFO: [ app_init ] --END-- [ RunTime:0.000917s ]
INFO: [ app_begin ] --START--
INFO: Run Behavior\ReadHtmlCacheBehavior [ RunTime:0.000654s ]
INFO: [ app_begin ] --END-- [ RunTime:0.000705s ]
SQL: SHOW COLUMNS FROM `oa_note` [ RunTime:0.0028s ]
SQL: SELECT * FROM `oa_note` WHERE `status` = 1 AND `uid` = 1  [ RunTime:0.0003s ]
SQL: SHOW COLUMNS FROM `oa_news` [ RunTime:0.0025s ]
SQL: SELECT * FROM `oa_news` ORDER BY time DESC LIMIT 5   [ RunTime:0.0004s ]
INFO: [ view_parse ] --START--
INFO: [ template_filter ] --START--
INFO: Run Behavior\ContentReplaceBehavior [ RunTime:0.000099s ]
INFO: [ template_filter ] --END-- [ RunTime:0.000148s ]
NOTIC: [2048] Declaration of Ucenter\Model\UserModel::add() should be compatible with Think\Model::add($data = '', $options = Array, $replace = false) G:\www\oa\Application\Ucenter\Model\UserModel.class.php 第 236 行.
SQL: SHOW COLUMNS FROM `oa_user` [ RunTime:0.0028s ]
SQL: SHOW COLUMNS FROM `oa_user` [ RunTime:0.0023s ]
SQL: SELECT `name` FROM `oa_user` WHERE `id` = 1 LIMIT 1   [ RunTime:0.0002s ]
INFO: Run Behavior\ParseTemplateBehavior [ RunTime:0.018074s ]
INFO: [ view_parse ] --END-- [ RunTime:0.018123s ]
INFO: [ view_filter ] --START--
INFO: Run Behavior\WriteHtmlCacheBehavior [ RunTime:0.000448s ]
INFO: [ view_filter ] --END-- [ RunTime:0.000485s ]
INFO: [ app_end ] --START--
INFO: Run Behavior\ShowPageTraceBehavior [ RunTime:0.000563s ]
INFO: [ app_end ] --END-- [ RunTime:0.000608s ]

[ 2017-02-21T20:42:43+08:00 ] ::1 /oa/index.php/
INFO: [ app_init ] --START--
INFO: Run Behavior\BuildLiteBehavior [ RunTime:0.000011s ]
INFO: [ app_init ] --END-- [ RunTime:0.000370s ]
INFO: [ app_begin ] --START--
INFO: Run Behavior\ReadHtmlCacheBehavior [ RunTime:0.000421s ]
INFO: [ app_begin ] --END-- [ RunTime:0.000460s ]
SQL: SHOW COLUMNS FROM `oa_note` [ RunTime:0.0033s ]
SQL: SELECT * FROM `oa_note` WHERE `status` = 1 AND `uid` = 1  [ RunTime:0.0003s ]
SQL: SHOW COLUMNS FROM `oa_news` [ RunTime:0.0025s ]
SQL: SELECT * FROM `oa_news` ORDER BY time DESC LIMIT 5   [ RunTime:0.0003s ]
INFO: [ view_parse ] --START--
INFO: [ template_filter ] --START--
INFO: Run Behavior\ContentReplaceBehavior [ RunTime:0.000077s ]
INFO: [ template_filter ] --END-- [ RunTime:0.000112s ]
NOTIC: [2048] Declaration of Ucenter\Model\UserModel::add() should be compatible with Think\Model::add($data = '', $options = Array, $replace = false) G:\www\oa\Application\Ucenter\Model\UserModel.class.php 第 236 行.
SQL: SHOW COLUMNS FROM `oa_user` [ RunTime:0.0026s ]
SQL: SHOW COLUMNS FROM `oa_user` [ RunTime:0.0022s ]
SQL: SELECT `name` FROM `oa_user` WHERE `id` = 1 LIMIT 1   [ RunTime:0.0002s ]
INFO: Run Behavior\ParseTemplateBehavior [ RunTime:0.015471s ]
INFO: [ view_parse ] --END-- [ RunTime:0.015514s ]
INFO: [ view_filter ] --START--
INFO: Run Behavior\WriteHtmlCacheBehavior [ RunTime:0.000308s ]
INFO: [ view_filter ] --END-- [ RunTime:0.000335s ]
INFO: [ app_end ] --START--
INFO: Run Behavior\ShowPageTraceBehavior [ RunTime:0.000437s ]
INFO: [ app_end ] --END-- [ RunTime:0.000470s ]

[ 2017-02-21T20:42:52+08:00 ] ::1 /oa/index.php/
INFO: [ app_init ] --START--
INFO: Run Behavior\BuildLiteBehavior [ RunTime:0.000013s ]
INFO: [ app_init ] --END-- [ RunTime:0.000508s ]
INFO: [ app_begin ] --START--
INFO: Run Behavior\ReadHtmlCacheBehavior [ RunTime:0.000594s ]
INFO: [ app_begin ] --END-- [ RunTime:0.000643s ]

[ 2017-02-21T20:43:14+08:00 ] ::1 /oa/index.php/Home/index/index.html
INFO: [ app_init ] --START--
INFO: Run Behavior\BuildLiteBehavior [ RunTime:0.000013s ]
INFO: [ app_init ] --END-- [ RunTime:0.000356s ]
INFO: [ app_begin ] --START--
INFO: Run Behavior\ReadHtmlCacheBehavior [ RunTime:0.000703s ]
INFO: [ app_begin ] --END-- [ RunTime:0.000755s ]
SQL: SHOW COLUMNS FROM `oa_note` [ RunTime:0.0039s ]
SQL: SELECT * FROM `oa_note` WHERE `status` = 1 AND `uid` = 1  [ RunTime:0.0003s ]
SQL: SHOW COLUMNS FROM `oa_news` [ RunTime:0.0026s ]
SQL: SELECT * FROM `oa_news` ORDER BY time DESC LIMIT 5   [ RunTime:0.0003s ]
INFO: [ view_parse ] --START--
INFO: [ template_filter ] --START--
INFO: Run Behavior\ContentReplaceBehavior [ RunTime:0.000077s ]
INFO: [ template_filter ] --END-- [ RunTime:0.000116s ]
NOTIC: [2048] Declaration of Ucenter\Model\UserModel::add() should be compatible with Think\Model::add($data = '', $options = Array, $replace = false) G:\www\oa\Application\Ucenter\Model\UserModel.class.php 第 236 行.
SQL: SHOW COLUMNS FROM `oa_user` [ RunTime:0.0023s ]
SQL: SHOW COLUMNS FROM `oa_user` [ RunTime:0.0021s ]
SQL: SELECT `name` FROM `oa_user` WHERE `id` = 1 LIMIT 1   [ RunTime:0.0002s ]
INFO: Run Behavior\ParseTemplateBehavior [ RunTime:0.016376s ]
INFO: [ view_parse ] --END-- [ RunTime:0.016423s ]
INFO: [ view_filter ] --START--
INFO: Run Behavior\WriteHtmlCacheBehavior [ RunTime:0.000457s ]
INFO: [ view_filter ] --END-- [ RunTime:0.000494s ]
INFO: [ app_end ] --START--
INFO: Run Behavior\ShowPageTraceBehavior [ RunTime:0.000592s ]
INFO: [ app_end ] --END-- [ RunTime:0.000642s ]

[ 2017-02-21T20:43:23+08:00 ] ::1 /oa/index.php/
INFO: [ app_init ] --START--
INFO: Run Behavior\BuildLiteBehavior [ RunTime:0.000012s ]
INFO: [ app_init ] --END-- [ RunTime:0.000408s ]
INFO: [ app_begin ] --START--
INFO: Run Behavior\ReadHtmlCacheBehavior [ RunTime:0.000481s ]
INFO: [ app_begin ] --END-- [ RunTime:0.000527s ]

[ 2017-02-21T22:13:11+08:00 ] ::1 /oa/
INFO: [ app_init ] --START--
INFO: Run Behavior\BuildLiteBehavior [ RunTime:0.000038s ]
INFO: [ app_init ] --END-- [ RunTime:0.004285s ]
INFO: [ app_begin ] --START--
INFO: Run Behavior\ReadHtmlCacheBehavior [ RunTime:0.015252s ]
INFO: [ app_begin ] --END-- [ RunTime:0.015457s ]

[ 2017-02-21T22:13:11+08:00 ] ::1 /oa/
INFO: [ app_init ] --START--
INFO: Run Behavior\BuildLiteBehavior [ RunTime:0.000035s ]
INFO: [ app_init ] --END-- [ RunTime:0.004291s ]
INFO: [ app_begin ] --START--
INFO: Run Behavior\ReadHtmlCacheBehavior [ RunTime:0.015391s ]
INFO: [ app_begin ] --END-- [ RunTime:0.015561s ]

[ 2017-02-21T22:13:24+08:00 ] ::1 /oa/index.php/Home/index/index.html
INFO: [ app_init ] --START--
INFO: Run Behavior\BuildLiteBehavior [ RunTime:0.000012s ]
INFO: [ app_init ] --END-- [ RunTime:0.000367s ]
INFO: [ app_begin ] --START--
INFO: Run Behavior\ReadHtmlCacheBehavior [ RunTime:0.000410s ]
INFO: [ app_begin ] --END-- [ RunTime:0.000446s ]
SQL: SHOW COLUMNS FROM `oa_note` [ RunTime:0.0031s ]
SQL: SELECT * FROM `oa_note` WHERE `status` = 1 AND `uid` = 1  [ RunTime:0.0002s ]
SQL: SHOW COLUMNS FROM `oa_news` [ RunTime:0.0033s ]
SQL: SELECT * FROM `oa_news` ORDER BY time DESC LIMIT 5   [ RunTime:0.0007s ]
INFO: [ view_parse ] --START--
INFO: [ template_filter ] --START--
INFO: Run Behavior\ContentReplaceBehavior [ RunTime:0.000078s ]
INFO: [ template_filter ] --END-- [ RunTime:0.000118s ]
NOTIC: [2048] Declaration of Ucenter\Model\UserModel::add() should be compatible with Think\Model::add($data = '', $options = Array, $replace = false) G:\www\oa\Application\Ucenter\Model\UserModel.class.php 第 236 行.
SQL: SHOW COLUMNS FROM `oa_user` [ RunTime:0.0026s ]
SQL: SHOW COLUMNS FROM `oa_user` [ RunTime:0.0025s ]
SQL: SELECT `name` FROM `oa_user` WHERE `id` = 1 LIMIT 1   [ RunTime:0.0012s ]
INFO: Run Behavior\ParseTemplateBehavior [ RunTime:0.021010s ]
INFO: [ view_parse ] --END-- [ RunTime:0.021054s ]
INFO: [ view_filter ] --START--
INFO: Run Behavior\WriteHtmlCacheBehavior [ RunTime:0.000634s ]
INFO: [ view_filter ] --END-- [ RunTime:0.000670s ]
INFO: [ app_end ] --START--
INFO: Run Behavior\ShowPageTraceBehavior [ RunTime:0.000545s ]
INFO: [ app_end ] --END-- [ RunTime:0.000578s ]

[ 2017-02-21T22:37:08+08:00 ] ::1 /oa/index.php/Home/index/index.html
INFO: [ app_init ] --START--
INFO: Run Behavior\BuildLiteBehavior [ RunTime:0.000011s ]
INFO: [ app_init ] --END-- [ RunTime:0.000442s ]
INFO: [ app_begin ] --START--
INFO: Run Behavior\ReadHtmlCacheBehavior [ RunTime:0.000714s ]
INFO: [ app_begin ] --END-- [ RunTime:0.000758s ]
SQL: SHOW COLUMNS FROM `oa_note` [ RunTime:0.0028s ]
SQL: SELECT * FROM `oa_note` WHERE `status` = 1 AND `uid` = 1  [ RunTime:0.0003s ]
SQL: SHOW COLUMNS FROM `oa_news` [ RunTime:0.0038s ]
SQL: SELECT * FROM `oa_news` ORDER BY time DESC LIMIT 5   [ RunTime:0.0004s ]
INFO: [ view_parse ] --START--
INFO: [ template_filter ] --START--
INFO: Run Behavior\ContentReplaceBehavior [ RunTime:0.000092s ]
INFO: [ template_filter ] --END-- [ RunTime:0.000133s ]
NOTIC: [2048] Declaration of Ucenter\Model\UserModel::add() should be compatible with Think\Model::add($data = '', $options = Array, $replace = false) G:\www\oa\Application\Ucenter\Model\UserModel.class.php 第 236 行.
SQL: SHOW COLUMNS FROM `oa_user` [ RunTime:0.0029s ]
SQL: SHOW COLUMNS FROM `oa_user` [ RunTime:0.0025s ]
SQL: SELECT `name` FROM `oa_user` WHERE `id` = 1 LIMIT 1   [ RunTime:0.0002s ]
INFO: Run Behavior\ParseTemplateBehavior [ RunTime:0.020001s ]
INFO: [ view_parse ] --END-- [ RunTime:0.020050s ]
INFO: [ view_filter ] --START--
INFO: Run Behavior\WriteHtmlCacheBehavior [ RunTime:0.000556s ]
INFO: [ view_filter ] --END-- [ RunTime:0.000592s ]
INFO: [ app_end ] --START--
INFO: Run Behavior\ShowPageTraceBehavior [ RunTime:0.000689s ]
INFO: [ app_end ] --END-- [ RunTime:0.000729s ]

[ 2017-02-21T22:40:26+08:00 ] ::1 /oa/index.php/Home/index/index.html
INFO: [ app_init ] --START--
INFO: Run Behavior\BuildLiteBehavior [ RunTime:0.000012s ]
INFO: [ app_init ] --END-- [ RunTime:0.000556s ]
INFO: [ app_begin ] --START--
INFO: Run Behavior\ReadHtmlCacheBehavior [ RunTime:0.000749s ]
INFO: [ app_begin ] --END-- [ RunTime:0.000792s ]
SQL: SHOW COLUMNS FROM `oa_note` [ RunTime:0.0026s ]
SQL: SELECT * FROM `oa_note` WHERE `status` = 1 AND `uid` = 1  [ RunTime:0.0002s ]
SQL: SHOW COLUMNS FROM `oa_news` [ RunTime:0.0024s ]
SQL: SELECT * FROM `oa_news` ORDER BY time DESC LIMIT 5   [ RunTime:0.0003s ]
INFO: [ view_parse ] --START--
INFO: [ template_filter ] --START--
INFO: Run Behavior\ContentReplaceBehavior [ RunTime:0.000075s ]
INFO: [ template_filter ] --END-- [ RunTime:0.000115s ]
NOTIC: [2048] Declaration of Ucenter\Model\UserModel::add() should be compatible with Think\Model::add($data = '', $options = Array, $replace = false) G:\www\oa\Application\Ucenter\Model\UserModel.class.php 第 236 行.
SQL: SHOW COLUMNS FROM `oa_user` [ RunTime:0.0023s ]
SQL: SHOW COLUMNS FROM `oa_user` [ RunTime:0.0056s ]
SQL: SELECT `name` FROM `oa_user` WHERE `id` = 1 LIMIT 1   [ RunTime:0.0006s ]
INFO: Run Behavior\ParseTemplateBehavior [ RunTime:0.022431s ]
INFO: [ view_parse ] --END-- [ RunTime:0.022516s ]
INFO: [ view_filter ] --START--
INFO: Run Behavior\WriteHtmlCacheBehavior [ RunTime:0.001292s ]
INFO: [ view_filter ] --END-- [ RunTime:0.001383s ]
INFO: [ app_end ] --START--
INFO: Run Behavior\ShowPageTraceBehavior [ RunTime:0.001569s ]
INFO: [ app_end ] --END-- [ RunTime:0.001660s ]

