[ 2017-01-05T11:31:35+08:00 ] ::1 /oa/Public/Qrcode/2017-01-05/1483587095.png
INFO: [ app_init ] --START--
INFO: Run Behavior\BuildLiteBehavior [ RunTime:0.000014s ]
INFO: [ app_init ] --END-- [ RunTime:0.000381s ]
ERR: 无法加载模块:Public

[ 2017-01-05T11:33:13+08:00 ] ::1 /oa/Public/Qrcode/2017-01-05/1483587193.png
INFO: [ app_init ] --START--
INFO: Run Behavior\BuildLiteBehavior [ RunTime:0.000011s ]
INFO: [ app_init ] --END-- [ RunTime:0.000320s ]
ERR: 无法加载模块:Public

[ 2017-01-05T11:33:14+08:00 ] ::1 /oa/Public/Qrcode/2017-01-05/1483587194.png
INFO: [ app_init ] --START--
INFO: Run Behavior\BuildLiteBehavior [ RunTime:0.000018s ]
INFO: [ app_init ] --END-- [ RunTime:0.000478s ]
ERR: 无法加载模块:Public

[ 2017-01-05T11:34:02+08:00 ] ::1 /oa/Public/Qrcode/2017-01-05/1483587242.png
INFO: [ app_init ] --START--
INFO: Run Behavior\BuildLiteBehavior [ RunTime:0.000013s ]
INFO: [ app_init ] --END-- [ RunTime:0.000401s ]
ERR: 无法加载模块:Public

[ 2017-01-05T11:34:18+08:00 ] ::1 /oa/Public/Qrcode/2017-01-05/1483587257.png
INFO: [ app_init ] --START--
INFO: Run Behavior\BuildLiteBehavior [ RunTime:0.000035s ]
INFO: [ app_init ] --END-- [ RunTime:0.000840s ]
ERR: 无法加载模块:Public

[ 2017-01-05T11:34:46+08:00 ] ::1 /oa/Public/Qrcode/2017-01-05/1483587257.png
INFO: [ app_init ] --START--
INFO: Run Behavior\BuildLiteBehavior [ RunTime:0.000025s ]
INFO: [ app_init ] --END-- [ RunTime:0.000383s ]
ERR: 无法加载模块:Public

[ 2017-01-05T11:38:42+08:00 ] ::1 /oa/Public/Qrcode/2017-01-05/1483587522.png
INFO: [ app_init ] --START--
INFO: Run Behavior\BuildLiteBehavior [ RunTime:0.000012s ]
INFO: [ app_init ] --END-- [ RunTime:0.000363s ]
ERR: 无法加载模块:Public

[ 2017-01-05T11:39:13+08:00 ] ::1 /oa/Uploads/Qrcode/2017-01-05/1483587553.png
INFO: [ app_init ] --START--
INFO: Run Behavior\BuildLiteBehavior [ RunTime:0.000012s ]
INFO: [ app_init ] --END-- [ RunTime:0.000365s ]
ERR: 无法加载模块:Uploads

[ 2017-01-05T11:39:28+08:00 ] ::1 /oa/Uploads/Qrcode/2017-01-05/1483587568.png
INFO: [ app_init ] --START--
INFO: Run Behavior\BuildLiteBehavior [ RunTime:0.000011s ]
INFO: [ app_init ] --END-- [ RunTime:0.000309s ]
ERR: 无法加载模块:Uploads

[ 2017-01-05T11:40:29+08:00 ] ::1 /oa/Uploads/Qrcode/2017-01-05/1483587629.png
INFO: [ app_init ] --START--
INFO: Run Behavior\BuildLiteBehavior [ RunTime:0.000017s ]
INFO: [ app_init ] --END-- [ RunTime:0.000512s ]
ERR: 无法加载模块:Uploads

[ 2017-01-05T11:40:41+08:00 ] ::1 /oa/Uploads/Qrcode/2017-01-05/1483587641.png
INFO: [ app_init ] --START--
INFO: Run Behavior\BuildLiteBehavior [ RunTime:0.000034s ]
INFO: [ app_init ] --END-- [ RunTime:0.000646s ]
ERR: 无法加载模块:Uploads

[ 2017-01-05T11:40:42+08:00 ] ::1 /oa/Uploads/Qrcode/2017-01-05/1483587642.png
INFO: [ app_init ] --START--
INFO: Run Behavior\BuildLiteBehavior [ RunTime:0.000011s ]
INFO: [ app_init ] --END-- [ RunTime:0.000312s ]
ERR: 无法加载模块:Uploads

[ 2017-01-05T11:40:57+08:00 ] ::1 /oa/Uploads/Qrcode/2017-01-05/1483587657.png
INFO: [ app_init ] --START--
INFO: Run Behavior\BuildLiteBehavior [ RunTime:0.000020s ]
INFO: [ app_init ] --END-- [ RunTime:0.000443s ]
ERR: 无法加载模块:Uploads

[ 2017-01-05T11:41:07+08:00 ] ::1 /oa/Uploads/Qrcode/2017-01-05/1483587667.png
INFO: [ app_init ] --START--
INFO: Run Behavior\BuildLiteBehavior [ RunTime:0.000014s ]
INFO: [ app_init ] --END-- [ RunTime:0.000409s ]
ERR: 无法加载模块:Uploads

[ 2017-01-05T11:41:07+08:00 ] ::1 /oa/Uploads/Qrcode/2017-01-05/1483587667.png
INFO: [ app_init ] --START--
INFO: Run Behavior\BuildLiteBehavior [ RunTime:0.000038s ]
INFO: [ app_init ] --END-- [ RunTime:0.000488s ]
ERR: 无法加载模块:Uploads

[ 2017-01-05T11:41:37+08:00 ] ::1 /oa/Uploads/Qrcode/2017-01-05/1483587667.png
INFO: [ app_init ] --START--
INFO: Run Behavior\BuildLiteBehavior [ RunTime:0.000012s ]
INFO: [ app_init ] --END-- [ RunTime:0.000414s ]
ERR: 无法加载模块:Uploads

[ 2017-01-05T11:42:04+08:00 ] ::1 /oa/Uploads/Qrcode/20161228/1482854784.png
INFO: [ app_init ] --START--
INFO: Run Behavior\BuildLiteBehavior [ RunTime:0.000013s ]
INFO: [ app_init ] --END-- [ RunTime:0.000447s ]
ERR: 无法加载模块:Uploads

[ 2017-01-05T11:42:06+08:00 ] ::1 /oa/Uploads/Qrcode/20161228/1482854784.png
INFO: [ app_init ] --START--
INFO: Run Behavior\BuildLiteBehavior [ RunTime:0.000018s ]
INFO: [ app_init ] --END-- [ RunTime:0.000454s ]
ERR: 无法加载模块:Uploads

[ 2017-01-05T11:42:33+08:00 ] ::1 /oa/Uploads/Qrcode/2017-01-05/1483587753.png
INFO: [ app_init ] --START--
INFO: Run Behavior\BuildLiteBehavior [ RunTime:0.000015s ]
INFO: [ app_init ] --END-- [ RunTime:0.000439s ]
ERR: 无法加载模块:Uploads

[ 2017-01-05T11:42:39+08:00 ] ::1 /oa/Uploads/Qrcode/2017-01-05/1483587753.png
INFO: [ app_init ] --START--
INFO: Run Behavior\BuildLiteBehavior [ RunTime:0.000011s ]
INFO: [ app_init ] --END-- [ RunTime:0.000310s ]
ERR: 无法加载模块:Uploads

[ 2017-01-05T11:49:02+08:00 ] ::1 /oa/Uploads/Qrcode/2017-01-05/1483588142.png
INFO: [ app_init ] --START--
INFO: Run Behavior\BuildLiteBehavior [ RunTime:0.000012s ]
INFO: [ app_init ] --END-- [ RunTime:0.000341s ]
ERR: 无法加载模块:Uploads

[ 2017-01-05T11:49:05+08:00 ] ::1 /oa/Uploads/Qrcode/2017-01-05/1483588145.png
INFO: [ app_init ] --START--
INFO: Run Behavior\BuildLiteBehavior [ RunTime:0.000073s ]
INFO: [ app_init ] --END-- [ RunTime:0.001304s ]
ERR: 无法加载模块:Uploads

[ 2017-01-05T11:49:05+08:00 ] ::1 /oa/Uploads/Qrcode/2017-01-05/1483588145.png
INFO: [ app_init ] --START--
INFO: Run Behavior\BuildLiteBehavior [ RunTime:0.000063s ]
INFO: [ app_init ] --END-- [ RunTime:0.000829s ]
ERR: 无法加载模块:Uploads

[ 2017-01-05T11:50:30+08:00 ] ::1 /oa/Uploads/Qrcode/2017-01-05/1483588230.png
INFO: [ app_init ] --START--
INFO: Run Behavior\BuildLiteBehavior [ RunTime:0.000011s ]
INFO: [ app_init ] --END-- [ RunTime:0.000364s ]
ERR: 无法加载模块:Uploads

[ 2017-01-05T11:51:12+08:00 ] ::1 /oa/Uploads/Qrcode/2017-01-05/1483588272.png
INFO: [ app_init ] --START--
INFO: Run Behavior\BuildLiteBehavior [ RunTime:0.000015s ]
INFO: [ app_init ] --END-- [ RunTime:0.000491s ]
ERR: 无法加载模块:Uploads

[ 2017-01-05T11:53:58+08:00 ] ::1 /oa/Uploads/Qrcode/2017-01-05/1483588438.png
INFO: [ app_init ] --START--
INFO: Run Behavior\BuildLiteBehavior [ RunTime:0.000017s ]
INFO: [ app_init ] --END-- [ RunTime:0.000417s ]
ERR: 无法加载模块:Uploads

[ 2017-01-05T11:54:52+08:00 ] ::1 /oa/Uploads/Qrcode/2017-01-05/1483588492.png
INFO: [ app_init ] --START--
INFO: Run Behavior\BuildLiteBehavior [ RunTime:0.000013s ]
INFO: [ app_init ] --END-- [ RunTime:0.000324s ]
ERR: 无法加载模块:Uploads

[ 2017-01-05T12:07:40+08:00 ] ::1 /oa/Uploads/Qrcode/2017-01-05/1483589260.png
INFO: [ app_init ] --START--
INFO: Run Behavior\BuildLiteBehavior [ RunTime:0.000024s ]
INFO: [ app_init ] --END-- [ RunTime:0.001465s ]
ERR: 无法加载模块:Uploads

[ 2017-01-05T12:29:53+08:00 ] ::1 //oa/Uploads/Qrcode/20170105
INFO: [ app_init ] --START--
INFO: Run Behavior\BuildLiteBehavior [ RunTime:0.000015s ]
INFO: [ app_init ] --END-- [ RunTime:0.000453s ]
ERR: 无法加载模块:Uploads

[ 2017-01-05T13:38:35+08:00 ] ::1 /oa/Uploads/Qrcode/20170105-1483594715.png
INFO: [ app_init ] --START--
INFO: Run Behavior\BuildLiteBehavior [ RunTime:0.000011s ]
INFO: [ app_init ] --END-- [ RunTime:0.000384s ]
ERR: 无法加载模块:Uploads

[ 2017-01-05T13:40:12+08:00 ] ::1 /oa/Uploads/Qrcode/20170105-1483594812.png
INFO: [ app_init ] --START--
INFO: Run Behavior\BuildLiteBehavior [ RunTime:0.000047s ]
INFO: [ app_init ] --END-- [ RunTime:0.001382s ]
ERR: 无法加载模块:Uploads

[ 2017-01-05T13:40:25+08:00 ] ::1 /oa/Uploads/Qrcode/20170105-1483594825.png
INFO: [ app_init ] --START--
INFO: Run Behavior\BuildLiteBehavior [ RunTime:0.000010s ]
INFO: [ app_init ] --END-- [ RunTime:0.000366s ]
ERR: 无法加载模块:Uploads

[ 2017-01-05T13:40:33+08:00 ] ::1 /oa/Uploads/Qrcode/20170105-1483594833.png
INFO: [ app_init ] --START--
INFO: Run Behavior\BuildLiteBehavior [ RunTime:0.000044s ]
INFO: [ app_init ] --END-- [ RunTime:0.001143s ]
ERR: 无法加载模块:Uploads

[ 2017-01-05T13:42:49+08:00 ] ::1 /oa/Uploads/Qrcode/20170105-1483594969.png
INFO: [ app_init ] --START--
INFO: Run Behavior\BuildLiteBehavior [ RunTime:0.000011s ]
INFO: [ app_init ] --END-- [ RunTime:0.000341s ]
ERR: 无法加载模块:Uploads

[ 2017-01-05T13:43:42+08:00 ] ::1 /oa/Uploads/Qrcode/20170105-1483595022.png
INFO: [ app_init ] --START--
INFO: Run Behavior\BuildLiteBehavior [ RunTime:0.000012s ]
INFO: [ app_init ] --END-- [ RunTime:0.000578s ]
ERR: 无法加载模块:Uploads

[ 2017-01-05T13:44:20+08:00 ] ::1 /oa/Uploads/Qrcode/20170105-1483595060.png
INFO: [ app_init ] --START--
INFO: Run Behavior\BuildLiteBehavior [ RunTime:0.000072s ]
INFO: [ app_init ] --END-- [ RunTime:0.001287s ]
ERR: 无法加载模块:Uploads

[ 2017-01-05T13:44:35+08:00 ] ::1 /oa/Uploads/Qrcode/20170105-1483595075.png
INFO: [ app_init ] --START--
INFO: Run Behavior\BuildLiteBehavior [ RunTime:0.000013s ]
INFO: [ app_init ] --END-- [ RunTime:0.000474s ]
ERR: 无法加载模块:Uploads

[ 2017-01-05T13:44:44+08:00 ] ::1 /oa/Uploads/Qrcode/20170105-1483595084.png
INFO: [ app_init ] --START--
INFO: Run Behavior\BuildLiteBehavior [ RunTime:0.000036s ]
INFO: [ app_init ] --END-- [ RunTime:0.001815s ]
ERR: 无法加载模块:Uploads

[ 2017-01-05T13:45:05+08:00 ] ::1 /oa/Uploads/Qrcode/20170105-1483595105.png
INFO: [ app_init ] --START--
INFO: Run Behavior\BuildLiteBehavior [ RunTime:0.000010s ]
INFO: [ app_init ] --END-- [ RunTime:0.000358s ]
ERR: 无法加载模块:Uploads

[ 2017-01-05T13:45:25+08:00 ] ::1 /oa/Uploads/Qrcode/20170105-1483595125.png
INFO: [ app_init ] --START--
INFO: Run Behavior\BuildLiteBehavior [ RunTime:0.000011s ]
INFO: [ app_init ] --END-- [ RunTime:0.000352s ]
ERR: 无法加载模块:Uploads

[ 2017-01-05T13:45:34+08:00 ] ::1 /oa/Uploads/Qrcode/20170105-1483595134.png
INFO: [ app_init ] --START--
INFO: Run Behavior\BuildLiteBehavior [ RunTime:0.000024s ]
INFO: [ app_init ] --END-- [ RunTime:0.000427s ]
ERR: 无法加载模块:Uploads

[ 2017-01-05T13:46:04+08:00 ] ::1 /oa/Uploads/Qrcode/20170105-1483595163.png
INFO: [ app_init ] --START--
INFO: Run Behavior\BuildLiteBehavior [ RunTime:0.000021s ]
INFO: [ app_init ] --END-- [ RunTime:0.000800s ]
ERR: 无法加载模块:Uploads

