[ 2017-04-05T09:00:07+08:00 ] ::1 /oa/index.php/Message/index/add.html
INFO: [ app_init ] --START--
INFO: Run Behavior\BuildLiteBehavior [ RunTime:0.000011s ]
INFO: [ app_init ] --END-- [ RunTime:0.000544s ]
INFO: [ app_begin ] --START--
INFO: Run Behavior\ReadHtmlCacheBehavior [ RunTime:0.000755s ]
INFO: [ app_begin ] --END-- [ RunTime:0.000804s ]
SQL: SHOW COLUMNS FROM `oa_user` [ RunTime:0.0028s ]
SQL: SELECT * FROM `oa_user` WHERE `id` <> '1'  [ RunTime:0.0006s ]
INFO: [ view_parse ] --START--
INFO: [ template_filter ] --START--
INFO: Run Behavior\ContentReplaceBehavior [ RunTime:0.000068s ]
INFO: [ template_filter ] --END-- [ RunTime:0.000122s ]
SQL: SHOW COLUMNS FROM `oa_menu` [ RunTime:0.0026s ]
SQL: SHOW COLUMNS FROM `oa_menu` [ RunTime:0.0022s ]
SQL: SELECT * FROM `oa_menu` WHERE `upid` = 0 ORDER BY sort ASC  [ RunTime:0.0002s ]
SQL: SELECT * FROM `oa_menu` WHERE `upid` > '0'  [ RunTime:0.0002s ]
INFO: [ view_parse ] --START--
INFO: [ template_filter ] --START--
INFO: Run Behavior\ContentReplaceBehavior [ RunTime:0.000060s ]
INFO: [ template_filter ] --END-- [ RunTime:-0.010678s ]
INFO: Run Behavior\ParseTemplateBehavior [ RunTime:0.003845s ]
INFO: [ view_parse ] --END-- [ RunTime:0.003893s ]
INFO: [ view_filter ] --START--
INFO: Run Behavior\WriteHtmlCacheBehavior [ RunTime:0.000431s ]
INFO: [ view_filter ] --END-- [ RunTime:0.000459s ]
NOTIC: [2048] Declaration of Ucenter\Model\UserModel::add() should be compatible with Think\Model::add($data = '', $options = Array, $replace = false) G:\www\oa\Application\Ucenter\Model\UserModel.class.php 第 275 行.
SQL: SHOW COLUMNS FROM `oa_user` [ RunTime:0.0029s ]
SQL: SHOW COLUMNS FROM `oa_user` [ RunTime:0.0024s ]
SQL: SELECT `name` FROM `oa_user` WHERE `id` = 1 LIMIT 1   [ RunTime:0.0002s ]
INFO: Run Behavior\ParseTemplateBehavior [ RunTime:0.011374s ]
INFO: [ view_parse ] --END-- [ RunTime:0.003893s ]
INFO: [ view_filter ] --START--
INFO: Run Behavior\WriteHtmlCacheBehavior [ RunTime:0.000009s ]
INFO: [ view_filter ] --END-- [ RunTime:-0.007061s ]
INFO: [ app_end ] --START--
INFO: Run Behavior\ShowPageTraceBehavior [ RunTime:0.000812s ]
INFO: [ app_end ] --END-- [ RunTime:0.000849s ]

[ 2017-04-05T09:00:10+08:00 ] ::1 /oa/index.php/Message/index/add.html
INFO: [ app_init ] --START--
INFO: Run Behavior\BuildLiteBehavior [ RunTime:0.000012s ]
INFO: [ app_init ] --END-- [ RunTime:0.000389s ]
INFO: [ app_begin ] --START--
INFO: Run Behavior\ReadHtmlCacheBehavior [ RunTime:0.000575s ]
INFO: [ app_begin ] --END-- [ RunTime:0.000610s ]
SQL: SHOW COLUMNS FROM `oa_user` [ RunTime:0.0047s ]
SQL: SELECT * FROM `oa_user` WHERE `id` <> '1'  [ RunTime:0.0005s ]
INFO: [ view_parse ] --START--
INFO: [ template_filter ] --START--
INFO: Run Behavior\ContentReplaceBehavior [ RunTime:0.000055s ]
INFO: [ template_filter ] --END-- [ RunTime:0.000094s ]
SQL: SHOW COLUMNS FROM `oa_menu` [ RunTime:0.0043s ]
SQL: SHOW COLUMNS FROM `oa_menu` [ RunTime:0.0029s ]
SQL: SELECT * FROM `oa_menu` WHERE `upid` = 0 ORDER BY sort ASC  [ RunTime:0.0003s ]
SQL: SELECT * FROM `oa_menu` WHERE `upid` > '0'  [ RunTime:0.0003s ]
INFO: [ view_parse ] --START--
INFO: [ template_filter ] --START--
INFO: Run Behavior\ContentReplaceBehavior [ RunTime:0.000032s ]
INFO: [ template_filter ] --END-- [ RunTime:-0.012777s ]
INFO: Run Behavior\ParseTemplateBehavior [ RunTime:0.003254s ]
INFO: [ view_parse ] --END-- [ RunTime:0.003295s ]
INFO: [ view_filter ] --START--
INFO: Run Behavior\WriteHtmlCacheBehavior [ RunTime:0.000454s ]
INFO: [ view_filter ] --END-- [ RunTime:0.000483s ]
NOTIC: [2048] Declaration of Ucenter\Model\UserModel::add() should be compatible with Think\Model::add($data = '', $options = Array, $replace = false) G:\www\oa\Application\Ucenter\Model\UserModel.class.php 第 275 行.
SQL: SHOW COLUMNS FROM `oa_user` [ RunTime:0.0032s ]
SQL: SHOW COLUMNS FROM `oa_user` [ RunTime:0.0043s ]
SQL: SELECT `name` FROM `oa_user` WHERE `id` = 1 LIMIT 1   [ RunTime:0.0006s ]
INFO: Run Behavior\ParseTemplateBehavior [ RunTime:0.013927s ]
INFO: [ view_parse ] --END-- [ RunTime:0.003295s ]
INFO: [ view_filter ] --START--
INFO: Run Behavior\WriteHtmlCacheBehavior [ RunTime:0.000014s ]
INFO: [ view_filter ] --END-- [ RunTime:-0.010205s ]
INFO: [ app_end ] --START--
INFO: Run Behavior\ShowPageTraceBehavior [ RunTime:0.001364s ]
INFO: [ app_end ] --END-- [ RunTime:0.001414s ]

[ 2017-04-05T11:01:34+08:00 ] ::1 /oa/index.php/Message/index/add.html
INFO: [ app_init ] --START--
INFO: Run Behavior\BuildLiteBehavior [ RunTime:0.000012s ]
INFO: [ app_init ] --END-- [ RunTime:0.000564s ]
INFO: [ app_begin ] --START--
INFO: Run Behavior\ReadHtmlCacheBehavior [ RunTime:0.000742s ]
INFO: [ app_begin ] --END-- [ RunTime:0.000789s ]
SQL: SHOW COLUMNS FROM `oa_user` [ RunTime:0.0035s ]
SQL: SELECT * FROM `oa_user` WHERE `id` <> '1'  [ RunTime:0.0004s ]
INFO: [ view_parse ] --START--
INFO: [ template_filter ] --START--
INFO: Run Behavior\ContentReplaceBehavior [ RunTime:0.000066s ]
INFO: [ template_filter ] --END-- [ RunTime:0.000106s ]
SQL: SHOW COLUMNS FROM `oa_menu` [ RunTime:0.0032s ]
SQL: SHOW COLUMNS FROM `oa_menu` [ RunTime:0.0028s ]
SQL: SELECT * FROM `oa_menu` WHERE `upid` = 0 ORDER BY sort ASC  [ RunTime:0.0003s ]
SQL: SELECT * FROM `oa_menu` WHERE `upid` > '0'  [ RunTime:0.0003s ]
INFO: [ view_parse ] --START--
INFO: [ template_filter ] --START--
INFO: Run Behavior\ContentReplaceBehavior [ RunTime:0.000032s ]
INFO: [ template_filter ] --END-- [ RunTime:-0.026858s ]
INFO: Run Behavior\ParseTemplateBehavior [ RunTime:0.003566s ]
INFO: [ view_parse ] --END-- [ RunTime:0.003604s ]
INFO: [ view_filter ] --START--
INFO: Run Behavior\WriteHtmlCacheBehavior [ RunTime:0.000395s ]
INFO: [ view_filter ] --END-- [ RunTime:0.000423s ]
NOTIC: [2048] Declaration of Ucenter\Model\UserModel::add() should be compatible with Think\Model::add($data = '', $options = Array, $replace = false) G:\www\oa\Application\Ucenter\Model\UserModel.class.php 第 275 行.
SQL: SHOW COLUMNS FROM `oa_user` [ RunTime:0.0032s ]
SQL: SHOW COLUMNS FROM `oa_user` [ RunTime:0.0029s ]
SQL: SELECT `name` FROM `oa_user` WHERE `id` = 1 LIMIT 1   [ RunTime:0.0002s ]
INFO: Run Behavior\ParseTemplateBehavior [ RunTime:0.011780s ]
INFO: [ view_parse ] --END-- [ RunTime:0.003604s ]
INFO: [ view_filter ] --START--
INFO: Run Behavior\WriteHtmlCacheBehavior [ RunTime:0.000008s ]
INFO: [ view_filter ] --END-- [ RunTime:-0.007789s ]
INFO: [ app_end ] --START--
INFO: Run Behavior\ShowPageTraceBehavior [ RunTime:0.000660s ]
INFO: [ app_end ] --END-- [ RunTime:0.000697s ]

[ 2017-04-05T11:15:56+08:00 ] ::1 /oa/index.php/Message/index/add.html
INFO: [ app_init ] --START--
INFO: Run Behavior\BuildLiteBehavior [ RunTime:0.000008s ]
INFO: [ app_init ] --END-- [ RunTime:0.000338s ]
INFO: [ app_begin ] --START--
INFO: Run Behavior\ReadHtmlCacheBehavior [ RunTime:0.000581s ]
INFO: [ app_begin ] --END-- [ RunTime:0.000618s ]
SQL: SHOW COLUMNS FROM `oa_user` [ RunTime:0.0033s ]
SQL: SELECT * FROM `oa_user` WHERE `id` <> '1'  [ RunTime:0.0003s ]
INFO: [ view_parse ] --START--
INFO: [ template_filter ] --START--
INFO: Run Behavior\ContentReplaceBehavior [ RunTime:0.000054s ]
INFO: [ template_filter ] --END-- [ RunTime:0.000090s ]
SQL: SHOW COLUMNS FROM `oa_menu` [ RunTime:0.0027s ]
SQL: SHOW COLUMNS FROM `oa_menu` [ RunTime:0.0041s ]
SQL: SELECT * FROM `oa_menu` WHERE `upid` = 0 ORDER BY sort ASC  [ RunTime:0.0003s ]
SQL: SELECT * FROM `oa_menu` WHERE `upid` > '0'  [ RunTime:0.0002s ]
INFO: [ view_parse ] --START--
INFO: [ template_filter ] --START--
INFO: Run Behavior\ContentReplaceBehavior [ RunTime:0.000031s ]
INFO: [ template_filter ] --END-- [ RunTime:-0.012117s ]
INFO: Run Behavior\ParseTemplateBehavior [ RunTime:0.003360s ]
INFO: [ view_parse ] --END-- [ RunTime:0.003398s ]
INFO: [ view_filter ] --START--
INFO: Run Behavior\WriteHtmlCacheBehavior [ RunTime:0.000414s ]
INFO: [ view_filter ] --END-- [ RunTime:0.000442s ]
NOTIC: [2048] Declaration of Ucenter\Model\UserModel::add() should be compatible with Think\Model::add($data = '', $options = Array, $replace = false) G:\www\oa\Application\Ucenter\Model\UserModel.class.php 第 275 行.
SQL: SHOW COLUMNS FROM `oa_user` [ RunTime:0.0029s ]
SQL: SHOW COLUMNS FROM `oa_user` [ RunTime:0.0034s ]
SQL: SELECT `name` FROM `oa_user` WHERE `id` = 1 LIMIT 1   [ RunTime:0.0003s ]
INFO: Run Behavior\ParseTemplateBehavior [ RunTime:0.011909s ]
INFO: [ view_parse ] --END-- [ RunTime:0.003398s ]
INFO: [ view_filter ] --START--
INFO: Run Behavior\WriteHtmlCacheBehavior [ RunTime:0.000010s ]
INFO: [ view_filter ] --END-- [ RunTime:-0.008107s ]
INFO: [ app_end ] --START--
INFO: Run Behavior\ShowPageTraceBehavior [ RunTime:0.001794s ]
INFO: [ app_end ] --END-- [ RunTime:0.001858s ]

[ 2017-04-05T11:47:12+08:00 ] ::1 /oa/index.php/Message/index/add.html
INFO: [ app_init ] --START--
INFO: Run Behavior\BuildLiteBehavior [ RunTime:0.000014s ]
INFO: [ app_init ] --END-- [ RunTime:0.000353s ]
INFO: [ app_begin ] --START--
INFO: Run Behavior\ReadHtmlCacheBehavior [ RunTime:0.000567s ]
INFO: [ app_begin ] --END-- [ RunTime:0.000607s ]
SQL: SHOW COLUMNS FROM `oa_user` [ RunTime:0.0044s ]
SQL: SELECT * FROM `oa_user` WHERE `id` <> '1'  [ RunTime:0.0003s ]
INFO: [ view_parse ] --START--
INFO: [ template_filter ] --START--
INFO: Run Behavior\ContentReplaceBehavior [ RunTime:0.000064s ]
INFO: [ template_filter ] --END-- [ RunTime:0.000102s ]
SQL: SHOW COLUMNS FROM `oa_menu` [ RunTime:0.0043s ]
SQL: SHOW COLUMNS FROM `oa_menu` [ RunTime:0.0026s ]
SQL: SELECT * FROM `oa_menu` WHERE `upid` = 0 ORDER BY sort ASC  [ RunTime:0.0002s ]
SQL: SELECT * FROM `oa_menu` WHERE `upid` > '0'  [ RunTime:0.0002s ]
INFO: [ view_parse ] --START--
INFO: [ template_filter ] --START--
INFO: Run Behavior\ContentReplaceBehavior [ RunTime:0.000032s ]
INFO: [ template_filter ] --END-- [ RunTime:-0.012178s ]
INFO: Run Behavior\ParseTemplateBehavior [ RunTime:0.003297s ]
INFO: [ view_parse ] --END-- [ RunTime:0.003332s ]
INFO: [ view_filter ] --START--
INFO: Run Behavior\WriteHtmlCacheBehavior [ RunTime:0.000412s ]
INFO: [ view_filter ] --END-- [ RunTime:0.000439s ]
NOTIC: [2048] Declaration of Ucenter\Model\UserModel::add() should be compatible with Think\Model::add($data = '', $options = Array, $replace = false) G:\www\oa\Application\Ucenter\Model\UserModel.class.php 第 275 行.
SQL: SHOW COLUMNS FROM `oa_user` [ RunTime:0.0027s ]
SQL: SHOW COLUMNS FROM `oa_user` [ RunTime:0.0026s ]
SQL: SELECT `name` FROM `oa_user` WHERE `id` = 1 LIMIT 1   [ RunTime:0.0002s ]
INFO: Run Behavior\ParseTemplateBehavior [ RunTime:0.010989s ]
INFO: [ view_parse ] --END-- [ RunTime:0.003332s ]
INFO: [ view_filter ] --START--
INFO: Run Behavior\WriteHtmlCacheBehavior [ RunTime:0.000009s ]
INFO: [ view_filter ] --END-- [ RunTime:-0.007253s ]
INFO: [ app_end ] --START--
INFO: Run Behavior\ShowPageTraceBehavior [ RunTime:0.000925s ]
INFO: [ app_end ] --END-- [ RunTime:0.000972s ]

[ 2017-04-05T11:47:46+08:00 ] ::1 /oa/index.php/Message/index/add.html
INFO: [ app_init ] --START--
INFO: Run Behavior\BuildLiteBehavior [ RunTime:0.000016s ]
INFO: [ app_init ] --END-- [ RunTime:0.000590s ]
INFO: [ app_begin ] --START--
INFO: Run Behavior\ReadHtmlCacheBehavior [ RunTime:0.000758s ]
INFO: [ app_begin ] --END-- [ RunTime:0.000808s ]
SQL: SHOW COLUMNS FROM `oa_user` [ RunTime:0.0035s ]
SQL: SELECT * FROM `oa_user` WHERE `id` <> '1'  [ RunTime:0.0003s ]
INFO: [ view_parse ] --START--
INFO: [ template_filter ] --START--
INFO: Run Behavior\ContentReplaceBehavior [ RunTime:0.000068s ]
INFO: [ template_filter ] --END-- [ RunTime:0.000112s ]
SQL: SHOW COLUMNS FROM `oa_menu` [ RunTime:0.0034s ]
SQL: SHOW COLUMNS FROM `oa_menu` [ RunTime:0.0031s ]
SQL: SELECT * FROM `oa_menu` WHERE `upid` = 0 ORDER BY sort ASC  [ RunTime:0.0003s ]
SQL: SELECT * FROM `oa_menu` WHERE `upid` > '0'  [ RunTime:0.0003s ]
INFO: [ view_parse ] --START--
INFO: [ template_filter ] --START--
INFO: Run Behavior\ContentReplaceBehavior [ RunTime:0.000069s ]
INFO: [ template_filter ] --END-- [ RunTime:-0.013240s ]
INFO: Run Behavior\ParseTemplateBehavior [ RunTime:0.004555s ]
INFO: [ view_parse ] --END-- [ RunTime:0.004607s ]
INFO: [ view_filter ] --START--
INFO: Run Behavior\WriteHtmlCacheBehavior [ RunTime:0.000589s ]
INFO: [ view_filter ] --END-- [ RunTime:0.000627s ]
NOTIC: [2048] Declaration of Ucenter\Model\UserModel::add() should be compatible with Think\Model::add($data = '', $options = Array, $replace = false) G:\www\oa\Application\Ucenter\Model\UserModel.class.php 第 275 行.
SQL: SHOW COLUMNS FROM `oa_user` [ RunTime:0.0034s ]
SQL: SHOW COLUMNS FROM `oa_user` [ RunTime:0.0032s ]
SQL: SELECT `name` FROM `oa_user` WHERE `id` = 1 LIMIT 1   [ RunTime:0.0002s ]
INFO: Run Behavior\ParseTemplateBehavior [ RunTime:0.013828s ]
INFO: [ view_parse ] --END-- [ RunTime:0.004607s ]
INFO: [ view_filter ] --START--
INFO: Run Behavior\WriteHtmlCacheBehavior [ RunTime:0.000009s ]
INFO: [ view_filter ] --END-- [ RunTime:-0.008629s ]
INFO: [ app_end ] --START--
INFO: Run Behavior\ShowPageTraceBehavior [ RunTime:0.000848s ]
INFO: [ app_end ] --END-- [ RunTime:0.000893s ]

[ 2017-04-05T11:48:17+08:00 ] ::1 /oa/index.php/Message/index/add.html
INFO: [ app_init ] --START--
INFO: Run Behavior\BuildLiteBehavior [ RunTime:0.000013s ]
INFO: [ app_init ] --END-- [ RunTime:0.000528s ]
INFO: [ app_begin ] --START--
INFO: Run Behavior\ReadHtmlCacheBehavior [ RunTime:0.000985s ]
INFO: [ app_begin ] --END-- [ RunTime:0.001056s ]
SQL: SHOW COLUMNS FROM `oa_user` [ RunTime:0.0031s ]
SQL: SELECT * FROM `oa_user` WHERE `id` <> '1'  [ RunTime:0.0003s ]
INFO: [ view_parse ] --START--
INFO: [ template_filter ] --START--
INFO: Run Behavior\ContentReplaceBehavior [ RunTime:0.000056s ]
INFO: [ template_filter ] --END-- [ RunTime:0.000105s ]
SQL: SHOW COLUMNS FROM `oa_menu` [ RunTime:0.0031s ]
SQL: SHOW COLUMNS FROM `oa_menu` [ RunTime:0.0023s ]
SQL: SELECT * FROM `oa_menu` WHERE `upid` = 0 ORDER BY sort ASC  [ RunTime:0.0002s ]
SQL: SELECT * FROM `oa_menu` WHERE `upid` > '0'  [ RunTime:0.0002s ]
INFO: [ view_parse ] --START--
INFO: [ template_filter ] --START--
INFO: Run Behavior\ContentReplaceBehavior [ RunTime:0.000031s ]
INFO: [ template_filter ] --END-- [ RunTime:-0.010738s ]
INFO: Run Behavior\ParseTemplateBehavior [ RunTime:0.003282s ]
INFO: [ view_parse ] --END-- [ RunTime:0.003318s ]
INFO: [ view_filter ] --START--
INFO: Run Behavior\WriteHtmlCacheBehavior [ RunTime:0.000428s ]
INFO: [ view_filter ] --END-- [ RunTime:0.000456s ]
NOTIC: [2048] Declaration of Ucenter\Model\UserModel::add() should be compatible with Think\Model::add($data = '', $options = Array, $replace = false) G:\www\oa\Application\Ucenter\Model\UserModel.class.php 第 275 行.
SQL: SHOW COLUMNS FROM `oa_user` [ RunTime:0.0029s ]
SQL: SHOW COLUMNS FROM `oa_user` [ RunTime:0.0028s ]
SQL: SELECT `name` FROM `oa_user` WHERE `id` = 1 LIMIT 1   [ RunTime:0.0002s ]
INFO: Run Behavior\ParseTemplateBehavior [ RunTime:0.011053s ]
INFO: [ view_parse ] --END-- [ RunTime:0.003318s ]
INFO: [ view_filter ] --START--
INFO: Run Behavior\WriteHtmlCacheBehavior [ RunTime:0.000007s ]
INFO: [ view_filter ] --END-- [ RunTime:-0.007309s ]
INFO: [ app_end ] --START--
INFO: Run Behavior\ShowPageTraceBehavior [ RunTime:0.000907s ]
INFO: [ app_end ] --END-- [ RunTime:0.000941s ]

[ 2017-04-05T11:48:40+08:00 ] ::1 /oa/index.php/Message/index/add.html
INFO: [ app_init ] --START--
INFO: Run Behavior\BuildLiteBehavior [ RunTime:0.000013s ]
INFO: [ app_init ] --END-- [ RunTime:0.000500s ]
INFO: [ app_begin ] --START--
INFO: Run Behavior\ReadHtmlCacheBehavior [ RunTime:0.000667s ]
INFO: [ app_begin ] --END-- [ RunTime:0.000713s ]
SQL: SHOW COLUMNS FROM `oa_user` [ RunTime:0.0036s ]
SQL: SELECT * FROM `oa_user` WHERE `id` <> '1'  [ RunTime:0.0003s ]
INFO: [ view_parse ] --START--
INFO: [ template_filter ] --START--
INFO: Run Behavior\ContentReplaceBehavior [ RunTime:0.000069s ]
INFO: [ template_filter ] --END-- [ RunTime:0.000114s ]
SQL: SHOW COLUMNS FROM `oa_menu` [ RunTime:0.0035s ]
SQL: SHOW COLUMNS FROM `oa_menu` [ RunTime:0.0035s ]
SQL: SELECT * FROM `oa_menu` WHERE `upid` = 0 ORDER BY sort ASC  [ RunTime:0.0003s ]
SQL: SELECT * FROM `oa_menu` WHERE `upid` > '0'  [ RunTime:0.0003s ]
INFO: [ view_parse ] --START--
INFO: [ template_filter ] --START--
INFO: Run Behavior\ContentReplaceBehavior [ RunTime:0.000039s ]
INFO: [ template_filter ] --END-- [ RunTime:-0.013672s ]
INFO: Run Behavior\ParseTemplateBehavior [ RunTime:0.004295s ]
INFO: [ view_parse ] --END-- [ RunTime:0.004341s ]
INFO: [ view_filter ] --START--
INFO: Run Behavior\WriteHtmlCacheBehavior [ RunTime:0.000593s ]
INFO: [ view_filter ] --END-- [ RunTime:0.000632s ]
NOTIC: [2048] Declaration of Ucenter\Model\UserModel::add() should be compatible with Think\Model::add($data = '', $options = Array, $replace = false) G:\www\oa\Application\Ucenter\Model\UserModel.class.php 第 275 行.
SQL: SHOW COLUMNS FROM `oa_user` [ RunTime:0.0034s ]
SQL: SHOW COLUMNS FROM `oa_user` [ RunTime:0.0032s ]
SQL: SELECT `name` FROM `oa_user` WHERE `id` = 1 LIMIT 1   [ RunTime:0.0002s ]
INFO: Run Behavior\ParseTemplateBehavior [ RunTime:0.013677s ]
INFO: [ view_parse ] --END-- [ RunTime:0.004341s ]
INFO: [ view_filter ] --START--
INFO: Run Behavior\WriteHtmlCacheBehavior [ RunTime:0.000009s ]
INFO: [ view_filter ] --END-- [ RunTime:-0.008750s ]
INFO: [ app_end ] --START--
INFO: Run Behavior\ShowPageTraceBehavior [ RunTime:0.001101s ]
INFO: [ app_end ] --END-- [ RunTime:0.001154s ]

[ 2017-04-05T11:50:50+08:00 ] ::1 /oa/index.php/Message/index/add.html
INFO: [ app_init ] --START--
INFO: Run Behavior\BuildLiteBehavior [ RunTime:0.000013s ]
INFO: [ app_init ] --END-- [ RunTime:0.000602s ]
INFO: [ app_begin ] --START--
INFO: Run Behavior\ReadHtmlCacheBehavior [ RunTime:0.000740s ]
INFO: [ app_begin ] --END-- [ RunTime:0.000799s ]
SQL: SHOW COLUMNS FROM `oa_user` [ RunTime:0.0050s ]
SQL: SELECT * FROM `oa_user` WHERE `id` <> '1'  [ RunTime:0.0003s ]
INFO: [ view_parse ] --START--
INFO: [ template_filter ] --START--
INFO: Run Behavior\ContentReplaceBehavior [ RunTime:0.000075s ]
INFO: [ template_filter ] --END-- [ RunTime:0.000121s ]
SQL: SHOW COLUMNS FROM `oa_menu` [ RunTime:0.0034s ]
SQL: SHOW COLUMNS FROM `oa_menu` [ RunTime:0.0033s ]
SQL: SELECT * FROM `oa_menu` WHERE `upid` = 0 ORDER BY sort ASC  [ RunTime:0.0003s ]
SQL: SELECT * FROM `oa_menu` WHERE `upid` > '0'  [ RunTime:0.0003s ]
INFO: [ view_parse ] --START--
INFO: [ template_filter ] --START--
INFO: Run Behavior\ContentReplaceBehavior [ RunTime:0.000059s ]
INFO: [ template_filter ] --END-- [ RunTime:-0.013495s ]
INFO: Run Behavior\ParseTemplateBehavior [ RunTime:0.004705s ]
INFO: [ view_parse ] --END-- [ RunTime:0.004758s ]
INFO: [ view_filter ] --START--
INFO: Run Behavior\WriteHtmlCacheBehavior [ RunTime:0.000591s ]
INFO: [ view_filter ] --END-- [ RunTime:0.000629s ]
NOTIC: [2048] Declaration of Ucenter\Model\UserModel::add() should be compatible with Think\Model::add($data = '', $options = Array, $replace = false) G:\www\oa\Application\Ucenter\Model\UserModel.class.php 第 275 行.
SQL: SHOW COLUMNS FROM `oa_user` [ RunTime:0.0035s ]
SQL: SHOW COLUMNS FROM `oa_user` [ RunTime:0.0032s ]
SQL: SELECT `name` FROM `oa_user` WHERE `id` = 1 LIMIT 1   [ RunTime:0.0002s ]
INFO: Run Behavior\ParseTemplateBehavior [ RunTime:0.014247s ]
INFO: [ view_parse ] --END-- [ RunTime:0.004758s ]
INFO: [ view_filter ] --START--
INFO: Run Behavior\WriteHtmlCacheBehavior [ RunTime:0.000009s ]
INFO: [ view_filter ] --END-- [ RunTime:-0.008896s ]
INFO: [ app_end ] --START--
INFO: Run Behavior\ShowPageTraceBehavior [ RunTime:0.000785s ]
INFO: [ app_end ] --END-- [ RunTime:0.000830s ]

[ 2017-04-05T11:51:06+08:00 ] ::1 /oa/index.php/Message/index/add.html
INFO: [ app_init ] --START--
INFO: Run Behavior\BuildLiteBehavior [ RunTime:0.000013s ]
INFO: [ app_init ] --END-- [ RunTime:0.000436s ]
INFO: [ app_begin ] --START--
INFO: Run Behavior\ReadHtmlCacheBehavior [ RunTime:0.000482s ]
INFO: [ app_begin ] --END-- [ RunTime:0.000517s ]
SQL: SHOW COLUMNS FROM `oa_user` [ RunTime:0.0034s ]
SQL: SELECT * FROM `oa_user` WHERE `id` <> '1'  [ RunTime:0.0004s ]
INFO: [ view_parse ] --START--
INFO: [ template_filter ] --START--
INFO: Run Behavior\ContentReplaceBehavior [ RunTime:0.000055s ]
INFO: [ template_filter ] --END-- [ RunTime:0.000103s ]
SQL: SHOW COLUMNS FROM `oa_menu` [ RunTime:0.0029s ]
SQL: SHOW COLUMNS FROM `oa_menu` [ RunTime:0.0024s ]
SQL: SELECT * FROM `oa_menu` WHERE `upid` = 0 ORDER BY sort ASC  [ RunTime:0.0002s ]
SQL: SELECT * FROM `oa_menu` WHERE `upid` > '0'  [ RunTime:0.0002s ]
INFO: [ view_parse ] --START--
INFO: [ template_filter ] --START--
INFO: Run Behavior\ContentReplaceBehavior [ RunTime:0.000034s ]
INFO: [ template_filter ] --END-- [ RunTime:-0.010948s ]
INFO: Run Behavior\ParseTemplateBehavior [ RunTime:0.003780s ]
INFO: [ view_parse ] --END-- [ RunTime:0.003821s ]
INFO: [ view_filter ] --START--
INFO: Run Behavior\WriteHtmlCacheBehavior [ RunTime:0.000406s ]
INFO: [ view_filter ] --END-- [ RunTime:0.000435s ]
NOTIC: [2048] Declaration of Ucenter\Model\UserModel::add() should be compatible with Think\Model::add($data = '', $options = Array, $replace = false) G:\www\oa\Application\Ucenter\Model\UserModel.class.php 第 275 行.
SQL: SHOW COLUMNS FROM `oa_user` [ RunTime:0.0028s ]
SQL: SHOW COLUMNS FROM `oa_user` [ RunTime:0.0024s ]
SQL: SELECT `name` FROM `oa_user` WHERE `id` = 1 LIMIT 1   [ RunTime:0.0002s ]
INFO: Run Behavior\ParseTemplateBehavior [ RunTime:0.010983s ]
INFO: [ view_parse ] --END-- [ RunTime:0.003821s ]
INFO: [ view_filter ] --START--
INFO: Run Behavior\WriteHtmlCacheBehavior [ RunTime:0.000007s ]
INFO: [ view_filter ] --END-- [ RunTime:-0.006760s ]
INFO: [ app_end ] --START--
INFO: Run Behavior\ShowPageTraceBehavior [ RunTime:0.000599s ]
INFO: [ app_end ] --END-- [ RunTime:0.000633s ]

[ 2017-04-05T11:51:20+08:00 ] ::1 /oa/index.php/Message/index/add.html
INFO: [ app_init ] --START--
INFO: Run Behavior\BuildLiteBehavior [ RunTime:0.000014s ]
INFO: [ app_init ] --END-- [ RunTime:0.000551s ]
INFO: [ app_begin ] --START--
INFO: Run Behavior\ReadHtmlCacheBehavior [ RunTime:0.000824s ]
INFO: [ app_begin ] --END-- [ RunTime:0.000872s ]
SQL: SHOW COLUMNS FROM `oa_user` [ RunTime:0.0040s ]
SQL: SELECT * FROM `oa_user` WHERE `id` <> '1'  [ RunTime:0.0003s ]
INFO: [ view_parse ] --START--
INFO: [ template_filter ] --START--
INFO: Run Behavior\ContentReplaceBehavior [ RunTime:0.000054s ]
INFO: [ template_filter ] --END-- [ RunTime:0.000091s ]
SQL: SHOW COLUMNS FROM `oa_menu` [ RunTime:0.0027s ]
SQL: SHOW COLUMNS FROM `oa_menu` [ RunTime:0.0025s ]
SQL: SELECT * FROM `oa_menu` WHERE `upid` = 0 ORDER BY sort ASC  [ RunTime:0.0002s ]
SQL: SELECT * FROM `oa_menu` WHERE `upid` > '0'  [ RunTime:0.0002s ]
INFO: [ view_parse ] --START--
INFO: [ template_filter ] --START--
INFO: Run Behavior\ContentReplaceBehavior [ RunTime:0.000034s ]
INFO: [ template_filter ] --END-- [ RunTime:-0.010853s ]
INFO: Run Behavior\ParseTemplateBehavior [ RunTime:0.003503s ]
INFO: [ view_parse ] --END-- [ RunTime:0.003538s ]
INFO: [ view_filter ] --START--
INFO: Run Behavior\WriteHtmlCacheBehavior [ RunTime:0.000505s ]
INFO: [ view_filter ] --END-- [ RunTime:0.000534s ]
NOTIC: [2048] Declaration of Ucenter\Model\UserModel::add() should be compatible with Think\Model::add($data = '', $options = Array, $replace = false) G:\www\oa\Application\Ucenter\Model\UserModel.class.php 第 275 行.
SQL: SHOW COLUMNS FROM `oa_user` [ RunTime:0.0035s ]
SQL: SHOW COLUMNS FROM `oa_user` [ RunTime:0.0029s ]
SQL: SELECT `name` FROM `oa_user` WHERE `id` = 1 LIMIT 1   [ RunTime:0.0003s ]
INFO: Run Behavior\ParseTemplateBehavior [ RunTime:0.012353s ]
INFO: [ view_parse ] --END-- [ RunTime:0.003538s ]
INFO: [ view_filter ] --START--
INFO: Run Behavior\WriteHtmlCacheBehavior [ RunTime:0.000010s ]
INFO: [ view_filter ] --END-- [ RunTime:-0.008315s ]
INFO: [ app_end ] --START--
INFO: Run Behavior\ShowPageTraceBehavior [ RunTime:0.000854s ]
INFO: [ app_end ] --END-- [ RunTime:0.000891s ]

[ 2017-04-05T11:51:39+08:00 ] ::1 /oa/index.php/Message/index/add.html
INFO: [ app_init ] --START--
INFO: Run Behavior\BuildLiteBehavior [ RunTime:0.000020s ]
INFO: [ app_init ] --END-- [ RunTime:0.000457s ]
INFO: [ app_begin ] --START--
INFO: Run Behavior\ReadHtmlCacheBehavior [ RunTime:0.000569s ]
INFO: [ app_begin ] --END-- [ RunTime:0.000613s ]
SQL: SHOW COLUMNS FROM `oa_user` [ RunTime:0.0034s ]
SQL: SELECT * FROM `oa_user` WHERE `id` <> '1'  [ RunTime:0.0003s ]
INFO: [ view_parse ] --START--
INFO: [ template_filter ] --START--
INFO: Run Behavior\ContentReplaceBehavior [ RunTime:0.000073s ]
INFO: [ template_filter ] --END-- [ RunTime:0.000115s ]
SQL: SHOW COLUMNS FROM `oa_menu` [ RunTime:0.0034s ]
SQL: SHOW COLUMNS FROM `oa_menu` [ RunTime:0.0031s ]
SQL: SELECT * FROM `oa_menu` WHERE `upid` = 0 ORDER BY sort ASC  [ RunTime:0.0003s ]
SQL: SELECT * FROM `oa_menu` WHERE `upid` > '0'  [ RunTime:0.0003s ]
INFO: [ view_parse ] --START--
INFO: [ template_filter ] --START--
INFO: Run Behavior\ContentReplaceBehavior [ RunTime:0.000040s ]
INFO: [ template_filter ] --END-- [ RunTime:-0.013611s ]
INFO: Run Behavior\ParseTemplateBehavior [ RunTime:0.004366s ]
INFO: [ view_parse ] --END-- [ RunTime:0.004411s ]
INFO: [ view_filter ] --START--
INFO: Run Behavior\WriteHtmlCacheBehavior [ RunTime:0.000582s ]
INFO: [ view_filter ] --END-- [ RunTime:0.000623s ]
NOTIC: [2048] Declaration of Ucenter\Model\UserModel::add() should be compatible with Think\Model::add($data = '', $options = Array, $replace = false) G:\www\oa\Application\Ucenter\Model\UserModel.class.php 第 275 行.
SQL: SHOW COLUMNS FROM `oa_user` [ RunTime:0.0037s ]
SQL: SHOW COLUMNS FROM `oa_user` [ RunTime:0.0027s ]
SQL: SELECT `name` FROM `oa_user` WHERE `id` = 1 LIMIT 1   [ RunTime:0.0002s ]
INFO: Run Behavior\ParseTemplateBehavior [ RunTime:0.013453s ]
INFO: [ view_parse ] --END-- [ RunTime:0.004411s ]
INFO: [ view_filter ] --START--
INFO: Run Behavior\WriteHtmlCacheBehavior [ RunTime:0.000008s ]
INFO: [ view_filter ] --END-- [ RunTime:-0.008451s ]
INFO: [ app_end ] --START--
INFO: Run Behavior\ShowPageTraceBehavior [ RunTime:0.000721s ]
INFO: [ app_end ] --END-- [ RunTime:0.000757s ]

[ 2017-04-05T11:53:12+08:00 ] ::1 /oa/index.php/Message/index/add.html
INFO: [ app_init ] --START--
INFO: Run Behavior\BuildLiteBehavior [ RunTime:0.000011s ]
INFO: [ app_init ] --END-- [ RunTime:0.000438s ]
INFO: [ app_begin ] --START--
INFO: Run Behavior\ReadHtmlCacheBehavior [ RunTime:0.000666s ]
INFO: [ app_begin ] --END-- [ RunTime:0.000700s ]
SQL: SHOW COLUMNS FROM `oa_user` [ RunTime:0.0034s ]
SQL: SELECT * FROM `oa_user` WHERE `id` <> '1'  [ RunTime:0.0003s ]
INFO: [ view_parse ] --START--
INFO: [ template_filter ] --START--
INFO: Run Behavior\ContentReplaceBehavior [ RunTime:0.000059s ]
INFO: [ template_filter ] --END-- [ RunTime:0.000108s ]
SQL: SHOW COLUMNS FROM `oa_menu` [ RunTime:0.0030s ]
SQL: SHOW COLUMNS FROM `oa_menu` [ RunTime:0.0026s ]
SQL: SELECT * FROM `oa_menu` WHERE `upid` = 0 ORDER BY sort ASC  [ RunTime:0.0002s ]
SQL: SELECT * FROM `oa_menu` WHERE `upid` > '0'  [ RunTime:0.0002s ]
INFO: [ view_parse ] --START--
INFO: [ template_filter ] --START--
INFO: Run Behavior\ContentReplaceBehavior [ RunTime:0.000030s ]
INFO: [ template_filter ] --END-- [ RunTime:-0.011311s ]
INFO: Run Behavior\ParseTemplateBehavior [ RunTime:0.003467s ]
INFO: [ view_parse ] --END-- [ RunTime:0.003505s ]
INFO: [ view_filter ] --START--
INFO: Run Behavior\WriteHtmlCacheBehavior [ RunTime:0.000503s ]
INFO: [ view_filter ] --END-- [ RunTime:0.000532s ]
NOTIC: [2048] Declaration of Ucenter\Model\UserModel::add() should be compatible with Think\Model::add($data = '', $options = Array, $replace = false) G:\www\oa\Application\Ucenter\Model\UserModel.class.php 第 275 行.
SQL: SHOW COLUMNS FROM `oa_user` [ RunTime:0.0029s ]
SQL: SHOW COLUMNS FROM `oa_user` [ RunTime:0.0028s ]
SQL: SELECT `name` FROM `oa_user` WHERE `id` = 1 LIMIT 1   [ RunTime:0.0002s ]
INFO: Run Behavior\ParseTemplateBehavior [ RunTime:0.011539s ]
INFO: [ view_parse ] --END-- [ RunTime:0.003505s ]
INFO: [ view_filter ] --START--
INFO: Run Behavior\WriteHtmlCacheBehavior [ RunTime:0.000008s ]
INFO: [ view_filter ] --END-- [ RunTime:-0.007537s ]
INFO: [ app_end ] --START--
INFO: Run Behavior\ShowPageTraceBehavior [ RunTime:0.000678s ]
INFO: [ app_end ] --END-- [ RunTime:0.000712s ]

[ 2017-04-05T11:53:40+08:00 ] ::1 /oa/index.php/Message/index/add.html
INFO: [ app_init ] --START--
INFO: Run Behavior\BuildLiteBehavior [ RunTime:0.000014s ]
INFO: [ app_init ] --END-- [ RunTime:0.000467s ]
INFO: [ app_begin ] --START--
INFO: Run Behavior\ReadHtmlCacheBehavior [ RunTime:0.000874s ]
INFO: [ app_begin ] --END-- [ RunTime:0.000956s ]
SQL: SHOW COLUMNS FROM `oa_user` [ RunTime:0.0028s ]
SQL: SELECT * FROM `oa_user` WHERE `id` <> '1'  [ RunTime:0.0003s ]
INFO: [ view_parse ] --START--
INFO: [ template_filter ] --START--
INFO: Run Behavior\ContentReplaceBehavior [ RunTime:0.000055s ]
INFO: [ template_filter ] --END-- [ RunTime:0.000087s ]
SQL: SHOW COLUMNS FROM `oa_menu` [ RunTime:0.0028s ]
SQL: SHOW COLUMNS FROM `oa_menu` [ RunTime:0.0024s ]
SQL: SELECT * FROM `oa_menu` WHERE `upid` = 0 ORDER BY sort ASC  [ RunTime:0.0002s ]
SQL: SELECT * FROM `oa_menu` WHERE `upid` > '0'  [ RunTime:0.0002s ]
INFO: [ view_parse ] --START--
INFO: [ template_filter ] --START--
INFO: Run Behavior\ContentReplaceBehavior [ RunTime:0.000031s ]
INFO: [ template_filter ] --END-- [ RunTime:-0.010937s ]
INFO: Run Behavior\ParseTemplateBehavior [ RunTime:0.003274s ]
INFO: [ view_parse ] --END-- [ RunTime:0.003310s ]
INFO: [ view_filter ] --START--
INFO: Run Behavior\WriteHtmlCacheBehavior [ RunTime:0.000414s ]
INFO: [ view_filter ] --END-- [ RunTime:0.000443s ]
NOTIC: [2048] Declaration of Ucenter\Model\UserModel::add() should be compatible with Think\Model::add($data = '', $options = Array, $replace = false) G:\www\oa\Application\Ucenter\Model\UserModel.class.php 第 275 行.
SQL: SHOW COLUMNS FROM `oa_user` [ RunTime:0.0026s ]
SQL: SHOW COLUMNS FROM `oa_user` [ RunTime:0.0028s ]
SQL: SELECT `name` FROM `oa_user` WHERE `id` = 1 LIMIT 1   [ RunTime:0.0003s ]
INFO: Run Behavior\ParseTemplateBehavior [ RunTime:0.010871s ]
INFO: [ view_parse ] --END-- [ RunTime:0.003310s ]
INFO: [ view_filter ] --START--
INFO: Run Behavior\WriteHtmlCacheBehavior [ RunTime:0.000008s ]
INFO: [ view_filter ] --END-- [ RunTime:-0.007151s ]
INFO: [ app_end ] --START--
INFO: Run Behavior\ShowPageTraceBehavior [ RunTime:0.000741s ]
INFO: [ app_end ] --END-- [ RunTime:0.000778s ]

[ 2017-04-05T11:53:50+08:00 ] ::1 /oa/index.php/Message/index/add.html
INFO: [ app_init ] --START--
INFO: Run Behavior\BuildLiteBehavior [ RunTime:0.000009s ]
INFO: [ app_init ] --END-- [ RunTime:0.000351s ]
INFO: [ app_begin ] --START--
INFO: Run Behavior\ReadHtmlCacheBehavior [ RunTime:0.000516s ]
INFO: [ app_begin ] --END-- [ RunTime:0.000553s ]
SQL: SHOW COLUMNS FROM `oa_user` [ RunTime:0.0032s ]
SQL: SELECT * FROM `oa_user` WHERE `id` <> '1'  [ RunTime:0.0008s ]
INFO: [ view_parse ] --START--
INFO: [ template_filter ] --START--
INFO: Run Behavior\ContentReplaceBehavior [ RunTime:0.000055s ]
INFO: [ template_filter ] --END-- [ RunTime:0.000091s ]
SQL: SHOW COLUMNS FROM `oa_menu` [ RunTime:0.0029s ]
SQL: SHOW COLUMNS FROM `oa_menu` [ RunTime:0.0024s ]
SQL: SELECT * FROM `oa_menu` WHERE `upid` = 0 ORDER BY sort ASC  [ RunTime:0.0002s ]
SQL: SELECT * FROM `oa_menu` WHERE `upid` > '0'  [ RunTime:0.0002s ]
INFO: [ view_parse ] --START--
INFO: [ template_filter ] --START--
INFO: Run Behavior\ContentReplaceBehavior [ RunTime:0.000041s ]
INFO: [ template_filter ] --END-- [ RunTime:-0.010933s ]
INFO: Run Behavior\ParseTemplateBehavior [ RunTime:0.003931s ]
INFO: [ view_parse ] --END-- [ RunTime:0.004009s ]
INFO: [ view_filter ] --START--
INFO: Run Behavior\WriteHtmlCacheBehavior [ RunTime:0.000456s ]
INFO: [ view_filter ] --END-- [ RunTime:0.000486s ]
NOTIC: [2048] Declaration of Ucenter\Model\UserModel::add() should be compatible with Think\Model::add($data = '', $options = Array, $replace = false) G:\www\oa\Application\Ucenter\Model\UserModel.class.php 第 275 行.
SQL: SHOW COLUMNS FROM `oa_user` [ RunTime:0.0028s ]
SQL: SHOW COLUMNS FROM `oa_user` [ RunTime:0.0026s ]
SQL: SELECT `name` FROM `oa_user` WHERE `id` = 1 LIMIT 1   [ RunTime:0.0002s ]
INFO: Run Behavior\ParseTemplateBehavior [ RunTime:0.011553s ]
INFO: [ view_parse ] --END-- [ RunTime:0.004009s ]
INFO: [ view_filter ] --START--
INFO: Run Behavior\WriteHtmlCacheBehavior [ RunTime:0.000008s ]
INFO: [ view_filter ] --END-- [ RunTime:-0.007127s ]
INFO: [ app_end ] --START--
INFO: Run Behavior\ShowPageTraceBehavior [ RunTime:0.000769s ]
INFO: [ app_end ] --END-- [ RunTime:0.000816s ]

[ 2017-04-05T11:54:10+08:00 ] ::1 /oa/index.php/Message/index/add.html
INFO: [ app_init ] --START--
INFO: Run Behavior\BuildLiteBehavior [ RunTime:0.000009s ]
INFO: [ app_init ] --END-- [ RunTime:0.000363s ]
INFO: [ app_begin ] --START--
INFO: Run Behavior\ReadHtmlCacheBehavior [ RunTime:0.000685s ]
INFO: [ app_begin ] --END-- [ RunTime:0.000754s ]
SQL: SHOW COLUMNS FROM `oa_user` [ RunTime:0.0035s ]
SQL: SELECT * FROM `oa_user` WHERE `id` <> '1'  [ RunTime:0.0003s ]
INFO: [ view_parse ] --START--
INFO: [ template_filter ] --START--
INFO: Run Behavior\ContentReplaceBehavior [ RunTime:0.000054s ]
INFO: [ template_filter ] --END-- [ RunTime:0.000090s ]
SQL: SHOW COLUMNS FROM `oa_menu` [ RunTime:0.0027s ]
SQL: SHOW COLUMNS FROM `oa_menu` [ RunTime:0.0025s ]
SQL: SELECT * FROM `oa_menu` WHERE `upid` = 0 ORDER BY sort ASC  [ RunTime:0.0002s ]
SQL: SELECT * FROM `oa_menu` WHERE `upid` > '0'  [ RunTime:0.0002s ]
INFO: [ view_parse ] --START--
INFO: [ template_filter ] --START--
INFO: Run Behavior\ContentReplaceBehavior [ RunTime:0.000064s ]
INFO: [ template_filter ] --END-- [ RunTime:-0.010339s ]
INFO: Run Behavior\ParseTemplateBehavior [ RunTime:0.003799s ]
INFO: [ view_parse ] --END-- [ RunTime:0.003838s ]
INFO: [ view_filter ] --START--
INFO: Run Behavior\WriteHtmlCacheBehavior [ RunTime:0.000359s ]
INFO: [ view_filter ] --END-- [ RunTime:0.000386s ]
NOTIC: [2048] Declaration of Ucenter\Model\UserModel::add() should be compatible with Think\Model::add($data = '', $options = Array, $replace = false) G:\www\oa\Application\Ucenter\Model\UserModel.class.php 第 275 行.
SQL: SHOW COLUMNS FROM `oa_user` [ RunTime:0.0027s ]
SQL: SHOW COLUMNS FROM `oa_user` [ RunTime:0.0024s ]
SQL: SELECT `name` FROM `oa_user` WHERE `id` = 1 LIMIT 1   [ RunTime:0.0002s ]
INFO: Run Behavior\ParseTemplateBehavior [ RunTime:0.010839s ]
INFO: [ view_parse ] --END-- [ RunTime:0.003838s ]
INFO: [ view_filter ] --START--
INFO: Run Behavior\WriteHtmlCacheBehavior [ RunTime:0.000007s ]
INFO: [ view_filter ] --END-- [ RunTime:-0.006643s ]
INFO: [ app_end ] --START--
INFO: Run Behavior\ShowPageTraceBehavior [ RunTime:0.000588s ]
INFO: [ app_end ] --END-- [ RunTime:0.000620s ]

[ 2017-04-05T11:54:13+08:00 ] ::1 /oa/index.php/Message/index/add.html
INFO: [ app_init ] --START--
INFO: Run Behavior\BuildLiteBehavior [ RunTime:0.000020s ]
INFO: [ app_init ] --END-- [ RunTime:0.000874s ]
INFO: [ app_begin ] --START--
INFO: Run Behavior\ReadHtmlCacheBehavior [ RunTime:0.001140s ]
INFO: [ app_begin ] --END-- [ RunTime:0.001220s ]
SQL: SHOW COLUMNS FROM `oa_user` [ RunTime:0.0037s ]
SQL: SELECT * FROM `oa_user` WHERE `id` <> '1'  [ RunTime:0.0003s ]
INFO: [ view_parse ] --START--
INFO: [ template_filter ] --START--
INFO: Run Behavior\ContentReplaceBehavior [ RunTime:0.000073s ]
INFO: [ template_filter ] --END-- [ RunTime:0.000115s ]
SQL: SHOW COLUMNS FROM `oa_menu` [ RunTime:0.0035s ]
SQL: SHOW COLUMNS FROM `oa_menu` [ RunTime:0.0036s ]
SQL: SELECT * FROM `oa_menu` WHERE `upid` = 0 ORDER BY sort ASC  [ RunTime:0.0003s ]
SQL: SELECT * FROM `oa_menu` WHERE `upid` > '0'  [ RunTime:0.0003s ]
INFO: [ view_parse ] --START--
INFO: [ template_filter ] --START--
INFO: Run Behavior\ContentReplaceBehavior [ RunTime:0.000043s ]
INFO: [ template_filter ] --END-- [ RunTime:-0.013730s ]
INFO: Run Behavior\ParseTemplateBehavior [ RunTime:0.004415s ]
INFO: [ view_parse ] --END-- [ RunTime:0.004465s ]
INFO: [ view_filter ] --START--
INFO: Run Behavior\WriteHtmlCacheBehavior [ RunTime:0.000545s ]
INFO: [ view_filter ] --END-- [ RunTime:0.000576s ]
NOTIC: [2048] Declaration of Ucenter\Model\UserModel::add() should be compatible with Think\Model::add($data = '', $options = Array, $replace = false) G:\www\oa\Application\Ucenter\Model\UserModel.class.php 第 275 行.
SQL: SHOW COLUMNS FROM `oa_user` [ RunTime:0.0027s ]
SQL: SHOW COLUMNS FROM `oa_user` [ RunTime:0.0025s ]
SQL: SELECT `name` FROM `oa_user` WHERE `id` = 1 LIMIT 1   [ RunTime:0.0002s ]
INFO: Run Behavior\ParseTemplateBehavior [ RunTime:0.011993s ]
INFO: [ view_parse ] --END-- [ RunTime:0.004465s ]
INFO: [ view_filter ] --START--
INFO: Run Behavior\WriteHtmlCacheBehavior [ RunTime:0.000007s ]
INFO: [ view_filter ] --END-- [ RunTime:-0.006995s ]
INFO: [ app_end ] --START--
INFO: Run Behavior\ShowPageTraceBehavior [ RunTime:0.000803s ]
INFO: [ app_end ] --END-- [ RunTime:0.000849s ]

[ 2017-04-05T11:54:43+08:00 ] ::1 /oa/index.php/Message/index/add.html
INFO: [ app_init ] --START--
INFO: Run Behavior\BuildLiteBehavior [ RunTime:0.000010s ]
INFO: [ app_init ] --END-- [ RunTime:0.000425s ]
INFO: [ app_begin ] --START--
INFO: Run Behavior\ReadHtmlCacheBehavior [ RunTime:0.000683s ]
INFO: [ app_begin ] --END-- [ RunTime:0.000740s ]
SQL: SHOW COLUMNS FROM `oa_user` [ RunTime:0.0028s ]
SQL: SELECT * FROM `oa_user` WHERE `id` <> '1'  [ RunTime:0.0003s ]
INFO: [ view_parse ] --START--
INFO: [ template_filter ] --START--
INFO: Run Behavior\ContentReplaceBehavior [ RunTime:0.000055s ]
INFO: [ template_filter ] --END-- [ RunTime:0.000091s ]
SQL: SHOW COLUMNS FROM `oa_menu` [ RunTime:0.0032s ]
SQL: SHOW COLUMNS FROM `oa_menu` [ RunTime:0.0025s ]
SQL: SELECT * FROM `oa_menu` WHERE `upid` = 0 ORDER BY sort ASC  [ RunTime:0.0003s ]
SQL: SELECT * FROM `oa_menu` WHERE `upid` > '0'  [ RunTime:0.0002s ]
INFO: [ view_parse ] --START--
INFO: [ template_filter ] --START--
INFO: Run Behavior\ContentReplaceBehavior [ RunTime:0.000037s ]
INFO: [ template_filter ] --END-- [ RunTime:-0.011059s ]
INFO: Run Behavior\ParseTemplateBehavior [ RunTime:0.003953s ]
INFO: [ view_parse ] --END-- [ RunTime:0.004000s ]
INFO: [ view_filter ] --START--
INFO: Run Behavior\WriteHtmlCacheBehavior [ RunTime:0.000527s ]
INFO: [ view_filter ] --END-- [ RunTime:0.000568s ]
NOTIC: [2048] Declaration of Ucenter\Model\UserModel::add() should be compatible with Think\Model::add($data = '', $options = Array, $replace = false) G:\www\oa\Application\Ucenter\Model\UserModel.class.php 第 275 行.
SQL: SHOW COLUMNS FROM `oa_user` [ RunTime:0.0034s ]
SQL: SHOW COLUMNS FROM `oa_user` [ RunTime:0.0032s ]
SQL: SELECT `name` FROM `oa_user` WHERE `id` = 1 LIMIT 1   [ RunTime:0.0002s ]
INFO: Run Behavior\ParseTemplateBehavior [ RunTime:0.012871s ]
INFO: [ view_parse ] --END-- [ RunTime:0.004000s ]
INFO: [ view_filter ] --START--
INFO: Run Behavior\WriteHtmlCacheBehavior [ RunTime:0.000009s ]
INFO: [ view_filter ] --END-- [ RunTime:-0.008343s ]
INFO: [ app_end ] --START--
INFO: Run Behavior\ShowPageTraceBehavior [ RunTime:0.000834s ]
INFO: [ app_end ] --END-- [ RunTime:0.000878s ]

[ 2017-04-05T11:55:46+08:00 ] ::1 /oa/index.php/Message/index/add.html
INFO: [ app_init ] --START--
INFO: Run Behavior\BuildLiteBehavior [ RunTime:0.000011s ]
INFO: [ app_init ] --END-- [ RunTime:0.000407s ]
INFO: [ app_begin ] --START--
INFO: Run Behavior\ReadHtmlCacheBehavior [ RunTime:0.000611s ]
INFO: [ app_begin ] --END-- [ RunTime:0.000686s ]
SQL: SHOW COLUMNS FROM `oa_user` [ RunTime:0.0030s ]
SQL: SELECT * FROM `oa_user` WHERE `id` <> '1'  [ RunTime:0.0003s ]
INFO: [ view_parse ] --START--
INFO: [ template_filter ] --START--
INFO: Run Behavior\ContentReplaceBehavior [ RunTime:0.000065s ]
INFO: [ template_filter ] --END-- [ RunTime:0.000101s ]
SQL: SHOW COLUMNS FROM `oa_menu` [ RunTime:0.0034s ]
SQL: SHOW COLUMNS FROM `oa_menu` [ RunTime:0.0025s ]
SQL: SELECT * FROM `oa_menu` WHERE `upid` = 0 ORDER BY sort ASC  [ RunTime:0.0003s ]
SQL: SELECT * FROM `oa_menu` WHERE `upid` > '0'  [ RunTime:0.0002s ]
INFO: [ view_parse ] --START--
INFO: [ template_filter ] --START--
INFO: Run Behavior\ContentReplaceBehavior [ RunTime:0.000031s ]
INFO: [ template_filter ] --END-- [ RunTime:-0.011333s ]
INFO: Run Behavior\ParseTemplateBehavior [ RunTime:0.003344s ]
INFO: [ view_parse ] --END-- [ RunTime:0.003382s ]
INFO: [ view_filter ] --START--
INFO: Run Behavior\WriteHtmlCacheBehavior [ RunTime:0.000414s ]
INFO: [ view_filter ] --END-- [ RunTime:0.000444s ]
NOTIC: [2048] Declaration of Ucenter\Model\UserModel::add() should be compatible with Think\Model::add($data = '', $options = Array, $replace = false) G:\www\oa\Application\Ucenter\Model\UserModel.class.php 第 275 行.
SQL: SHOW COLUMNS FROM `oa_user` [ RunTime:0.0029s ]
SQL: SHOW COLUMNS FROM `oa_user` [ RunTime:0.0032s ]
SQL: SELECT `name` FROM `oa_user` WHERE `id` = 1 LIMIT 1   [ RunTime:0.0003s ]
INFO: Run Behavior\ParseTemplateBehavior [ RunTime:0.011727s ]
INFO: [ view_parse ] --END-- [ RunTime:0.003382s ]
INFO: [ view_filter ] --START--
INFO: Run Behavior\WriteHtmlCacheBehavior [ RunTime:0.000009s ]
INFO: [ view_filter ] --END-- [ RunTime:-0.007936s ]
INFO: [ app_end ] --START--
INFO: Run Behavior\ShowPageTraceBehavior [ RunTime:0.000753s ]
INFO: [ app_end ] --END-- [ RunTime:0.000800s ]

[ 2017-04-05T11:55:48+08:00 ] ::1 /oa/index.php/Message/index/add.html
INFO: [ app_init ] --START--
INFO: Run Behavior\BuildLiteBehavior [ RunTime:0.000020s ]
INFO: [ app_init ] --END-- [ RunTime:0.000557s ]
INFO: [ app_begin ] --START--
INFO: Run Behavior\ReadHtmlCacheBehavior [ RunTime:0.000584s ]
INFO: [ app_begin ] --END-- [ RunTime:0.000640s ]
SQL: SHOW COLUMNS FROM `oa_user` [ RunTime:0.0029s ]
SQL: SELECT * FROM `oa_user` WHERE `id` <> '1'  [ RunTime:0.0003s ]
INFO: [ view_parse ] --START--
INFO: [ template_filter ] --START--
INFO: Run Behavior\ContentReplaceBehavior [ RunTime:0.000058s ]
INFO: [ template_filter ] --END-- [ RunTime:0.000101s ]
SQL: SHOW COLUMNS FROM `oa_menu` [ RunTime:0.0032s ]
SQL: SHOW COLUMNS FROM `oa_menu` [ RunTime:0.0027s ]
SQL: SELECT * FROM `oa_menu` WHERE `upid` = 0 ORDER BY sort ASC  [ RunTime:0.0003s ]
SQL: SELECT * FROM `oa_menu` WHERE `upid` > '0'  [ RunTime:0.0002s ]
INFO: [ view_parse ] --START--
INFO: [ template_filter ] --START--
INFO: Run Behavior\ContentReplaceBehavior [ RunTime:0.000031s ]
INFO: [ template_filter ] --END-- [ RunTime:-0.011704s ]
INFO: Run Behavior\ParseTemplateBehavior [ RunTime:0.003368s ]
INFO: [ view_parse ] --END-- [ RunTime:0.003406s ]
INFO: [ view_filter ] --START--
INFO: Run Behavior\WriteHtmlCacheBehavior [ RunTime:0.000384s ]
INFO: [ view_filter ] --END-- [ RunTime:0.000412s ]
NOTIC: [2048] Declaration of Ucenter\Model\UserModel::add() should be compatible with Think\Model::add($data = '', $options = Array, $replace = false) G:\www\oa\Application\Ucenter\Model\UserModel.class.php 第 275 行.
SQL: SHOW COLUMNS FROM `oa_user` [ RunTime:0.0028s ]
SQL: SHOW COLUMNS FROM `oa_user` [ RunTime:0.0033s ]
SQL: SELECT `name` FROM `oa_user` WHERE `id` = 1 LIMIT 1   [ RunTime:0.0002s ]
INFO: Run Behavior\ParseTemplateBehavior [ RunTime:0.011630s ]
INFO: [ view_parse ] --END-- [ RunTime:0.003406s ]
INFO: [ view_filter ] --START--
INFO: Run Behavior\WriteHtmlCacheBehavior [ RunTime:0.000008s ]
INFO: [ view_filter ] --END-- [ RunTime:-0.007845s ]
INFO: [ app_end ] --START--
INFO: Run Behavior\ShowPageTraceBehavior [ RunTime:0.000709s ]
INFO: [ app_end ] --END-- [ RunTime:0.000747s ]

[ 2017-04-05T11:56:14+08:00 ] ::1 /oa/index.php/Message/index/add.html
INFO: [ app_init ] --START--
INFO: Run Behavior\BuildLiteBehavior [ RunTime:0.000013s ]
INFO: [ app_init ] --END-- [ RunTime:0.000477s ]
INFO: [ app_begin ] --START--
INFO: Run Behavior\ReadHtmlCacheBehavior [ RunTime:0.000708s ]
INFO: [ app_begin ] --END-- [ RunTime:0.000754s ]
SQL: SHOW COLUMNS FROM `oa_user` [ RunTime:0.0035s ]
SQL: SELECT * FROM `oa_user` WHERE `id` <> '1'  [ RunTime:0.0003s ]
INFO: [ view_parse ] --START--
INFO: [ template_filter ] --START--
INFO: Run Behavior\ContentReplaceBehavior [ RunTime:0.000067s ]
INFO: [ template_filter ] --END-- [ RunTime:0.000107s ]
SQL: SHOW COLUMNS FROM `oa_menu` [ RunTime:0.0035s ]
SQL: SHOW COLUMNS FROM `oa_menu` [ RunTime:0.0031s ]
SQL: SELECT * FROM `oa_menu` WHERE `upid` = 0 ORDER BY sort ASC  [ RunTime:0.0003s ]
SQL: SELECT * FROM `oa_menu` WHERE `upid` > '0'  [ RunTime:0.0003s ]
INFO: [ view_parse ] --START--
INFO: [ template_filter ] --START--
INFO: Run Behavior\ContentReplaceBehavior [ RunTime:0.000040s ]
INFO: [ template_filter ] --END-- [ RunTime:-0.013556s ]
INFO: Run Behavior\ParseTemplateBehavior [ RunTime:0.003913s ]
INFO: [ view_parse ] --END-- [ RunTime:0.003954s ]
INFO: [ view_filter ] --START--
INFO: Run Behavior\WriteHtmlCacheBehavior [ RunTime:0.000484s ]
INFO: [ view_filter ] --END-- [ RunTime:0.000511s ]
NOTIC: [2048] Declaration of Ucenter\Model\UserModel::add() should be compatible with Think\Model::add($data = '', $options = Array, $replace = false) G:\www\oa\Application\Ucenter\Model\UserModel.class.php 第 275 行.
SQL: SHOW COLUMNS FROM `oa_user` [ RunTime:0.0035s ]
SQL: SHOW COLUMNS FROM `oa_user` [ RunTime:0.0029s ]
SQL: SELECT `name` FROM `oa_user` WHERE `id` = 1 LIMIT 1   [ RunTime:0.0002s ]
INFO: Run Behavior\ParseTemplateBehavior [ RunTime:0.012744s ]
INFO: [ view_parse ] --END-- [ RunTime:0.003954s ]
INFO: [ view_filter ] --START--
INFO: Run Behavior\WriteHtmlCacheBehavior [ RunTime:0.000009s ]
INFO: [ view_filter ] --END-- [ RunTime:-0.008321s ]
INFO: [ app_end ] --START--
INFO: Run Behavior\ShowPageTraceBehavior [ RunTime:0.000775s ]
INFO: [ app_end ] --END-- [ RunTime:0.000813s ]

[ 2017-04-05T11:56:40+08:00 ] ::1 /oa/index.php/Message/index/add.html
INFO: [ app_init ] --START--
INFO: Run Behavior\BuildLiteBehavior [ RunTime:0.000013s ]
INFO: [ app_init ] --END-- [ RunTime:0.000619s ]
INFO: [ app_begin ] --START--
INFO: Run Behavior\ReadHtmlCacheBehavior [ RunTime:0.001060s ]
INFO: [ app_begin ] --END-- [ RunTime:0.001116s ]
SQL: SHOW COLUMNS FROM `oa_user` [ RunTime:0.0040s ]
SQL: SELECT * FROM `oa_user` WHERE `id` <> '1'  [ RunTime:0.0003s ]
INFO: [ view_parse ] --START--
INFO: [ template_filter ] --START--
INFO: Run Behavior\ContentReplaceBehavior [ RunTime:0.000053s ]
INFO: [ template_filter ] --END-- [ RunTime:0.000084s ]
SQL: SHOW COLUMNS FROM `oa_menu` [ RunTime:0.0030s ]
SQL: SHOW COLUMNS FROM `oa_menu` [ RunTime:0.0026s ]
SQL: SELECT * FROM `oa_menu` WHERE `upid` = 0 ORDER BY sort ASC  [ RunTime:0.0002s ]
SQL: SELECT * FROM `oa_menu` WHERE `upid` > '0'  [ RunTime:0.0002s ]
INFO: [ view_parse ] --START--
INFO: [ template_filter ] --START--
INFO: Run Behavior\ContentReplaceBehavior [ RunTime:0.000031s ]
INFO: [ template_filter ] --END-- [ RunTime:-0.011069s ]
INFO: Run Behavior\ParseTemplateBehavior [ RunTime:0.003396s ]
INFO: [ view_parse ] --END-- [ RunTime:0.003433s ]
INFO: [ view_filter ] --START--
INFO: Run Behavior\WriteHtmlCacheBehavior [ RunTime:0.000410s ]
INFO: [ view_filter ] --END-- [ RunTime:0.000437s ]
NOTIC: [2048] Declaration of Ucenter\Model\UserModel::add() should be compatible with Think\Model::add($data = '', $options = Array, $replace = false) G:\www\oa\Application\Ucenter\Model\UserModel.class.php 第 275 行.
SQL: SHOW COLUMNS FROM `oa_user` [ RunTime:0.0028s ]
SQL: SHOW COLUMNS FROM `oa_user` [ RunTime:0.0026s ]
SQL: SELECT `name` FROM `oa_user` WHERE `id` = 1 LIMIT 1   [ RunTime:0.0002s ]
INFO: Run Behavior\ParseTemplateBehavior [ RunTime:0.010744s ]
INFO: [ view_parse ] --END-- [ RunTime:0.003433s ]
INFO: [ view_filter ] --START--
INFO: Run Behavior\WriteHtmlCacheBehavior [ RunTime:0.000007s ]
INFO: [ view_filter ] --END-- [ RunTime:-0.006907s ]
INFO: [ app_end ] --START--
INFO: Run Behavior\ShowPageTraceBehavior [ RunTime:0.000893s ]
INFO: [ app_end ] --END-- [ RunTime:0.000970s ]

[ 2017-04-05T11:57:20+08:00 ] ::1 /oa/index.php/Message/index/add.html
INFO: [ app_init ] --START--
INFO: Run Behavior\BuildLiteBehavior [ RunTime:0.000011s ]
INFO: [ app_init ] --END-- [ RunTime:0.000385s ]
INFO: [ app_begin ] --START--
INFO: Run Behavior\ReadHtmlCacheBehavior [ RunTime:0.000568s ]
INFO: [ app_begin ] --END-- [ RunTime:0.000604s ]
SQL: SHOW COLUMNS FROM `oa_user` [ RunTime:0.0032s ]
SQL: SELECT * FROM `oa_user` WHERE `id` <> '1'  [ RunTime:0.0005s ]
INFO: [ view_parse ] --START--
INFO: [ template_filter ] --START--
INFO: Run Behavior\ContentReplaceBehavior [ RunTime:0.000054s ]
INFO: [ template_filter ] --END-- [ RunTime:0.000090s ]
SQL: SHOW COLUMNS FROM `oa_menu` [ RunTime:0.0029s ]
SQL: SHOW COLUMNS FROM `oa_menu` [ RunTime:0.0024s ]
SQL: SELECT * FROM `oa_menu` WHERE `upid` = 0 ORDER BY sort ASC  [ RunTime:0.0002s ]
SQL: SELECT * FROM `oa_menu` WHERE `upid` > '0'  [ RunTime:0.0002s ]
INFO: [ view_parse ] --START--
INFO: [ template_filter ] --START--
INFO: Run Behavior\ContentReplaceBehavior [ RunTime:0.000066s ]
INFO: [ template_filter ] --END-- [ RunTime:-0.010950s ]
INFO: Run Behavior\ParseTemplateBehavior [ RunTime:0.004790s ]
INFO: [ view_parse ] --END-- [ RunTime:0.004837s ]
INFO: [ view_filter ] --START--
INFO: Run Behavior\WriteHtmlCacheBehavior [ RunTime:0.000735s ]
INFO: [ view_filter ] --END-- [ RunTime:0.000796s ]
NOTIC: [2048] Declaration of Ucenter\Model\UserModel::add() should be compatible with Think\Model::add($data = '', $options = Array, $replace = false) G:\www\oa\Application\Ucenter\Model\UserModel.class.php 第 275 行.
SQL: SHOW COLUMNS FROM `oa_user` [ RunTime:0.0034s ]
SQL: SHOW COLUMNS FROM `oa_user` [ RunTime:0.0027s ]
SQL: SELECT `name` FROM `oa_user` WHERE `id` = 1 LIMIT 1   [ RunTime:0.0002s ]
INFO: Run Behavior\ParseTemplateBehavior [ RunTime:0.013601s ]
INFO: [ view_parse ] --END-- [ RunTime:0.004837s ]
INFO: [ view_filter ] --START--
INFO: Run Behavior\WriteHtmlCacheBehavior [ RunTime:0.000008s ]
INFO: [ view_filter ] --END-- [ RunTime:-0.008003s ]
INFO: [ app_end ] --START--
INFO: Run Behavior\ShowPageTraceBehavior [ RunTime:0.000669s ]
INFO: [ app_end ] --END-- [ RunTime:0.000702s ]

[ 2017-04-05T11:57:49+08:00 ] ::1 /oa/index.php/Message/index/add.html
INFO: [ app_init ] --START--
INFO: Run Behavior\BuildLiteBehavior [ RunTime:0.000013s ]
INFO: [ app_init ] --END-- [ RunTime:0.000502s ]
INFO: [ app_begin ] --START--
INFO: Run Behavior\ReadHtmlCacheBehavior [ RunTime:0.000731s ]
INFO: [ app_begin ] --END-- [ RunTime:0.000777s ]
SQL: SHOW COLUMNS FROM `oa_user` [ RunTime:0.0034s ]
SQL: SELECT * FROM `oa_user` WHERE `id` <> '1'  [ RunTime:0.0003s ]
INFO: [ view_parse ] --START--
INFO: [ template_filter ] --START--
INFO: Run Behavior\ContentReplaceBehavior [ RunTime:0.000053s ]
INFO: [ template_filter ] --END-- [ RunTime:0.000082s ]
SQL: SHOW COLUMNS FROM `oa_menu` [ RunTime:0.0033s ]
SQL: SHOW COLUMNS FROM `oa_menu` [ RunTime:0.0028s ]
SQL: SELECT * FROM `oa_menu` WHERE `upid` = 0 ORDER BY sort ASC  [ RunTime:0.0003s ]
SQL: SELECT * FROM `oa_menu` WHERE `upid` > '0'  [ RunTime:0.0002s ]
INFO: [ view_parse ] --START--
INFO: [ template_filter ] --START--
INFO: Run Behavior\ContentReplaceBehavior [ RunTime:0.000031s ]
INFO: [ template_filter ] --END-- [ RunTime:-0.011321s ]
INFO: Run Behavior\ParseTemplateBehavior [ RunTime:0.003296s ]
INFO: [ view_parse ] --END-- [ RunTime:0.003332s ]
INFO: [ view_filter ] --START--
INFO: Run Behavior\WriteHtmlCacheBehavior [ RunTime:0.000471s ]
INFO: [ view_filter ] --END-- [ RunTime:0.000499s ]
NOTIC: [2048] Declaration of Ucenter\Model\UserModel::add() should be compatible with Think\Model::add($data = '', $options = Array, $replace = false) G:\www\oa\Application\Ucenter\Model\UserModel.class.php 第 275 行.
SQL: SHOW COLUMNS FROM `oa_user` [ RunTime:0.0030s ]
SQL: SHOW COLUMNS FROM `oa_user` [ RunTime:0.0030s ]
SQL: SELECT `name` FROM `oa_user` WHERE `id` = 1 LIMIT 1   [ RunTime:0.0002s ]
INFO: Run Behavior\ParseTemplateBehavior [ RunTime:0.011589s ]
INFO: [ view_parse ] --END-- [ RunTime:0.003332s ]
INFO: [ view_filter ] --START--
INFO: Run Behavior\WriteHtmlCacheBehavior [ RunTime:0.000011s ]
INFO: [ view_filter ] --END-- [ RunTime:-0.007802s ]
INFO: [ app_end ] --START--
INFO: Run Behavior\ShowPageTraceBehavior [ RunTime:0.000817s ]
INFO: [ app_end ] --END-- [ RunTime:0.000863s ]

[ 2017-04-05T12:00:14+08:00 ] ::1 /oa/index.php/Message/index/add.html
INFO: [ app_init ] --START--
INFO: Run Behavior\BuildLiteBehavior [ RunTime:0.000012s ]
INFO: [ app_init ] --END-- [ RunTime:0.000593s ]
INFO: [ app_begin ] --START--
INFO: Run Behavior\ReadHtmlCacheBehavior [ RunTime:0.015635s ]
INFO: [ app_begin ] --END-- [ RunTime:0.015690s ]
SQL: SHOW COLUMNS FROM `oa_user` [ RunTime:0.0031s ]
SQL: SELECT * FROM `oa_user` WHERE `id` <> '1'  [ RunTime:0.0003s ]
INFO: [ view_parse ] --START--
INFO: [ template_filter ] --START--
INFO: Run Behavior\ContentReplaceBehavior [ RunTime:0.000059s ]
INFO: [ template_filter ] --END-- [ RunTime:0.000096s ]
SQL: SHOW COLUMNS FROM `oa_menu` [ RunTime:0.0032s ]
SQL: SHOW COLUMNS FROM `oa_menu` [ RunTime:0.0029s ]
SQL: SELECT * FROM `oa_menu` WHERE `upid` = 0 ORDER BY sort ASC  [ RunTime:0.0003s ]
SQL: SELECT * FROM `oa_menu` WHERE `upid` > '0'  [ RunTime:0.0002s ]
INFO: [ view_parse ] --START--
INFO: [ template_filter ] --START--
INFO: Run Behavior\ContentReplaceBehavior [ RunTime:0.000034s ]
INFO: [ template_filter ] --END-- [ RunTime:-0.060942s ]
INFO: Run Behavior\ParseTemplateBehavior [ RunTime:0.031062s ]
INFO: [ view_parse ] --END-- [ RunTime:0.031124s ]
INFO: [ view_filter ] --START--
INFO: Run Behavior\WriteHtmlCacheBehavior [ RunTime:0.012260s ]
INFO: [ view_filter ] --END-- [ RunTime:0.012324s ]
NOTIC: [2048] Declaration of Ucenter\Model\UserModel::add() should be compatible with Think\Model::add($data = '', $options = Array, $replace = false) G:\www\oa\Application\Ucenter\Model\UserModel.class.php 第 275 行.
SQL: SHOW COLUMNS FROM `oa_user` [ RunTime:0.0036s ]
SQL: SHOW COLUMNS FROM `oa_user` [ RunTime:0.0030s ]
SQL: SELECT `name` FROM `oa_user` WHERE `id` = 1 LIMIT 1   [ RunTime:0.0002s ]
INFO: Run Behavior\ParseTemplateBehavior [ RunTime:0.061848s ]
INFO: [ view_parse ] --END-- [ RunTime:0.031124s ]
INFO: [ view_filter ] --START--
INFO: Run Behavior\WriteHtmlCacheBehavior [ RunTime:0.000008s ]
INFO: [ view_filter ] --END-- [ RunTime:-0.018412s ]
INFO: [ app_end ] --START--
INFO: Run Behavior\ShowPageTraceBehavior [ RunTime:0.001066s ]
INFO: [ app_end ] --END-- [ RunTime:0.001108s ]

[ 2017-04-05T12:00:29+08:00 ] ::1 /oa/index.php/Message/index/add.html
INFO: [ app_init ] --START--
INFO: Run Behavior\BuildLiteBehavior [ RunTime:0.000013s ]
INFO: [ app_init ] --END-- [ RunTime:0.000537s ]
INFO: [ app_begin ] --START--
INFO: Run Behavior\ReadHtmlCacheBehavior [ RunTime:0.000748s ]
INFO: [ app_begin ] --END-- [ RunTime:0.000801s ]
SQL: SHOW COLUMNS FROM `oa_user` [ RunTime:0.0044s ]
SQL: SELECT * FROM `oa_user` WHERE `id` <> '1'  [ RunTime:0.0004s ]
INFO: [ view_parse ] --START--
INFO: [ template_filter ] --START--
INFO: Run Behavior\ContentReplaceBehavior [ RunTime:0.000073s ]
INFO: [ template_filter ] --END-- [ RunTime:0.000115s ]
SQL: SHOW COLUMNS FROM `oa_menu` [ RunTime:0.0034s ]
SQL: SHOW COLUMNS FROM `oa_menu` [ RunTime:0.0037s ]
SQL: SELECT * FROM `oa_menu` WHERE `upid` = 0 ORDER BY sort ASC  [ RunTime:0.0003s ]
SQL: SELECT * FROM `oa_menu` WHERE `upid` > '0'  [ RunTime:0.0002s ]
INFO: [ view_parse ] --START--
INFO: [ template_filter ] --START--
INFO: Run Behavior\ContentReplaceBehavior [ RunTime:0.000040s ]
INFO: [ template_filter ] --END-- [ RunTime:-0.013592s ]
INFO: Run Behavior\ParseTemplateBehavior [ RunTime:0.004154s ]
INFO: [ view_parse ] --END-- [ RunTime:0.004200s ]
INFO: [ view_filter ] --START--
INFO: Run Behavior\WriteHtmlCacheBehavior [ RunTime:0.000510s ]
INFO: [ view_filter ] --END-- [ RunTime:0.000546s ]
NOTIC: [2048] Declaration of Ucenter\Model\UserModel::add() should be compatible with Think\Model::add($data = '', $options = Array, $replace = false) G:\www\oa\Application\Ucenter\Model\UserModel.class.php 第 275 行.
SQL: SHOW COLUMNS FROM `oa_user` [ RunTime:0.0034s ]
SQL: SHOW COLUMNS FROM `oa_user` [ RunTime:0.0035s ]
SQL: SELECT `name` FROM `oa_user` WHERE `id` = 1 LIMIT 1   [ RunTime:0.0003s ]
INFO: Run Behavior\ParseTemplateBehavior [ RunTime:0.013821s ]
INFO: [ view_parse ] --END-- [ RunTime:0.004200s ]
INFO: [ view_filter ] --START--
INFO: Run Behavior\WriteHtmlCacheBehavior [ RunTime:0.000014s ]
INFO: [ view_filter ] --END-- [ RunTime:-0.009116s ]
INFO: [ app_end ] --START--
INFO: Run Behavior\ShowPageTraceBehavior [ RunTime:0.000870s ]
INFO: [ app_end ] --END-- [ RunTime:0.000917s ]

[ 2017-04-05T12:01:05+08:00 ] ::1 /oa/index.php/Message/index/add.html
INFO: [ app_init ] --START--
INFO: Run Behavior\BuildLiteBehavior [ RunTime:0.000010s ]
INFO: [ app_init ] --END-- [ RunTime:0.000386s ]
INFO: [ app_begin ] --START--
INFO: Run Behavior\ReadHtmlCacheBehavior [ RunTime:0.000518s ]
INFO: [ app_begin ] --END-- [ RunTime:0.000552s ]
SQL: SHOW COLUMNS FROM `oa_user` [ RunTime:0.0032s ]
SQL: SELECT * FROM `oa_user` WHERE `id` <> '1'  [ RunTime:0.0003s ]
INFO: [ view_parse ] --START--
INFO: [ template_filter ] --START--
INFO: Run Behavior\ContentReplaceBehavior [ RunTime:0.000069s ]
INFO: [ template_filter ] --END-- [ RunTime:0.000157s ]
SQL: SHOW COLUMNS FROM `oa_menu` [ RunTime:0.0028s ]
SQL: SHOW COLUMNS FROM `oa_menu` [ RunTime:0.0025s ]
SQL: SELECT * FROM `oa_menu` WHERE `upid` = 0 ORDER BY sort ASC  [ RunTime:0.0002s ]
SQL: SELECT * FROM `oa_menu` WHERE `upid` > '0'  [ RunTime:0.0002s ]
INFO: [ view_parse ] --START--
INFO: [ template_filter ] --START--
INFO: Run Behavior\ContentReplaceBehavior [ RunTime:0.000031s ]
INFO: [ template_filter ] --END-- [ RunTime:-0.010742s ]
INFO: Run Behavior\ParseTemplateBehavior [ RunTime:0.003250s ]
INFO: [ view_parse ] --END-- [ RunTime:0.003289s ]
INFO: [ view_filter ] --START--
INFO: Run Behavior\WriteHtmlCacheBehavior [ RunTime:0.000442s ]
INFO: [ view_filter ] --END-- [ RunTime:0.000470s ]
NOTIC: [2048] Declaration of Ucenter\Model\UserModel::add() should be compatible with Think\Model::add($data = '', $options = Array, $replace = false) G:\www\oa\Application\Ucenter\Model\UserModel.class.php 第 275 行.
SQL: SHOW COLUMNS FROM `oa_user` [ RunTime:0.0031s ]
SQL: SHOW COLUMNS FROM `oa_user` [ RunTime:0.0025s ]
SQL: SELECT `name` FROM `oa_user` WHERE `id` = 1 LIMIT 1   [ RunTime:0.0002s ]
INFO: Run Behavior\ParseTemplateBehavior [ RunTime:0.011105s ]
INFO: [ view_parse ] --END-- [ RunTime:0.003289s ]
INFO: [ view_filter ] --START--
INFO: Run Behavior\WriteHtmlCacheBehavior [ RunTime:0.000009s ]
INFO: [ view_filter ] --END-- [ RunTime:-0.007392s ]
INFO: [ app_end ] --START--
INFO: Run Behavior\ShowPageTraceBehavior [ RunTime:0.000820s ]
INFO: [ app_end ] --END-- [ RunTime:0.000861s ]

[ 2017-04-05T12:01:53+08:00 ] ::1 /oa/index.php/Message/Index/add.html
INFO: [ app_init ] --START--
INFO: Run Behavior\BuildLiteBehavior [ RunTime:0.000011s ]
INFO: [ app_init ] --END-- [ RunTime:0.000520s ]
INFO: [ app_begin ] --START--
INFO: Run Behavior\ReadHtmlCacheBehavior [ RunTime:0.000711s ]
INFO: [ app_begin ] --END-- [ RunTime:0.000754s ]
SQL: SHOW COLUMNS FROM `oa_message` [ RunTime:0.0037s ]
SQL: INSERT INTO `oa_message` (`title`,`from_uid`,`to_uid`,`content`,`time`,`is_read`) VALUES ('的撒旦','1','20','&lt;p&gt;阿斯顿撒旦撒旦大苏打&lt;/p&gt;','2017-04-05 12:01:50','0') [ RunTime:0.0064s ]

[ 2017-04-05T12:01:54+08:00 ] ::1 /oa/index.php/Message/Index/index.html
INFO: [ app_init ] --START--
INFO: Run Behavior\BuildLiteBehavior [ RunTime:0.000010s ]
INFO: [ app_init ] --END-- [ RunTime:0.000353s ]
INFO: [ app_begin ] --START--
INFO: Run Behavior\ReadHtmlCacheBehavior [ RunTime:0.000482s ]
INFO: [ app_begin ] --END-- [ RunTime:0.000520s ]
SQL: SHOW COLUMNS FROM `oa_message` [ RunTime:0.0030s ]
SQL: SHOW COLUMNS FROM `oa_message` [ RunTime:0.0026s ]
SQL: SELECT * FROM `oa_message` WHERE `from_uid` = 1  [ RunTime:0.0003s ]
SQL: SELECT * FROM `oa_message` WHERE `to_uid` = 1  [ RunTime:0.0002s ]
INFO: [ view_parse ] --START--
INFO: [ template_filter ] --START--
INFO: Run Behavior\ContentReplaceBehavior [ RunTime:0.000052s ]
INFO: [ template_filter ] --END-- [ RunTime:0.000089s ]
SQL: SHOW COLUMNS FROM `oa_menu` [ RunTime:0.0031s ]
SQL: SHOW COLUMNS FROM `oa_menu` [ RunTime:0.0027s ]
SQL: SELECT * FROM `oa_menu` WHERE `upid` = 0 ORDER BY sort ASC  [ RunTime:0.0003s ]
SQL: SELECT * FROM `oa_menu` WHERE `upid` > '0'  [ RunTime:0.0002s ]
INFO: [ view_parse ] --START--
INFO: [ template_filter ] --START--
INFO: Run Behavior\ContentReplaceBehavior [ RunTime:0.000032s ]
INFO: [ template_filter ] --END-- [ RunTime:-0.011464s ]
INFO: Run Behavior\ParseTemplateBehavior [ RunTime:0.003829s ]
INFO: [ view_parse ] --END-- [ RunTime:0.003876s ]
INFO: [ view_filter ] --START--
INFO: Run Behavior\WriteHtmlCacheBehavior [ RunTime:0.000457s ]
INFO: [ view_filter ] --END-- [ RunTime:0.000486s ]
NOTIC: [2048] Declaration of Ucenter\Model\UserModel::add() should be compatible with Think\Model::add($data = '', $options = Array, $replace = false) G:\www\oa\Application\Ucenter\Model\UserModel.class.php 第 275 行.
SQL: SHOW COLUMNS FROM `oa_user` [ RunTime:0.0029s ]
SQL: SHOW COLUMNS FROM `oa_user` [ RunTime:0.0025s ]
SQL: SELECT `name` FROM `oa_user` WHERE `id` = 1 LIMIT 1   [ RunTime:0.0002s ]
SQL: SELECT `name` FROM `oa_user` WHERE `id` = 4 LIMIT 1   [ RunTime:0.0006s ]
SQL: SELECT `name` FROM `oa_user` WHERE `id` = 10 LIMIT 1   [ RunTime:0.0001s ]
SQL: SELECT `name` FROM `oa_user` WHERE `id` = 11 LIMIT 1   [ RunTime:0.0001s ]
SQL: SELECT `name` FROM `oa_user` WHERE `id` = 4 LIMIT 1   [ RunTime:0.0001s ]
SQL: SELECT `name` FROM `oa_user` WHERE `id` = 13 LIMIT 1   [ RunTime:0.0001s ]
SQL: SELECT `name` FROM `oa_user` WHERE `id` = 3 LIMIT 1   [ RunTime:0.0001s ]
SQL: SELECT `name` FROM `oa_user` WHERE `id` = 3 LIMIT 1   [ RunTime:0.0001s ]
SQL: SELECT `name` FROM `oa_user` WHERE `id` = 3 LIMIT 1   [ RunTime:0.0001s ]
SQL: SELECT `name` FROM `oa_user` WHERE `id` = 3 LIMIT 1   [ RunTime:0.0001s ]
SQL: SELECT `name` FROM `oa_user` WHERE `id` = 20 LIMIT 1   [ RunTime:0.0001s ]
INFO: Run Behavior\ParseTemplateBehavior [ RunTime:0.014239s ]
INFO: [ view_parse ] --END-- [ RunTime:0.003876s ]
INFO: [ view_filter ] --START--
INFO: Run Behavior\WriteHtmlCacheBehavior [ RunTime:0.000008s ]
INFO: [ view_filter ] --END-- [ RunTime:-0.009907s ]
INFO: [ app_end ] --START--
INFO: Run Behavior\ShowPageTraceBehavior [ RunTime:0.000760s ]
INFO: [ app_end ] --END-- [ RunTime:0.000805s ]

[ 2017-04-05T12:02:16+08:00 ] ::1 /oa/index.php/Message/index/add.html
INFO: [ app_init ] --START--
INFO: Run Behavior\BuildLiteBehavior [ RunTime:0.000010s ]
INFO: [ app_init ] --END-- [ RunTime:0.000440s ]
INFO: [ app_begin ] --START--
INFO: Run Behavior\ReadHtmlCacheBehavior [ RunTime:0.000589s ]
INFO: [ app_begin ] --END-- [ RunTime:0.000625s ]
SQL: SHOW COLUMNS FROM `oa_user` [ RunTime:0.0035s ]
SQL: SELECT * FROM `oa_user` WHERE `id` <> '1'  [ RunTime:0.0004s ]
INFO: [ view_parse ] --START--
INFO: [ template_filter ] --START--
INFO: Run Behavior\ContentReplaceBehavior [ RunTime:0.000059s ]
INFO: [ template_filter ] --END-- [ RunTime:0.000098s ]
SQL: SHOW COLUMNS FROM `oa_menu` [ RunTime:0.0027s ]
SQL: SHOW COLUMNS FROM `oa_menu` [ RunTime:0.0024s ]
SQL: SELECT * FROM `oa_menu` WHERE `upid` = 0 ORDER BY sort ASC  [ RunTime:0.0002s ]
SQL: SELECT * FROM `oa_menu` WHERE `upid` > '0'  [ RunTime:0.0003s ]
INFO: [ view_parse ] --START--
INFO: [ template_filter ] --START--
INFO: Run Behavior\ContentReplaceBehavior [ RunTime:0.000032s ]
INFO: [ template_filter ] --END-- [ RunTime:-0.011326s ]
INFO: Run Behavior\ParseTemplateBehavior [ RunTime:0.004287s ]
INFO: [ view_parse ] --END-- [ RunTime:0.004367s ]
INFO: [ view_filter ] --START--
INFO: Run Behavior\WriteHtmlCacheBehavior [ RunTime:0.000439s ]
INFO: [ view_filter ] --END-- [ RunTime:0.000466s ]
NOTIC: [2048] Declaration of Ucenter\Model\UserModel::add() should be compatible with Think\Model::add($data = '', $options = Array, $replace = false) G:\www\oa\Application\Ucenter\Model\UserModel.class.php 第 275 行.
SQL: SHOW COLUMNS FROM `oa_user` [ RunTime:0.0029s ]
SQL: SHOW COLUMNS FROM `oa_user` [ RunTime:0.0025s ]
SQL: SELECT `name` FROM `oa_user` WHERE `id` = 1 LIMIT 1   [ RunTime:0.0002s ]
INFO: Run Behavior\ParseTemplateBehavior [ RunTime:0.011925s ]
INFO: [ view_parse ] --END-- [ RunTime:0.004367s ]
INFO: [ view_filter ] --START--
INFO: Run Behavior\WriteHtmlCacheBehavior [ RunTime:0.000006s ]
INFO: [ view_filter ] --END-- [ RunTime:-0.007116s ]
INFO: [ app_end ] --START--
INFO: Run Behavior\ShowPageTraceBehavior [ RunTime:0.000832s ]
INFO: [ app_end ] --END-- [ RunTime:0.000878s ]

[ 2017-04-05T12:02:57+08:00 ] ::1 /oa/index.php/Message/index/add.html
INFO: [ app_init ] --START--
INFO: Run Behavior\BuildLiteBehavior [ RunTime:0.000009s ]
INFO: [ app_init ] --END-- [ RunTime:0.000332s ]
INFO: [ app_begin ] --START--
INFO: Run Behavior\ReadHtmlCacheBehavior [ RunTime:0.000478s ]
INFO: [ app_begin ] --END-- [ RunTime:0.000512s ]
SQL: SHOW COLUMNS FROM `oa_user` [ RunTime:0.0045s ]
SQL: SELECT * FROM `oa_user` WHERE `id` <> '1'  [ RunTime:0.0005s ]
INFO: [ view_parse ] --START--
INFO: [ template_filter ] --START--
INFO: Run Behavior\ContentReplaceBehavior [ RunTime:0.000071s ]
INFO: [ template_filter ] --END-- [ RunTime:0.000112s ]
SQL: SHOW COLUMNS FROM `oa_menu` [ RunTime:0.0036s ]
SQL: SHOW COLUMNS FROM `oa_menu` [ RunTime:0.0039s ]
SQL: SELECT * FROM `oa_menu` WHERE `upid` = 0 ORDER BY sort ASC  [ RunTime:0.0003s ]
SQL: SELECT * FROM `oa_menu` WHERE `upid` > '0'  [ RunTime:0.0003s ]
INFO: [ view_parse ] --START--
INFO: [ template_filter ] --START--
INFO: Run Behavior\ContentReplaceBehavior [ RunTime:0.000040s ]
INFO: [ template_filter ] --END-- [ RunTime:-0.014485s ]
INFO: Run Behavior\ParseTemplateBehavior [ RunTime:0.004226s ]
INFO: [ view_parse ] --END-- [ RunTime:0.004272s ]
INFO: [ view_filter ] --START--
INFO: Run Behavior\WriteHtmlCacheBehavior [ RunTime:0.000523s ]
INFO: [ view_filter ] --END-- [ RunTime:0.000558s ]
NOTIC: [2048] Declaration of Ucenter\Model\UserModel::add() should be compatible with Think\Model::add($data = '', $options = Array, $replace = false) G:\www\oa\Application\Ucenter\Model\UserModel.class.php 第 275 行.
SQL: SHOW COLUMNS FROM `oa_user` [ RunTime:0.0035s ]
SQL: SHOW COLUMNS FROM `oa_user` [ RunTime:0.0043s ]
SQL: SELECT `name` FROM `oa_user` WHERE `id` = 1 LIMIT 1   [ RunTime:0.0003s ]
INFO: Run Behavior\ParseTemplateBehavior [ RunTime:0.014881s ]
INFO: [ view_parse ] --END-- [ RunTime:0.004272s ]
INFO: [ view_filter ] --START--
INFO: Run Behavior\WriteHtmlCacheBehavior [ RunTime:0.000010s ]
INFO: [ view_filter ] --END-- [ RunTime:-0.010093s ]
INFO: [ app_end ] --START--
INFO: Run Behavior\ShowPageTraceBehavior [ RunTime:0.000870s ]
INFO: [ app_end ] --END-- [ RunTime:0.000914s ]

