[ 2017-02-28T04:41:49+08:00 ] ::1 /oa/index.php/
INFO: [ app_init ] --START--
INFO: Run Behavior\BuildLiteBehavior [ RunTime:0.000025s ]
INFO: [ app_init ] --END-- [ RunTime:0.001126s ]
INFO: [ app_begin ] --START--
INFO: Run Behavior\ReadHtmlCacheBehavior [ RunTime:0.001583s ]
INFO: [ app_begin ] --END-- [ RunTime:0.001697s ]
INFO: [ view_parse ] --START--
INFO: [ template_filter ] --START--
INFO: Run Behavior\ContentReplaceBehavior [ RunTime:0.000046s ]
INFO: [ template_filter ] --END-- [ RunTime:0.000110s ]
INFO: Run Behavior\ParseTemplateBehavior [ RunTime:0.007538s ]
INFO: [ view_parse ] --END-- [ RunTime:0.007611s ]
INFO: [ view_filter ] --START--
INFO: Run Behavior\WriteHtmlCacheBehavior [ RunTime:0.000705s ]
INFO: [ view_filter ] --END-- [ RunTime:0.000751s ]
INFO: [ app_end ] --START--
INFO: Run Behavior\ShowPageTraceBehavior [ RunTime:0.000982s ]
INFO: [ app_end ] --END-- [ RunTime:0.001031s ]

[ 2017-02-28T04:54:47+08:00 ] ::1 /oa/index.php/Message/index/add.html
INFO: [ app_init ] --START--
INFO: Run Behavior\BuildLiteBehavior [ RunTime:0.000014s ]
INFO: [ app_init ] --END-- [ RunTime:0.000586s ]
INFO: [ app_begin ] --START--
INFO: Run Behavior\ReadHtmlCacheBehavior [ RunTime:0.000733s ]
INFO: [ app_begin ] --END-- [ RunTime:0.000780s ]
SQL: SHOW COLUMNS FROM `oa_user` [ RunTime:0.0029s ]
SQL: SELECT * FROM `oa_user` WHERE `id` <> '1'  [ RunTime:0.0003s ]
INFO: [ view_parse ] --START--
INFO: [ template_filter ] --START--
INFO: Run Behavior\ContentReplaceBehavior [ RunTime:0.000089s ]
INFO: [ template_filter ] --END-- [ RunTime:0.000133s ]
NOTIC: [2048] Declaration of Ucenter\Model\UserModel::add() should be compatible with Think\Model::add($data = '', $options = Array, $replace = false) G:\www\oa\Application\Ucenter\Model\UserModel.class.php 第 245 行.
SQL: SHOW COLUMNS FROM `oa_user` [ RunTime:0.0027s ]
SQL: SHOW COLUMNS FROM `oa_user` [ RunTime:0.0026s ]
SQL: SELECT `name` FROM `oa_user` WHERE `id` = 1 LIMIT 1   [ RunTime:0.0003s ]

[ 2017-02-28T04:55:03+08:00 ] ::1 /oa/index.php/Message/index/add.html
INFO: [ app_init ] --START--
INFO: Run Behavior\BuildLiteBehavior [ RunTime:0.000012s ]
INFO: [ app_init ] --END-- [ RunTime:0.000387s ]
INFO: [ app_begin ] --START--
INFO: Run Behavior\ReadHtmlCacheBehavior [ RunTime:0.000596s ]
INFO: [ app_begin ] --END-- [ RunTime:0.000643s ]
SQL: SHOW COLUMNS FROM `oa_user` [ RunTime:0.0024s ]
SQL: SELECT * FROM `oa_user` WHERE `id` <> '1'  [ RunTime:0.0003s ]
INFO: [ view_parse ] --START--
INFO: [ template_filter ] --START--
INFO: Run Behavior\ContentReplaceBehavior [ RunTime:0.000076s ]
INFO: [ template_filter ] --END-- [ RunTime:0.000117s ]
NOTIC: [2048] Declaration of Ucenter\Model\UserModel::add() should be compatible with Think\Model::add($data = '', $options = Array, $replace = false) G:\www\oa\Application\Ucenter\Model\UserModel.class.php 第 245 行.
SQL: SHOW COLUMNS FROM `oa_user` [ RunTime:0.0022s ]
SQL: SHOW COLUMNS FROM `oa_user` [ RunTime:0.0022s ]
SQL: SELECT `name` FROM `oa_user` WHERE `id` = 1 LIMIT 1   [ RunTime:0.0002s ]
INFO: Run Behavior\ParseTemplateBehavior [ RunTime:0.015108s ]
INFO: [ view_parse ] --END-- [ RunTime:0.015141s ]
INFO: [ view_filter ] --START--
INFO: Run Behavior\WriteHtmlCacheBehavior [ RunTime:0.000529s ]
INFO: [ view_filter ] --END-- [ RunTime:0.000558s ]
INFO: [ app_end ] --START--
INFO: Run Behavior\ShowPageTraceBehavior [ RunTime:0.000615s ]
INFO: [ app_end ] --END-- [ RunTime:0.000652s ]

[ 2017-02-28T04:55:18+08:00 ] ::1 /oa/index.php/Message/index/add.html
INFO: [ app_init ] --START--
INFO: Run Behavior\BuildLiteBehavior [ RunTime:0.000012s ]
INFO: [ app_init ] --END-- [ RunTime:0.000422s ]
INFO: [ app_begin ] --START--
INFO: Run Behavior\ReadHtmlCacheBehavior [ RunTime:0.000808s ]
INFO: [ app_begin ] --END-- [ RunTime:0.000876s ]
SQL: SHOW COLUMNS FROM `oa_user` [ RunTime:0.0068s ]
SQL: SELECT * FROM `oa_user` WHERE `id` <> '1'  [ RunTime:0.0008s ]
INFO: [ view_parse ] --START--
INFO: [ template_filter ] --START--
INFO: Run Behavior\ContentReplaceBehavior [ RunTime:0.000081s ]
INFO: [ template_filter ] --END-- [ RunTime:0.000130s ]
NOTIC: [2048] Declaration of Ucenter\Model\UserModel::add() should be compatible with Think\Model::add($data = '', $options = Array, $replace = false) G:\www\oa\Application\Ucenter\Model\UserModel.class.php 第 245 行.
SQL: SHOW COLUMNS FROM `oa_user` [ RunTime:0.0096s ]
SQL: SHOW COLUMNS FROM `oa_user` [ RunTime:0.0048s ]
SQL: SELECT `name` FROM `oa_user` WHERE `id` = 1 LIMIT 1   [ RunTime:0.0006s ]
INFO: Run Behavior\ParseTemplateBehavior [ RunTime:0.035072s ]
INFO: [ view_parse ] --END-- [ RunTime:0.035120s ]
INFO: [ view_filter ] --START--
INFO: Run Behavior\WriteHtmlCacheBehavior [ RunTime:0.001168s ]
INFO: [ view_filter ] --END-- [ RunTime:0.001264s ]
INFO: [ app_end ] --START--
INFO: Run Behavior\ShowPageTraceBehavior [ RunTime:0.002844s ]
INFO: [ app_end ] --END-- [ RunTime:0.002971s ]

[ 2017-02-28T04:55:59+08:00 ] ::1 /oa/index.php/Message/index/add.html
INFO: [ app_init ] --START--
INFO: Run Behavior\BuildLiteBehavior [ RunTime:0.000011s ]
INFO: [ app_init ] --END-- [ RunTime:0.000386s ]
INFO: [ app_begin ] --START--
INFO: Run Behavior\ReadHtmlCacheBehavior [ RunTime:0.000571s ]
INFO: [ app_begin ] --END-- [ RunTime:0.000608s ]
SQL: SHOW COLUMNS FROM `oa_user` [ RunTime:0.0067s ]
SQL: SELECT * FROM `oa_user` WHERE `id` <> '1'  [ RunTime:0.0003s ]
INFO: [ view_parse ] --START--
INFO: [ template_filter ] --START--
INFO: Run Behavior\ContentReplaceBehavior [ RunTime:0.000080s ]
INFO: [ template_filter ] --END-- [ RunTime:0.000161s ]
NOTIC: [2048] Declaration of Ucenter\Model\UserModel::add() should be compatible with Think\Model::add($data = '', $options = Array, $replace = false) G:\www\oa\Application\Ucenter\Model\UserModel.class.php 第 245 行.
SQL: SHOW COLUMNS FROM `oa_user` [ RunTime:0.0028s ]
SQL: SHOW COLUMNS FROM `oa_user` [ RunTime:0.0024s ]
SQL: SELECT `name` FROM `oa_user` WHERE `id` = 1 LIMIT 1   [ RunTime:0.0002s ]
INFO: Run Behavior\ParseTemplateBehavior [ RunTime:0.017684s ]
INFO: [ view_parse ] --END-- [ RunTime:0.017721s ]
INFO: [ view_filter ] --START--
INFO: Run Behavior\WriteHtmlCacheBehavior [ RunTime:0.000496s ]
INFO: [ view_filter ] --END-- [ RunTime:0.000523s ]
INFO: [ app_end ] --START--
INFO: Run Behavior\ShowPageTraceBehavior [ RunTime:0.000596s ]
INFO: [ app_end ] --END-- [ RunTime:0.000629s ]

[ 2017-02-28T04:56:13+08:00 ] ::1 /oa/index.php/Message/index/add.html
INFO: [ app_init ] --START--
INFO: Run Behavior\BuildLiteBehavior [ RunTime:0.000013s ]
INFO: [ app_init ] --END-- [ RunTime:0.000528s ]
INFO: [ app_begin ] --START--
INFO: Run Behavior\ReadHtmlCacheBehavior [ RunTime:0.001513s ]
INFO: [ app_begin ] --END-- [ RunTime:0.001774s ]
SQL: SHOW COLUMNS FROM `oa_user` [ RunTime:0.0060s ]
SQL: SELECT * FROM `oa_user` WHERE `id` <> '1'  [ RunTime:0.0006s ]
INFO: [ view_parse ] --START--
INFO: [ template_filter ] --START--
INFO: Run Behavior\ContentReplaceBehavior [ RunTime:0.000131s ]
INFO: [ template_filter ] --END-- [ RunTime:0.000251s ]
NOTIC: [2048] Declaration of Ucenter\Model\UserModel::add() should be compatible with Think\Model::add($data = '', $options = Array, $replace = false) G:\www\oa\Application\Ucenter\Model\UserModel.class.php 第 245 行.
SQL: SHOW COLUMNS FROM `oa_user` [ RunTime:0.0103s ]
SQL: SHOW COLUMNS FROM `oa_user` [ RunTime:0.0070s ]
SQL: SELECT `name` FROM `oa_user` WHERE `id` = 1 LIMIT 1   [ RunTime:0.0015s ]
INFO: Run Behavior\ParseTemplateBehavior [ RunTime:0.039629s ]
INFO: [ view_parse ] --END-- [ RunTime:0.039684s ]
INFO: [ view_filter ] --START--
INFO: Run Behavior\WriteHtmlCacheBehavior [ RunTime:0.000918s ]
INFO: [ view_filter ] --END-- [ RunTime:0.000966s ]
INFO: [ app_end ] --START--
INFO: Run Behavior\ShowPageTraceBehavior [ RunTime:0.000716s ]
INFO: [ app_end ] --END-- [ RunTime:0.000759s ]

[ 2017-02-28T04:56:32+08:00 ] ::1 /oa/index.php/Message/Index/add.html
INFO: [ app_init ] --START--
INFO: Run Behavior\BuildLiteBehavior [ RunTime:0.000032s ]
INFO: [ app_init ] --END-- [ RunTime:0.000854s ]
INFO: [ app_begin ] --START--
INFO: Run Behavior\ReadHtmlCacheBehavior [ RunTime:0.001224s ]
INFO: [ app_begin ] --END-- [ RunTime:0.001388s ]
SQL: SHOW COLUMNS FROM `oa_message` [ RunTime:0.0071s ]
SQL: INSERT INTO `oa_message` (`title`,`from_uid`,`to_uid`,`time`,`is_read`) VALUES ('测试消息','1','4','2017-02-28 04:56:32','0') [ RunTime:0.0034s ]

[ 2017-02-28T04:57:15+08:00 ] ::1 /oa/index.php/Message/index/add.html
INFO: [ app_init ] --START--
INFO: Run Behavior\BuildLiteBehavior [ RunTime:0.000062s ]
INFO: [ app_init ] --END-- [ RunTime:0.001918s ]
INFO: [ app_begin ] --START--
INFO: Run Behavior\ReadHtmlCacheBehavior [ RunTime:0.001480s ]
INFO: [ app_begin ] --END-- [ RunTime:0.001721s ]
SQL: SHOW COLUMNS FROM `oa_user` [ RunTime:0.0087s ]
SQL: SELECT * FROM `oa_user` WHERE `id` <> '1'  [ RunTime:0.0016s ]
INFO: [ view_parse ] --START--
INFO: [ template_filter ] --START--
INFO: Run Behavior\ContentReplaceBehavior [ RunTime:0.000261s ]
INFO: [ template_filter ] --END-- [ RunTime:0.000404s ]
NOTIC: [2048] Declaration of Ucenter\Model\UserModel::add() should be compatible with Think\Model::add($data = '', $options = Array, $replace = false) G:\www\oa\Application\Ucenter\Model\UserModel.class.php 第 245 行.
SQL: SHOW COLUMNS FROM `oa_user` [ RunTime:0.0080s ]
SQL: SHOW COLUMNS FROM `oa_user` [ RunTime:0.0069s ]
SQL: SELECT `name` FROM `oa_user` WHERE `id` = 1 LIMIT 1   [ RunTime:0.0011s ]
INFO: Run Behavior\ParseTemplateBehavior [ RunTime:0.037314s ]
INFO: [ view_parse ] --END-- [ RunTime:0.037372s ]
INFO: [ view_filter ] --START--
INFO: Run Behavior\WriteHtmlCacheBehavior [ RunTime:0.000761s ]
INFO: [ view_filter ] --END-- [ RunTime:0.000800s ]
INFO: [ app_end ] --START--
INFO: Run Behavior\ShowPageTraceBehavior [ RunTime:0.001422s ]
INFO: [ app_end ] --END-- [ RunTime:0.001759s ]

[ 2017-02-28T04:57:27+08:00 ] ::1 /oa/index.php/Message/Index/add.html
INFO: [ app_init ] --START--
INFO: Run Behavior\BuildLiteBehavior [ RunTime:0.000016s ]
INFO: [ app_init ] --END-- [ RunTime:0.000428s ]
INFO: [ app_begin ] --START--
INFO: Run Behavior\ReadHtmlCacheBehavior [ RunTime:0.000717s ]
INFO: [ app_begin ] --END-- [ RunTime:0.000786s ]
SQL: SHOW COLUMNS FROM `oa_message` [ RunTime:0.0071s ]
SQL: INSERT INTO `oa_message` (`title`,`from_uid`,`to_uid`,`content`,`time`,`is_read`) VALUES ('阿斯顿撒旦','1','10','&lt;p&gt;&lt;img src=&quot;/ueditor/php/upload/image/20170228/1488229045725515.jpg&quot; title=&quot;1488229045725515.jpg&quot; alt=&quot;97476w9.jpg&quot;/&gt;&lt;/p&gt;','2017-02-28 04:57:27','0') [ RunTime:0.0051s ]

[ 2017-02-28T04:58:26+08:00 ] ::1 /oa/index.php/Message/index/add.html
INFO: [ app_init ] --START--
INFO: Run Behavior\BuildLiteBehavior [ RunTime:0.000099s ]
INFO: [ app_init ] --END-- [ RunTime:0.003320s ]
INFO: [ app_begin ] --START--
INFO: Run Behavior\ReadHtmlCacheBehavior [ RunTime:0.000804s ]
INFO: [ app_begin ] --END-- [ RunTime:0.000878s ]
SQL: SHOW COLUMNS FROM `oa_user` [ RunTime:0.0039s ]
SQL: SELECT * FROM `oa_user` WHERE `id` <> '1'  [ RunTime:0.0003s ]
INFO: [ view_parse ] --START--
INFO: [ template_filter ] --START--
INFO: Run Behavior\ContentReplaceBehavior [ RunTime:0.000087s ]
INFO: [ template_filter ] --END-- [ RunTime:0.000144s ]
NOTIC: [2048] Declaration of Ucenter\Model\UserModel::add() should be compatible with Think\Model::add($data = '', $options = Array, $replace = false) G:\www\oa\Application\Ucenter\Model\UserModel.class.php 第 245 行.
SQL: SHOW COLUMNS FROM `oa_user` [ RunTime:0.0031s ]
SQL: SHOW COLUMNS FROM `oa_user` [ RunTime:0.0057s ]
SQL: SELECT `name` FROM `oa_user` WHERE `id` = 1 LIMIT 1   [ RunTime:0.0003s ]
INFO: Run Behavior\ParseTemplateBehavior [ RunTime:0.025500s ]
INFO: [ view_parse ] --END-- [ RunTime:0.025545s ]
INFO: [ view_filter ] --START--
INFO: Run Behavior\WriteHtmlCacheBehavior [ RunTime:0.000697s ]
INFO: [ view_filter ] --END-- [ RunTime:0.000776s ]
INFO: [ app_end ] --START--
INFO: Run Behavior\ShowPageTraceBehavior [ RunTime:0.000849s ]
INFO: [ app_end ] --END-- [ RunTime:0.000900s ]

[ 2017-02-28T04:58:32+08:00 ] ::1 /oa/index.php/Message/Index/add.html
INFO: [ app_init ] --START--
INFO: Run Behavior\BuildLiteBehavior [ RunTime:0.000137s ]
INFO: [ app_init ] --END-- [ RunTime:0.001154s ]
INFO: [ app_begin ] --START--
INFO: Run Behavior\ReadHtmlCacheBehavior [ RunTime:0.001097s ]
INFO: [ app_begin ] --END-- [ RunTime:0.001189s ]
SQL: SHOW COLUMNS FROM `oa_message` [ RunTime:0.0082s ]
SQL: INSERT INTO `oa_message` (`title`,`from_uid`,`to_uid`,`content`,`time`,`is_read`) VALUES ('阿瑟东','1','11','&lt;p&gt;啊撒大苏打撒旦撒&lt;/p&gt;','2017-02-28 04:58:32','0') [ RunTime:0.0023s ]

[ 2017-02-28T04:58:33+08:00 ] ::1 /oa/index.php/Message/Index/index.html
INFO: [ app_init ] --START--
INFO: Run Behavior\BuildLiteBehavior [ RunTime:0.000013s ]
INFO: [ app_init ] --END-- [ RunTime:0.000419s ]
INFO: [ app_begin ] --START--
INFO: Run Behavior\ReadHtmlCacheBehavior [ RunTime:0.000520s ]
INFO: [ app_begin ] --END-- [ RunTime:0.000561s ]
INFO: [ view_parse ] --START--
INFO: Run Behavior\ParseTemplateBehavior [ RunTime:0.000367s ]
INFO: [ view_parse ] --END-- [ RunTime:0.000402s ]
INFO: [ view_filter ] --START--
INFO: Run Behavior\WriteHtmlCacheBehavior [ RunTime:0.000402s ]
INFO: [ view_filter ] --END-- [ RunTime:0.000432s ]
INFO: [ app_end ] --START--
INFO: Run Behavior\ShowPageTraceBehavior [ RunTime:0.000569s ]
INFO: [ app_end ] --END-- [ RunTime:0.000601s ]

[ 2017-02-28T05:00:05+08:00 ] ::1 /oa/index.php/Message/index/add.html
INFO: [ app_init ] --START--
INFO: Run Behavior\BuildLiteBehavior [ RunTime:0.000016s ]
INFO: [ app_init ] --END-- [ RunTime:0.000510s ]
INFO: [ app_begin ] --START--
INFO: Run Behavior\ReadHtmlCacheBehavior [ RunTime:0.000960s ]
INFO: [ app_begin ] --END-- [ RunTime:0.001039s ]
SQL: SHOW COLUMNS FROM `oa_user` [ RunTime:0.0091s ]
SQL: SELECT * FROM `oa_user` WHERE `id` <> '1'  [ RunTime:0.0030s ]
INFO: [ view_parse ] --START--
INFO: [ template_filter ] --START--
INFO: Run Behavior\ContentReplaceBehavior [ RunTime:0.000094s ]
INFO: [ template_filter ] --END-- [ RunTime:0.000155s ]
NOTIC: [2048] Declaration of Ucenter\Model\UserModel::add() should be compatible with Think\Model::add($data = '', $options = Array, $replace = false) G:\www\oa\Application\Ucenter\Model\UserModel.class.php 第 245 行.
SQL: SHOW COLUMNS FROM `oa_user` [ RunTime:0.0027s ]
SQL: SHOW COLUMNS FROM `oa_user` [ RunTime:0.0035s ]
SQL: SELECT `name` FROM `oa_user` WHERE `id` = 1 LIMIT 1   [ RunTime:0.0008s ]
INFO: Run Behavior\ParseTemplateBehavior [ RunTime:0.022255s ]
INFO: [ view_parse ] --END-- [ RunTime:0.022365s ]
INFO: [ view_filter ] --START--
INFO: Run Behavior\WriteHtmlCacheBehavior [ RunTime:0.001740s ]
INFO: [ view_filter ] --END-- [ RunTime:0.001790s ]
INFO: [ app_end ] --START--
INFO: Run Behavior\ShowPageTraceBehavior [ RunTime:0.001406s ]
INFO: [ app_end ] --END-- [ RunTime:0.001523s ]

[ 2017-02-28T05:00:10+08:00 ] ::1 /oa/index.php/Message/Index/add.html
INFO: [ app_init ] --START--
INFO: Run Behavior\BuildLiteBehavior [ RunTime:0.000053s ]
INFO: [ app_init ] --END-- [ RunTime:0.000686s ]
INFO: [ app_begin ] --START--
INFO: Run Behavior\ReadHtmlCacheBehavior [ RunTime:0.001279s ]
INFO: [ app_begin ] --END-- [ RunTime:0.001504s ]
SQL: SHOW COLUMNS FROM `oa_message` [ RunTime:0.0061s ]
SQL: INSERT INTO `oa_message` (`title`,`from_uid`,`to_uid`,`content`,`time`,`is_read`) VALUES ('萨达','1','0','&lt;p&gt;阿瑟东&lt;/p&gt;','2017-02-28 05:00:10','0') [ RunTime:0.0019s ]

[ 2017-02-28T05:00:11+08:00 ] ::1 /oa/index.php/Message/Index/index.html
INFO: [ app_init ] --START--
INFO: Run Behavior\BuildLiteBehavior [ RunTime:0.000023s ]
INFO: [ app_init ] --END-- [ RunTime:0.001640s ]
INFO: [ app_begin ] --START--
INFO: Run Behavior\ReadHtmlCacheBehavior [ RunTime:0.000534s ]
INFO: [ app_begin ] --END-- [ RunTime:0.000579s ]
INFO: [ view_parse ] --START--
INFO: Run Behavior\ParseTemplateBehavior [ RunTime:0.000438s ]
INFO: [ view_parse ] --END-- [ RunTime:0.000473s ]
INFO: [ view_filter ] --START--
INFO: Run Behavior\WriteHtmlCacheBehavior [ RunTime:0.000350s ]
INFO: [ view_filter ] --END-- [ RunTime:0.000378s ]
INFO: [ app_end ] --START--
INFO: Run Behavior\ShowPageTraceBehavior [ RunTime:0.000469s ]
INFO: [ app_end ] --END-- [ RunTime:0.000496s ]

[ 2017-02-28T05:00:28+08:00 ] ::1 /oa/index.php/Message/index/add.html
INFO: [ app_init ] --START--
INFO: Run Behavior\BuildLiteBehavior [ RunTime:0.000010s ]
INFO: [ app_init ] --END-- [ RunTime:0.000360s ]
INFO: [ app_begin ] --START--
INFO: Run Behavior\ReadHtmlCacheBehavior [ RunTime:0.005305s ]
INFO: [ app_begin ] --END-- [ RunTime:0.005523s ]
SQL: SHOW COLUMNS FROM `oa_user` [ RunTime:0.0112s ]
SQL: SELECT * FROM `oa_user` WHERE `id` <> '1'  [ RunTime:0.0009s ]
INFO: [ view_parse ] --START--
INFO: [ template_filter ] --START--
INFO: Run Behavior\ContentReplaceBehavior [ RunTime:0.000152s ]
INFO: [ template_filter ] --END-- [ RunTime:0.000273s ]
NOTIC: [2048] Declaration of Ucenter\Model\UserModel::add() should be compatible with Think\Model::add($data = '', $options = Array, $replace = false) G:\www\oa\Application\Ucenter\Model\UserModel.class.php 第 245 行.
SQL: SHOW COLUMNS FROM `oa_user` [ RunTime:0.0062s ]
SQL: SHOW COLUMNS FROM `oa_user` [ RunTime:0.0080s ]
SQL: SELECT `name` FROM `oa_user` WHERE `id` = 1 LIMIT 1   [ RunTime:0.0008s ]
INFO: Run Behavior\ParseTemplateBehavior [ RunTime:0.035896s ]
INFO: [ view_parse ] --END-- [ RunTime:0.035965s ]
INFO: [ view_filter ] --START--
INFO: Run Behavior\WriteHtmlCacheBehavior [ RunTime:0.001042s ]
INFO: [ view_filter ] --END-- [ RunTime:0.001102s ]
INFO: [ app_end ] --START--
INFO: Run Behavior\ShowPageTraceBehavior [ RunTime:0.002812s ]
INFO: [ app_end ] --END-- [ RunTime:0.003063s ]

[ 2017-02-28T05:03:09+08:00 ] ::1 /oa/index.php/Message/index/add.html
INFO: [ app_init ] --START--
INFO: Run Behavior\BuildLiteBehavior [ RunTime:0.000052s ]
INFO: [ app_init ] --END-- [ RunTime:0.002021s ]
INFO: [ app_begin ] --START--
INFO: Run Behavior\ReadHtmlCacheBehavior [ RunTime:0.001206s ]
INFO: [ app_begin ] --END-- [ RunTime:0.001386s ]
SQL: SHOW COLUMNS FROM `oa_user` [ RunTime:0.0075s ]
SQL: SELECT * FROM `oa_user` WHERE `id` <> '1'  [ RunTime:0.0007s ]
INFO: [ view_parse ] --START--
INFO: [ template_filter ] --START--
INFO: Run Behavior\ContentReplaceBehavior [ RunTime:0.000182s ]
INFO: [ template_filter ] --END-- [ RunTime:0.000308s ]
NOTIC: [2048] Declaration of Ucenter\Model\UserModel::add() should be compatible with Think\Model::add($data = '', $options = Array, $replace = false) G:\www\oa\Application\Ucenter\Model\UserModel.class.php 第 245 行.
SQL: SHOW COLUMNS FROM `oa_user` [ RunTime:0.0034s ]
SQL: SHOW COLUMNS FROM `oa_user` [ RunTime:0.0061s ]
SQL: SELECT `name` FROM `oa_user` WHERE `id` = 1 LIMIT 1   [ RunTime:0.0003s ]
INFO: Run Behavior\ParseTemplateBehavior [ RunTime:0.038238s ]
INFO: [ view_parse ] --END-- [ RunTime:0.038344s ]
INFO: [ view_filter ] --START--
INFO: Run Behavior\WriteHtmlCacheBehavior [ RunTime:0.000531s ]
INFO: [ view_filter ] --END-- [ RunTime:0.000565s ]
INFO: [ app_end ] --START--
INFO: Run Behavior\ShowPageTraceBehavior [ RunTime:0.000576s ]
INFO: [ app_end ] --END-- [ RunTime:0.000611s ]

[ 2017-02-28T05:08:47+08:00 ] ::1 /oa/index.php/Message/index/index.html
INFO: [ app_init ] --START--
INFO: Run Behavior\BuildLiteBehavior [ RunTime:0.000023s ]
INFO: [ app_init ] --END-- [ RunTime:0.000970s ]
INFO: [ app_begin ] --START--
INFO: Run Behavior\ReadHtmlCacheBehavior [ RunTime:0.000942s ]
INFO: [ app_begin ] --END-- [ RunTime:0.001060s ]

[ 2017-02-28T05:08:59+08:00 ] ::1 /oa/index.php/Message/index/index.html
INFO: [ app_init ] --START--
INFO: Run Behavior\BuildLiteBehavior [ RunTime:0.000011s ]
INFO: [ app_init ] --END-- [ RunTime:0.000346s ]
INFO: [ app_begin ] --START--
INFO: Run Behavior\ReadHtmlCacheBehavior [ RunTime:0.000621s ]
INFO: [ app_begin ] --END-- [ RunTime:0.000661s ]
SQL: SHOW COLUMNS FROM `oa_message` [ RunTime:0.0052s ]
SQL: SHOW COLUMNS FROM `oa_message` [ RunTime:0.0023s ]
SQL: SELECT * FROM `oa_message` WHERE `from_uid` = 1  [ RunTime:0.0003s ]
SQL: SELECT * FROM `oa_message` WHERE `to_uid` = 1  [ RunTime:0.0002s ]
INFO: [ view_parse ] --START--
INFO: [ template_filter ] --START--
INFO: Run Behavior\ContentReplaceBehavior [ RunTime:0.000063s ]
INFO: [ template_filter ] --END-- [ RunTime:0.000101s ]
NOTIC: [2048] Declaration of Ucenter\Model\UserModel::add() should be compatible with Think\Model::add($data = '', $options = Array, $replace = false) G:\www\oa\Application\Ucenter\Model\UserModel.class.php 第 245 行.
SQL: SHOW COLUMNS FROM `oa_user` [ RunTime:0.0031s ]
SQL: SHOW COLUMNS FROM `oa_user` [ RunTime:0.0022s ]
SQL: SELECT `name` FROM `oa_user` WHERE `id` = 1 LIMIT 1   [ RunTime:0.0002s ]
NOTIC: [8] Undefined variable: list G:\www\oa\Application\Runtime\Cache\Message\5ebe4c508ffd801fe0885c5dd2f7b345.php 第 205 行.
NOTIC: [8] Undefined variable: page G:\www\oa\Application\Runtime\Cache\Message\5ebe4c508ffd801fe0885c5dd2f7b345.php 第 220 行.
INFO: Run Behavior\ParseTemplateBehavior [ RunTime:0.015216s ]
INFO: [ view_parse ] --END-- [ RunTime:0.015245s ]
INFO: [ view_filter ] --START--
INFO: Run Behavior\WriteHtmlCacheBehavior [ RunTime:0.000525s ]
INFO: [ view_filter ] --END-- [ RunTime:0.000553s ]
INFO: [ app_end ] --START--
INFO: Run Behavior\ShowPageTraceBehavior [ RunTime:0.000561s ]
INFO: [ app_end ] --END-- [ RunTime:0.000595s ]

[ 2017-02-28T05:13:20+08:00 ] ::1 /oa/index.php/Message/index/index.html
INFO: [ app_init ] --START--
INFO: Run Behavior\BuildLiteBehavior [ RunTime:0.000010s ]
INFO: [ app_init ] --END-- [ RunTime:0.000336s ]
INFO: [ app_begin ] --START--
INFO: Run Behavior\ReadHtmlCacheBehavior [ RunTime:0.000538s ]
INFO: [ app_begin ] --END-- [ RunTime:0.000574s ]
SQL: SHOW COLUMNS FROM `oa_message` [ RunTime:0.0046s ]
SQL: SHOW COLUMNS FROM `oa_message` [ RunTime:0.0021s ]
SQL: SELECT * FROM `oa_message` WHERE `from_uid` = 1  [ RunTime:0.0002s ]
SQL: SELECT * FROM `oa_message` WHERE `to_uid` = 1  [ RunTime:0.0002s ]
INFO: [ view_parse ] --START--
INFO: [ template_filter ] --START--
INFO: Run Behavior\ContentReplaceBehavior [ RunTime:0.000079s ]
INFO: [ template_filter ] --END-- [ RunTime:0.000121s ]
NOTIC: [2048] Declaration of Ucenter\Model\UserModel::add() should be compatible with Think\Model::add($data = '', $options = Array, $replace = false) G:\www\oa\Application\Ucenter\Model\UserModel.class.php 第 245 行.
SQL: SHOW COLUMNS FROM `oa_user` [ RunTime:0.0024s ]
SQL: SHOW COLUMNS FROM `oa_user` [ RunTime:0.0026s ]
SQL: SELECT `name` FROM `oa_user` WHERE `id` = 1 LIMIT 1   [ RunTime:0.0002s ]
NOTIC: [8] Undefined variable: list G:\www\oa\Application\Runtime\Cache\Message\5ebe4c508ffd801fe0885c5dd2f7b345.php 第 223 行.
NOTIC: [8] Undefined variable: page G:\www\oa\Application\Runtime\Cache\Message\5ebe4c508ffd801fe0885c5dd2f7b345.php 第 238 行.
INFO: Run Behavior\ParseTemplateBehavior [ RunTime:0.017861s ]
INFO: [ view_parse ] --END-- [ RunTime:0.017906s ]
INFO: [ view_filter ] --START--
INFO: Run Behavior\WriteHtmlCacheBehavior [ RunTime:0.000742s ]
INFO: [ view_filter ] --END-- [ RunTime:0.000778s ]
INFO: [ app_end ] --START--
INFO: Run Behavior\ShowPageTraceBehavior [ RunTime:0.000703s ]
INFO: [ app_end ] --END-- [ RunTime:0.000754s ]

[ 2017-02-28T05:13:41+08:00 ] ::1 /oa/index.php/Message/index/index.html
INFO: [ app_init ] --START--
INFO: Run Behavior\BuildLiteBehavior [ RunTime:0.000014s ]
INFO: [ app_init ] --END-- [ RunTime:0.000429s ]
INFO: [ app_begin ] --START--
INFO: Run Behavior\ReadHtmlCacheBehavior [ RunTime:0.000686s ]
INFO: [ app_begin ] --END-- [ RunTime:0.000729s ]
SQL: SHOW COLUMNS FROM `oa_message` [ RunTime:0.0031s ]
SQL: SHOW COLUMNS FROM `oa_message` [ RunTime:0.0040s ]
SQL: SELECT * FROM `oa_message` WHERE `from_uid` = 1  [ RunTime:0.0003s ]
SQL: SELECT * FROM `oa_message` WHERE `to_uid` = 1  [ RunTime:0.0002s ]
INFO: [ view_parse ] --START--
INFO: [ template_filter ] --START--
INFO: Run Behavior\ContentReplaceBehavior [ RunTime:0.000069s ]
INFO: [ template_filter ] --END-- [ RunTime:0.000105s ]
NOTIC: [2048] Declaration of Ucenter\Model\UserModel::add() should be compatible with Think\Model::add($data = '', $options = Array, $replace = false) G:\www\oa\Application\Ucenter\Model\UserModel.class.php 第 245 行.
SQL: SHOW COLUMNS FROM `oa_user` [ RunTime:0.0033s ]
SQL: SHOW COLUMNS FROM `oa_user` [ RunTime:0.0022s ]
SQL: SELECT `name` FROM `oa_user` WHERE `id` = 1 LIMIT 1   [ RunTime:0.0002s ]

[ 2017-02-28T05:13:57+08:00 ] ::1 /oa/index.php/Message/index/index.html
INFO: [ app_init ] --START--
INFO: Run Behavior\BuildLiteBehavior [ RunTime:0.000011s ]
INFO: [ app_init ] --END-- [ RunTime:0.000407s ]
INFO: [ app_begin ] --START--
INFO: Run Behavior\ReadHtmlCacheBehavior [ RunTime:0.000565s ]
INFO: [ app_begin ] --END-- [ RunTime:0.000603s ]
SQL: SHOW COLUMNS FROM `oa_message` [ RunTime:0.0027s ]
SQL: SHOW COLUMNS FROM `oa_message` [ RunTime:0.0024s ]
SQL: SELECT * FROM `oa_message` WHERE `from_uid` = 1  [ RunTime:0.0002s ]
SQL: SELECT * FROM `oa_message` WHERE `to_uid` = 1  [ RunTime:0.0002s ]
INFO: [ view_parse ] --START--
INFO: [ template_filter ] --START--
INFO: Run Behavior\ContentReplaceBehavior [ RunTime:0.000070s ]
INFO: [ template_filter ] --END-- [ RunTime:0.000112s ]
NOTIC: [2048] Declaration of Ucenter\Model\UserModel::add() should be compatible with Think\Model::add($data = '', $options = Array, $replace = false) G:\www\oa\Application\Ucenter\Model\UserModel.class.php 第 245 行.
SQL: SHOW COLUMNS FROM `oa_user` [ RunTime:0.0027s ]
SQL: SHOW COLUMNS FROM `oa_user` [ RunTime:0.0032s ]
SQL: SELECT `name` FROM `oa_user` WHERE `id` = 1 LIMIT 1   [ RunTime:0.0002s ]
SQL: SELECT `name` FROM `oa_user` WHERE `id` = 4 LIMIT 1   [ RunTime:0.0001s ]
NOTIC: [8] Undefined variable: list G:\www\oa\Application\Runtime\Cache\Message\5ebe4c508ffd801fe0885c5dd2f7b345.php 第 223 行.
NOTIC: [8] Undefined variable: page G:\www\oa\Application\Runtime\Cache\Message\5ebe4c508ffd801fe0885c5dd2f7b345.php 第 238 行.
INFO: Run Behavior\ParseTemplateBehavior [ RunTime:0.016840s ]
INFO: [ view_parse ] --END-- [ RunTime:0.016872s ]
INFO: [ view_filter ] --START--
INFO: Run Behavior\WriteHtmlCacheBehavior [ RunTime:0.000501s ]
INFO: [ view_filter ] --END-- [ RunTime:0.000527s ]
INFO: [ app_end ] --START--
INFO: Run Behavior\ShowPageTraceBehavior [ RunTime:0.000561s ]
INFO: [ app_end ] --END-- [ RunTime:0.000602s ]

[ 2017-02-28T05:15:23+08:00 ] ::1 /oa/index.php/Message/index/index.html
INFO: [ app_init ] --START--
INFO: Run Behavior\BuildLiteBehavior [ RunTime:0.000011s ]
INFO: [ app_init ] --END-- [ RunTime:0.000375s ]
INFO: [ app_begin ] --START--
INFO: Run Behavior\ReadHtmlCacheBehavior [ RunTime:0.000577s ]
INFO: [ app_begin ] --END-- [ RunTime:0.000616s ]
SQL: SHOW COLUMNS FROM `oa_message` [ RunTime:0.0041s ]
SQL: SHOW COLUMNS FROM `oa_message` [ RunTime:0.0020s ]
SQL: SELECT * FROM `oa_message` WHERE `from_uid` = 1  [ RunTime:0.0002s ]
SQL: SELECT * FROM `oa_message` WHERE `to_uid` = 1  [ RunTime:0.0002s ]
INFO: [ view_parse ] --START--
INFO: [ template_filter ] --START--
INFO: Run Behavior\ContentReplaceBehavior [ RunTime:0.000086s ]
INFO: [ template_filter ] --END-- [ RunTime:0.000134s ]
NOTIC: [2048] Declaration of Ucenter\Model\UserModel::add() should be compatible with Think\Model::add($data = '', $options = Array, $replace = false) G:\www\oa\Application\Ucenter\Model\UserModel.class.php 第 245 行.
SQL: SHOW COLUMNS FROM `oa_user` [ RunTime:0.0023s ]
SQL: SHOW COLUMNS FROM `oa_user` [ RunTime:0.0019s ]
SQL: SELECT `name` FROM `oa_user` WHERE `id` = 1 LIMIT 1   [ RunTime:0.0002s ]
SQL: SELECT `name` FROM `oa_user` WHERE `id` = 4 LIMIT 1   [ RunTime:0.0001s ]
SQL: SELECT `name` FROM `oa_user` WHERE `id` = 10 LIMIT 1   [ RunTime:0.0001s ]
SQL: SELECT `name` FROM `oa_user` WHERE `id` = 11 LIMIT 1   [ RunTime:0.0001s ]
INFO: Run Behavior\ParseTemplateBehavior [ RunTime:0.016705s ]
INFO: [ view_parse ] --END-- [ RunTime:0.016743s ]
INFO: [ view_filter ] --START--
INFO: Run Behavior\WriteHtmlCacheBehavior [ RunTime:0.000495s ]
INFO: [ view_filter ] --END-- [ RunTime:0.000522s ]
INFO: [ app_end ] --START--
INFO: Run Behavior\ShowPageTraceBehavior [ RunTime:0.000596s ]
INFO: [ app_end ] --END-- [ RunTime:0.000638s ]

[ 2017-02-28T05:15:47+08:00 ] ::1 /oa/index.php/Message/index/index.html
INFO: [ app_init ] --START--
INFO: Run Behavior\BuildLiteBehavior [ RunTime:0.000009s ]
INFO: [ app_init ] --END-- [ RunTime:0.000325s ]
INFO: [ app_begin ] --START--
INFO: Run Behavior\ReadHtmlCacheBehavior [ RunTime:0.000528s ]
INFO: [ app_begin ] --END-- [ RunTime:0.000561s ]
SQL: SHOW COLUMNS FROM `oa_message` [ RunTime:0.0028s ]
SQL: SHOW COLUMNS FROM `oa_message` [ RunTime:0.0023s ]
SQL: SELECT * FROM `oa_message` WHERE `from_uid` = 1  [ RunTime:0.0002s ]
SQL: SELECT * FROM `oa_message` WHERE `to_uid` = 1  [ RunTime:0.0002s ]
INFO: [ view_parse ] --START--
INFO: [ template_filter ] --START--
INFO: Run Behavior\ContentReplaceBehavior [ RunTime:0.000154s ]
INFO: [ template_filter ] --END-- [ RunTime:0.000191s ]
NOTIC: [2048] Declaration of Ucenter\Model\UserModel::add() should be compatible with Think\Model::add($data = '', $options = Array, $replace = false) G:\www\oa\Application\Ucenter\Model\UserModel.class.php 第 245 行.
SQL: SHOW COLUMNS FROM `oa_user` [ RunTime:0.0040s ]
SQL: SHOW COLUMNS FROM `oa_user` [ RunTime:0.0043s ]
SQL: SELECT `name` FROM `oa_user` WHERE `id` = 1 LIMIT 1   [ RunTime:0.0003s ]
SQL: SELECT `name` FROM `oa_user` WHERE `id` = 4 LIMIT 1   [ RunTime:0.0003s ]
SQL: SELECT `name` FROM `oa_user` WHERE `id` = 10 LIMIT 1   [ RunTime:0.0003s ]
SQL: SELECT `name` FROM `oa_user` WHERE `id` = 11 LIMIT 1   [ RunTime:0.0003s ]
INFO: Run Behavior\ParseTemplateBehavior [ RunTime:0.022978s ]
INFO: [ view_parse ] --END-- [ RunTime:0.023030s ]
INFO: [ view_filter ] --START--
INFO: Run Behavior\WriteHtmlCacheBehavior [ RunTime:0.000875s ]
INFO: [ view_filter ] --END-- [ RunTime:0.000925s ]
INFO: [ app_end ] --START--
INFO: Run Behavior\ShowPageTraceBehavior [ RunTime:0.001075s ]
INFO: [ app_end ] --END-- [ RunTime:0.001135s ]

[ 2017-02-28T05:21:04+08:00 ] ::1 /oa/index.php/Message/index/index.html
INFO: [ app_init ] --START--
INFO: Run Behavior\BuildLiteBehavior [ RunTime:0.000012s ]
INFO: [ app_init ] --END-- [ RunTime:0.000466s ]
INFO: [ app_begin ] --START--
INFO: Run Behavior\ReadHtmlCacheBehavior [ RunTime:0.000693s ]
INFO: [ app_begin ] --END-- [ RunTime:0.000735s ]
SQL: SHOW COLUMNS FROM `oa_message` [ RunTime:0.0042s ]
SQL: SHOW COLUMNS FROM `oa_message` [ RunTime:0.0025s ]
SQL: SELECT * FROM `oa_message` WHERE `from_uid` = 1  [ RunTime:0.0003s ]
SQL: SELECT * FROM `oa_message` WHERE `to_uid` = 1  [ RunTime:0.0002s ]
INFO: [ view_parse ] --START--
INFO: [ template_filter ] --START--
INFO: Run Behavior\ContentReplaceBehavior [ RunTime:0.000093s ]
INFO: [ template_filter ] --END-- [ RunTime:0.000156s ]
NOTIC: [2048] Declaration of Ucenter\Model\UserModel::add() should be compatible with Think\Model::add($data = '', $options = Array, $replace = false) G:\www\oa\Application\Ucenter\Model\UserModel.class.php 第 245 行.
SQL: SHOW COLUMNS FROM `oa_user` [ RunTime:0.0022s ]
SQL: SHOW COLUMNS FROM `oa_user` [ RunTime:0.0020s ]
SQL: SELECT `name` FROM `oa_user` WHERE `id` = 1 LIMIT 1   [ RunTime:0.0002s ]
SQL: SELECT `name` FROM `oa_user` WHERE `id` = 4 LIMIT 1   [ RunTime:0.0001s ]
SQL: SELECT `name` FROM `oa_user` WHERE `id` = 10 LIMIT 1   [ RunTime:0.0001s ]
SQL: SELECT `name` FROM `oa_user` WHERE `id` = 11 LIMIT 1   [ RunTime:0.0002s ]
INFO: Run Behavior\ParseTemplateBehavior [ RunTime:0.017743s ]
INFO: [ view_parse ] --END-- [ RunTime:0.017774s ]
INFO: [ view_filter ] --START--
INFO: Run Behavior\WriteHtmlCacheBehavior [ RunTime:0.000509s ]
INFO: [ view_filter ] --END-- [ RunTime:0.000539s ]
INFO: [ app_end ] --START--
INFO: Run Behavior\ShowPageTraceBehavior [ RunTime:0.000701s ]
INFO: [ app_end ] --END-- [ RunTime:0.000745s ]

[ 2017-02-28T05:21:07+08:00 ] ::1 /oa/index.php/Message/Index/detail/id/1.html
INFO: [ app_init ] --START--
INFO: Run Behavior\BuildLiteBehavior [ RunTime:0.000010s ]
INFO: [ app_init ] --END-- [ RunTime:0.000357s ]
INFO: [ app_begin ] --START--
INFO: Run Behavior\ReadHtmlCacheBehavior [ RunTime:0.000569s ]
INFO: [ app_begin ] --END-- [ RunTime:0.000616s ]
SQL: SHOW COLUMNS FROM `oa_message` [ RunTime:0.0026s ]
ERR: Think\Model:detail方法不存在！

[ 2017-02-28T05:22:13+08:00 ] ::1 /oa/index.php/Message/index/index.html
INFO: [ app_init ] --START--
INFO: Run Behavior\BuildLiteBehavior [ RunTime:0.000011s ]
INFO: [ app_init ] --END-- [ RunTime:0.000392s ]
INFO: [ app_begin ] --START--
INFO: Run Behavior\ReadHtmlCacheBehavior [ RunTime:0.000751s ]
INFO: [ app_begin ] --END-- [ RunTime:0.000810s ]
SQL: SHOW COLUMNS FROM `oa_message` [ RunTime:0.0037s ]
SQL: SHOW COLUMNS FROM `oa_message` [ RunTime:0.0020s ]
SQL: SELECT * FROM `oa_message` WHERE `from_uid` = 1  [ RunTime:0.0003s ]
SQL: SELECT * FROM `oa_message` WHERE `to_uid` = 1  [ RunTime:0.0002s ]
INFO: [ view_parse ] --START--
INFO: [ template_filter ] --START--
INFO: Run Behavior\ContentReplaceBehavior [ RunTime:0.000075s ]
INFO: [ template_filter ] --END-- [ RunTime:0.000121s ]
NOTIC: [2048] Declaration of Ucenter\Model\UserModel::add() should be compatible with Think\Model::add($data = '', $options = Array, $replace = false) G:\www\oa\Application\Ucenter\Model\UserModel.class.php 第 245 行.
SQL: SHOW COLUMNS FROM `oa_user` [ RunTime:0.0026s ]
SQL: SHOW COLUMNS FROM `oa_user` [ RunTime:0.0024s ]
SQL: SELECT `name` FROM `oa_user` WHERE `id` = 1 LIMIT 1   [ RunTime:0.0003s ]
SQL: SELECT `name` FROM `oa_user` WHERE `id` = 4 LIMIT 1   [ RunTime:0.0004s ]
SQL: SELECT `name` FROM `oa_user` WHERE `id` = 10 LIMIT 1   [ RunTime:0.0002s ]
SQL: SELECT `name` FROM `oa_user` WHERE `id` = 11 LIMIT 1   [ RunTime:0.0002s ]
INFO: Run Behavior\ParseTemplateBehavior [ RunTime:0.021512s ]
INFO: [ view_parse ] --END-- [ RunTime:0.021550s ]
INFO: [ view_filter ] --START--
INFO: Run Behavior\WriteHtmlCacheBehavior [ RunTime:0.000598s ]
INFO: [ view_filter ] --END-- [ RunTime:0.000632s ]
INFO: [ app_end ] --START--
INFO: Run Behavior\ShowPageTraceBehavior [ RunTime:0.000766s ]
INFO: [ app_end ] --END-- [ RunTime:0.000825s ]

[ 2017-02-28T05:22:14+08:00 ] ::1 /oa/index.php/Message/Index/detail/id/1.html
INFO: [ app_init ] --START--
INFO: Run Behavior\BuildLiteBehavior [ RunTime:0.000010s ]
INFO: [ app_init ] --END-- [ RunTime:0.000356s ]
INFO: [ app_begin ] --START--
INFO: Run Behavior\ReadHtmlCacheBehavior [ RunTime:0.001123s ]
INFO: [ app_begin ] --END-- [ RunTime:0.001215s ]
SQL: SHOW COLUMNS FROM `oa_message` [ RunTime:0.0031s ]
SQL: SHOW COLUMNS FROM `oa_message` [ RunTime:0.0020s ]
SQL: SELECT * FROM `oa_message` WHERE `id` = 1 LIMIT 1   [ RunTime:0.0002s ]
INFO: [ view_parse ] --START--
INFO: [ template_filter ] --START--
INFO: Run Behavior\ContentReplaceBehavior [ RunTime:0.000059s ]
INFO: [ template_filter ] --END-- [ RunTime:0.000091s ]
NOTIC: [2048] Declaration of Ucenter\Model\UserModel::add() should be compatible with Think\Model::add($data = '', $options = Array, $replace = false) G:\www\oa\Application\Ucenter\Model\UserModel.class.php 第 245 行.
SQL: SHOW COLUMNS FROM `oa_user` [ RunTime:0.0031s ]
SQL: SHOW COLUMNS FROM `oa_user` [ RunTime:0.0021s ]
SQL: SELECT `name` FROM `oa_user` WHERE `id` = 1 LIMIT 1   [ RunTime:0.0002s ]
SQL: SELECT `name` FROM `oa_user` WHERE `id` = 4 LIMIT 1   [ RunTime:0.0001s ]
SQL: SELECT `name` FROM `oa_user` WHERE `id` = 1 LIMIT 1   [ RunTime:0.0001s ]
NOTIC: [8] Undefined variable: info G:\www\oa\Application\Runtime\Cache\Message\45c931c6bebdf30370baab09d971c8c2.php 第 217 行.
INFO: Run Behavior\ParseTemplateBehavior [ RunTime:0.016439s ]
INFO: [ view_parse ] --END-- [ RunTime:0.016470s ]
INFO: [ view_filter ] --START--
INFO: Run Behavior\WriteHtmlCacheBehavior [ RunTime:0.000502s ]
INFO: [ view_filter ] --END-- [ RunTime:0.000529s ]
INFO: [ app_end ] --START--
INFO: Run Behavior\ShowPageTraceBehavior [ RunTime:0.000657s ]
INFO: [ app_end ] --END-- [ RunTime:0.000699s ]

[ 2017-02-28T05:22:19+08:00 ] ::1 /oa/index.php/Message/Index/detail/id/2.html
INFO: [ app_init ] --START--
INFO: Run Behavior\BuildLiteBehavior [ RunTime:0.000014s ]
INFO: [ app_init ] --END-- [ RunTime:0.000640s ]
INFO: [ app_begin ] --START--
INFO: Run Behavior\ReadHtmlCacheBehavior [ RunTime:0.000936s ]
INFO: [ app_begin ] --END-- [ RunTime:0.000990s ]
SQL: SHOW COLUMNS FROM `oa_message` [ RunTime:0.0025s ]
SQL: SHOW COLUMNS FROM `oa_message` [ RunTime:0.0038s ]
SQL: SELECT * FROM `oa_message` WHERE `id` = 2 LIMIT 1   [ RunTime:0.0004s ]
INFO: [ view_parse ] --START--
INFO: [ template_filter ] --START--
INFO: Run Behavior\ContentReplaceBehavior [ RunTime:0.000063s ]
INFO: [ template_filter ] --END-- [ RunTime:0.000104s ]
NOTIC: [2048] Declaration of Ucenter\Model\UserModel::add() should be compatible with Think\Model::add($data = '', $options = Array, $replace = false) G:\www\oa\Application\Ucenter\Model\UserModel.class.php 第 245 行.
SQL: SHOW COLUMNS FROM `oa_user` [ RunTime:0.0022s ]
SQL: SHOW COLUMNS FROM `oa_user` [ RunTime:0.0028s ]
SQL: SELECT `name` FROM `oa_user` WHERE `id` = 1 LIMIT 1   [ RunTime:0.0003s ]
SQL: SELECT `name` FROM `oa_user` WHERE `id` = 1 LIMIT 1   [ RunTime:0.0003s ]
SQL: SELECT `name` FROM `oa_user` WHERE `id` = 10 LIMIT 1   [ RunTime:0.0002s ]
NOTIC: [8] Undefined variable: info G:\www\oa\Application\Runtime\Cache\Message\45c931c6bebdf30370baab09d971c8c2.php 第 217 行.
INFO: Run Behavior\ParseTemplateBehavior [ RunTime:0.015482s ]
INFO: [ view_parse ] --END-- [ RunTime:0.015518s ]
INFO: [ view_filter ] --START--
INFO: Run Behavior\WriteHtmlCacheBehavior [ RunTime:0.000692s ]
INFO: [ view_filter ] --END-- [ RunTime:0.000721s ]
INFO: [ app_end ] --START--
INFO: Run Behavior\ShowPageTraceBehavior [ RunTime:0.000769s ]
INFO: [ app_end ] --END-- [ RunTime:0.000806s ]

[ 2017-02-28T05:22:46+08:00 ] ::1 /oa/index.php/Message/Index/detail/id/2.html
INFO: [ app_init ] --START--
INFO: Run Behavior\BuildLiteBehavior [ RunTime:0.000018s ]
INFO: [ app_init ] --END-- [ RunTime:0.000780s ]
INFO: [ app_begin ] --START--
INFO: Run Behavior\ReadHtmlCacheBehavior [ RunTime:0.000852s ]
INFO: [ app_begin ] --END-- [ RunTime:0.000916s ]
SQL: SHOW COLUMNS FROM `oa_message` [ RunTime:0.0066s ]
SQL: SHOW COLUMNS FROM `oa_message` [ RunTime:0.0042s ]
SQL: SELECT * FROM `oa_message` WHERE `id` = 2 LIMIT 1   [ RunTime:0.0003s ]
INFO: [ view_parse ] --START--
INFO: [ template_filter ] --START--
INFO: Run Behavior\ContentReplaceBehavior [ RunTime:0.000109s ]
INFO: [ template_filter ] --END-- [ RunTime:0.000263s ]
NOTIC: [2048] Declaration of Ucenter\Model\UserModel::add() should be compatible with Think\Model::add($data = '', $options = Array, $replace = false) G:\www\oa\Application\Ucenter\Model\UserModel.class.php 第 245 行.
SQL: SHOW COLUMNS FROM `oa_user` [ RunTime:0.0040s ]
SQL: SHOW COLUMNS FROM `oa_user` [ RunTime:0.0025s ]
SQL: SELECT `name` FROM `oa_user` WHERE `id` = 1 LIMIT 1   [ RunTime:0.0002s ]
SQL: SELECT `name` FROM `oa_user` WHERE `id` = 1 LIMIT 1   [ RunTime:0.0001s ]
SQL: SELECT `name` FROM `oa_user` WHERE `id` = 10 LIMIT 1   [ RunTime:0.0001s ]
INFO: Run Behavior\ParseTemplateBehavior [ RunTime:0.020731s ]
INFO: [ view_parse ] --END-- [ RunTime:0.020769s ]
INFO: [ view_filter ] --START--
INFO: Run Behavior\WriteHtmlCacheBehavior [ RunTime:0.000536s ]
INFO: [ view_filter ] --END-- [ RunTime:0.000564s ]
INFO: [ app_end ] --START--
INFO: Run Behavior\ShowPageTraceBehavior [ RunTime:0.000579s ]
INFO: [ app_end ] --END-- [ RunTime:0.000614s ]

[ 2017-02-28T05:22:52+08:00 ] ::1 /oa/index.php/Message/Index/detail/id/1.html
INFO: [ app_init ] --START--
INFO: Run Behavior\BuildLiteBehavior [ RunTime:0.000017s ]
INFO: [ app_init ] --END-- [ RunTime:0.000512s ]
INFO: [ app_begin ] --START--
INFO: Run Behavior\ReadHtmlCacheBehavior [ RunTime:0.000779s ]
INFO: [ app_begin ] --END-- [ RunTime:0.000835s ]
SQL: SHOW COLUMNS FROM `oa_message` [ RunTime:0.0033s ]
SQL: SHOW COLUMNS FROM `oa_message` [ RunTime:0.0038s ]
SQL: SELECT * FROM `oa_message` WHERE `id` = 1 LIMIT 1   [ RunTime:0.0003s ]
INFO: [ view_parse ] --START--
INFO: [ template_filter ] --START--
INFO: Run Behavior\ContentReplaceBehavior [ RunTime:0.000062s ]
INFO: [ template_filter ] --END-- [ RunTime:0.000100s ]
NOTIC: [2048] Declaration of Ucenter\Model\UserModel::add() should be compatible with Think\Model::add($data = '', $options = Array, $replace = false) G:\www\oa\Application\Ucenter\Model\UserModel.class.php 第 245 行.
SQL: SHOW COLUMNS FROM `oa_user` [ RunTime:0.0033s ]
SQL: SHOW COLUMNS FROM `oa_user` [ RunTime:0.0029s ]
SQL: SELECT `name` FROM `oa_user` WHERE `id` = 1 LIMIT 1   [ RunTime:0.0002s ]
SQL: SELECT `name` FROM `oa_user` WHERE `id` = 4 LIMIT 1   [ RunTime:0.0002s ]
SQL: SELECT `name` FROM `oa_user` WHERE `id` = 1 LIMIT 1   [ RunTime:0.0002s ]
INFO: Run Behavior\ParseTemplateBehavior [ RunTime:0.017026s ]
INFO: [ view_parse ] --END-- [ RunTime:0.017078s ]
INFO: [ view_filter ] --START--
INFO: Run Behavior\WriteHtmlCacheBehavior [ RunTime:0.000912s ]
INFO: [ view_filter ] --END-- [ RunTime:0.000954s ]
INFO: [ app_end ] --START--
INFO: Run Behavior\ShowPageTraceBehavior [ RunTime:0.000800s ]
INFO: [ app_end ] --END-- [ RunTime:0.000845s ]

[ 2017-02-28T05:22:56+08:00 ] ::1 /oa/index.php/Message/Index/detail/id/1.html
INFO: [ app_init ] --START--
INFO: Run Behavior\BuildLiteBehavior [ RunTime:0.000017s ]
INFO: [ app_init ] --END-- [ RunTime:0.000587s ]
INFO: [ app_begin ] --START--
INFO: Run Behavior\ReadHtmlCacheBehavior [ RunTime:0.000802s ]
INFO: [ app_begin ] --END-- [ RunTime:0.000895s ]
SQL: SHOW COLUMNS FROM `oa_message` [ RunTime:0.0053s ]
SQL: SHOW COLUMNS FROM `oa_message` [ RunTime:0.0029s ]
SQL: SELECT * FROM `oa_message` WHERE `id` = 1 LIMIT 1   [ RunTime:0.0003s ]
INFO: [ view_parse ] --START--
INFO: [ template_filter ] --START--
INFO: Run Behavior\ContentReplaceBehavior [ RunTime:0.000098s ]
INFO: [ template_filter ] --END-- [ RunTime:0.000163s ]
NOTIC: [2048] Declaration of Ucenter\Model\UserModel::add() should be compatible with Think\Model::add($data = '', $options = Array, $replace = false) G:\www\oa\Application\Ucenter\Model\UserModel.class.php 第 245 行.
SQL: SHOW COLUMNS FROM `oa_user` [ RunTime:0.0035s ]
SQL: SHOW COLUMNS FROM `oa_user` [ RunTime:0.0029s ]
SQL: SELECT `name` FROM `oa_user` WHERE `id` = 1 LIMIT 1   [ RunTime:0.0002s ]
SQL: SELECT `name` FROM `oa_user` WHERE `id` = 4 LIMIT 1   [ RunTime:0.0001s ]
SQL: SELECT `name` FROM `oa_user` WHERE `id` = 1 LIMIT 1   [ RunTime:0.0002s ]
INFO: Run Behavior\ParseTemplateBehavior [ RunTime:0.018555s ]
INFO: [ view_parse ] --END-- [ RunTime:0.018601s ]
INFO: [ view_filter ] --START--
INFO: Run Behavior\WriteHtmlCacheBehavior [ RunTime:0.000732s ]
INFO: [ view_filter ] --END-- [ RunTime:0.000768s ]
INFO: [ app_end ] --START--
INFO: Run Behavior\ShowPageTraceBehavior [ RunTime:0.000629s ]
INFO: [ app_end ] --END-- [ RunTime:0.000663s ]

[ 2017-02-28T05:23:00+08:00 ] ::1 /oa/index.php/Message/Index/detail/id/4.html
INFO: [ app_init ] --START--
INFO: Run Behavior\BuildLiteBehavior [ RunTime:0.000012s ]
INFO: [ app_init ] --END-- [ RunTime:0.000456s ]
INFO: [ app_begin ] --START--
INFO: Run Behavior\ReadHtmlCacheBehavior [ RunTime:0.000693s ]
INFO: [ app_begin ] --END-- [ RunTime:0.000737s ]
SQL: SHOW COLUMNS FROM `oa_message` [ RunTime:0.0032s ]
SQL: SHOW COLUMNS FROM `oa_message` [ RunTime:0.0027s ]
SQL: SELECT * FROM `oa_message` WHERE `id` = 4 LIMIT 1   [ RunTime:0.0003s ]
INFO: [ view_parse ] --START--
INFO: [ template_filter ] --START--
INFO: Run Behavior\ContentReplaceBehavior [ RunTime:0.000076s ]
INFO: [ template_filter ] --END-- [ RunTime:0.000116s ]
NOTIC: [2048] Declaration of Ucenter\Model\UserModel::add() should be compatible with Think\Model::add($data = '', $options = Array, $replace = false) G:\www\oa\Application\Ucenter\Model\UserModel.class.php 第 245 行.
SQL: SHOW COLUMNS FROM `oa_user` [ RunTime:0.0029s ]
SQL: SHOW COLUMNS FROM `oa_user` [ RunTime:0.0021s ]
SQL: SELECT `name` FROM `oa_user` WHERE `id` = 1 LIMIT 1   [ RunTime:0.0002s ]
SQL: SELECT `name` FROM `oa_user` WHERE `id` = 1 LIMIT 1   [ RunTime:0.0002s ]
INFO: Run Behavior\ParseTemplateBehavior [ RunTime:0.016605s ]
INFO: [ view_parse ] --END-- [ RunTime:0.016644s ]
INFO: [ view_filter ] --START--
INFO: Run Behavior\WriteHtmlCacheBehavior [ RunTime:0.000630s ]
INFO: [ view_filter ] --END-- [ RunTime:0.000661s ]
INFO: [ app_end ] --START--
INFO: Run Behavior\ShowPageTraceBehavior [ RunTime:0.000585s ]
INFO: [ app_end ] --END-- [ RunTime:0.000617s ]

[ 2017-02-28T05:23:05+08:00 ] ::1 /oa/index.php/Message/Index/detail/id/4.html
INFO: [ app_init ] --START--
INFO: Run Behavior\BuildLiteBehavior [ RunTime:0.000020s ]
INFO: [ app_init ] --END-- [ RunTime:0.000447s ]
INFO: [ app_begin ] --START--
INFO: Run Behavior\ReadHtmlCacheBehavior [ RunTime:0.000624s ]
INFO: [ app_begin ] --END-- [ RunTime:0.000668s ]
SQL: SHOW COLUMNS FROM `oa_message` [ RunTime:0.0027s ]
SQL: SHOW COLUMNS FROM `oa_message` [ RunTime:0.0031s ]
SQL: SELECT * FROM `oa_message` WHERE `id` = 4 LIMIT 1   [ RunTime:0.0003s ]
INFO: [ view_parse ] --START--
INFO: [ template_filter ] --START--
INFO: Run Behavior\ContentReplaceBehavior [ RunTime:0.000066s ]
INFO: [ template_filter ] --END-- [ RunTime:0.000104s ]
NOTIC: [2048] Declaration of Ucenter\Model\UserModel::add() should be compatible with Think\Model::add($data = '', $options = Array, $replace = false) G:\www\oa\Application\Ucenter\Model\UserModel.class.php 第 245 行.
SQL: SHOW COLUMNS FROM `oa_user` [ RunTime:0.0027s ]
SQL: SHOW COLUMNS FROM `oa_user` [ RunTime:0.0037s ]
SQL: SELECT `name` FROM `oa_user` WHERE `id` = 1 LIMIT 1   [ RunTime:0.0003s ]
SQL: SELECT `name` FROM `oa_user` WHERE `id` = 1 LIMIT 1   [ RunTime:0.0002s ]
INFO: Run Behavior\ParseTemplateBehavior [ RunTime:0.017782s ]
INFO: [ view_parse ] --END-- [ RunTime:0.017827s ]
INFO: [ view_filter ] --START--
INFO: Run Behavior\WriteHtmlCacheBehavior [ RunTime:0.000997s ]
INFO: [ view_filter ] --END-- [ RunTime:0.001054s ]
INFO: [ app_end ] --START--
INFO: Run Behavior\ShowPageTraceBehavior [ RunTime:0.001221s ]
INFO: [ app_end ] --END-- [ RunTime:0.001274s ]

[ 2017-02-28T05:23:20+08:00 ] ::1 /oa/index.php/Message/Index/detail/id/4.html
INFO: [ app_init ] --START--
INFO: Run Behavior\BuildLiteBehavior [ RunTime:0.000036s ]
INFO: [ app_init ] --END-- [ RunTime:0.000818s ]
INFO: [ app_begin ] --START--
INFO: Run Behavior\ReadHtmlCacheBehavior [ RunTime:0.001277s ]
INFO: [ app_begin ] --END-- [ RunTime:0.001409s ]
SQL: SHOW COLUMNS FROM `oa_message` [ RunTime:0.0053s ]
SQL: SHOW COLUMNS FROM `oa_message` [ RunTime:0.0040s ]
SQL: SELECT * FROM `oa_message` WHERE `id` = 4 LIMIT 1   [ RunTime:0.0003s ]
INFO: [ view_parse ] --START--
INFO: [ template_filter ] --START--
INFO: Run Behavior\ContentReplaceBehavior [ RunTime:0.000062s ]
INFO: [ template_filter ] --END-- [ RunTime:0.000097s ]
NOTIC: [2048] Declaration of Ucenter\Model\UserModel::add() should be compatible with Think\Model::add($data = '', $options = Array, $replace = false) G:\www\oa\Application\Ucenter\Model\UserModel.class.php 第 245 行.
SQL: SHOW COLUMNS FROM `oa_user` [ RunTime:0.0053s ]
SQL: SHOW COLUMNS FROM `oa_user` [ RunTime:0.0026s ]
SQL: SELECT `name` FROM `oa_user` WHERE `id` = 1 LIMIT 1   [ RunTime:0.0002s ]
SQL: SELECT `name` FROM `oa_user` WHERE `id` = 1 LIMIT 1   [ RunTime:0.0001s ]
SQL: SELECT `name` FROM `oa_user` WHERE `id` = 4 LIMIT 1   [ RunTime:0.0001s ]
INFO: Run Behavior\ParseTemplateBehavior [ RunTime:0.018420s ]
INFO: [ view_parse ] --END-- [ RunTime:0.018450s ]
INFO: [ view_filter ] --START--
INFO: Run Behavior\WriteHtmlCacheBehavior [ RunTime:0.000530s ]
INFO: [ view_filter ] --END-- [ RunTime:0.000559s ]
INFO: [ app_end ] --START--
INFO: Run Behavior\ShowPageTraceBehavior [ RunTime:0.000651s ]
INFO: [ app_end ] --END-- [ RunTime:0.000686s ]

[ 2017-02-28T05:25:43+08:00 ] ::1 /oa/index.php/Message/Index/detail/id/4.html
INFO: [ app_init ] --START--
INFO: Run Behavior\BuildLiteBehavior [ RunTime:0.000016s ]
INFO: [ app_init ] --END-- [ RunTime:0.000573s ]
INFO: [ app_begin ] --START--
INFO: Run Behavior\ReadHtmlCacheBehavior [ RunTime:0.000620s ]
INFO: [ app_begin ] --END-- [ RunTime:0.000669s ]
SQL: SHOW COLUMNS FROM `oa_message` [ RunTime:0.0029s ]
SQL: SHOW COLUMNS FROM `oa_message` [ RunTime:0.0050s ]
SQL: SELECT * FROM `oa_message` WHERE `id` = 4 LIMIT 1   [ RunTime:0.0003s ]
SQL: UPDATE `oa_message` SET `is_read`='1' WHERE `id` = 4 [ RunTime:0.0016s ]
INFO: [ view_parse ] --START--
INFO: [ template_filter ] --START--
INFO: Run Behavior\ContentReplaceBehavior [ RunTime:0.000065s ]
INFO: [ template_filter ] --END-- [ RunTime:0.000099s ]
NOTIC: [2048] Declaration of Ucenter\Model\UserModel::add() should be compatible with Think\Model::add($data = '', $options = Array, $replace = false) G:\www\oa\Application\Ucenter\Model\UserModel.class.php 第 245 行.
SQL: SHOW COLUMNS FROM `oa_user` [ RunTime:0.0036s ]
SQL: SHOW COLUMNS FROM `oa_user` [ RunTime:0.0031s ]
SQL: SELECT `name` FROM `oa_user` WHERE `id` = 1 LIMIT 1   [ RunTime:0.0004s ]
SQL: SELECT `name` FROM `oa_user` WHERE `id` = 1 LIMIT 1   [ RunTime:0.0002s ]
SQL: SELECT `name` FROM `oa_user` WHERE `id` = 4 LIMIT 1   [ RunTime:0.0002s ]
INFO: Run Behavior\ParseTemplateBehavior [ RunTime:0.018762s ]
INFO: [ view_parse ] --END-- [ RunTime:0.018791s ]
INFO: [ view_filter ] --START--
INFO: Run Behavior\WriteHtmlCacheBehavior [ RunTime:0.000523s ]
INFO: [ view_filter ] --END-- [ RunTime:0.000551s ]
INFO: [ app_end ] --START--
INFO: Run Behavior\ShowPageTraceBehavior [ RunTime:0.000572s ]
INFO: [ app_end ] --END-- [ RunTime:0.000605s ]

[ 2017-02-28T05:26:17+08:00 ] ::1 /oa/index.php/Message/Index/detail/id/4.html
INFO: [ app_init ] --START--
INFO: Run Behavior\BuildLiteBehavior [ RunTime:0.000012s ]
INFO: [ app_init ] --END-- [ RunTime:0.000388s ]
INFO: [ app_begin ] --START--
INFO: Run Behavior\ReadHtmlCacheBehavior [ RunTime:0.000618s ]
INFO: [ app_begin ] --END-- [ RunTime:0.000663s ]
SQL: SHOW COLUMNS FROM `oa_message` [ RunTime:0.0026s ]
SQL: SHOW COLUMNS FROM `oa_message` [ RunTime:0.0033s ]
SQL: SELECT * FROM `oa_message` WHERE `id` = 4 LIMIT 1   [ RunTime:0.0019s ]
INFO: [ view_parse ] --START--
INFO: [ template_filter ] --START--
INFO: Run Behavior\ContentReplaceBehavior [ RunTime:0.000093s ]
INFO: [ template_filter ] --END-- [ RunTime:0.000136s ]
NOTIC: [2048] Declaration of Ucenter\Model\UserModel::add() should be compatible with Think\Model::add($data = '', $options = Array, $replace = false) G:\www\oa\Application\Ucenter\Model\UserModel.class.php 第 245 行.
SQL: SHOW COLUMNS FROM `oa_user` [ RunTime:0.0029s ]
SQL: SHOW COLUMNS FROM `oa_user` [ RunTime:0.0056s ]
SQL: SELECT `name` FROM `oa_user` WHERE `id` = 1 LIMIT 1   [ RunTime:0.0003s ]
SQL: SELECT `name` FROM `oa_user` WHERE `id` = 1 LIMIT 1   [ RunTime:0.0002s ]
SQL: SELECT `name` FROM `oa_user` WHERE `id` = 4 LIMIT 1   [ RunTime:0.0002s ]
INFO: Run Behavior\ParseTemplateBehavior [ RunTime:0.020646s ]
INFO: [ view_parse ] --END-- [ RunTime:0.020710s ]
INFO: [ view_filter ] --START--
INFO: Run Behavior\WriteHtmlCacheBehavior [ RunTime:0.000597s ]
INFO: [ view_filter ] --END-- [ RunTime:0.000628s ]
INFO: [ app_end ] --START--
INFO: Run Behavior\ShowPageTraceBehavior [ RunTime:0.000582s ]
INFO: [ app_end ] --END-- [ RunTime:0.000614s ]

[ 2017-02-28T05:26:22+08:00 ] ::1 /oa/index.php/Message/Index/detail/id/1.html
INFO: [ app_init ] --START--
INFO: Run Behavior\BuildLiteBehavior [ RunTime:0.000014s ]
INFO: [ app_init ] --END-- [ RunTime:0.000473s ]
INFO: [ app_begin ] --START--
INFO: Run Behavior\ReadHtmlCacheBehavior [ RunTime:0.000786s ]
INFO: [ app_begin ] --END-- [ RunTime:0.000829s ]
SQL: SHOW COLUMNS FROM `oa_message` [ RunTime:0.0021s ]
SQL: SHOW COLUMNS FROM `oa_message` [ RunTime:0.0019s ]
SQL: SELECT * FROM `oa_message` WHERE `id` = 1 LIMIT 1   [ RunTime:0.0002s ]
SQL: UPDATE `oa_message` SET `is_read`='1' WHERE `id` = 1 [ RunTime:0.0016s ]
INFO: [ view_parse ] --START--
INFO: [ template_filter ] --START--
INFO: Run Behavior\ContentReplaceBehavior [ RunTime:0.000063s ]
INFO: [ template_filter ] --END-- [ RunTime:0.000117s ]
NOTIC: [2048] Declaration of Ucenter\Model\UserModel::add() should be compatible with Think\Model::add($data = '', $options = Array, $replace = false) G:\www\oa\Application\Ucenter\Model\UserModel.class.php 第 245 行.
SQL: SHOW COLUMNS FROM `oa_user` [ RunTime:0.0025s ]
SQL: SHOW COLUMNS FROM `oa_user` [ RunTime:0.0019s ]
SQL: SELECT `name` FROM `oa_user` WHERE `id` = 1 LIMIT 1   [ RunTime:0.0002s ]
SQL: SELECT `name` FROM `oa_user` WHERE `id` = 4 LIMIT 1   [ RunTime:0.0001s ]
SQL: SELECT `name` FROM `oa_user` WHERE `id` = 1 LIMIT 1   [ RunTime:0.0001s ]
INFO: Run Behavior\ParseTemplateBehavior [ RunTime:0.015949s ]
INFO: [ view_parse ] --END-- [ RunTime:0.015979s ]
INFO: [ view_filter ] --START--
INFO: Run Behavior\WriteHtmlCacheBehavior [ RunTime:0.000512s ]
INFO: [ view_filter ] --END-- [ RunTime:0.000540s ]
INFO: [ app_end ] --START--
INFO: Run Behavior\ShowPageTraceBehavior [ RunTime:0.000681s ]
INFO: [ app_end ] --END-- [ RunTime:0.000736s ]

[ 2017-02-28T05:26:27+08:00 ] ::1 /oa/index.php/Message/index/index.html
INFO: [ app_init ] --START--
INFO: Run Behavior\BuildLiteBehavior [ RunTime:0.000012s ]
INFO: [ app_init ] --END-- [ RunTime:0.000501s ]
INFO: [ app_begin ] --START--
INFO: Run Behavior\ReadHtmlCacheBehavior [ RunTime:0.000826s ]
INFO: [ app_begin ] --END-- [ RunTime:0.000880s ]
SQL: SHOW COLUMNS FROM `oa_message` [ RunTime:0.0037s ]
SQL: SHOW COLUMNS FROM `oa_message` [ RunTime:0.0043s ]
SQL: SELECT * FROM `oa_message` WHERE `from_uid` = 1  [ RunTime:0.0005s ]
SQL: SELECT * FROM `oa_message` WHERE `to_uid` = 1  [ RunTime:0.0003s ]
INFO: [ view_parse ] --START--
INFO: [ template_filter ] --START--
INFO: Run Behavior\ContentReplaceBehavior [ RunTime:0.000094s ]
INFO: [ template_filter ] --END-- [ RunTime:0.000148s ]
NOTIC: [2048] Declaration of Ucenter\Model\UserModel::add() should be compatible with Think\Model::add($data = '', $options = Array, $replace = false) G:\www\oa\Application\Ucenter\Model\UserModel.class.php 第 245 行.
SQL: SHOW COLUMNS FROM `oa_user` [ RunTime:0.0035s ]
SQL: SHOW COLUMNS FROM `oa_user` [ RunTime:0.0037s ]
SQL: SELECT `name` FROM `oa_user` WHERE `id` = 1 LIMIT 1   [ RunTime:0.0003s ]
SQL: SELECT `name` FROM `oa_user` WHERE `id` = 4 LIMIT 1   [ RunTime:0.0002s ]
SQL: SELECT `name` FROM `oa_user` WHERE `id` = 10 LIMIT 1   [ RunTime:0.0002s ]
SQL: SELECT `name` FROM `oa_user` WHERE `id` = 11 LIMIT 1   [ RunTime:0.0002s ]
SQL: SELECT `name` FROM `oa_user` WHERE `id` = 4 LIMIT 1   [ RunTime:0.0002s ]
INFO: Run Behavior\ParseTemplateBehavior [ RunTime:0.025542s ]
INFO: [ view_parse ] --END-- [ RunTime:0.025592s ]
INFO: [ view_filter ] --START--
INFO: Run Behavior\WriteHtmlCacheBehavior [ RunTime:0.000717s ]
INFO: [ view_filter ] --END-- [ RunTime:0.000753s ]
INFO: [ app_end ] --START--
INFO: Run Behavior\ShowPageTraceBehavior [ RunTime:0.000901s ]
INFO: [ app_end ] --END-- [ RunTime:0.000982s ]

[ 2017-02-28T05:26:29+08:00 ] ::1 /oa/index.php/Message/Index/detail/id/2.html
INFO: [ app_init ] --START--
INFO: Run Behavior\BuildLiteBehavior [ RunTime:0.000012s ]
INFO: [ app_init ] --END-- [ RunTime:0.000368s ]
INFO: [ app_begin ] --START--
INFO: Run Behavior\ReadHtmlCacheBehavior [ RunTime:0.000542s ]
INFO: [ app_begin ] --END-- [ RunTime:0.000576s ]
SQL: SHOW COLUMNS FROM `oa_message` [ RunTime:0.0246s ]
SQL: SHOW COLUMNS FROM `oa_message` [ RunTime:0.0020s ]
SQL: SELECT * FROM `oa_message` WHERE `id` = 2 LIMIT 1   [ RunTime:0.0002s ]
INFO: [ view_parse ] --START--
INFO: [ template_filter ] --START--
INFO: Run Behavior\ContentReplaceBehavior [ RunTime:0.000068s ]
INFO: [ template_filter ] --END-- [ RunTime:0.000124s ]
NOTIC: [2048] Declaration of Ucenter\Model\UserModel::add() should be compatible with Think\Model::add($data = '', $options = Array, $replace = false) G:\www\oa\Application\Ucenter\Model\UserModel.class.php 第 245 行.
SQL: SHOW COLUMNS FROM `oa_user` [ RunTime:0.0030s ]
SQL: SHOW COLUMNS FROM `oa_user` [ RunTime:0.0020s ]
SQL: SELECT `name` FROM `oa_user` WHERE `id` = 1 LIMIT 1   [ RunTime:0.0002s ]
SQL: SELECT `name` FROM `oa_user` WHERE `id` = 1 LIMIT 1   [ RunTime:0.0001s ]
SQL: SELECT `name` FROM `oa_user` WHERE `id` = 10 LIMIT 1   [ RunTime:0.0001s ]
INFO: Run Behavior\ParseTemplateBehavior [ RunTime:0.017437s ]
INFO: [ view_parse ] --END-- [ RunTime:0.017466s ]
INFO: [ view_filter ] --START--
INFO: Run Behavior\WriteHtmlCacheBehavior [ RunTime:0.000560s ]
INFO: [ view_filter ] --END-- [ RunTime:0.000590s ]
INFO: [ app_end ] --START--
INFO: Run Behavior\ShowPageTraceBehavior [ RunTime:0.000621s ]
INFO: [ app_end ] --END-- [ RunTime:0.000655s ]

[ 2017-02-28T05:26:34+08:00 ] ::1 /oa/index.php/Message/index/index.html
INFO: [ app_init ] --START--
INFO: Run Behavior\BuildLiteBehavior [ RunTime:0.000038s ]
INFO: [ app_init ] --END-- [ RunTime:0.000499s ]
INFO: [ app_begin ] --START--
INFO: Run Behavior\ReadHtmlCacheBehavior [ RunTime:0.000866s ]
INFO: [ app_begin ] --END-- [ RunTime:0.000951s ]
SQL: SHOW COLUMNS FROM `oa_message` [ RunTime:0.0805s ]
SQL: SHOW COLUMNS FROM `oa_message` [ RunTime:0.0054s ]
SQL: SELECT * FROM `oa_message` WHERE `from_uid` = 1  [ RunTime:0.0005s ]
SQL: SELECT * FROM `oa_message` WHERE `to_uid` = 1  [ RunTime:0.0004s ]
INFO: [ view_parse ] --START--
INFO: [ template_filter ] --START--
INFO: Run Behavior\ContentReplaceBehavior [ RunTime:0.000071s ]
INFO: [ template_filter ] --END-- [ RunTime:0.000110s ]
NOTIC: [2048] Declaration of Ucenter\Model\UserModel::add() should be compatible with Think\Model::add($data = '', $options = Array, $replace = false) G:\www\oa\Application\Ucenter\Model\UserModel.class.php 第 245 行.
SQL: SHOW COLUMNS FROM `oa_user` [ RunTime:0.0079s ]
SQL: SHOW COLUMNS FROM `oa_user` [ RunTime:0.0045s ]
SQL: SELECT `name` FROM `oa_user` WHERE `id` = 1 LIMIT 1   [ RunTime:0.0002s ]
SQL: SELECT `name` FROM `oa_user` WHERE `id` = 4 LIMIT 1   [ RunTime:0.0001s ]
SQL: SELECT `name` FROM `oa_user` WHERE `id` = 10 LIMIT 1   [ RunTime:0.0001s ]
SQL: SELECT `name` FROM `oa_user` WHERE `id` = 11 LIMIT 1   [ RunTime:0.0001s ]
SQL: SELECT `name` FROM `oa_user` WHERE `id` = 4 LIMIT 1   [ RunTime:0.0002s ]
INFO: Run Behavior\ParseTemplateBehavior [ RunTime:0.028074s ]
INFO: [ view_parse ] --END-- [ RunTime:0.028157s ]
INFO: [ view_filter ] --START--
INFO: Run Behavior\WriteHtmlCacheBehavior [ RunTime:0.000566s ]
INFO: [ view_filter ] --END-- [ RunTime:0.000605s ]
INFO: [ app_end ] --START--
INFO: Run Behavior\ShowPageTraceBehavior [ RunTime:0.000774s ]
INFO: [ app_end ] --END-- [ RunTime:0.000813s ]

[ 2017-02-28T05:28:37+08:00 ] ::1 /oa/index.php/Message/index/index.html
INFO: [ app_init ] --START--
INFO: Run Behavior\BuildLiteBehavior [ RunTime:0.000012s ]
INFO: [ app_init ] --END-- [ RunTime:0.000347s ]
INFO: [ app_begin ] --START--
INFO: Run Behavior\ReadHtmlCacheBehavior [ RunTime:0.000951s ]
INFO: [ app_begin ] --END-- [ RunTime:0.001038s ]
SQL: SHOW COLUMNS FROM `oa_message` [ RunTime:0.0024s ]
SQL: SHOW COLUMNS FROM `oa_message` [ RunTime:0.0028s ]
SQL: SELECT * FROM `oa_message` WHERE `from_uid` = 1  [ RunTime:0.0003s ]
SQL: SELECT * FROM `oa_message` WHERE `to_uid` = 1  [ RunTime:0.0002s ]
INFO: [ view_parse ] --START--
INFO: [ template_filter ] --START--
INFO: Run Behavior\ContentReplaceBehavior [ RunTime:0.000078s ]
INFO: [ template_filter ] --END-- [ RunTime:0.000122s ]

[ 2017-02-28T05:28:51+08:00 ] ::1 /oa/index.php/Message/index/index.html
INFO: [ app_init ] --START--
INFO: Run Behavior\BuildLiteBehavior [ RunTime:0.000011s ]
INFO: [ app_init ] --END-- [ RunTime:0.000505s ]
INFO: [ app_begin ] --START--
INFO: Run Behavior\ReadHtmlCacheBehavior [ RunTime:0.000496s ]
INFO: [ app_begin ] --END-- [ RunTime:0.000531s ]
SQL: SHOW COLUMNS FROM `oa_message` [ RunTime:0.0034s ]
SQL: SHOW COLUMNS FROM `oa_message` [ RunTime:0.0025s ]
SQL: SELECT * FROM `oa_message` WHERE `from_uid` = 1  [ RunTime:0.0002s ]
SQL: SELECT * FROM `oa_message` WHERE `to_uid` = 1  [ RunTime:0.0002s ]
INFO: [ view_parse ] --START--
INFO: [ template_filter ] --START--
INFO: Run Behavior\ContentReplaceBehavior [ RunTime:0.000072s ]
INFO: [ template_filter ] --END-- [ RunTime:0.000113s ]
NOTIC: [2048] Declaration of Ucenter\Model\UserModel::add() should be compatible with Think\Model::add($data = '', $options = Array, $replace = false) G:\www\oa\Application\Ucenter\Model\UserModel.class.php 第 245 行.
SQL: SHOW COLUMNS FROM `oa_user` [ RunTime:0.0030s ]
SQL: SHOW COLUMNS FROM `oa_user` [ RunTime:0.0031s ]
SQL: SELECT `name` FROM `oa_user` WHERE `id` = 1 LIMIT 1   [ RunTime:0.0002s ]
SQL: SELECT `name` FROM `oa_user` WHERE `id` = 4 LIMIT 1   [ RunTime:0.0001s ]
SQL: SELECT `name` FROM `oa_user` WHERE `id` = 10 LIMIT 1   [ RunTime:0.0002s ]
SQL: SELECT `name` FROM `oa_user` WHERE `id` = 11 LIMIT 1   [ RunTime:0.0001s ]
SQL: SELECT `name` FROM `oa_user` WHERE `id` = 4 LIMIT 1   [ RunTime:0.0001s ]
INFO: Run Behavior\ParseTemplateBehavior [ RunTime:0.018312s ]
INFO: [ view_parse ] --END-- [ RunTime:0.018345s ]
INFO: [ view_filter ] --START--
INFO: Run Behavior\WriteHtmlCacheBehavior [ RunTime:0.000515s ]
INFO: [ view_filter ] --END-- [ RunTime:0.000543s ]
INFO: [ app_end ] --START--
INFO: Run Behavior\ShowPageTraceBehavior [ RunTime:0.000510s ]
INFO: [ app_end ] --END-- [ RunTime:0.000543s ]

[ 2017-02-28T05:29:04+08:00 ] ::1 /oa/index.php/Message/index/index.html
INFO: [ app_init ] --START--
INFO: Run Behavior\BuildLiteBehavior [ RunTime:0.000012s ]
INFO: [ app_init ] --END-- [ RunTime:0.000397s ]
INFO: [ app_begin ] --START--
INFO: Run Behavior\ReadHtmlCacheBehavior [ RunTime:0.000582s ]
INFO: [ app_begin ] --END-- [ RunTime:0.000616s ]
SQL: SHOW COLUMNS FROM `oa_message` [ RunTime:0.0036s ]
SQL: SHOW COLUMNS FROM `oa_message` [ RunTime:0.0029s ]
SQL: SELECT * FROM `oa_message` WHERE `from_uid` = 1  [ RunTime:0.0002s ]
SQL: SELECT * FROM `oa_message` WHERE `to_uid` = 1  [ RunTime:0.0002s ]
INFO: [ view_parse ] --START--
INFO: [ template_filter ] --START--
INFO: Run Behavior\ContentReplaceBehavior [ RunTime:0.000073s ]
INFO: [ template_filter ] --END-- [ RunTime:0.000110s ]
NOTIC: [2048] Declaration of Ucenter\Model\UserModel::add() should be compatible with Think\Model::add($data = '', $options = Array, $replace = false) G:\www\oa\Application\Ucenter\Model\UserModel.class.php 第 245 行.
SQL: SHOW COLUMNS FROM `oa_user` [ RunTime:0.0030s ]
SQL: SHOW COLUMNS FROM `oa_user` [ RunTime:0.0031s ]
SQL: SELECT `name` FROM `oa_user` WHERE `id` = 1 LIMIT 1   [ RunTime:0.0002s ]
SQL: SELECT `name` FROM `oa_user` WHERE `id` = 4 LIMIT 1   [ RunTime:0.0001s ]
SQL: SELECT `name` FROM `oa_user` WHERE `id` = 10 LIMIT 1   [ RunTime:0.0001s ]
SQL: SELECT `name` FROM `oa_user` WHERE `id` = 11 LIMIT 1   [ RunTime:0.0001s ]
SQL: SELECT `name` FROM `oa_user` WHERE `id` = 4 LIMIT 1   [ RunTime:0.0001s ]
INFO: Run Behavior\ParseTemplateBehavior [ RunTime:0.017730s ]
INFO: [ view_parse ] --END-- [ RunTime:0.017762s ]
INFO: [ view_filter ] --START--
INFO: Run Behavior\WriteHtmlCacheBehavior [ RunTime:0.000524s ]
INFO: [ view_filter ] --END-- [ RunTime:0.000552s ]
INFO: [ app_end ] --START--
INFO: Run Behavior\ShowPageTraceBehavior [ RunTime:0.000702s ]
INFO: [ app_end ] --END-- [ RunTime:0.000755s ]

[ 2017-02-28T05:29:09+08:00 ] ::1 /oa/index.php/Message/Index/detail/id/1.html
INFO: [ app_init ] --START--
INFO: Run Behavior\BuildLiteBehavior [ RunTime:0.000013s ]
INFO: [ app_init ] --END-- [ RunTime:0.000495s ]
INFO: [ app_begin ] --START--
INFO: Run Behavior\ReadHtmlCacheBehavior [ RunTime:0.000620s ]
INFO: [ app_begin ] --END-- [ RunTime:0.000664s ]
SQL: SHOW COLUMNS FROM `oa_message` [ RunTime:0.0028s ]
SQL: SHOW COLUMNS FROM `oa_message` [ RunTime:0.0027s ]
SQL: SELECT * FROM `oa_message` WHERE `id` = 1 LIMIT 1   [ RunTime:0.0003s ]
SQL: UPDATE `oa_message` SET `is_read`='1' WHERE `id` = 1 [ RunTime:0.0013s ]
INFO: [ view_parse ] --START--
INFO: [ template_filter ] --START--
INFO: Run Behavior\ContentReplaceBehavior [ RunTime:0.000090s ]
INFO: [ template_filter ] --END-- [ RunTime:0.000140s ]
NOTIC: [2048] Declaration of Ucenter\Model\UserModel::add() should be compatible with Think\Model::add($data = '', $options = Array, $replace = false) G:\www\oa\Application\Ucenter\Model\UserModel.class.php 第 245 行.
SQL: SHOW COLUMNS FROM `oa_user` [ RunTime:0.0029s ]
SQL: SHOW COLUMNS FROM `oa_user` [ RunTime:0.0024s ]
SQL: SELECT `name` FROM `oa_user` WHERE `id` = 1 LIMIT 1   [ RunTime:0.0002s ]
SQL: SELECT `name` FROM `oa_user` WHERE `id` = 4 LIMIT 1   [ RunTime:0.0005s ]
SQL: SELECT `name` FROM `oa_user` WHERE `id` = 1 LIMIT 1   [ RunTime:0.0002s ]
INFO: Run Behavior\ParseTemplateBehavior [ RunTime:0.018702s ]
INFO: [ view_parse ] --END-- [ RunTime:0.018735s ]
INFO: [ view_filter ] --START--
INFO: Run Behavior\WriteHtmlCacheBehavior [ RunTime:0.000647s ]
INFO: [ view_filter ] --END-- [ RunTime:0.000689s ]
INFO: [ app_end ] --START--
INFO: Run Behavior\ShowPageTraceBehavior [ RunTime:0.001098s ]
INFO: [ app_end ] --END-- [ RunTime:0.001172s ]

[ 2017-02-28T05:29:11+08:00 ] ::1 /oa/index.php/Message/Index/detail/id/1.html
INFO: [ app_init ] --START--
INFO: Run Behavior\BuildLiteBehavior [ RunTime:0.000046s ]
INFO: [ app_init ] --END-- [ RunTime:0.000622s ]
INFO: [ app_begin ] --START--
INFO: Run Behavior\ReadHtmlCacheBehavior [ RunTime:0.000735s ]
INFO: [ app_begin ] --END-- [ RunTime:0.000800s ]
SQL: SHOW COLUMNS FROM `oa_message` [ RunTime:0.0044s ]
SQL: SHOW COLUMNS FROM `oa_message` [ RunTime:0.0031s ]
SQL: SELECT * FROM `oa_message` WHERE `id` = 1 LIMIT 1   [ RunTime:0.0002s ]
INFO: [ view_parse ] --START--
INFO: [ template_filter ] --START--
INFO: Run Behavior\ContentReplaceBehavior [ RunTime:0.000102s ]
INFO: [ template_filter ] --END-- [ RunTime:0.000206s ]
NOTIC: [2048] Declaration of Ucenter\Model\UserModel::add() should be compatible with Think\Model::add($data = '', $options = Array, $replace = false) G:\www\oa\Application\Ucenter\Model\UserModel.class.php 第 245 行.
SQL: SHOW COLUMNS FROM `oa_user` [ RunTime:0.0024s ]
SQL: SHOW COLUMNS FROM `oa_user` [ RunTime:0.0022s ]
SQL: SELECT `name` FROM `oa_user` WHERE `id` = 1 LIMIT 1   [ RunTime:0.0002s ]
SQL: SELECT `name` FROM `oa_user` WHERE `id` = 4 LIMIT 1   [ RunTime:0.0001s ]
SQL: SELECT `name` FROM `oa_user` WHERE `id` = 1 LIMIT 1   [ RunTime:0.0001s ]
INFO: Run Behavior\ParseTemplateBehavior [ RunTime:0.018741s ]
INFO: [ view_parse ] --END-- [ RunTime:0.018772s ]
INFO: [ view_filter ] --START--
INFO: Run Behavior\WriteHtmlCacheBehavior [ RunTime:0.000431s ]
INFO: [ view_filter ] --END-- [ RunTime:0.000459s ]
INFO: [ app_end ] --START--
INFO: Run Behavior\ShowPageTraceBehavior [ RunTime:0.000518s ]
INFO: [ app_end ] --END-- [ RunTime:0.000554s ]

[ 2017-02-28T05:29:12+08:00 ] ::1 /oa/index.php/Message/index/index.html
INFO: [ app_init ] --START--
INFO: Run Behavior\BuildLiteBehavior [ RunTime:0.000011s ]
INFO: [ app_init ] --END-- [ RunTime:0.000371s ]
INFO: [ app_begin ] --START--
INFO: Run Behavior\ReadHtmlCacheBehavior [ RunTime:0.001153s ]
INFO: [ app_begin ] --END-- [ RunTime:0.001264s ]
SQL: SHOW COLUMNS FROM `oa_message` [ RunTime:0.0030s ]
SQL: SHOW COLUMNS FROM `oa_message` [ RunTime:0.0050s ]
SQL: SELECT * FROM `oa_message` WHERE `from_uid` = 1  [ RunTime:0.0004s ]
SQL: SELECT * FROM `oa_message` WHERE `to_uid` = 1  [ RunTime:0.0003s ]
INFO: [ view_parse ] --START--
INFO: [ template_filter ] --START--
INFO: Run Behavior\ContentReplaceBehavior [ RunTime:0.000159s ]
INFO: [ template_filter ] --END-- [ RunTime:0.000287s ]
NOTIC: [2048] Declaration of Ucenter\Model\UserModel::add() should be compatible with Think\Model::add($data = '', $options = Array, $replace = false) G:\www\oa\Application\Ucenter\Model\UserModel.class.php 第 245 行.
SQL: SHOW COLUMNS FROM `oa_user` [ RunTime:0.0034s ]
SQL: SHOW COLUMNS FROM `oa_user` [ RunTime:0.0031s ]
SQL: SELECT `name` FROM `oa_user` WHERE `id` = 1 LIMIT 1   [ RunTime:0.0002s ]
SQL: SELECT `name` FROM `oa_user` WHERE `id` = 4 LIMIT 1   [ RunTime:0.0001s ]
SQL: SELECT `name` FROM `oa_user` WHERE `id` = 10 LIMIT 1   [ RunTime:0.0001s ]
SQL: SELECT `name` FROM `oa_user` WHERE `id` = 11 LIMIT 1   [ RunTime:0.0001s ]
SQL: SELECT `name` FROM `oa_user` WHERE `id` = 4 LIMIT 1   [ RunTime:0.0001s ]
INFO: Run Behavior\ParseTemplateBehavior [ RunTime:0.023461s ]
INFO: [ view_parse ] --END-- [ RunTime:0.023517s ]
INFO: [ view_filter ] --START--
INFO: Run Behavior\WriteHtmlCacheBehavior [ RunTime:0.000426s ]
INFO: [ view_filter ] --END-- [ RunTime:0.000453s ]
INFO: [ app_end ] --START--
INFO: Run Behavior\ShowPageTraceBehavior [ RunTime:0.000531s ]
INFO: [ app_end ] --END-- [ RunTime:0.000563s ]

[ 2017-02-28T05:32:48+08:00 ] ::1 /oa/index.php/Message/index/index.html
INFO: [ app_init ] --START--
INFO: Run Behavior\BuildLiteBehavior [ RunTime:0.000010s ]
INFO: [ app_init ] --END-- [ RunTime:0.000337s ]
INFO: [ app_begin ] --START--
INFO: Run Behavior\ReadHtmlCacheBehavior [ RunTime:0.000498s ]
INFO: [ app_begin ] --END-- [ RunTime:0.000532s ]
SQL: SHOW COLUMNS FROM `oa_message` [ RunTime:0.0038s ]
SQL: SHOW COLUMNS FROM `oa_message` [ RunTime:0.0021s ]
SQL: SELECT * FROM `oa_message` WHERE `from_uid` = 1  [ RunTime:0.0002s ]
SQL: SELECT * FROM `oa_message` WHERE `to_uid` = 1  [ RunTime:0.0002s ]
INFO: [ view_parse ] --START--
INFO: [ template_filter ] --START--
INFO: Run Behavior\ContentReplaceBehavior [ RunTime:0.000111s ]
INFO: [ template_filter ] --END-- [ RunTime:0.000164s ]
NOTIC: [2048] Declaration of Ucenter\Model\UserModel::add() should be compatible with Think\Model::add($data = '', $options = Array, $replace = false) G:\www\oa\Application\Ucenter\Model\UserModel.class.php 第 245 行.
SQL: SHOW COLUMNS FROM `oa_user` [ RunTime:0.0023s ]
SQL: SHOW COLUMNS FROM `oa_user` [ RunTime:0.0020s ]
SQL: SELECT `name` FROM `oa_user` WHERE `id` = 1 LIMIT 1   [ RunTime:0.0002s ]
SQL: SELECT `name` FROM `oa_user` WHERE `id` = 4 LIMIT 1   [ RunTime:0.0001s ]
SQL: SELECT `name` FROM `oa_user` WHERE `id` = 10 LIMIT 1   [ RunTime:0.0001s ]
SQL: SELECT `name` FROM `oa_user` WHERE `id` = 11 LIMIT 1   [ RunTime:0.0001s ]
SQL: SELECT `name` FROM `oa_user` WHERE `id` = 4 LIMIT 1   [ RunTime:0.0001s ]
INFO: Run Behavior\ParseTemplateBehavior [ RunTime:0.016418s ]
INFO: [ view_parse ] --END-- [ RunTime:0.016446s ]
INFO: [ view_filter ] --START--
INFO: Run Behavior\WriteHtmlCacheBehavior [ RunTime:0.000406s ]
INFO: [ view_filter ] --END-- [ RunTime:0.000433s ]
INFO: [ app_end ] --START--
INFO: Run Behavior\ShowPageTraceBehavior [ RunTime:0.000532s ]
INFO: [ app_end ] --END-- [ RunTime:0.000569s ]

[ 2017-02-28T05:33:29+08:00 ] ::1 /oa/index.php/Message/index/index.html
INFO: [ app_init ] --START--
INFO: Run Behavior\BuildLiteBehavior [ RunTime:0.000010s ]
INFO: [ app_init ] --END-- [ RunTime:0.000343s ]
INFO: [ app_begin ] --START--
INFO: Run Behavior\ReadHtmlCacheBehavior [ RunTime:0.000481s ]
INFO: [ app_begin ] --END-- [ RunTime:0.000516s ]
SQL: SHOW COLUMNS FROM `oa_message` [ RunTime:0.0038s ]
SQL: SHOW COLUMNS FROM `oa_message` [ RunTime:0.0023s ]
SQL: SELECT * FROM `oa_message` WHERE `from_uid` = 1  [ RunTime:0.0003s ]
SQL: SELECT * FROM `oa_message` WHERE `to_uid` = 1  [ RunTime:0.0002s ]
INFO: [ view_parse ] --START--
INFO: [ template_filter ] --START--
INFO: Run Behavior\ContentReplaceBehavior [ RunTime:0.000066s ]
INFO: [ template_filter ] --END-- [ RunTime:0.000098s ]
NOTIC: [2048] Declaration of Ucenter\Model\UserModel::add() should be compatible with Think\Model::add($data = '', $options = Array, $replace = false) G:\www\oa\Application\Ucenter\Model\UserModel.class.php 第 245 行.
SQL: SHOW COLUMNS FROM `oa_user` [ RunTime:0.0032s ]
SQL: SHOW COLUMNS FROM `oa_user` [ RunTime:0.0021s ]
SQL: SELECT `name` FROM `oa_user` WHERE `id` = 1 LIMIT 1   [ RunTime:0.0002s ]
SQL: SELECT `name` FROM `oa_user` WHERE `id` = 4 LIMIT 1   [ RunTime:0.0002s ]
SQL: SELECT `name` FROM `oa_user` WHERE `id` = 10 LIMIT 1   [ RunTime:0.0002s ]
SQL: SELECT `name` FROM `oa_user` WHERE `id` = 11 LIMIT 1   [ RunTime:0.0002s ]
SQL: SELECT `name` FROM `oa_user` WHERE `id` = 4 LIMIT 1   [ RunTime:0.0002s ]
INFO: Run Behavior\ParseTemplateBehavior [ RunTime:0.016965s ]
INFO: [ view_parse ] --END-- [ RunTime:0.016996s ]
INFO: [ view_filter ] --START--
INFO: Run Behavior\WriteHtmlCacheBehavior [ RunTime:0.000448s ]
INFO: [ view_filter ] --END-- [ RunTime:0.000477s ]
INFO: [ app_end ] --START--
INFO: Run Behavior\ShowPageTraceBehavior [ RunTime:0.000557s ]
INFO: [ app_end ] --END-- [ RunTime:0.000596s ]

[ 2017-02-28T05:33:31+08:00 ] ::1 /oa/index.php/Message/index/add.html
INFO: [ app_init ] --START--
INFO: Run Behavior\BuildLiteBehavior [ RunTime:0.000011s ]
INFO: [ app_init ] --END-- [ RunTime:0.000586s ]
INFO: [ app_begin ] --START--
INFO: Run Behavior\ReadHtmlCacheBehavior [ RunTime:0.000511s ]
INFO: [ app_begin ] --END-- [ RunTime:0.000545s ]
SQL: SHOW COLUMNS FROM `oa_user` [ RunTime:0.0026s ]
SQL: SELECT * FROM `oa_user` WHERE `id` <> '1'  [ RunTime:0.0003s ]
INFO: [ view_parse ] --START--
INFO: [ template_filter ] --START--
INFO: Run Behavior\ContentReplaceBehavior [ RunTime:0.000103s ]
INFO: [ template_filter ] --END-- [ RunTime:0.000138s ]
NOTIC: [2048] Declaration of Ucenter\Model\UserModel::add() should be compatible with Think\Model::add($data = '', $options = Array, $replace = false) G:\www\oa\Application\Ucenter\Model\UserModel.class.php 第 245 行.
SQL: SHOW COLUMNS FROM `oa_user` [ RunTime:0.0023s ]
SQL: SHOW COLUMNS FROM `oa_user` [ RunTime:0.0020s ]
SQL: SELECT `name` FROM `oa_user` WHERE `id` = 1 LIMIT 1   [ RunTime:0.0002s ]
INFO: Run Behavior\ParseTemplateBehavior [ RunTime:0.016727s ]
INFO: [ view_parse ] --END-- [ RunTime:0.016764s ]
INFO: [ view_filter ] --START--
INFO: Run Behavior\WriteHtmlCacheBehavior [ RunTime:0.000359s ]
INFO: [ view_filter ] --END-- [ RunTime:0.000385s ]
INFO: [ app_end ] --START--
INFO: Run Behavior\ShowPageTraceBehavior [ RunTime:0.000488s ]
INFO: [ app_end ] --END-- [ RunTime:0.000519s ]

[ 2017-02-28T05:35:18+08:00 ] ::1 /oa/index.php/Message/index/add.html
INFO: [ app_init ] --START--
INFO: Run Behavior\BuildLiteBehavior [ RunTime:0.000021s ]
INFO: [ app_init ] --END-- [ RunTime:0.000379s ]
INFO: [ app_begin ] --START--
INFO: Run Behavior\ReadHtmlCacheBehavior [ RunTime:0.000524s ]
INFO: [ app_begin ] --END-- [ RunTime:0.000565s ]
SQL: SHOW COLUMNS FROM `oa_user` [ RunTime:0.0112s ]
SQL: SELECT * FROM `oa_user` WHERE `id` <> '1'  [ RunTime:0.0005s ]
INFO: [ view_parse ] --START--
INFO: [ template_filter ] --START--
INFO: Run Behavior\ContentReplaceBehavior [ RunTime:0.000121s ]
INFO: [ template_filter ] --END-- [ RunTime:0.000181s ]
NOTIC: [2048] Declaration of Ucenter\Model\UserModel::add() should be compatible with Think\Model::add($data = '', $options = Array, $replace = false) G:\www\oa\Application\Ucenter\Model\UserModel.class.php 第 245 行.
SQL: SHOW COLUMNS FROM `oa_user` [ RunTime:0.0030s ]
SQL: SHOW COLUMNS FROM `oa_user` [ RunTime:0.0032s ]
SQL: SELECT `name` FROM `oa_user` WHERE `id` = 1 LIMIT 1   [ RunTime:0.0011s ]
INFO: Run Behavior\ParseTemplateBehavior [ RunTime:0.025949s ]
INFO: [ view_parse ] --END-- [ RunTime:0.026018s ]
INFO: [ view_filter ] --START--
INFO: Run Behavior\WriteHtmlCacheBehavior [ RunTime:0.001524s ]
INFO: [ view_filter ] --END-- [ RunTime:0.001605s ]
INFO: [ app_end ] --START--
INFO: Run Behavior\ShowPageTraceBehavior [ RunTime:0.003066s ]
INFO: [ app_end ] --END-- [ RunTime:0.003156s ]

[ 2017-02-28T05:57:03+08:00 ] ::1 /oa/index.php/Message/Index/index.html
INFO: [ app_init ] --START--
INFO: Run Behavior\BuildLiteBehavior [ RunTime:0.000010s ]
INFO: [ app_init ] --END-- [ RunTime:0.000413s ]
INFO: [ app_begin ] --START--
INFO: Run Behavior\ReadHtmlCacheBehavior [ RunTime:0.000529s ]
INFO: [ app_begin ] --END-- [ RunTime:0.000564s ]
SQL: SHOW COLUMNS FROM `oa_message` [ RunTime:0.0039s ]
SQL: SHOW COLUMNS FROM `oa_message` [ RunTime:0.0022s ]
SQL: SELECT * FROM `oa_message` WHERE `from_uid` = 1  [ RunTime:0.0002s ]
SQL: SELECT * FROM `oa_message` WHERE `to_uid` = 1  [ RunTime:0.0002s ]
INFO: [ view_parse ] --START--
INFO: [ template_filter ] --START--
INFO: Run Behavior\ContentReplaceBehavior [ RunTime:0.000183s ]
INFO: [ template_filter ] --END-- [ RunTime:0.000273s ]
NOTIC: [2048] Declaration of Ucenter\Model\UserModel::add() should be compatible with Think\Model::add($data = '', $options = Array, $replace = false) G:\www\oa\Application\Ucenter\Model\UserModel.class.php 第 245 行.
SQL: SHOW COLUMNS FROM `oa_user` [ RunTime:0.0032s ]
SQL: SHOW COLUMNS FROM `oa_user` [ RunTime:0.0022s ]
SQL: SELECT `name` FROM `oa_user` WHERE `id` = 1 LIMIT 1   [ RunTime:0.0002s ]
SQL: SHOW COLUMNS FROM `oa_message` [ RunTime:0.0027s ]
SQL: SELECT * FROM `oa_message` WHERE `to_uid` = 1 AND `is_read` = 0  [ RunTime:0.0003s ]
SQL: SELECT `name` FROM `oa_user` WHERE `id` = 4 LIMIT 1   [ RunTime:0.0003s ]
SQL: SELECT `name` FROM `oa_user` WHERE `id` = 10 LIMIT 1   [ RunTime:0.0033s ]
SQL: SELECT `name` FROM `oa_user` WHERE `id` = 11 LIMIT 1   [ RunTime:0.0015s ]
SQL: SELECT `name` FROM `oa_user` WHERE `id` = 4 LIMIT 1   [ RunTime:0.0017s ]
INFO: Run Behavior\ParseTemplateBehavior [ RunTime:0.042791s ]
INFO: [ view_parse ] --END-- [ RunTime:0.042972s ]
INFO: [ view_filter ] --START--
INFO: Run Behavior\WriteHtmlCacheBehavior [ RunTime:0.002185s ]
INFO: [ view_filter ] --END-- [ RunTime:0.002331s ]
INFO: [ app_end ] --START--
INFO: Run Behavior\ShowPageTraceBehavior [ RunTime:0.000936s ]
INFO: [ app_end ] --END-- [ RunTime:0.000994s ]

[ 2017-02-28T05:58:59+08:00 ] ::1 /oa/index.php/Message/Index/index.html
INFO: [ app_init ] --START--
INFO: Run Behavior\BuildLiteBehavior [ RunTime:0.000009s ]
INFO: [ app_init ] --END-- [ RunTime:0.000324s ]
INFO: [ app_begin ] --START--
INFO: Run Behavior\ReadHtmlCacheBehavior [ RunTime:0.000584s ]
INFO: [ app_begin ] --END-- [ RunTime:0.000625s ]
SQL: SHOW COLUMNS FROM `oa_message` [ RunTime:0.0024s ]
SQL: SHOW COLUMNS FROM `oa_message` [ RunTime:0.0021s ]
SQL: SELECT * FROM `oa_message` WHERE `from_uid` = 1  [ RunTime:0.0003s ]
SQL: SELECT * FROM `oa_message` WHERE `to_uid` = 1  [ RunTime:0.0001s ]
INFO: [ view_parse ] --START--
INFO: [ template_filter ] --START--
INFO: Run Behavior\ContentReplaceBehavior [ RunTime:0.000131s ]
INFO: [ template_filter ] --END-- [ RunTime:0.000246s ]
NOTIC: [2048] Declaration of Ucenter\Model\UserModel::add() should be compatible with Think\Model::add($data = '', $options = Array, $replace = false) G:\www\oa\Application\Ucenter\Model\UserModel.class.php 第 245 行.
SQL: SHOW COLUMNS FROM `oa_user` [ RunTime:0.0023s ]
SQL: SHOW COLUMNS FROM `oa_user` [ RunTime:0.0020s ]
SQL: SELECT `name` FROM `oa_user` WHERE `id` = 1 LIMIT 1   [ RunTime:0.0002s ]
SQL: SELECT `name` FROM `oa_user` WHERE `id` = 4 LIMIT 1   [ RunTime:0.0001s ]
SQL: SELECT `name` FROM `oa_user` WHERE `id` = 10 LIMIT 1   [ RunTime:0.0001s ]
SQL: SELECT `name` FROM `oa_user` WHERE `id` = 11 LIMIT 1   [ RunTime:0.0001s ]
SQL: SELECT `name` FROM `oa_user` WHERE `id` = 4 LIMIT 1   [ RunTime:0.0001s ]
INFO: Run Behavior\ParseTemplateBehavior [ RunTime:0.016250s ]
INFO: [ view_parse ] --END-- [ RunTime:0.016279s ]
INFO: [ view_filter ] --START--
INFO: Run Behavior\WriteHtmlCacheBehavior [ RunTime:0.000488s ]
INFO: [ view_filter ] --END-- [ RunTime:0.000515s ]
INFO: [ app_end ] --START--
INFO: Run Behavior\ShowPageTraceBehavior [ RunTime:0.000574s ]
INFO: [ app_end ] --END-- [ RunTime:0.000613s ]

[ 2017-02-28T05:59:01+08:00 ] ::1 /oa/index.php/Message/Index/index.html
INFO: [ app_init ] --START--
INFO: Run Behavior\BuildLiteBehavior [ RunTime:0.000011s ]
INFO: [ app_init ] --END-- [ RunTime:0.000472s ]
INFO: [ app_begin ] --START--
INFO: Run Behavior\ReadHtmlCacheBehavior [ RunTime:0.000721s ]
INFO: [ app_begin ] --END-- [ RunTime:0.000767s ]
SQL: SHOW COLUMNS FROM `oa_message` [ RunTime:0.0033s ]
SQL: SHOW COLUMNS FROM `oa_message` [ RunTime:0.0026s ]
SQL: SELECT * FROM `oa_message` WHERE `from_uid` = 1  [ RunTime:0.0003s ]
SQL: SELECT * FROM `oa_message` WHERE `to_uid` = 1  [ RunTime:0.0002s ]
INFO: [ view_parse ] --START--
INFO: [ template_filter ] --START--
INFO: Run Behavior\ContentReplaceBehavior [ RunTime:0.000059s ]
INFO: [ template_filter ] --END-- [ RunTime:0.000098s ]
NOTIC: [2048] Declaration of Ucenter\Model\UserModel::add() should be compatible with Think\Model::add($data = '', $options = Array, $replace = false) G:\www\oa\Application\Ucenter\Model\UserModel.class.php 第 245 行.
SQL: SHOW COLUMNS FROM `oa_user` [ RunTime:0.0022s ]
SQL: SHOW COLUMNS FROM `oa_user` [ RunTime:0.0019s ]
SQL: SELECT `name` FROM `oa_user` WHERE `id` = 1 LIMIT 1   [ RunTime:0.0002s ]
SQL: SELECT `name` FROM `oa_user` WHERE `id` = 4 LIMIT 1   [ RunTime:0.0001s ]
SQL: SELECT `name` FROM `oa_user` WHERE `id` = 10 LIMIT 1   [ RunTime:0.0001s ]
SQL: SELECT `name` FROM `oa_user` WHERE `id` = 11 LIMIT 1   [ RunTime:0.0002s ]
SQL: SELECT `name` FROM `oa_user` WHERE `id` = 4 LIMIT 1   [ RunTime:0.0002s ]
INFO: Run Behavior\ParseTemplateBehavior [ RunTime:0.017205s ]
INFO: [ view_parse ] --END-- [ RunTime:0.017239s ]
INFO: [ view_filter ] --START--
INFO: Run Behavior\WriteHtmlCacheBehavior [ RunTime:0.000577s ]
INFO: [ view_filter ] --END-- [ RunTime:0.000609s ]
INFO: [ app_end ] --START--
INFO: Run Behavior\ShowPageTraceBehavior [ RunTime:0.000690s ]
INFO: [ app_end ] --END-- [ RunTime:0.000725s ]

[ 2017-02-28T05:59:31+08:00 ] ::1 /oa/index.php/Message/Index/index.html
INFO: [ app_init ] --START--
INFO: Run Behavior\BuildLiteBehavior [ RunTime:0.000011s ]
INFO: [ app_init ] --END-- [ RunTime:0.000420s ]
INFO: [ app_begin ] --START--
INFO: Run Behavior\ReadHtmlCacheBehavior [ RunTime:0.000627s ]
INFO: [ app_begin ] --END-- [ RunTime:0.000666s ]
SQL: SHOW COLUMNS FROM `oa_message` [ RunTime:0.0033s ]
SQL: SHOW COLUMNS FROM `oa_message` [ RunTime:0.0023s ]
SQL: SELECT * FROM `oa_message` WHERE `from_uid` = 1  [ RunTime:0.0002s ]
SQL: SELECT * FROM `oa_message` WHERE `to_uid` = 1  [ RunTime:0.0002s ]
INFO: [ view_parse ] --START--
INFO: [ template_filter ] --START--
INFO: Run Behavior\ContentReplaceBehavior [ RunTime:0.000060s ]
INFO: [ template_filter ] --END-- [ RunTime:0.000100s ]
NOTIC: [2048] Declaration of Ucenter\Model\UserModel::add() should be compatible with Think\Model::add($data = '', $options = Array, $replace = false) G:\www\oa\Application\Ucenter\Model\UserModel.class.php 第 245 行.
SQL: SHOW COLUMNS FROM `oa_user` [ RunTime:0.0033s ]
SQL: SHOW COLUMNS FROM `oa_user` [ RunTime:0.0022s ]
SQL: SELECT `name` FROM `oa_user` WHERE `id` = 1 LIMIT 1   [ RunTime:0.0002s ]
SQL: SELECT `name` FROM `oa_user` WHERE `id` = 4 LIMIT 1   [ RunTime:0.0001s ]
SQL: SELECT `name` FROM `oa_user` WHERE `id` = 10 LIMIT 1   [ RunTime:0.0001s ]
SQL: SELECT `name` FROM `oa_user` WHERE `id` = 11 LIMIT 1   [ RunTime:0.0001s ]
SQL: SELECT `name` FROM `oa_user` WHERE `id` = 4 LIMIT 1   [ RunTime:0.0001s ]
INFO: Run Behavior\ParseTemplateBehavior [ RunTime:0.016304s ]
INFO: [ view_parse ] --END-- [ RunTime:0.016331s ]
INFO: [ view_filter ] --START--
INFO: Run Behavior\WriteHtmlCacheBehavior [ RunTime:0.000544s ]
INFO: [ view_filter ] --END-- [ RunTime:0.000571s ]
INFO: [ app_end ] --START--
INFO: Run Behavior\ShowPageTraceBehavior [ RunTime:0.000607s ]
INFO: [ app_end ] --END-- [ RunTime:0.000652s ]

