[ 2016-12-31T21:55:02+08:00 ] 192.168.0.187 /oa/index.php/Task/index/index.html
INFO: [ app_init ] --START--
INFO: Run Behavior\BuildLiteBehavior [ RunTime:0.000010s ]
INFO: [ app_init ] --END-- [ RunTime:0.000328s ]
INFO: [ app_begin ] --START--
INFO: Run Behavior\ReadHtmlCacheBehavior [ RunTime:0.000540s ]
INFO: [ app_begin ] --END-- [ RunTime:0.000575s ]
SQL: SHOW COLUMNS FROM `oa_task` [ RunTime:0.0037s ]
SQL: SELECT COUNT(*) AS tp_count FROM `oa_task` LIMIT 1   [ RunTime:0.0002s ]
SQL: SELECT * FROM `oa_task` ORDER BY create_time DESC LIMIT 0,15   [ RunTime:0.0005s ]
INFO: [ view_parse ] --START--
INFO: [ template_filter ] --START--
INFO: Run Behavior\ContentReplaceBehavior [ RunTime:0.000096s ]
INFO: [ template_filter ] --END-- [ RunTime:0.000127s ]
NOTIC: [8] Undefined variable: uid G:\www\oa\Application\Runtime\Cache\Task\5499eec145af0c666fbe97fd83c6c022.php 第 93 行.
INFO: Run Behavior\ParseTemplateBehavior [ RunTime:0.040320s ]
INFO: [ view_parse ] --END-- [ RunTime:0.040355s ]
INFO: [ view_filter ] --START--
INFO: Run Behavior\WriteHtmlCacheBehavior [ RunTime:0.000372s ]
INFO: [ view_filter ] --END-- [ RunTime:0.000402s ]
INFO: [ app_end ] --START--
INFO: Run Behavior\ShowPageTraceBehavior [ RunTime:0.000508s ]
INFO: [ app_end ] --END-- [ RunTime:0.000542s ]

