[ 2017-02-28T05:41:53+08:00 ] ::1 /oa/index.php/Task/index/index.html
INFO: [ app_init ] --START--
INFO: Run Behavior\BuildLiteBehavior [ RunTime:0.000012s ]
INFO: [ app_init ] --END-- [ RunTime:0.000506s ]
INFO: [ app_begin ] --START--
INFO: Run Behavior\ReadHtmlCacheBehavior [ RunTime:0.000704s ]
INFO: [ app_begin ] --END-- [ RunTime:0.000773s ]
SQL: SHOW COLUMNS FROM `oa_task` [ RunTime:0.0110s ]
SQL: SELECT COUNT(*) AS tp_count FROM `oa_task` LIMIT 1   [ RunTime:0.0007s ]
SQL: SELECT * FROM `oa_task` ORDER BY create_time DESC LIMIT 0,15   [ RunTime:0.0006s ]
INFO: [ view_parse ] --START--
INFO: [ template_filter ] --START--
INFO: Run Behavior\ContentReplaceBehavior [ RunTime:0.000256s ]
INFO: [ template_filter ] --END-- [ RunTime:0.000374s ]
NOTIC: [2048] Declaration of Ucenter\Model\UserModel::add() should be compatible with Think\Model::add($data = '', $options = Array, $replace = false) G:\www\oa\Application\Ucenter\Model\UserModel.class.php 第 245 行.
SQL: SHOW COLUMNS FROM `oa_user` [ RunTime:0.0027s ]
SQL: SHOW COLUMNS FROM `oa_user` [ RunTime:0.0022s ]
SQL: SELECT `name` FROM `oa_user` WHERE `id` = 1 LIMIT 1   [ RunTime:0.0002s ]
NOTIC: [2048] Declaration of Depart\Model\DepartmentModel::add() should be compatible with Think\Model::add($data = '', $options = Array, $replace = false) G:\www\oa\Application\Depart\Model\DepartmentModel.class.php 第 186 行.
NOTIC: [2048] Declaration of Depart\Model\DepartmentModel::delete() should be compatible with Think\Model::delete($options = Array) G:\www\oa\Application\Depart\Model\DepartmentModel.class.php 第 186 行.
NOTIC: [2048] Declaration of Depart\Model\DepartmentModel::check() should be compatible with Think\Model::check($value, $rule, $type = 'regex') G:\www\oa\Application\Depart\Model\DepartmentModel.class.php 第 186 行.
SQL: SHOW COLUMNS FROM `oa_department` [ RunTime:0.0028s ]
SQL: SHOW COLUMNS FROM `oa_department` [ RunTime:0.0022s ]
SQL: SELECT `pname` FROM `oa_department` WHERE `id` = 1 LIMIT 1   [ RunTime:0.0006s ]
SQL: SELECT `pname` FROM `oa_department` WHERE `id` = 1 LIMIT 1   [ RunTime:0.0002s ]
INFO: Run Behavior\ParseTemplateBehavior [ RunTime:0.050019s ]
INFO: [ view_parse ] --END-- [ RunTime:0.050136s ]
INFO: [ view_filter ] --START--
INFO: Run Behavior\WriteHtmlCacheBehavior [ RunTime:0.000504s ]
INFO: [ view_filter ] --END-- [ RunTime:0.000536s ]
INFO: [ app_end ] --START--
INFO: Run Behavior\ShowPageTraceBehavior [ RunTime:0.000536s ]
INFO: [ app_end ] --END-- [ RunTime:0.000572s ]

