[ 2017-03-30T18:16:54+08:00 ] ::1 /oa/index.php/Task/index/index.html
INFO: [ app_init ] --START--
INFO: Run Behavior\BuildLiteBehavior [ RunTime:0.000014s ]
INFO: [ app_init ] --END-- [ RunTime:0.000495s ]
INFO: [ app_begin ] --START--
INFO: Run Behavior\ReadHtmlCacheBehavior [ RunTime:0.000665s ]
INFO: [ app_begin ] --END-- [ RunTime:0.000717s ]
SQL: SHOW COLUMNS FROM `oa_task` [ RunTime:0.0068s ]
SQL: SELECT COUNT(*) AS tp_count FROM `oa_task` LIMIT 1   [ RunTime:0.0007s ]
SQL: SELECT * FROM `oa_task` ORDER BY create_time DESC LIMIT 0,15   [ RunTime:0.0004s ]
INFO: [ view_parse ] --START--
INFO: [ template_filter ] --START--
INFO: Run Behavior\ContentReplaceBehavior [ RunTime:0.000086s ]
INFO: [ template_filter ] --END-- [ RunTime:0.000137s ]
SQL: SHOW COLUMNS FROM `oa_menu` [ RunTime:0.0036s ]
SQL: SHOW COLUMNS FROM `oa_menu` [ RunTime:0.0033s ]
SQL: SELECT * FROM `oa_menu` WHERE `upid` = 0 ORDER BY sort ASC  [ RunTime:0.0003s ]
SQL: SELECT * FROM `oa_menu` WHERE `upid` > '0'  [ RunTime:0.0003s ]
INFO: [ view_parse ] --START--
INFO: [ template_filter ] --START--
INFO: Run Behavior\ContentReplaceBehavior [ RunTime:0.000039s ]
INFO: [ template_filter ] --END-- [ RunTime:-0.026747s ]
INFO: Run Behavior\ParseTemplateBehavior [ RunTime:0.004106s ]
INFO: [ view_parse ] --END-- [ RunTime:0.004159s ]
INFO: [ view_filter ] --START--
INFO: Run Behavior\WriteHtmlCacheBehavior [ RunTime:0.000517s ]
INFO: [ view_filter ] --END-- [ RunTime:0.000562s ]
NOTIC: [2048] Declaration of Ucenter\Model\UserModel::add() should be compatible with Think\Model::add($data = '', $options = Array, $replace = false) G:\www\oa\Application\Ucenter\Model\UserModel.class.php 第 267 行.
SQL: SHOW COLUMNS FROM `oa_user` [ RunTime:0.0034s ]
SQL: SHOW COLUMNS FROM `oa_user` [ RunTime:0.0031s ]
SQL: SELECT `name` FROM `oa_user` WHERE `id` = 1 LIMIT 1   [ RunTime:0.0002s ]
NOTIC: [2048] Declaration of Depart\Model\DepartmentModel::add() should be compatible with Think\Model::add($data = '', $options = Array, $replace = false) G:\www\oa\Application\Depart\Model\DepartmentModel.class.php 第 196 行.
NOTIC: [2048] Declaration of Depart\Model\DepartmentModel::delete() should be compatible with Think\Model::delete($options = Array) G:\www\oa\Application\Depart\Model\DepartmentModel.class.php 第 196 行.
NOTIC: [2048] Declaration of Depart\Model\DepartmentModel::check() should be compatible with Think\Model::check($value, $rule, $type = 'regex') G:\www\oa\Application\Depart\Model\DepartmentModel.class.php 第 196 行.
SQL: SHOW COLUMNS FROM `oa_department` [ RunTime:0.0072s ]
SQL: SHOW COLUMNS FROM `oa_department` [ RunTime:0.0077s ]
SQL: SELECT `pname` FROM `oa_department` WHERE `id` = 1 LIMIT 1   [ RunTime:0.0006s ]
SQL: SELECT `pname` FROM `oa_department` WHERE `id` = 1 LIMIT 1   [ RunTime:0.0005s ]
INFO: Run Behavior\ParseTemplateBehavior [ RunTime:0.047378s ]
INFO: [ view_parse ] --END-- [ RunTime:0.004159s ]
INFO: [ view_filter ] --START--
INFO: Run Behavior\WriteHtmlCacheBehavior [ RunTime:0.000021s ]
INFO: [ view_filter ] --END-- [ RunTime:-0.042745s ]
INFO: [ app_end ] --START--
INFO: Run Behavior\ShowPageTraceBehavior [ RunTime:0.001517s ]
INFO: [ app_end ] --END-- [ RunTime:0.001611s ]

[ 2017-03-30T18:18:00+08:00 ] ::1 /oa/index.php/Task/index/index.html
INFO: [ app_init ] --START--
INFO: Run Behavior\BuildLiteBehavior [ RunTime:0.000014s ]
INFO: [ app_init ] --END-- [ RunTime:0.000452s ]
INFO: [ app_begin ] --START--
INFO: Run Behavior\ReadHtmlCacheBehavior [ RunTime:0.000552s ]
INFO: [ app_begin ] --END-- [ RunTime:0.000601s ]
SQL: SHOW COLUMNS FROM `oa_task` [ RunTime:0.0048s ]
SQL: SELECT COUNT(*) AS tp_count FROM `oa_task` LIMIT 1   [ RunTime:0.0002s ]
SQL: SELECT * FROM `oa_task` ORDER BY create_time DESC LIMIT 0,15   [ RunTime:0.0003s ]
INFO: [ view_parse ] --START--
INFO: [ template_filter ] --START--
INFO: Run Behavior\ContentReplaceBehavior [ RunTime:0.000086s ]
INFO: [ template_filter ] --END-- [ RunTime:0.000133s ]
SQL: SHOW COLUMNS FROM `oa_menu` [ RunTime:0.0034s ]
SQL: SHOW COLUMNS FROM `oa_menu` [ RunTime:0.0031s ]
SQL: SELECT * FROM `oa_menu` WHERE `upid` = 0 ORDER BY sort ASC  [ RunTime:0.0003s ]
SQL: SELECT * FROM `oa_menu` WHERE `upid` > '0'  [ RunTime:0.0003s ]
INFO: [ view_parse ] --START--
INFO: [ template_filter ] --START--
INFO: Run Behavior\ContentReplaceBehavior [ RunTime:0.000039s ]
INFO: [ template_filter ] --END-- [ RunTime:-0.012388s ]
INFO: Run Behavior\ParseTemplateBehavior [ RunTime:0.004170s ]
INFO: [ view_parse ] --END-- [ RunTime:0.004258s ]
INFO: [ view_filter ] --START--
INFO: Run Behavior\WriteHtmlCacheBehavior [ RunTime:0.000821s ]
INFO: [ view_filter ] --END-- [ RunTime:0.000864s ]
NOTIC: [2048] Declaration of Ucenter\Model\UserModel::add() should be compatible with Think\Model::add($data = '', $options = Array, $replace = false) G:\www\oa\Application\Ucenter\Model\UserModel.class.php 第 267 行.
SQL: SHOW COLUMNS FROM `oa_user` [ RunTime:0.0035s ]
SQL: SHOW COLUMNS FROM `oa_user` [ RunTime:0.0031s ]
SQL: SELECT `name` FROM `oa_user` WHERE `id` = 1 LIMIT 1   [ RunTime:0.0002s ]
NOTIC: [2048] Declaration of Depart\Model\DepartmentModel::add() should be compatible with Think\Model::add($data = '', $options = Array, $replace = false) G:\www\oa\Application\Depart\Model\DepartmentModel.class.php 第 196 行.
NOTIC: [2048] Declaration of Depart\Model\DepartmentModel::delete() should be compatible with Think\Model::delete($options = Array) G:\www\oa\Application\Depart\Model\DepartmentModel.class.php 第 196 行.
NOTIC: [2048] Declaration of Depart\Model\DepartmentModel::check() should be compatible with Think\Model::check($value, $rule, $type = 'regex') G:\www\oa\Application\Depart\Model\DepartmentModel.class.php 第 196 行.
SQL: SHOW COLUMNS FROM `oa_department` [ RunTime:0.0031s ]
SQL: SHOW COLUMNS FROM `oa_department` [ RunTime:0.0033s ]
SQL: SELECT `pname` FROM `oa_department` WHERE `id` = 1 LIMIT 1   [ RunTime:0.0003s ]
SQL: SELECT `pname` FROM `oa_department` WHERE `id` = 1 LIMIT 1   [ RunTime:0.0002s ]
INFO: Run Behavior\ParseTemplateBehavior [ RunTime:0.022122s ]
INFO: [ view_parse ] --END-- [ RunTime:0.004258s ]
INFO: [ view_filter ] --START--
INFO: Run Behavior\WriteHtmlCacheBehavior [ RunTime:0.000010s ]
INFO: [ view_filter ] --END-- [ RunTime:-0.017016s ]
INFO: [ app_end ] --START--
INFO: Run Behavior\ShowPageTraceBehavior [ RunTime:0.000623s ]
INFO: [ app_end ] --END-- [ RunTime:0.000665s ]

[ 2017-03-30T18:19:01+08:00 ] ::1 /oa/index.php/Task/index/index.html
INFO: [ app_init ] --START--
INFO: Run Behavior\BuildLiteBehavior [ RunTime:0.000012s ]
INFO: [ app_init ] --END-- [ RunTime:0.000404s ]
INFO: [ app_begin ] --START--
INFO: Run Behavior\ReadHtmlCacheBehavior [ RunTime:0.000454s ]
INFO: [ app_begin ] --END-- [ RunTime:0.000491s ]
SQL: SHOW COLUMNS FROM `oa_task` [ RunTime:0.0030s ]
SQL: SELECT COUNT(*) AS tp_count FROM `oa_task` LIMIT 1   [ RunTime:0.0002s ]
SQL: SELECT * FROM `oa_task` ORDER BY create_time DESC LIMIT 0,15   [ RunTime:0.0002s ]
INFO: [ view_parse ] --START--
INFO: [ template_filter ] --START--
INFO: Run Behavior\ContentReplaceBehavior [ RunTime:0.000071s ]
INFO: [ template_filter ] --END-- [ RunTime:0.000107s ]
SQL: SHOW COLUMNS FROM `oa_menu` [ RunTime:0.0037s ]
SQL: SHOW COLUMNS FROM `oa_menu` [ RunTime:0.0024s ]
SQL: SELECT * FROM `oa_menu` WHERE `upid` = 0 ORDER BY sort ASC  [ RunTime:0.0002s ]
SQL: SELECT * FROM `oa_menu` WHERE `upid` > '0'  [ RunTime:0.0002s ]
INFO: [ view_parse ] --START--
INFO: [ template_filter ] --START--
INFO: Run Behavior\ContentReplaceBehavior [ RunTime:0.000031s ]
INFO: [ template_filter ] --END-- [ RunTime:-0.013383s ]
INFO: Run Behavior\ParseTemplateBehavior [ RunTime:0.003023s ]
INFO: [ view_parse ] --END-- [ RunTime:0.003056s ]
INFO: [ view_filter ] --START--
INFO: Run Behavior\WriteHtmlCacheBehavior [ RunTime:0.000329s ]
INFO: [ view_filter ] --END-- [ RunTime:0.000356s ]
NOTIC: [2048] Declaration of Ucenter\Model\UserModel::add() should be compatible with Think\Model::add($data = '', $options = Array, $replace = false) G:\www\oa\Application\Ucenter\Model\UserModel.class.php 第 267 行.
SQL: SHOW COLUMNS FROM `oa_user` [ RunTime:0.0038s ]
SQL: SHOW COLUMNS FROM `oa_user` [ RunTime:0.0032s ]
SQL: SELECT `name` FROM `oa_user` WHERE `id` = 1 LIMIT 1   [ RunTime:0.0002s ]
NOTIC: [2048] Declaration of Depart\Model\DepartmentModel::add() should be compatible with Think\Model::add($data = '', $options = Array, $replace = false) G:\www\oa\Application\Depart\Model\DepartmentModel.class.php 第 196 行.
NOTIC: [2048] Declaration of Depart\Model\DepartmentModel::delete() should be compatible with Think\Model::delete($options = Array) G:\www\oa\Application\Depart\Model\DepartmentModel.class.php 第 196 行.
NOTIC: [2048] Declaration of Depart\Model\DepartmentModel::check() should be compatible with Think\Model::check($value, $rule, $type = 'regex') G:\www\oa\Application\Depart\Model\DepartmentModel.class.php 第 196 行.
SQL: SHOW COLUMNS FROM `oa_department` [ RunTime:0.0024s ]
SQL: SHOW COLUMNS FROM `oa_department` [ RunTime:0.0023s ]
SQL: SELECT `pname` FROM `oa_department` WHERE `id` = 1 LIMIT 1   [ RunTime:0.0002s ]
SQL: SELECT `pname` FROM `oa_department` WHERE `id` = 1 LIMIT 1   [ RunTime:0.0001s ]
INFO: Run Behavior\ParseTemplateBehavior [ RunTime:0.018508s ]
INFO: [ view_parse ] --END-- [ RunTime:0.003056s ]
INFO: [ view_filter ] --START--
INFO: Run Behavior\WriteHtmlCacheBehavior [ RunTime:0.000008s ]
INFO: [ view_filter ] --END-- [ RunTime:-0.015126s ]
INFO: [ app_end ] --START--
INFO: Run Behavior\ShowPageTraceBehavior [ RunTime:0.000559s ]
INFO: [ app_end ] --END-- [ RunTime:0.000593s ]

[ 2017-03-30T18:19:03+08:00 ] ::1 /oa/index.php/Task/index/not_deal.html
INFO: [ app_init ] --START--
INFO: Run Behavior\BuildLiteBehavior [ RunTime:0.000018s ]
INFO: [ app_init ] --END-- [ RunTime:0.000540s ]
INFO: [ app_begin ] --START--
INFO: Run Behavior\ReadHtmlCacheBehavior [ RunTime:0.001051s ]
INFO: [ app_begin ] --END-- [ RunTime:0.001146s ]
SQL: SHOW COLUMNS FROM `oa_task` [ RunTime:0.0063s ]
SQL: SELECT COUNT(*) AS tp_count FROM `oa_task` LIMIT 1   [ RunTime:0.0003s ]
SQL: SELECT * FROM `oa_task` WHERE `status` = 1 ORDER BY create_time DESC LIMIT 0,15   [ RunTime:0.0003s ]
INFO: [ view_parse ] --START--
INFO: [ template_filter ] --START--
INFO: Run Behavior\ContentReplaceBehavior [ RunTime:0.000100s ]
INFO: [ template_filter ] --END-- [ RunTime:0.000163s ]
SQL: SHOW COLUMNS FROM `oa_menu` [ RunTime:0.0037s ]
SQL: SHOW COLUMNS FROM `oa_menu` [ RunTime:0.0032s ]
SQL: SELECT * FROM `oa_menu` WHERE `upid` = 0 ORDER BY sort ASC  [ RunTime:0.0004s ]
SQL: SELECT * FROM `oa_menu` WHERE `upid` > '0'  [ RunTime:0.0003s ]
INFO: [ view_parse ] --START--
INFO: [ template_filter ] --START--
INFO: Run Behavior\ContentReplaceBehavior [ RunTime:0.000033s ]
INFO: [ template_filter ] --END-- [ RunTime:-0.013871s ]
INFO: Run Behavior\ParseTemplateBehavior [ RunTime:0.003215s ]
INFO: [ view_parse ] --END-- [ RunTime:0.003254s ]
INFO: [ view_filter ] --START--
INFO: Run Behavior\WriteHtmlCacheBehavior [ RunTime:0.000346s ]
INFO: [ view_filter ] --END-- [ RunTime:0.000375s ]
NOTIC: [2048] Declaration of Ucenter\Model\UserModel::add() should be compatible with Think\Model::add($data = '', $options = Array, $replace = false) G:\www\oa\Application\Ucenter\Model\UserModel.class.php 第 267 行.
SQL: SHOW COLUMNS FROM `oa_user` [ RunTime:0.0047s ]
SQL: SHOW COLUMNS FROM `oa_user` [ RunTime:0.0032s ]
SQL: SELECT `name` FROM `oa_user` WHERE `id` = 1 LIMIT 1   [ RunTime:0.0002s ]
NOTIC: [2048] Declaration of Depart\Model\DepartmentModel::add() should be compatible with Think\Model::add($data = '', $options = Array, $replace = false) G:\www\oa\Application\Depart\Model\DepartmentModel.class.php 第 196 行.
NOTIC: [2048] Declaration of Depart\Model\DepartmentModel::delete() should be compatible with Think\Model::delete($options = Array) G:\www\oa\Application\Depart\Model\DepartmentModel.class.php 第 196 行.
NOTIC: [2048] Declaration of Depart\Model\DepartmentModel::check() should be compatible with Think\Model::check($value, $rule, $type = 'regex') G:\www\oa\Application\Depart\Model\DepartmentModel.class.php 第 196 行.
SQL: SHOW COLUMNS FROM `oa_department` [ RunTime:0.0027s ]
SQL: SHOW COLUMNS FROM `oa_department` [ RunTime:0.0025s ]
SQL: SELECT `pname` FROM `oa_department` WHERE `id` = 1 LIMIT 1   [ RunTime:0.0002s ]
INFO: Run Behavior\ParseTemplateBehavior [ RunTime:0.020118s ]
INFO: [ view_parse ] --END-- [ RunTime:0.003254s ]
INFO: [ view_filter ] --START--
INFO: Run Behavior\WriteHtmlCacheBehavior [ RunTime:0.000007s ]
INFO: [ view_filter ] --END-- [ RunTime:-0.016525s ]
INFO: [ app_end ] --START--
INFO: Run Behavior\ShowPageTraceBehavior [ RunTime:0.000664s ]
INFO: [ app_end ] --END-- [ RunTime:0.000707s ]

