[ 2017-05-16T11:55:38+08:00 ] ::1 /oa/index.php/Task/index/index.html
INFO: [ app_init ] --START--
INFO: Run Behavior\BuildLiteBehavior [ RunTime:0.000011s ]
INFO: [ app_init ] --END-- [ RunTime:0.000383s ]
INFO: [ app_begin ] --START--
INFO: Run Behavior\ReadHtmlCacheBehavior [ RunTime:0.000462s ]
INFO: [ app_begin ] --END-- [ RunTime:0.000496s ]
SQL: SHOW COLUMNS FROM `oa_task` [ RunTime:0.0095s ]
SQL: SELECT COUNT(*) AS tp_count FROM `oa_task` LIMIT 1   [ RunTime:0.0013s ]
SQL: SELECT * FROM `oa_task` ORDER BY create_time DESC LIMIT 0,15   [ RunTime:0.0010s ]
INFO: [ view_parse ] --START--
INFO: [ template_filter ] --START--
INFO: Run Behavior\ContentReplaceBehavior [ RunTime:0.000070s ]
INFO: [ template_filter ] --END-- [ RunTime:0.000121s ]
SQL: SHOW COLUMNS FROM `oa_menu` [ RunTime:0.0052s ]
SQL: SHOW COLUMNS FROM `oa_menu` [ RunTime:0.0026s ]
SQL: SELECT * FROM `oa_menu` WHERE `upid` = 0 ORDER BY sort ASC  [ RunTime:0.0004s ]
SQL: SELECT * FROM `oa_menu` WHERE `upid` > '0'  [ RunTime:0.0002s ]
INFO: [ view_parse ] --START--
INFO: [ template_filter ] --START--
INFO: Run Behavior\ContentReplaceBehavior [ RunTime:0.000120s ]
INFO: [ template_filter ] --END-- [ RunTime:-0.038008s ]
INFO: Run Behavior\ParseTemplateBehavior [ RunTime:0.007244s ]
INFO: [ view_parse ] --END-- [ RunTime:0.007355s ]
INFO: [ view_filter ] --START--
INFO: Run Behavior\WriteHtmlCacheBehavior [ RunTime:0.001291s ]
INFO: [ view_filter ] --END-- [ RunTime:0.001471s ]
NOTIC: [2048] Declaration of Ucenter\Model\UserModel::add() should be compatible with Think\Model::add($data = '', $options = Array, $replace = false) G:\www\oa\Application\Ucenter\Model\UserModel.class.php 第 275 行.
SQL: SHOW COLUMNS FROM `oa_user` [ RunTime:0.0032s ]
SQL: SHOW COLUMNS FROM `oa_user` [ RunTime:0.0029s ]
SQL: SELECT `name` FROM `oa_user` WHERE `id` = 1 LIMIT 1   [ RunTime:0.0006s ]
NOTIC: [2048] Declaration of Depart\Model\DepartmentModel::add() should be compatible with Think\Model::add($data = '', $options = Array, $replace = false) G:\www\oa\Application\Depart\Model\DepartmentModel.class.php 第 196 行.
NOTIC: [2048] Declaration of Depart\Model\DepartmentModel::delete() should be compatible with Think\Model::delete($options = Array) G:\www\oa\Application\Depart\Model\DepartmentModel.class.php 第 196 行.
NOTIC: [2048] Declaration of Depart\Model\DepartmentModel::check() should be compatible with Think\Model::check($value, $rule, $type = 'regex') G:\www\oa\Application\Depart\Model\DepartmentModel.class.php 第 196 行.
SQL: SHOW COLUMNS FROM `oa_department` [ RunTime:0.0075s ]
SQL: SHOW COLUMNS FROM `oa_department` [ RunTime:0.0027s ]
SQL: SELECT `pname` FROM `oa_department` WHERE `id` = 1 LIMIT 1   [ RunTime:0.0002s ]
SQL: SELECT `pname` FROM `oa_department` WHERE `id` = 1 LIMIT 1   [ RunTime:0.0012s ]
INFO: Run Behavior\ParseTemplateBehavior [ RunTime:0.038206s ]
INFO: [ view_parse ] --END-- [ RunTime:0.007355s ]
INFO: [ view_filter ] --START--
INFO: Run Behavior\WriteHtmlCacheBehavior [ RunTime:0.000019s ]
INFO: [ view_filter ] --END-- [ RunTime:-0.029385s ]
INFO: [ app_end ] --START--
INFO: Run Behavior\ShowPageTraceBehavior [ RunTime:0.001728s ]
INFO: [ app_end ] --END-- [ RunTime:0.001856s ]

[ 2017-05-16T11:55:43+08:00 ] ::1 /oa/index.php/Task/Index/edit.html
INFO: [ app_init ] --START--
INFO: Run Behavior\BuildLiteBehavior [ RunTime:0.000011s ]
INFO: [ app_init ] --END-- [ RunTime:0.000456s ]
INFO: [ app_begin ] --START--
INFO: Run Behavior\ReadHtmlCacheBehavior [ RunTime:0.000553s ]
INFO: [ app_begin ] --END-- [ RunTime:0.000599s ]
NOTIC: [2048] Declaration of Depart\Model\DepartmentModel::add() should be compatible with Think\Model::add($data = '', $options = Array, $replace = false) G:\www\oa\Application\Depart\Model\DepartmentModel.class.php 第 8 行.
NOTIC: [2048] Declaration of Depart\Model\DepartmentModel::delete() should be compatible with Think\Model::delete($options = Array) G:\www\oa\Application\Depart\Model\DepartmentModel.class.php 第 8 行.
NOTIC: [2048] Declaration of Depart\Model\DepartmentModel::check() should be compatible with Think\Model::check($value, $rule, $type = 'regex') G:\www\oa\Application\Depart\Model\DepartmentModel.class.php 第 8 行.
SQL: SHOW COLUMNS FROM `oa_department` [ RunTime:0.0028s ]
SQL: SHOW COLUMNS FROM `oa_department` [ RunTime:0.0029s ]
SQL: SELECT * FROM `oa_department` WHERE `pid` = 0  [ RunTime:0.0003s ]
INFO: [ view_parse ] --START--
INFO: [ template_filter ] --START--
INFO: Run Behavior\ContentReplaceBehavior [ RunTime:0.000068s ]
INFO: [ template_filter ] --END-- [ RunTime:0.000114s ]
SQL: SHOW COLUMNS FROM `oa_menu` [ RunTime:0.0029s ]
SQL: SHOW COLUMNS FROM `oa_menu` [ RunTime:0.0025s ]
SQL: SELECT * FROM `oa_menu` WHERE `upid` = 0 ORDER BY sort ASC  [ RunTime:0.0003s ]
SQL: SELECT * FROM `oa_menu` WHERE `upid` > '0'  [ RunTime:0.0003s ]
INFO: [ view_parse ] --START--
INFO: [ template_filter ] --START--
INFO: Run Behavior\ContentReplaceBehavior [ RunTime:0.000039s ]
INFO: [ template_filter ] --END-- [ RunTime:-0.023036s ]
INFO: Run Behavior\ParseTemplateBehavior [ RunTime:0.003976s ]
INFO: [ view_parse ] --END-- [ RunTime:0.004024s ]
INFO: [ view_filter ] --START--
INFO: Run Behavior\WriteHtmlCacheBehavior [ RunTime:0.000425s ]
INFO: [ view_filter ] --END-- [ RunTime:0.000475s ]
NOTIC: [2048] Declaration of Ucenter\Model\UserModel::add() should be compatible with Think\Model::add($data = '', $options = Array, $replace = false) G:\www\oa\Application\Ucenter\Model\UserModel.class.php 第 275 行.
SQL: SHOW COLUMNS FROM `oa_user` [ RunTime:0.0034s ]
SQL: SHOW COLUMNS FROM `oa_user` [ RunTime:0.0027s ]
SQL: SELECT `name` FROM `oa_user` WHERE `id` = 1 LIMIT 1   [ RunTime:0.0002s ]
NOTIC: [8] Undefined variable: info G:\www\oa\Application\Runtime\Cache\Task\f5f32bdcf52f20ae0d70a541df23db59.php 第 127 行.
INFO: Run Behavior\ParseTemplateBehavior [ RunTime:0.013661s ]
INFO: [ view_parse ] --END-- [ RunTime:0.004024s ]
INFO: [ view_filter ] --START--
INFO: Run Behavior\WriteHtmlCacheBehavior [ RunTime:0.000009s ]
INFO: [ view_filter ] --END-- [ RunTime:-0.009199s ]
INFO: [ app_end ] --START--
INFO: Run Behavior\ShowPageTraceBehavior [ RunTime:0.000580s ]
INFO: [ app_end ] --END-- [ RunTime:0.000621s ]

[ 2017-05-16T11:58:49+08:00 ] ::1 /oa/index.php/Task/index/index.html
INFO: [ app_init ] --START--
INFO: Run Behavior\BuildLiteBehavior [ RunTime:0.000026s ]
INFO: [ app_init ] --END-- [ RunTime:0.000552s ]
INFO: [ app_begin ] --START--
INFO: Run Behavior\ReadHtmlCacheBehavior [ RunTime:0.000600s ]
INFO: [ app_begin ] --END-- [ RunTime:0.000648s ]
SQL: SHOW COLUMNS FROM `oa_task` [ RunTime:0.0031s ]
SQL: SELECT COUNT(*) AS tp_count FROM `oa_task` LIMIT 1   [ RunTime:0.0002s ]
SQL: SELECT * FROM `oa_task` ORDER BY create_time DESC LIMIT 0,15   [ RunTime:0.0002s ]
INFO: [ view_parse ] --START--
INFO: [ template_filter ] --START--
INFO: Run Behavior\ContentReplaceBehavior [ RunTime:0.000073s ]
INFO: [ template_filter ] --END-- [ RunTime:0.000109s ]
SQL: SHOW COLUMNS FROM `oa_menu` [ RunTime:0.0028s ]
SQL: SHOW COLUMNS FROM `oa_menu` [ RunTime:0.0023s ]
SQL: SELECT * FROM `oa_menu` WHERE `upid` = 0 ORDER BY sort ASC  [ RunTime:0.0003s ]
SQL: SELECT * FROM `oa_menu` WHERE `upid` > '0'  [ RunTime:0.0002s ]
INFO: [ view_parse ] --START--
INFO: [ template_filter ] --START--
INFO: Run Behavior\ContentReplaceBehavior [ RunTime:0.000031s ]
INFO: [ template_filter ] --END-- [ RunTime:-0.011814s ]
INFO: Run Behavior\ParseTemplateBehavior [ RunTime:0.002970s ]
INFO: [ view_parse ] --END-- [ RunTime:0.003006s ]
INFO: [ view_filter ] --START--
INFO: Run Behavior\WriteHtmlCacheBehavior [ RunTime:0.000347s ]
INFO: [ view_filter ] --END-- [ RunTime:0.000375s ]
NOTIC: [2048] Declaration of Ucenter\Model\UserModel::add() should be compatible with Think\Model::add($data = '', $options = Array, $replace = false) G:\www\oa\Application\Ucenter\Model\UserModel.class.php 第 275 行.
SQL: SHOW COLUMNS FROM `oa_user` [ RunTime:0.0028s ]
SQL: SHOW COLUMNS FROM `oa_user` [ RunTime:0.0029s ]
SQL: SELECT `name` FROM `oa_user` WHERE `id` = 1 LIMIT 1   [ RunTime:0.0004s ]
NOTIC: [2048] Declaration of Depart\Model\DepartmentModel::add() should be compatible with Think\Model::add($data = '', $options = Array, $replace = false) G:\www\oa\Application\Depart\Model\DepartmentModel.class.php 第 196 行.
NOTIC: [2048] Declaration of Depart\Model\DepartmentModel::delete() should be compatible with Think\Model::delete($options = Array) G:\www\oa\Application\Depart\Model\DepartmentModel.class.php 第 196 行.
NOTIC: [2048] Declaration of Depart\Model\DepartmentModel::check() should be compatible with Think\Model::check($value, $rule, $type = 'regex') G:\www\oa\Application\Depart\Model\DepartmentModel.class.php 第 196 行.
SQL: SHOW COLUMNS FROM `oa_department` [ RunTime:0.0024s ]
SQL: SHOW COLUMNS FROM `oa_department` [ RunTime:0.0020s ]
SQL: SELECT `pname` FROM `oa_department` WHERE `id` = 1 LIMIT 1   [ RunTime:0.0002s ]
SQL: SELECT `pname` FROM `oa_department` WHERE `id` = 1 LIMIT 1   [ RunTime:0.0002s ]
INFO: Run Behavior\ParseTemplateBehavior [ RunTime:0.017872s ]
INFO: [ view_parse ] --END-- [ RunTime:0.003006s ]
INFO: [ view_filter ] --START--
INFO: Run Behavior\WriteHtmlCacheBehavior [ RunTime:0.000009s ]
INFO: [ view_filter ] --END-- [ RunTime:-0.014527s ]
INFO: [ app_end ] --START--
INFO: Run Behavior\ShowPageTraceBehavior [ RunTime:0.000605s ]
INFO: [ app_end ] --END-- [ RunTime:0.000642s ]

[ 2017-05-16T12:23:05+08:00 ] ::1 /oa/index.php/Task/index/index.html
INFO: [ app_init ] --START--
INFO: Run Behavior\BuildLiteBehavior [ RunTime:0.000013s ]
INFO: [ app_init ] --END-- [ RunTime:0.000536s ]
INFO: [ app_begin ] --START--
INFO: Run Behavior\ReadHtmlCacheBehavior [ RunTime:0.000936s ]
INFO: [ app_begin ] --END-- [ RunTime:0.001045s ]
SQL: SHOW COLUMNS FROM `oa_task` [ RunTime:0.0027s ]
SQL: SELECT COUNT(*) AS tp_count FROM `oa_task` LIMIT 1   [ RunTime:0.0002s ]
SQL: SELECT * FROM `oa_task` ORDER BY create_time DESC LIMIT 0,15   [ RunTime:0.0003s ]
INFO: [ view_parse ] --START--
INFO: [ template_filter ] --START--
INFO: Run Behavior\ContentReplaceBehavior [ RunTime:0.000182s ]
INFO: [ template_filter ] --END-- [ RunTime:0.000409s ]
SQL: SHOW COLUMNS FROM `oa_menu` [ RunTime:0.0026s ]
SQL: SHOW COLUMNS FROM `oa_menu` [ RunTime:0.0019s ]
SQL: SELECT * FROM `oa_menu` WHERE `upid` = 0 ORDER BY sort ASC  [ RunTime:0.0002s ]
SQL: SELECT * FROM `oa_menu` WHERE `upid` > '0'  [ RunTime:0.0002s ]
INFO: [ view_parse ] --START--
INFO: [ template_filter ] --START--
INFO: Run Behavior\ContentReplaceBehavior [ RunTime:0.000030s ]
INFO: [ template_filter ] --END-- [ RunTime:-0.010557s ]
INFO: Run Behavior\ParseTemplateBehavior [ RunTime:0.003216s ]
INFO: [ view_parse ] --END-- [ RunTime:0.003254s ]
INFO: [ view_filter ] --START--
INFO: Run Behavior\WriteHtmlCacheBehavior [ RunTime:0.000303s ]
INFO: [ view_filter ] --END-- [ RunTime:0.000329s ]
NOTIC: [2048] Declaration of Ucenter\Model\UserModel::add() should be compatible with Think\Model::add($data = '', $options = Array, $replace = false) G:\www\oa\Application\Ucenter\Model\UserModel.class.php 第 275 行.
SQL: SHOW COLUMNS FROM `oa_user` [ RunTime:0.0047s ]
SQL: SHOW COLUMNS FROM `oa_user` [ RunTime:0.0025s ]
SQL: SELECT `name` FROM `oa_user` WHERE `id` = 1 LIMIT 1   [ RunTime:0.0002s ]
NOTIC: [2048] Declaration of Depart\Model\DepartmentModel::add() should be compatible with Think\Model::add($data = '', $options = Array, $replace = false) G:\www\oa\Application\Depart\Model\DepartmentModel.class.php 第 196 行.
NOTIC: [2048] Declaration of Depart\Model\DepartmentModel::delete() should be compatible with Think\Model::delete($options = Array) G:\www\oa\Application\Depart\Model\DepartmentModel.class.php 第 196 行.
NOTIC: [2048] Declaration of Depart\Model\DepartmentModel::check() should be compatible with Think\Model::check($value, $rule, $type = 'regex') G:\www\oa\Application\Depart\Model\DepartmentModel.class.php 第 196 行.
SQL: SHOW COLUMNS FROM `oa_department` [ RunTime:0.0021s ]
SQL: SHOW COLUMNS FROM `oa_department` [ RunTime:0.0019s ]
SQL: SELECT `pname` FROM `oa_department` WHERE `id` = 1 LIMIT 1   [ RunTime:0.0001s ]
SQL: SELECT `pname` FROM `oa_department` WHERE `id` = 1 LIMIT 1   [ RunTime:0.0001s ]
INFO: Run Behavior\ParseTemplateBehavior [ RunTime:0.018167s ]
INFO: [ view_parse ] --END-- [ RunTime:0.003254s ]
INFO: [ view_filter ] --START--
INFO: Run Behavior\WriteHtmlCacheBehavior [ RunTime:0.000010s ]
INFO: [ view_filter ] --END-- [ RunTime:-0.014630s ]
INFO: [ app_end ] --START--
INFO: Run Behavior\ShowPageTraceBehavior [ RunTime:0.000656s ]
INFO: [ app_end ] --END-- [ RunTime:0.000698s ]

