[ 2017-01-05T11:17:15+08:00 ] ::1 /oa/index.php/Depart/index/index.html
INFO: [ app_init ] --START--
INFO: Run Behavior\BuildLiteBehavior [ RunTime:0.000011s ]
INFO: [ app_init ] --END-- [ RunTime:0.000383s ]
INFO: [ app_begin ] --START--
INFO: Run Behavior\ReadHtmlCacheBehavior [ RunTime:0.000410s ]
INFO: [ app_begin ] --END-- [ RunTime:0.000448s ]
NOTIC: [2048] Declaration of Depart\Model\DepartmentModel::add() should be compatible with Think\Model::add($data = '', $options = Array, $replace = false) G:\www\oa\Application\Depart\Model\DepartmentModel.class.php 第 8 行.
NOTIC: [2048] Declaration of Depart\Model\DepartmentModel::delete() should be compatible with Think\Model::delete($options = Array) G:\www\oa\Application\Depart\Model\DepartmentModel.class.php 第 8 行.
NOTIC: [2048] Declaration of Depart\Model\DepartmentModel::check() should be compatible with Think\Model::check($value, $rule, $type = 'regex') G:\www\oa\Application\Depart\Model\DepartmentModel.class.php 第 8 行.
SQL: SHOW COLUMNS FROM `oa_department` [ RunTime:0.0022s ]
SQL: SHOW COLUMNS FROM `oa_department` [ RunTime:0.0018s ]
SQL: SELECT * FROM `oa_department` WHERE `pid` = 0  [ RunTime:0.0002s ]
NOTIC: [2048] Declaration of Ucenter\Model\UserModel::add() should be compatible with Think\Model::add($data = '', $options = Array, $replace = false) G:\www\oa\Application\Ucenter\Model\UserModel.class.php 第 223 行.
SQL: SHOW COLUMNS FROM `oa_user` [ RunTime:0.0034s ]
SQL: SHOW COLUMNS FROM `oa_user` [ RunTime:0.0019s ]
SQL: SELECT * FROM `oa_user`  [ RunTime:0.0002s ]
INFO: [ view_parse ] --START--
INFO: [ template_filter ] --START--
INFO: Run Behavior\ContentReplaceBehavior [ RunTime:0.000094s ]
INFO: [ template_filter ] --END-- [ RunTime:0.000130s ]
SQL: SELECT `name` FROM `oa_user` WHERE `id` = 1 LIMIT 1   [ RunTime:0.0003s ]
SQL: SELECT `name` FROM `oa_user` WHERE `id` = 1 LIMIT 1   [ RunTime:0.0002s ]
SQL: SELECT `name` FROM `oa_user` WHERE `id` = 5 LIMIT 1   [ RunTime:0.0001s ]
SQL: SELECT `name` FROM `oa_user` WHERE `id` = 4 LIMIT 1   [ RunTime:0.0003s ]
INFO: Run Behavior\ParseTemplateBehavior [ RunTime:0.010833s ]
INFO: [ view_parse ] --END-- [ RunTime:0.010880s ]
INFO: [ view_filter ] --START--
INFO: Run Behavior\WriteHtmlCacheBehavior [ RunTime:0.000436s ]
INFO: [ view_filter ] --END-- [ RunTime:0.000466s ]
INFO: [ app_end ] --START--
INFO: Run Behavior\ShowPageTraceBehavior [ RunTime:0.000447s ]
INFO: [ app_end ] --END-- [ RunTime:0.000482s ]

