[ 2017-05-21T13:33:54+08:00 ] ::1 /oa/index.php/Config/Index/index.html
INFO: [ app_init ] --START--
INFO: Run Behavior\BuildLiteBehavior [ RunTime:0.000011s ]
INFO: [ app_init ] --END-- [ RunTime:0.000333s ]
INFO: [ app_begin ] --START--
INFO: Run Behavior\ReadHtmlCacheBehavior [ RunTime:0.000382s ]
INFO: [ app_begin ] --END-- [ RunTime:0.000417s ]
SQL: SHOW COLUMNS FROM `oa_menu` [ RunTime:0.0032s ]
SQL: SHOW COLUMNS FROM `oa_menu` [ RunTime:0.0026s ]
SQL: SELECT * FROM `oa_menu` WHERE `upid` = 0 ORDER BY sort ASC  [ RunTime:0.0003s ]
INFO: [ view_parse ] --START--
INFO: [ template_filter ] --START--
INFO: Run Behavior\ContentReplaceBehavior [ RunTime:0.000053s ]
INFO: [ template_filter ] --END-- [ RunTime:0.000098s ]
SQL: SHOW COLUMNS FROM `oa_menu` [ RunTime:0.0059s ]
SQL: SELECT * FROM `oa_menu` WHERE `upid` = 0 ORDER BY sort ASC  [ RunTime:0.0003s ]
SQL: SELECT * FROM `oa_menu` WHERE `upid` > '0'  [ RunTime:0.0003s ]
INFO: [ view_parse ] --START--
INFO: [ template_filter ] --START--
INFO: Run Behavior\ContentReplaceBehavior [ RunTime:0.000036s ]
INFO: [ template_filter ] --END-- [ RunTime:-0.034297s ]
INFO: Run Behavior\ParseTemplateBehavior [ RunTime:0.005110s ]
INFO: [ view_parse ] --END-- [ RunTime:0.005159s ]
INFO: [ view_filter ] --START--
INFO: Run Behavior\WriteHtmlCacheBehavior [ RunTime:0.000354s ]
INFO: [ view_filter ] --END-- [ RunTime:0.000384s ]
NOTIC: [2048] Declaration of Ucenter\Model\UserModel::add() should be compatible with Think\Model::add($data = '', $options = Array, $replace = false) G:\www\oa\Application\Ucenter\Model\UserModel.class.php 第 275 行.
SQL: SHOW COLUMNS FROM `oa_user` [ RunTime:0.0036s ]
SQL: SHOW COLUMNS FROM `oa_user` [ RunTime:0.0056s ]
SQL: SELECT `name` FROM `oa_user` WHERE `id` = 1 LIMIT 1   [ RunTime:0.0003s ]
INFO: Run Behavior\ParseTemplateBehavior [ RunTime:0.016750s ]
INFO: [ view_parse ] --END-- [ RunTime:0.005159s ]
INFO: [ view_filter ] --START--
INFO: Run Behavior\WriteHtmlCacheBehavior [ RunTime:0.000008s ]
INFO: [ view_filter ] --END-- [ RunTime:-0.011250s ]
INFO: [ app_end ] --START--
INFO: Run Behavior\ShowPageTraceBehavior [ RunTime:0.000623s ]
INFO: [ app_end ] --END-- [ RunTime:0.000669s ]

[ 2017-05-21T13:34:42+08:00 ] ::1 /oa/index.php/Config/Index/model.html
INFO: [ app_init ] --START--
INFO: Run Behavior\BuildLiteBehavior [ RunTime:0.000022s ]
INFO: [ app_init ] --END-- [ RunTime:0.000823s ]
INFO: [ app_begin ] --START--
INFO: Run Behavior\ReadHtmlCacheBehavior [ RunTime:0.000825s ]
INFO: [ app_begin ] --END-- [ RunTime:0.000910s ]
SQL: SHOW COLUMNS FROM `oa_department` [ RunTime:0.0096s ]
SQL: SELECT * FROM `oa_department`  [ RunTime:0.0008s ]
SQL: SHOW COLUMNS FROM `oa_authority` [ RunTime:0.0069s ]
SQL: SELECT `depart` FROM `oa_authority` WHERE `menu` = 17  [ RunTime:0.0002s ]

[ 2017-05-21T13:35:22+08:00 ] ::1 /oa/index.php/Config/Index/model.html
INFO: [ app_init ] --START--
INFO: Run Behavior\BuildLiteBehavior [ RunTime:0.000018s ]
INFO: [ app_init ] --END-- [ RunTime:0.000431s ]
INFO: [ app_begin ] --START--
INFO: Run Behavior\ReadHtmlCacheBehavior [ RunTime:0.000478s ]
INFO: [ app_begin ] --END-- [ RunTime:0.000517s ]
SQL: SHOW COLUMNS FROM `oa_department` [ RunTime:0.0077s ]
SQL: SELECT * FROM `oa_department`  [ RunTime:0.0002s ]
SQL: SHOW COLUMNS FROM `oa_authority` [ RunTime:0.0025s ]
SQL: SELECT `depart` FROM `oa_authority` WHERE `menu` = 10  [ RunTime:0.0002s ]
NOTIC: [8] Undefined variable: a G:\www\oa\Application\Config\Controller\IndexController.class.php 第 53 行.
NOTIC: [2] in_array() expects parameter 2 to be array, null given G:\www\oa\Application\Config\Controller\IndexController.class.php 第 53 行.
NOTIC: [8] Undefined variable: a G:\www\oa\Application\Config\Controller\IndexController.class.php 第 53 行.
NOTIC: [2] in_array() expects parameter 2 to be array, null given G:\www\oa\Application\Config\Controller\IndexController.class.php 第 53 行.
NOTIC: [8] Undefined variable: a G:\www\oa\Application\Config\Controller\IndexController.class.php 第 53 行.
NOTIC: [2] in_array() expects parameter 2 to be array, null given G:\www\oa\Application\Config\Controller\IndexController.class.php 第 53 行.
NOTIC: [8] Undefined variable: a G:\www\oa\Application\Config\Controller\IndexController.class.php 第 53 行.
NOTIC: [2] in_array() expects parameter 2 to be array, null given G:\www\oa\Application\Config\Controller\IndexController.class.php 第 53 行.
NOTIC: [8] Undefined variable: a G:\www\oa\Application\Config\Controller\IndexController.class.php 第 53 行.
NOTIC: [2] in_array() expects parameter 2 to be array, null given G:\www\oa\Application\Config\Controller\IndexController.class.php 第 53 行.
NOTIC: [8] Undefined variable: a G:\www\oa\Application\Config\Controller\IndexController.class.php 第 53 行.
NOTIC: [2] in_array() expects parameter 2 to be array, null given G:\www\oa\Application\Config\Controller\IndexController.class.php 第 53 行.
NOTIC: [8] Undefined variable: a G:\www\oa\Application\Config\Controller\IndexController.class.php 第 53 行.
NOTIC: [2] in_array() expects parameter 2 to be array, null given G:\www\oa\Application\Config\Controller\IndexController.class.php 第 53 行.
NOTIC: [8] Undefined variable: a G:\www\oa\Application\Config\Controller\IndexController.class.php 第 53 行.
NOTIC: [2] in_array() expects parameter 2 to be array, null given G:\www\oa\Application\Config\Controller\IndexController.class.php 第 53 行.
NOTIC: [8] Undefined variable: a G:\www\oa\Application\Config\Controller\IndexController.class.php 第 53 行.
NOTIC: [2] in_array() expects parameter 2 to be array, null given G:\www\oa\Application\Config\Controller\IndexController.class.php 第 53 行.

